[0.010s] Invoking command in '/home/rae/testbot_ws/build/ign_ros2_control_demos': AMENT_PREFIX_PATH=/home/rae/testbot_ws/install/ign_ros2_control:${AMENT_PREFIX_PATH} CMAKE_PREFIX_PATH=/home/rae/testbot_ws/install/ign_ros2_control:/home/rae/testbot_ws/install/testbot:/home/rae/test_ws/install/test_robot_control:/home/rae/test_ws/install/test_robot_bringup:/opt/ros/humble LD_LIBRARY_PATH=/home/rae/testbot_ws/install/ign_ros2_control/lib:/opt/ros/humble/opt/rviz_ogre_vendor/lib:/opt/ros/humble/lib/x86_64-linux-gnu:/opt/ros/humble/lib:/usr/lib/x86_64-linux-gnu/gazebo-11/plugins /usr/bin/cmake /home/rae/testbot_ws/src/gz_ros2_control-humble/ign_ros2_control_demos -DCMAKE_INSTALL_PREFIX=/home/rae/testbot_ws/install/ign_ros2_control_demos
[0.048s] -- The C compiler identification is GNU 11.4.0
[0.090s] -- The CXX compiler identification is GNU 11.4.0
[0.095s] -- Detecting C compiler ABI info
[0.143s] -- Detecting C compiler ABI info - done
[0.148s] -- Check for working C compiler: /usr/bin/cc - skipped
[0.148s] -- Detecting C compile features
[0.148s] -- Detecting C compile features - done
[0.150s] -- Detecting CXX compiler ABI info
[0.205s] -- Detecting CXX compiler ABI info - done
[0.211s] -- Check for working CXX compiler: /usr/bin/c++ - skipped
[0.211s] -- Detecting CXX compile features
[0.211s] -- Detecting CXX compile features - done
[0.213s] -- Found ament_cmake: 1.3.9 (/opt/ros/humble/share/ament_cmake/cmake)
[0.335s] -- Found Python3: /usr/bin/python3 (found version "3.10.12") found components: Interpreter 
[0.415s] -- Found control_msgs: 4.6.0 (/opt/ros/humble/share/control_msgs/cmake)
[0.445s] -- Found rosidl_generator_c: 3.1.5 (/opt/ros/humble/share/rosidl_generator_c/cmake)
[0.449s] -- Found rosidl_adapter: 3.1.5 (/opt/ros/humble/share/rosidl_adapter/cmake)
[0.456s] -- Found rosidl_generator_cpp: 3.1.5 (/opt/ros/humble/share/rosidl_generator_cpp/cmake)
[0.467s] -- Using all available rosidl_typesupport_c: rosidl_typesupport_fastrtps_c;rosidl_typesupport_introspection_c
[0.488s] -- Using all available rosidl_typesupport_cpp: rosidl_typesupport_fastrtps_cpp;rosidl_typesupport_introspection_cpp
[0.866s] -- Found rclcpp: 16.0.9 (/opt/ros/humble/share/rclcpp/cmake)
[0.909s] -- Found rmw_implementation_cmake: 6.1.2 (/opt/ros/humble/share/rmw_implementation_cmake/cmake)
[0.911s] -- Found rmw_cyclonedds_cpp: 1.3.4 (/opt/ros/humble/share/rmw_cyclonedds_cpp/cmake)
[0.932s] -- Using RMW implementation 'rmw_cyclonedds_cpp' as default
[0.939s] -- Looking for pthread.h
[0.987s] -- Looking for pthread.h - found
[0.988s] -- Performing Test CMAKE_HAVE_LIBC_PTHREAD
[1.042s] -- Performing Test CMAKE_HAVE_LIBC_PTHREAD - Success
[1.043s] -- Found Threads: TRUE  
[1.137s] -- Found rclcpp_action: 16.0.9 (/opt/ros/humble/share/rclcpp_action/cmake)
[1.161s] -- Found ament_cmake_gtest: 1.3.9 (/opt/ros/humble/share/ament_cmake_gtest/cmake)
[1.163s] -- Found ament_lint_auto: 0.12.11 (/opt/ros/humble/share/ament_lint_auto/cmake)
[1.218s] -- Added test 'copyright' to check source files copyright and LICENSE
[1.220s] -- Added test 'cppcheck' to perform static code analysis on C / C++ code
[1.220s] -- Configured cppcheck include dirs: 
[1.220s] -- Configured cppcheck exclude dirs and/or files: 
[1.222s] -- Added test 'cpplint' to check C / C++ code against the Google style
[1.222s] -- Configured cpplint exclude dirs and/or files: 
[1.222s] -- Added test 'flake8' to check Python code syntax and style conventions
[1.223s] -- Added test 'lint_cmake' to check CMake code style
[1.224s] -- Added test 'pep257' to check Python code against some of the docstring style conventions in PEP 257
[1.225s] -- Added test 'uncrustify' to check C / C++ code style
[1.225s] -- Configured uncrustify additional arguments: 
[1.225s] -- Added test 'xmllint' to check XML markup files
[1.227s] -- Configuring done
[1.248s] -- Generating done
[1.250s] -- Build files have been written to: /home/rae/testbot_ws/build/ign_ros2_control_demos
[1.261s] Invoked command in '/home/rae/testbot_ws/build/ign_ros2_control_demos' returned '0': AMENT_PREFIX_PATH=/home/rae/testbot_ws/install/ign_ros2_control:${AMENT_PREFIX_PATH} CMAKE_PREFIX_PATH=/home/rae/testbot_ws/install/ign_ros2_control:/home/rae/testbot_ws/install/testbot:/home/rae/test_ws/install/test_robot_control:/home/rae/test_ws/install/test_robot_bringup:/opt/ros/humble LD_LIBRARY_PATH=/home/rae/testbot_ws/install/ign_ros2_control/lib:/opt/ros/humble/opt/rviz_ogre_vendor/lib:/opt/ros/humble/lib/x86_64-linux-gnu:/opt/ros/humble/lib:/usr/lib/x86_64-linux-gnu/gazebo-11/plugins /usr/bin/cmake /home/rae/testbot_ws/src/gz_ros2_control-humble/ign_ros2_control_demos -DCMAKE_INSTALL_PREFIX=/home/rae/testbot_ws/install/ign_ros2_control_demos
[1.262s] Invoking command in '/home/rae/testbot_ws/build/ign_ros2_control_demos': AMENT_PREFIX_PATH=/home/rae/testbot_ws/install/ign_ros2_control:${AMENT_PREFIX_PATH} CMAKE_PREFIX_PATH=/home/rae/testbot_ws/install/ign_ros2_control:/home/rae/testbot_ws/install/testbot:/home/rae/test_ws/install/test_robot_control:/home/rae/test_ws/install/test_robot_bringup:/opt/ros/humble LD_LIBRARY_PATH=/home/rae/testbot_ws/install/ign_ros2_control/lib:/opt/ros/humble/opt/rviz_ogre_vendor/lib:/opt/ros/humble/lib/x86_64-linux-gnu:/opt/ros/humble/lib:/usr/lib/x86_64-linux-gnu/gazebo-11/plugins /usr/bin/cmake --build /home/rae/testbot_ws/build/ign_ros2_control_demos -- -j8 -l8
[1.302s] [ 25%] [32mBuilding CXX object CMakeFiles/example_position.dir/examples/example_position.cpp.o[0m
[1.302s] [ 25%] [32mBuilding CXX object CMakeFiles/example_effort.dir/examples/example_effort.cpp.o[0m
[1.302s] [ 25%] [32mBuilding CXX object CMakeFiles/example_tricycle_drive.dir/examples/example_tricycle_drive.cpp.o[0m
[1.302s] [ 33%] [32mBuilding CXX object CMakeFiles/example_diff_drive.dir/examples/example_diff_drive.cpp.o[0m
[1.303s] [ 41%] [32mBuilding CXX object CMakeFiles/example_gripper.dir/examples/example_gripper.cpp.o[0m
[1.308s] [ 50%] [32mBuilding CXX object CMakeFiles/example_velocity.dir/examples/example_velocity.cpp.o[0m
[5.574s] [ 58%] [32m[1mLinking CXX executable example_velocity[0m
[5.817s] [ 58%] Built target example_velocity
[5.985s] [ 66%] [32m[1mLinking CXX executable example_tricycle_drive[0m
[6.135s] [ 75%] [32m[1mLinking CXX executable example_effort[0m
[6.197s] [ 83%] [32m[1mLinking CXX executable example_position[0m
[6.226s] [ 83%] Built target example_tricycle_drive
[6.290s] [ 91%] [32m[1mLinking CXX executable example_diff_drive[0m
[6.337s] [ 91%] Built target example_effort
[6.353s] [100%] [32m[1mLinking CXX executable example_gripper[0m
[6.431s] [100%] Built target example_position
[6.456s] [100%] Built target example_diff_drive
[6.512s] [100%] Built target example_gripper
[6.520s] Invoked command in '/home/rae/testbot_ws/build/ign_ros2_control_demos' returned '0': AMENT_PREFIX_PATH=/home/rae/testbot_ws/install/ign_ros2_control:${AMENT_PREFIX_PATH} CMAKE_PREFIX_PATH=/home/rae/testbot_ws/install/ign_ros2_control:/home/rae/testbot_ws/install/testbot:/home/rae/test_ws/install/test_robot_control:/home/rae/test_ws/install/test_robot_bringup:/opt/ros/humble LD_LIBRARY_PATH=/home/rae/testbot_ws/install/ign_ros2_control/lib:/opt/ros/humble/opt/rviz_ogre_vendor/lib:/opt/ros/humble/lib/x86_64-linux-gnu:/opt/ros/humble/lib:/usr/lib/x86_64-linux-gnu/gazebo-11/plugins /usr/bin/cmake --build /home/rae/testbot_ws/build/ign_ros2_control_demos -- -j8 -l8
[6.548s] Invoking command in '/home/rae/testbot_ws/build/ign_ros2_control_demos': AMENT_PREFIX_PATH=/home/rae/testbot_ws/install/ign_ros2_control:${AMENT_PREFIX_PATH} CMAKE_PREFIX_PATH=/home/rae/testbot_ws/install/ign_ros2_control:/home/rae/testbot_ws/install/testbot:/home/rae/test_ws/install/test_robot_control:/home/rae/test_ws/install/test_robot_bringup:/opt/ros/humble LD_LIBRARY_PATH=/home/rae/testbot_ws/install/ign_ros2_control/lib:/opt/ros/humble/opt/rviz_ogre_vendor/lib:/opt/ros/humble/lib/x86_64-linux-gnu:/opt/ros/humble/lib:/usr/lib/x86_64-linux-gnu/gazebo-11/plugins /usr/bin/cmake --install /home/rae/testbot_ws/build/ign_ros2_control_demos
[6.554s] -- Install configuration: ""
[6.554s] -- Installing: /home/rae/testbot_ws/install/ign_ros2_control_demos/share/ign_ros2_control_demos//launch
[6.554s] -- Installing: /home/rae/testbot_ws/install/ign_ros2_control_demos/share/ign_ros2_control_demos//launch/pendulum_example_position.launch.py
[6.554s] -- Installing: /home/rae/testbot_ws/install/ign_ros2_control_demos/share/ign_ros2_control_demos//launch/cart_example_velocity.launch.py
[6.555s] -- Installing: /home/rae/testbot_ws/install/ign_ros2_control_demos/share/ign_ros2_control_demos//launch/diff_drive_example.launch.py
[6.555s] -- Installing: /home/rae/testbot_ws/install/ign_ros2_control_demos/share/ign_ros2_control_demos//launch/cart_example_position.launch.py
[6.555s] -- Installing: /home/rae/testbot_ws/install/ign_ros2_control_demos/share/ign_ros2_control_demos//launch/pendulum_example_effort.launch.py
[6.555s] -- Installing: /home/rae/testbot_ws/install/ign_ros2_control_demos/share/ign_ros2_control_demos//launch/tricycle_drive_example.launch.py
[6.555s] -- Installing: /home/rae/testbot_ws/install/ign_ros2_control_demos/share/ign_ros2_control_demos//launch/cart_example_effort.launch.py
[6.555s] -- Installing: /home/rae/testbot_ws/install/ign_ros2_control_demos/share/ign_ros2_control_demos//launch/gripper_mimic_joint_example.launch.py
[6.555s] -- Installing: /home/rae/testbot_ws/install/ign_ros2_control_demos/share/ign_ros2_control_demos//config
[6.555s] -- Installing: /home/rae/testbot_ws/install/ign_ros2_control_demos/share/ign_ros2_control_demos//config/cart_controller_velocity.yaml
[6.555s] -- Installing: /home/rae/testbot_ws/install/ign_ros2_control_demos/share/ign_ros2_control_demos//config/diff_drive_controller_velocity.yaml
[6.555s] -- Installing: /home/rae/testbot_ws/install/ign_ros2_control_demos/share/ign_ros2_control_demos//config/cart_controller_position.yaml
[6.555s] -- Installing: /home/rae/testbot_ws/install/ign_ros2_control_demos/share/ign_ros2_control_demos//config/gripper_controller.yaml
[6.555s] -- Installing: /home/rae/testbot_ws/install/ign_ros2_control_demos/share/ign_ros2_control_demos//config/cart_controller_effort.yaml
[6.556s] -- Installing: /home/rae/testbot_ws/install/ign_ros2_control_demos/share/ign_ros2_control_demos//config/tricycle_drive_controller.yaml
[6.556s] -- Installing: /home/rae/testbot_ws/install/ign_ros2_control_demos/share/ign_ros2_control_demos//urdf
[6.556s] -- Installing: /home/rae/testbot_ws/install/ign_ros2_control_demos/share/ign_ros2_control_demos//urdf/test_cart_velocity.xacro.urdf
[6.556s] -- Installing: /home/rae/testbot_ws/install/ign_ros2_control_demos/share/ign_ros2_control_demos//urdf/test_cart_position.xacro.urdf
[6.556s] -- Installing: /home/rae/testbot_ws/install/ign_ros2_control_demos/share/ign_ros2_control_demos//urdf/test_cart_effort.xacro.urdf
[6.556s] -- Installing: /home/rae/testbot_ws/install/ign_ros2_control_demos/share/ign_ros2_control_demos//urdf/test_diff_drive.xacro.urdf
[6.556s] -- Installing: /home/rae/testbot_ws/install/ign_ros2_control_demos/share/ign_ros2_control_demos//urdf/test_pendulum_position.xacro.urdf
[6.556s] -- Installing: /home/rae/testbot_ws/install/ign_ros2_control_demos/share/ign_ros2_control_demos//urdf/test_tricycle_drive.xacro.urdf
[6.556s] -- Installing: /home/rae/testbot_ws/install/ign_ros2_control_demos/share/ign_ros2_control_demos//urdf/test_gripper_mimic_joint.xacro.urdf
[6.556s] -- Installing: /home/rae/testbot_ws/install/ign_ros2_control_demos/share/ign_ros2_control_demos//urdf/test_pendulum_effort.xacro.urdf
[6.556s] -- Installing: /home/rae/testbot_ws/install/ign_ros2_control_demos/lib/ign_ros2_control_demos/example_position
[6.556s] -- Set runtime path of "/home/rae/testbot_ws/install/ign_ros2_control_demos/lib/ign_ros2_control_demos/example_position" to ""
[6.556s] -- Installing: /home/rae/testbot_ws/install/ign_ros2_control_demos/lib/ign_ros2_control_demos/example_velocity
[6.557s] -- Set runtime path of "/home/rae/testbot_ws/install/ign_ros2_control_demos/lib/ign_ros2_control_demos/example_velocity" to ""
[6.557s] -- Installing: /home/rae/testbot_ws/install/ign_ros2_control_demos/lib/ign_ros2_control_demos/example_effort
[6.558s] -- Set runtime path of "/home/rae/testbot_ws/install/ign_ros2_control_demos/lib/ign_ros2_control_demos/example_effort" to ""
[6.558s] -- Installing: /home/rae/testbot_ws/install/ign_ros2_control_demos/lib/ign_ros2_control_demos/example_diff_drive
[6.559s] -- Set runtime path of "/home/rae/testbot_ws/install/ign_ros2_control_demos/lib/ign_ros2_control_demos/example_diff_drive" to ""
[6.559s] -- Installing: /home/rae/testbot_ws/install/ign_ros2_control_demos/lib/ign_ros2_control_demos/example_tricycle_drive
[6.559s] -- Set runtime path of "/home/rae/testbot_ws/install/ign_ros2_control_demos/lib/ign_ros2_control_demos/example_tricycle_drive" to ""
[6.559s] -- Installing: /home/rae/testbot_ws/install/ign_ros2_control_demos/lib/ign_ros2_control_demos/example_gripper
[6.560s] -- Set runtime path of "/home/rae/testbot_ws/install/ign_ros2_control_demos/lib/ign_ros2_control_demos/example_gripper" to ""
[6.560s] -- Installing: /home/rae/testbot_ws/install/ign_ros2_control_demos/share/ament_index/resource_index/package_run_dependencies/ign_ros2_control_demos
[6.560s] -- Installing: /home/rae/testbot_ws/install/ign_ros2_control_demos/share/ament_index/resource_index/parent_prefix_path/ign_ros2_control_demos
[6.560s] -- Installing: /home/rae/testbot_ws/install/ign_ros2_control_demos/share/ign_ros2_control_demos/environment/ament_prefix_path.sh
[6.561s] -- Installing: /home/rae/testbot_ws/install/ign_ros2_control_demos/share/ign_ros2_control_demos/environment/ament_prefix_path.dsv
[6.561s] -- Installing: /home/rae/testbot_ws/install/ign_ros2_control_demos/share/ign_ros2_control_demos/environment/path.sh
[6.561s] -- Installing: /home/rae/testbot_ws/install/ign_ros2_control_demos/share/ign_ros2_control_demos/environment/path.dsv
[6.561s] -- Installing: /home/rae/testbot_ws/install/ign_ros2_control_demos/share/ign_ros2_control_demos/local_setup.bash
[6.561s] -- Installing: /home/rae/testbot_ws/install/ign_ros2_control_demos/share/ign_ros2_control_demos/local_setup.sh
[6.561s] -- Installing: /home/rae/testbot_ws/install/ign_ros2_control_demos/share/ign_ros2_control_demos/local_setup.zsh
[6.561s] -- Installing: /home/rae/testbot_ws/install/ign_ros2_control_demos/share/ign_ros2_control_demos/local_setup.dsv
[6.561s] -- Installing: /home/rae/testbot_ws/install/ign_ros2_control_demos/share/ign_ros2_control_demos/package.dsv
[6.561s] -- Installing: /home/rae/testbot_ws/install/ign_ros2_control_demos/share/ament_index/resource_index/packages/ign_ros2_control_demos
[6.561s] -- Installing: /home/rae/testbot_ws/install/ign_ros2_control_demos/share/ign_ros2_control_demos/cmake/ign_ros2_control_demosConfig.cmake
[6.561s] -- Installing: /home/rae/testbot_ws/install/ign_ros2_control_demos/share/ign_ros2_control_demos/cmake/ign_ros2_control_demosConfig-version.cmake
[6.561s] -- Installing: /home/rae/testbot_ws/install/ign_ros2_control_demos/share/ign_ros2_control_demos/package.xml
[6.563s] Invoked command in '/home/rae/testbot_ws/build/ign_ros2_control_demos' returned '0': AMENT_PREFIX_PATH=/home/rae/testbot_ws/install/ign_ros2_control:${AMENT_PREFIX_PATH} CMAKE_PREFIX_PATH=/home/rae/testbot_ws/install/ign_ros2_control:/home/rae/testbot_ws/install/testbot:/home/rae/test_ws/install/test_robot_control:/home/rae/test_ws/install/test_robot_bringup:/opt/ros/humble LD_LIBRARY_PATH=/home/rae/testbot_ws/install/ign_ros2_control/lib:/opt/ros/humble/opt/rviz_ogre_vendor/lib:/opt/ros/humble/lib/x86_64-linux-gnu:/opt/ros/humble/lib:/usr/lib/x86_64-linux-gnu/gazebo-11/plugins /usr/bin/cmake --install /home/rae/testbot_ws/build/ign_ros2_control_demos
