[0.067s] DEBUG:colcon:Command line arguments: ['/usr/bin/colcon', 'build', '--symlink-install']
[0.067s] DEBUG:colcon:Parsed command line arguments: Namespace(log_base=None, log_level=None, verb_name='build', build_base='build', install_base='install', merge_install=False, symlink_install=True, test_result_base=None, continue_on_error=False, executor='parallel', parallel_workers=8, event_handlers=None, ignore_user_meta=False, metas=['./colcon.meta'], base_paths=['.'], packages_ignore=None, packages_ignore_regex=None, paths=None, packages_up_to=None, packages_up_to_regex=None, packages_above=None, packages_above_and_dependencies=None, packages_above_depth=None, packages_select_by_dep=None, packages_skip_by_dep=None, packages_skip_up_to=None, packages_select_build_failed=False, packages_skip_build_finished=False, packages_select_test_failures=False, packages_skip_test_passed=False, packages_select=None, packages_skip=None, packages_select_regex=None, packages_skip_regex=None, packages_start=None, packages_end=None, allow_overriding=[], cmake_args=None, cmake_target=None, cmake_target_skip_unavailable=False, cmake_clean_cache=False, cmake_clean_first=False, cmake_force_configure=False, ament_cmake_args=None, catkin_cmake_args=None, catkin_skip_building_tests=False, verb_parser=<colcon_defaults.argument_parser.defaults.DefaultArgumentsDecorator object at 0x7502e06f85e0>, verb_extension=<colcon_core.verb.build.BuildVerb object at 0x7502e06f8160>, main=<bound method BuildVerb.main of <colcon_core.verb.build.BuildVerb object at 0x7502e06f8160>>)
[0.165s] Level 1:colcon.colcon_core.package_discovery:discover_packages(colcon_meta) check parameters
[0.165s] Level 1:colcon.colcon_core.package_discovery:discover_packages(recursive) check parameters
[0.165s] Level 1:colcon.colcon_core.package_discovery:discover_packages(ignore) check parameters
[0.165s] Level 1:colcon.colcon_core.package_discovery:discover_packages(path) check parameters
[0.165s] Level 1:colcon.colcon_core.package_discovery:discover_packages(colcon_meta) discover
[0.165s] Level 1:colcon.colcon_core.package_discovery:discover_packages(recursive) discover
[0.165s] INFO:colcon.colcon_core.package_discovery:Crawling recursively for packages in '/home/rae/testbot_ws'
[0.165s] Level 1:colcon.colcon_core.package_identification:_identify(.) by extensions ['ignore', 'ignore_ament_install']
[0.165s] Level 1:colcon.colcon_core.package_identification:_identify(.) by extension 'ignore'
[0.165s] Level 1:colcon.colcon_core.package_identification:_identify(.) by extension 'ignore_ament_install'
[0.165s] Level 1:colcon.colcon_core.package_identification:_identify(.) by extensions ['colcon_pkg']
[0.165s] Level 1:colcon.colcon_core.package_identification:_identify(.) by extension 'colcon_pkg'
[0.165s] Level 1:colcon.colcon_core.package_identification:_identify(.) by extensions ['colcon_meta']
[0.165s] Level 1:colcon.colcon_core.package_identification:_identify(.) by extension 'colcon_meta'
[0.165s] Level 1:colcon.colcon_core.package_identification:_identify(.) by extensions ['ros']
[0.165s] Level 1:colcon.colcon_core.package_identification:_identify(.) by extension 'ros'
[0.173s] Level 1:colcon.colcon_core.package_identification:_identify(.) by extensions ['cmake', 'python']
[0.173s] Level 1:colcon.colcon_core.package_identification:_identify(.) by extension 'cmake'
[0.173s] Level 1:colcon.colcon_core.package_identification:_identify(.) by extension 'python'
[0.173s] Level 1:colcon.colcon_core.package_identification:_identify(.) by extensions ['python_setup_py']
[0.173s] Level 1:colcon.colcon_core.package_identification:_identify(.) by extension 'python_setup_py'
[0.173s] Level 1:colcon.colcon_core.package_identification:_identify(build) by extensions ['ignore', 'ignore_ament_install']
[0.173s] Level 1:colcon.colcon_core.package_identification:_identify(build) by extension 'ignore'
[0.173s] Level 1:colcon.colcon_core.package_identification:_identify(build) ignored
[0.174s] Level 1:colcon.colcon_core.package_identification:_identify(install) by extensions ['ignore', 'ignore_ament_install']
[0.174s] Level 1:colcon.colcon_core.package_identification:_identify(install) by extension 'ignore'
[0.174s] Level 1:colcon.colcon_core.package_identification:_identify(install) ignored
[0.174s] Level 1:colcon.colcon_core.package_identification:_identify(log) by extensions ['ignore', 'ignore_ament_install']
[0.174s] Level 1:colcon.colcon_core.package_identification:_identify(log) by extension 'ignore'
[0.174s] Level 1:colcon.colcon_core.package_identification:_identify(log) ignored
[0.174s] Level 1:colcon.colcon_core.package_identification:_identify(src) by extensions ['ignore', 'ignore_ament_install']
[0.174s] Level 1:colcon.colcon_core.package_identification:_identify(src) by extension 'ignore'
[0.174s] Level 1:colcon.colcon_core.package_identification:_identify(src) by extension 'ignore_ament_install'
[0.174s] Level 1:colcon.colcon_core.package_identification:_identify(src) by extensions ['colcon_pkg']
[0.174s] Level 1:colcon.colcon_core.package_identification:_identify(src) by extension 'colcon_pkg'
[0.174s] Level 1:colcon.colcon_core.package_identification:_identify(src) by extensions ['colcon_meta']
[0.174s] Level 1:colcon.colcon_core.package_identification:_identify(src) by extension 'colcon_meta'
[0.174s] Level 1:colcon.colcon_core.package_identification:_identify(src) by extensions ['ros']
[0.174s] Level 1:colcon.colcon_core.package_identification:_identify(src) by extension 'ros'
[0.174s] Level 1:colcon.colcon_core.package_identification:_identify(src) by extensions ['cmake', 'python']
[0.174s] Level 1:colcon.colcon_core.package_identification:_identify(src) by extension 'cmake'
[0.174s] Level 1:colcon.colcon_core.package_identification:_identify(src) by extension 'python'
[0.174s] Level 1:colcon.colcon_core.package_identification:_identify(src) by extensions ['python_setup_py']
[0.174s] Level 1:colcon.colcon_core.package_identification:_identify(src) by extension 'python_setup_py'
[0.174s] Level 1:colcon.colcon_core.package_identification:_identify(src/gz_ros2_control-humble) by extensions ['ignore', 'ignore_ament_install']
[0.174s] Level 1:colcon.colcon_core.package_identification:_identify(src/gz_ros2_control-humble) by extension 'ignore'
[0.174s] Level 1:colcon.colcon_core.package_identification:_identify(src/gz_ros2_control-humble) by extension 'ignore_ament_install'
[0.174s] Level 1:colcon.colcon_core.package_identification:_identify(src/gz_ros2_control-humble) by extensions ['colcon_pkg']
[0.174s] Level 1:colcon.colcon_core.package_identification:_identify(src/gz_ros2_control-humble) by extension 'colcon_pkg'
[0.174s] Level 1:colcon.colcon_core.package_identification:_identify(src/gz_ros2_control-humble) by extensions ['colcon_meta']
[0.175s] Level 1:colcon.colcon_core.package_identification:_identify(src/gz_ros2_control-humble) by extension 'colcon_meta'
[0.175s] Level 1:colcon.colcon_core.package_identification:_identify(src/gz_ros2_control-humble) by extensions ['ros']
[0.175s] Level 1:colcon.colcon_core.package_identification:_identify(src/gz_ros2_control-humble) by extension 'ros'
[0.175s] Level 1:colcon.colcon_core.package_identification:_identify(src/gz_ros2_control-humble) by extensions ['cmake', 'python']
[0.175s] Level 1:colcon.colcon_core.package_identification:_identify(src/gz_ros2_control-humble) by extension 'cmake'
[0.175s] Level 1:colcon.colcon_core.package_identification:_identify(src/gz_ros2_control-humble) by extension 'python'
[0.175s] Level 1:colcon.colcon_core.package_identification:_identify(src/gz_ros2_control-humble) by extensions ['python_setup_py']
[0.175s] Level 1:colcon.colcon_core.package_identification:_identify(src/gz_ros2_control-humble) by extension 'python_setup_py'
[0.175s] Level 1:colcon.colcon_core.package_identification:_identify(src/gz_ros2_control-humble/Dockerfile) by extensions ['ignore', 'ignore_ament_install']
[0.175s] Level 1:colcon.colcon_core.package_identification:_identify(src/gz_ros2_control-humble/Dockerfile) by extension 'ignore'
[0.175s] Level 1:colcon.colcon_core.package_identification:_identify(src/gz_ros2_control-humble/Dockerfile) by extension 'ignore_ament_install'
[0.175s] Level 1:colcon.colcon_core.package_identification:_identify(src/gz_ros2_control-humble/Dockerfile) by extensions ['colcon_pkg']
[0.175s] Level 1:colcon.colcon_core.package_identification:_identify(src/gz_ros2_control-humble/Dockerfile) by extension 'colcon_pkg'
[0.175s] Level 1:colcon.colcon_core.package_identification:_identify(src/gz_ros2_control-humble/Dockerfile) by extensions ['colcon_meta']
[0.175s] Level 1:colcon.colcon_core.package_identification:_identify(src/gz_ros2_control-humble/Dockerfile) by extension 'colcon_meta'
[0.175s] Level 1:colcon.colcon_core.package_identification:_identify(src/gz_ros2_control-humble/Dockerfile) by extensions ['ros']
[0.175s] Level 1:colcon.colcon_core.package_identification:_identify(src/gz_ros2_control-humble/Dockerfile) by extension 'ros'
[0.175s] Level 1:colcon.colcon_core.package_identification:_identify(src/gz_ros2_control-humble/Dockerfile) by extensions ['cmake', 'python']
[0.175s] Level 1:colcon.colcon_core.package_identification:_identify(src/gz_ros2_control-humble/Dockerfile) by extension 'cmake'
[0.175s] Level 1:colcon.colcon_core.package_identification:_identify(src/gz_ros2_control-humble/Dockerfile) by extension 'python'
[0.175s] Level 1:colcon.colcon_core.package_identification:_identify(src/gz_ros2_control-humble/Dockerfile) by extensions ['python_setup_py']
[0.175s] Level 1:colcon.colcon_core.package_identification:_identify(src/gz_ros2_control-humble/Dockerfile) by extension 'python_setup_py'
[0.175s] Level 1:colcon.colcon_core.package_identification:_identify(src/gz_ros2_control-humble/build) by extensions ['ignore', 'ignore_ament_install']
[0.175s] Level 1:colcon.colcon_core.package_identification:_identify(src/gz_ros2_control-humble/build) by extension 'ignore'
[0.175s] Level 1:colcon.colcon_core.package_identification:_identify(src/gz_ros2_control-humble/build) ignored
[0.175s] Level 1:colcon.colcon_core.package_identification:_identify(src/gz_ros2_control-humble/doc) by extensions ['ignore', 'ignore_ament_install']
[0.175s] Level 1:colcon.colcon_core.package_identification:_identify(src/gz_ros2_control-humble/doc) by extension 'ignore'
[0.175s] Level 1:colcon.colcon_core.package_identification:_identify(src/gz_ros2_control-humble/doc) by extension 'ignore_ament_install'
[0.175s] Level 1:colcon.colcon_core.package_identification:_identify(src/gz_ros2_control-humble/doc) by extensions ['colcon_pkg']
[0.175s] Level 1:colcon.colcon_core.package_identification:_identify(src/gz_ros2_control-humble/doc) by extension 'colcon_pkg'
[0.175s] Level 1:colcon.colcon_core.package_identification:_identify(src/gz_ros2_control-humble/doc) by extensions ['colcon_meta']
[0.175s] Level 1:colcon.colcon_core.package_identification:_identify(src/gz_ros2_control-humble/doc) by extension 'colcon_meta'
[0.175s] Level 1:colcon.colcon_core.package_identification:_identify(src/gz_ros2_control-humble/doc) by extensions ['ros']
[0.175s] Level 1:colcon.colcon_core.package_identification:_identify(src/gz_ros2_control-humble/doc) by extension 'ros'
[0.176s] Level 1:colcon.colcon_core.package_identification:_identify(src/gz_ros2_control-humble/doc) by extensions ['cmake', 'python']
[0.176s] Level 1:colcon.colcon_core.package_identification:_identify(src/gz_ros2_control-humble/doc) by extension 'cmake'
[0.176s] Level 1:colcon.colcon_core.package_identification:_identify(src/gz_ros2_control-humble/doc) by extension 'python'
[0.176s] Level 1:colcon.colcon_core.package_identification:_identify(src/gz_ros2_control-humble/doc) by extensions ['python_setup_py']
[0.176s] Level 1:colcon.colcon_core.package_identification:_identify(src/gz_ros2_control-humble/doc) by extension 'python_setup_py'
[0.176s] Level 1:colcon.colcon_core.package_identification:_identify(src/gz_ros2_control-humble/doc/img) by extensions ['ignore', 'ignore_ament_install']
[0.176s] Level 1:colcon.colcon_core.package_identification:_identify(src/gz_ros2_control-humble/doc/img) by extension 'ignore'
[0.176s] Level 1:colcon.colcon_core.package_identification:_identify(src/gz_ros2_control-humble/doc/img) by extension 'ignore_ament_install'
[0.176s] Level 1:colcon.colcon_core.package_identification:_identify(src/gz_ros2_control-humble/doc/img) by extensions ['colcon_pkg']
[0.176s] Level 1:colcon.colcon_core.package_identification:_identify(src/gz_ros2_control-humble/doc/img) by extension 'colcon_pkg'
[0.176s] Level 1:colcon.colcon_core.package_identification:_identify(src/gz_ros2_control-humble/doc/img) by extensions ['colcon_meta']
[0.176s] Level 1:colcon.colcon_core.package_identification:_identify(src/gz_ros2_control-humble/doc/img) by extension 'colcon_meta'
[0.176s] Level 1:colcon.colcon_core.package_identification:_identify(src/gz_ros2_control-humble/doc/img) by extensions ['ros']
[0.176s] Level 1:colcon.colcon_core.package_identification:_identify(src/gz_ros2_control-humble/doc/img) by extension 'ros'
[0.176s] Level 1:colcon.colcon_core.package_identification:_identify(src/gz_ros2_control-humble/doc/img) by extensions ['cmake', 'python']
[0.176s] Level 1:colcon.colcon_core.package_identification:_identify(src/gz_ros2_control-humble/doc/img) by extension 'cmake'
[0.176s] Level 1:colcon.colcon_core.package_identification:_identify(src/gz_ros2_control-humble/doc/img) by extension 'python'
[0.176s] Level 1:colcon.colcon_core.package_identification:_identify(src/gz_ros2_control-humble/doc/img) by extensions ['python_setup_py']
[0.176s] Level 1:colcon.colcon_core.package_identification:_identify(src/gz_ros2_control-humble/doc/img) by extension 'python_setup_py'
[0.176s] Level 1:colcon.colcon_core.package_identification:_identify(src/gz_ros2_control-humble/gz_ros2_control_tests) by extensions ['ignore', 'ignore_ament_install']
[0.176s] Level 1:colcon.colcon_core.package_identification:_identify(src/gz_ros2_control-humble/gz_ros2_control_tests) by extension 'ignore'
[0.176s] Level 1:colcon.colcon_core.package_identification:_identify(src/gz_ros2_control-humble/gz_ros2_control_tests) by extension 'ignore_ament_install'
[0.176s] Level 1:colcon.colcon_core.package_identification:_identify(src/gz_ros2_control-humble/gz_ros2_control_tests) by extensions ['colcon_pkg']
[0.176s] Level 1:colcon.colcon_core.package_identification:_identify(src/gz_ros2_control-humble/gz_ros2_control_tests) by extension 'colcon_pkg'
[0.176s] Level 1:colcon.colcon_core.package_identification:_identify(src/gz_ros2_control-humble/gz_ros2_control_tests) by extensions ['colcon_meta']
[0.176s] Level 1:colcon.colcon_core.package_identification:_identify(src/gz_ros2_control-humble/gz_ros2_control_tests) by extension 'colcon_meta'
[0.176s] Level 1:colcon.colcon_core.package_identification:_identify(src/gz_ros2_control-humble/gz_ros2_control_tests) by extensions ['ros']
[0.176s] Level 1:colcon.colcon_core.package_identification:_identify(src/gz_ros2_control-humble/gz_ros2_control_tests) by extension 'ros'
[0.179s] DEBUG:colcon.colcon_core.package_identification:Package 'src/gz_ros2_control-humble/gz_ros2_control_tests' with type 'ros.ament_cmake' and name 'gz_ros2_control_tests'
[0.180s] Level 1:colcon.colcon_core.package_identification:_identify(src/gz_ros2_control-humble/ign_ros2_control) by extensions ['ignore', 'ignore_ament_install']
[0.180s] Level 1:colcon.colcon_core.package_identification:_identify(src/gz_ros2_control-humble/ign_ros2_control) by extension 'ignore'
[0.180s] Level 1:colcon.colcon_core.package_identification:_identify(src/gz_ros2_control-humble/ign_ros2_control) by extension 'ignore_ament_install'
[0.180s] Level 1:colcon.colcon_core.package_identification:_identify(src/gz_ros2_control-humble/ign_ros2_control) by extensions ['colcon_pkg']
[0.180s] Level 1:colcon.colcon_core.package_identification:_identify(src/gz_ros2_control-humble/ign_ros2_control) by extension 'colcon_pkg'
[0.180s] Level 1:colcon.colcon_core.package_identification:_identify(src/gz_ros2_control-humble/ign_ros2_control) by extensions ['colcon_meta']
[0.180s] Level 1:colcon.colcon_core.package_identification:_identify(src/gz_ros2_control-humble/ign_ros2_control) by extension 'colcon_meta'
[0.180s] Level 1:colcon.colcon_core.package_identification:_identify(src/gz_ros2_control-humble/ign_ros2_control) by extensions ['ros']
[0.180s] Level 1:colcon.colcon_core.package_identification:_identify(src/gz_ros2_control-humble/ign_ros2_control) by extension 'ros'
[0.182s] DEBUG:colcon.colcon_core.package_identification:Package 'src/gz_ros2_control-humble/ign_ros2_control' with type 'ros.ament_cmake' and name 'ign_ros2_control'
[0.182s] Level 1:colcon.colcon_core.package_identification:_identify(src/gz_ros2_control-humble/ign_ros2_control_demos) by extensions ['ignore', 'ignore_ament_install']
[0.183s] Level 1:colcon.colcon_core.package_identification:_identify(src/gz_ros2_control-humble/ign_ros2_control_demos) by extension 'ignore'
[0.183s] Level 1:colcon.colcon_core.package_identification:_identify(src/gz_ros2_control-humble/ign_ros2_control_demos) by extension 'ignore_ament_install'
[0.183s] Level 1:colcon.colcon_core.package_identification:_identify(src/gz_ros2_control-humble/ign_ros2_control_demos) by extensions ['colcon_pkg']
[0.183s] Level 1:colcon.colcon_core.package_identification:_identify(src/gz_ros2_control-humble/ign_ros2_control_demos) by extension 'colcon_pkg'
[0.183s] Level 1:colcon.colcon_core.package_identification:_identify(src/gz_ros2_control-humble/ign_ros2_control_demos) by extensions ['colcon_meta']
[0.183s] Level 1:colcon.colcon_core.package_identification:_identify(src/gz_ros2_control-humble/ign_ros2_control_demos) by extension 'colcon_meta'
[0.183s] Level 1:colcon.colcon_core.package_identification:_identify(src/gz_ros2_control-humble/ign_ros2_control_demos) by extensions ['ros']
[0.183s] Level 1:colcon.colcon_core.package_identification:_identify(src/gz_ros2_control-humble/ign_ros2_control_demos) by extension 'ros'
[0.183s] DEBUG:colcon.colcon_core.package_identification:Package 'src/gz_ros2_control-humble/ign_ros2_control_demos' with type 'ros.ament_cmake' and name 'ign_ros2_control_demos'
[0.183s] Level 1:colcon.colcon_core.package_identification:_identify(src/gz_ros2_control-humble/install) by extensions ['ignore', 'ignore_ament_install']
[0.184s] Level 1:colcon.colcon_core.package_identification:_identify(src/gz_ros2_control-humble/install) by extension 'ignore'
[0.184s] Level 1:colcon.colcon_core.package_identification:_identify(src/gz_ros2_control-humble/install) ignored
[0.184s] Level 1:colcon.colcon_core.package_identification:_identify(src/gz_ros2_control-humble/log) by extensions ['ignore', 'ignore_ament_install']
[0.184s] Level 1:colcon.colcon_core.package_identification:_identify(src/gz_ros2_control-humble/log) by extension 'ignore'
[0.184s] Level 1:colcon.colcon_core.package_identification:_identify(src/gz_ros2_control-humble/log) ignored
[0.184s] Level 1:colcon.colcon_core.package_identification:_identify(src/testbot) by extensions ['ignore', 'ignore_ament_install']
[0.184s] Level 1:colcon.colcon_core.package_identification:_identify(src/testbot) by extension 'ignore'
[0.184s] Level 1:colcon.colcon_core.package_identification:_identify(src/testbot) by extension 'ignore_ament_install'
[0.184s] Level 1:colcon.colcon_core.package_identification:_identify(src/testbot) by extensions ['colcon_pkg']
[0.184s] Level 1:colcon.colcon_core.package_identification:_identify(src/testbot) by extension 'colcon_pkg'
[0.184s] Level 1:colcon.colcon_core.package_identification:_identify(src/testbot) by extensions ['colcon_meta']
[0.184s] Level 1:colcon.colcon_core.package_identification:_identify(src/testbot) by extension 'colcon_meta'
[0.184s] Level 1:colcon.colcon_core.package_identification:_identify(src/testbot) by extensions ['ros']
[0.184s] Level 1:colcon.colcon_core.package_identification:_identify(src/testbot) by extension 'ros'
[0.184s] DEBUG:colcon.colcon_core.package_identification:Package 'src/testbot' with type 'ros.ament_cmake' and name 'testbot'
[0.185s] Level 1:colcon.colcon_core.package_discovery:discover_packages(recursive) using defaults
[0.185s] Level 1:colcon.colcon_core.package_discovery:discover_packages(ignore) discover
[0.185s] Level 1:colcon.colcon_core.package_discovery:discover_packages(ignore) using defaults
[0.185s] Level 1:colcon.colcon_core.package_discovery:discover_packages(path) discover
[0.185s] Level 1:colcon.colcon_core.package_discovery:discover_packages(path) using defaults
[0.209s] Level 1:colcon.colcon_core.package_discovery:discover_packages(prefix_path) check parameters
[0.209s] Level 1:colcon.colcon_core.package_discovery:discover_packages(prefix_path) discover
[0.210s] DEBUG:colcon.colcon_installed_package_information.package_discovery:Found 5 installed packages in /home/rae/testbot_ws/install
[0.210s] DEBUG:colcon.colcon_installed_package_information.package_discovery:Found 2 installed packages in /home/rae/test_ws/install
[0.211s] DEBUG:colcon.colcon_installed_package_information.package_discovery:Found 379 installed packages in /opt/ros/humble
[0.213s] Level 1:colcon.colcon_core.package_discovery:discover_packages(prefix_path) using defaults
[0.244s] Level 5:colcon.colcon_core.verb:set package 'ign_ros2_control' build argument 'cmake_args' from command line to 'None'
[0.244s] Level 5:colcon.colcon_core.verb:set package 'ign_ros2_control' build argument 'cmake_target' from command line to 'None'
[0.244s] Level 5:colcon.colcon_core.verb:set package 'ign_ros2_control' build argument 'cmake_target_skip_unavailable' from command line to 'False'
[0.244s] Level 5:colcon.colcon_core.verb:set package 'ign_ros2_control' build argument 'cmake_clean_cache' from command line to 'False'
[0.244s] Level 5:colcon.colcon_core.verb:set package 'ign_ros2_control' build argument 'cmake_clean_first' from command line to 'False'
[0.244s] Level 5:colcon.colcon_core.verb:set package 'ign_ros2_control' build argument 'cmake_force_configure' from command line to 'False'
[0.244s] Level 5:colcon.colcon_core.verb:set package 'ign_ros2_control' build argument 'ament_cmake_args' from command line to 'None'
[0.244s] Level 5:colcon.colcon_core.verb:set package 'ign_ros2_control' build argument 'catkin_cmake_args' from command line to 'None'
[0.244s] Level 5:colcon.colcon_core.verb:set package 'ign_ros2_control' build argument 'catkin_skip_building_tests' from command line to 'False'
[0.244s] DEBUG:colcon.colcon_core.verb:Building package 'ign_ros2_control' with the following arguments: {'ament_cmake_args': None, 'build_base': '/home/rae/testbot_ws/build/ign_ros2_control', 'catkin_cmake_args': None, 'catkin_skip_building_tests': False, 'cmake_args': None, 'cmake_clean_cache': False, 'cmake_clean_first': False, 'cmake_force_configure': False, 'cmake_target': None, 'cmake_target_skip_unavailable': False, 'install_base': '/home/rae/testbot_ws/install/ign_ros2_control', 'merge_install': False, 'path': '/home/rae/testbot_ws/src/gz_ros2_control-humble/ign_ros2_control', 'symlink_install': True, 'test_result_base': None}
[0.244s] Level 5:colcon.colcon_core.verb:set package 'gz_ros2_control_tests' build argument 'cmake_args' from command line to 'None'
[0.244s] Level 5:colcon.colcon_core.verb:set package 'gz_ros2_control_tests' build argument 'cmake_target' from command line to 'None'
[0.244s] Level 5:colcon.colcon_core.verb:set package 'gz_ros2_control_tests' build argument 'cmake_target_skip_unavailable' from command line to 'False'
[0.245s] Level 5:colcon.colcon_core.verb:set package 'gz_ros2_control_tests' build argument 'cmake_clean_cache' from command line to 'False'
[0.245s] Level 5:colcon.colcon_core.verb:set package 'gz_ros2_control_tests' build argument 'cmake_clean_first' from command line to 'False'
[0.245s] Level 5:colcon.colcon_core.verb:set package 'gz_ros2_control_tests' build argument 'cmake_force_configure' from command line to 'False'
[0.245s] Level 5:colcon.colcon_core.verb:set package 'gz_ros2_control_tests' build argument 'ament_cmake_args' from command line to 'None'
[0.245s] Level 5:colcon.colcon_core.verb:set package 'gz_ros2_control_tests' build argument 'catkin_cmake_args' from command line to 'None'
[0.245s] Level 5:colcon.colcon_core.verb:set package 'gz_ros2_control_tests' build argument 'catkin_skip_building_tests' from command line to 'False'
[0.245s] DEBUG:colcon.colcon_core.verb:Building package 'gz_ros2_control_tests' with the following arguments: {'ament_cmake_args': None, 'build_base': '/home/rae/testbot_ws/build/gz_ros2_control_tests', 'catkin_cmake_args': None, 'catkin_skip_building_tests': False, 'cmake_args': None, 'cmake_clean_cache': False, 'cmake_clean_first': False, 'cmake_force_configure': False, 'cmake_target': None, 'cmake_target_skip_unavailable': False, 'install_base': '/home/rae/testbot_ws/install/gz_ros2_control_tests', 'merge_install': False, 'path': '/home/rae/testbot_ws/src/gz_ros2_control-humble/gz_ros2_control_tests', 'symlink_install': True, 'test_result_base': None}
[0.245s] Level 5:colcon.colcon_core.verb:set package 'ign_ros2_control_demos' build argument 'cmake_args' from command line to 'None'
[0.245s] Level 5:colcon.colcon_core.verb:set package 'ign_ros2_control_demos' build argument 'cmake_target' from command line to 'None'
[0.245s] Level 5:colcon.colcon_core.verb:set package 'ign_ros2_control_demos' build argument 'cmake_target_skip_unavailable' from command line to 'False'
[0.245s] Level 5:colcon.colcon_core.verb:set package 'ign_ros2_control_demos' build argument 'cmake_clean_cache' from command line to 'False'
[0.245s] Level 5:colcon.colcon_core.verb:set package 'ign_ros2_control_demos' build argument 'cmake_clean_first' from command line to 'False'
[0.245s] Level 5:colcon.colcon_core.verb:set package 'ign_ros2_control_demos' build argument 'cmake_force_configure' from command line to 'False'
[0.245s] Level 5:colcon.colcon_core.verb:set package 'ign_ros2_control_demos' build argument 'ament_cmake_args' from command line to 'None'
[0.245s] Level 5:colcon.colcon_core.verb:set package 'ign_ros2_control_demos' build argument 'catkin_cmake_args' from command line to 'None'
[0.245s] Level 5:colcon.colcon_core.verb:set package 'ign_ros2_control_demos' build argument 'catkin_skip_building_tests' from command line to 'False'
[0.245s] DEBUG:colcon.colcon_core.verb:Building package 'ign_ros2_control_demos' with the following arguments: {'ament_cmake_args': None, 'build_base': '/home/rae/testbot_ws/build/ign_ros2_control_demos', 'catkin_cmake_args': None, 'catkin_skip_building_tests': False, 'cmake_args': None, 'cmake_clean_cache': False, 'cmake_clean_first': False, 'cmake_force_configure': False, 'cmake_target': None, 'cmake_target_skip_unavailable': False, 'install_base': '/home/rae/testbot_ws/install/ign_ros2_control_demos', 'merge_install': False, 'path': '/home/rae/testbot_ws/src/gz_ros2_control-humble/ign_ros2_control_demos', 'symlink_install': True, 'test_result_base': None}
[0.245s] Level 5:colcon.colcon_core.verb:set package 'testbot' build argument 'cmake_args' from command line to 'None'
[0.245s] Level 5:colcon.colcon_core.verb:set package 'testbot' build argument 'cmake_target' from command line to 'None'
[0.245s] Level 5:colcon.colcon_core.verb:set package 'testbot' build argument 'cmake_target_skip_unavailable' from command line to 'False'
[0.245s] Level 5:colcon.colcon_core.verb:set package 'testbot' build argument 'cmake_clean_cache' from command line to 'False'
[0.245s] Level 5:colcon.colcon_core.verb:set package 'testbot' build argument 'cmake_clean_first' from command line to 'False'
[0.245s] Level 5:colcon.colcon_core.verb:set package 'testbot' build argument 'cmake_force_configure' from command line to 'False'
[0.245s] Level 5:colcon.colcon_core.verb:set package 'testbot' build argument 'ament_cmake_args' from command line to 'None'
[0.245s] Level 5:colcon.colcon_core.verb:set package 'testbot' build argument 'catkin_cmake_args' from command line to 'None'
[0.245s] Level 5:colcon.colcon_core.verb:set package 'testbot' build argument 'catkin_skip_building_tests' from command line to 'False'
[0.245s] DEBUG:colcon.colcon_core.verb:Building package 'testbot' with the following arguments: {'ament_cmake_args': None, 'build_base': '/home/rae/testbot_ws/build/testbot', 'catkin_cmake_args': None, 'catkin_skip_building_tests': False, 'cmake_args': None, 'cmake_clean_cache': False, 'cmake_clean_first': False, 'cmake_force_configure': False, 'cmake_target': None, 'cmake_target_skip_unavailable': False, 'install_base': '/home/rae/testbot_ws/install/testbot', 'merge_install': False, 'path': '/home/rae/testbot_ws/src/testbot', 'symlink_install': True, 'test_result_base': None}
[0.246s] INFO:colcon.colcon_core.executor:Executing jobs using 'parallel' executor
[0.246s] DEBUG:colcon.colcon_parallel_executor.executor.parallel:run_until_complete
[0.247s] INFO:colcon.colcon_ros.task.ament_cmake.build:Building ROS package in '/home/rae/testbot_ws/src/gz_ros2_control-humble/ign_ros2_control' with build type 'ament_cmake'
[0.247s] INFO:colcon.colcon_cmake.task.cmake.build:Building CMake package in '/home/rae/testbot_ws/src/gz_ros2_control-humble/ign_ros2_control'
[0.248s] INFO:colcon.colcon_core.plugin_system:Skipping extension 'colcon_core.shell.bat': Not used on non-Windows systems
[0.248s] INFO:colcon.colcon_core.shell:Skip shell extension 'powershell' for command environment: Not usable outside of PowerShell
[0.248s] DEBUG:colcon.colcon_core.shell:Skip shell extension 'dsv' for command environment
[0.256s] DEBUG:colcon.colcon_core.event_handler.log_command:Invoking command in '/home/rae/testbot_ws/build/ign_ros2_control': CMAKE_PREFIX_PATH=${CMAKE_PREFIX_PATH}:/opt/ros/humble /usr/bin/cmake /home/rae/testbot_ws/src/gz_ros2_control-humble/ign_ros2_control -DAMENT_CMAKE_SYMLINK_INSTALL=1 -DCMAKE_INSTALL_PREFIX=/home/rae/testbot_ws/install/ign_ros2_control
[2.376s] DEBUG:colcon.colcon_core.event_handler.log_command:Invoked command in '/home/rae/testbot_ws/build/ign_ros2_control' returned '0': CMAKE_PREFIX_PATH=${CMAKE_PREFIX_PATH}:/opt/ros/humble /usr/bin/cmake /home/rae/testbot_ws/src/gz_ros2_control-humble/ign_ros2_control -DAMENT_CMAKE_SYMLINK_INSTALL=1 -DCMAKE_INSTALL_PREFIX=/home/rae/testbot_ws/install/ign_ros2_control
[2.377s] DEBUG:colcon.colcon_core.event_handler.log_command:Invoking command in '/home/rae/testbot_ws/build/ign_ros2_control': CMAKE_PREFIX_PATH=${CMAKE_PREFIX_PATH}:/opt/ros/humble /usr/bin/cmake --build /home/rae/testbot_ws/build/ign_ros2_control -- -j8 -l8
[3.102s] DEBUG:colcon.colcon_core.event_handler.log_command:Invoked command in '/home/rae/testbot_ws/build/ign_ros2_control' returned '0': CMAKE_PREFIX_PATH=${CMAKE_PREFIX_PATH}:/opt/ros/humble /usr/bin/cmake --build /home/rae/testbot_ws/build/ign_ros2_control -- -j8 -l8
[3.130s] DEBUG:colcon.colcon_core.event_handler.log_command:Invoking command in '/home/rae/testbot_ws/build/ign_ros2_control': CMAKE_PREFIX_PATH=${CMAKE_PREFIX_PATH}:/opt/ros/humble /usr/bin/cmake --install /home/rae/testbot_ws/build/ign_ros2_control
[3.314s] Level 1:colcon.colcon_core.environment:create_environment_scripts_only(ign_ros2_control)
[3.315s] DEBUG:colcon.colcon_core.event_handler.log_command:Invoked command in '/home/rae/testbot_ws/build/ign_ros2_control' returned '0': CMAKE_PREFIX_PATH=${CMAKE_PREFIX_PATH}:/opt/ros/humble /usr/bin/cmake --install /home/rae/testbot_ws/build/ign_ros2_control
[3.316s] Level 1:colcon.colcon_core.environment:checking '/home/rae/testbot_ws/install/ign_ros2_control' for CMake module files
[3.316s] Level 1:colcon.colcon_core.environment:checking '/home/rae/testbot_ws/install/ign_ros2_control' for CMake config files
[3.317s] Level 1:colcon.colcon_core.shell:create_environment_hook('ign_ros2_control', 'cmake_prefix_path')
[3.317s] INFO:colcon.colcon_core.shell:Creating environment hook '/home/rae/testbot_ws/install/ign_ros2_control/share/ign_ros2_control/hook/cmake_prefix_path.ps1'
[3.317s] INFO:colcon.colcon_core.shell:Creating environment descriptor '/home/rae/testbot_ws/install/ign_ros2_control/share/ign_ros2_control/hook/cmake_prefix_path.dsv'
[3.318s] INFO:colcon.colcon_core.shell:Creating environment hook '/home/rae/testbot_ws/install/ign_ros2_control/share/ign_ros2_control/hook/cmake_prefix_path.sh'
[3.318s] Level 1:colcon.colcon_core.environment:checking '/home/rae/testbot_ws/install/ign_ros2_control/lib'
[3.318s] Level 1:colcon.colcon_core.shell:create_environment_hook('ign_ros2_control', 'ld_library_path_lib')
[3.319s] INFO:colcon.colcon_core.shell:Creating environment hook '/home/rae/testbot_ws/install/ign_ros2_control/share/ign_ros2_control/hook/ld_library_path_lib.ps1'
[3.319s] INFO:colcon.colcon_core.shell:Creating environment descriptor '/home/rae/testbot_ws/install/ign_ros2_control/share/ign_ros2_control/hook/ld_library_path_lib.dsv'
[3.319s] INFO:colcon.colcon_core.shell:Creating environment hook '/home/rae/testbot_ws/install/ign_ros2_control/share/ign_ros2_control/hook/ld_library_path_lib.sh'
[3.320s] Level 1:colcon.colcon_core.environment:checking '/home/rae/testbot_ws/install/ign_ros2_control/bin'
[3.320s] Level 1:colcon.colcon_core.environment:checking '/home/rae/testbot_ws/install/ign_ros2_control/lib/pkgconfig/ign_ros2_control.pc'
[3.320s] Level 1:colcon.colcon_core.environment:checking '/home/rae/testbot_ws/install/ign_ros2_control/lib/python3.10/site-packages'
[3.320s] Level 1:colcon.colcon_core.environment:checking '/home/rae/testbot_ws/install/ign_ros2_control/bin'
[3.320s] INFO:colcon.colcon_core.shell:Creating package script '/home/rae/testbot_ws/install/ign_ros2_control/share/ign_ros2_control/package.ps1'
[3.321s] INFO:colcon.colcon_core.shell:Creating package descriptor '/home/rae/testbot_ws/install/ign_ros2_control/share/ign_ros2_control/package.dsv'
[3.322s] INFO:colcon.colcon_core.shell:Creating package script '/home/rae/testbot_ws/install/ign_ros2_control/share/ign_ros2_control/package.sh'
[3.322s] INFO:colcon.colcon_core.shell:Creating package script '/home/rae/testbot_ws/install/ign_ros2_control/share/ign_ros2_control/package.bash'
[3.323s] INFO:colcon.colcon_core.shell:Creating package script '/home/rae/testbot_ws/install/ign_ros2_control/share/ign_ros2_control/package.zsh'
[3.324s] Level 1:colcon.colcon_core.environment:create_file_with_runtime_dependencies(/home/rae/testbot_ws/install/ign_ros2_control/share/colcon-core/packages/ign_ros2_control)
[3.356s] Level 1:colcon.colcon_core.environment:create_environment_scripts_only(ign_ros2_control)
[3.357s] Level 1:colcon.colcon_core.environment:checking '/home/rae/testbot_ws/install/ign_ros2_control' for CMake module files
[3.358s] Level 1:colcon.colcon_core.environment:checking '/home/rae/testbot_ws/install/ign_ros2_control' for CMake config files
[3.358s] Level 1:colcon.colcon_core.shell:create_environment_hook('ign_ros2_control', 'cmake_prefix_path')
[3.358s] INFO:colcon.colcon_core.shell:Creating environment hook '/home/rae/testbot_ws/install/ign_ros2_control/share/ign_ros2_control/hook/cmake_prefix_path.ps1'
[3.359s] INFO:colcon.colcon_core.shell:Creating environment descriptor '/home/rae/testbot_ws/install/ign_ros2_control/share/ign_ros2_control/hook/cmake_prefix_path.dsv'
[3.359s] INFO:colcon.colcon_core.shell:Creating environment hook '/home/rae/testbot_ws/install/ign_ros2_control/share/ign_ros2_control/hook/cmake_prefix_path.sh'
[3.360s] Level 1:colcon.colcon_core.environment:checking '/home/rae/testbot_ws/install/ign_ros2_control/lib'
[3.360s] Level 1:colcon.colcon_core.shell:create_environment_hook('ign_ros2_control', 'ld_library_path_lib')
[3.360s] INFO:colcon.colcon_core.shell:Creating environment hook '/home/rae/testbot_ws/install/ign_ros2_control/share/ign_ros2_control/hook/ld_library_path_lib.ps1'
[3.361s] INFO:colcon.colcon_core.shell:Creating environment descriptor '/home/rae/testbot_ws/install/ign_ros2_control/share/ign_ros2_control/hook/ld_library_path_lib.dsv'
[3.361s] INFO:colcon.colcon_core.shell:Creating environment hook '/home/rae/testbot_ws/install/ign_ros2_control/share/ign_ros2_control/hook/ld_library_path_lib.sh'
[3.362s] Level 1:colcon.colcon_core.environment:checking '/home/rae/testbot_ws/install/ign_ros2_control/bin'
[3.362s] Level 1:colcon.colcon_core.environment:checking '/home/rae/testbot_ws/install/ign_ros2_control/lib/pkgconfig/ign_ros2_control.pc'
[3.362s] Level 1:colcon.colcon_core.environment:checking '/home/rae/testbot_ws/install/ign_ros2_control/lib/python3.10/site-packages'
[3.363s] Level 1:colcon.colcon_core.environment:checking '/home/rae/testbot_ws/install/ign_ros2_control/bin'
[3.363s] INFO:colcon.colcon_core.shell:Creating package script '/home/rae/testbot_ws/install/ign_ros2_control/share/ign_ros2_control/package.ps1'
[3.364s] INFO:colcon.colcon_core.shell:Creating package descriptor '/home/rae/testbot_ws/install/ign_ros2_control/share/ign_ros2_control/package.dsv'
[3.364s] INFO:colcon.colcon_core.shell:Creating package script '/home/rae/testbot_ws/install/ign_ros2_control/share/ign_ros2_control/package.sh'
[3.365s] INFO:colcon.colcon_core.shell:Creating package script '/home/rae/testbot_ws/install/ign_ros2_control/share/ign_ros2_control/package.bash'
[3.365s] INFO:colcon.colcon_core.shell:Creating package script '/home/rae/testbot_ws/install/ign_ros2_control/share/ign_ros2_control/package.zsh'
[3.366s] Level 1:colcon.colcon_core.environment:create_file_with_runtime_dependencies(/home/rae/testbot_ws/install/ign_ros2_control/share/colcon-core/packages/ign_ros2_control)
[3.366s] INFO:colcon.colcon_ros.task.ament_cmake.build:Building ROS package in '/home/rae/testbot_ws/src/gz_ros2_control-humble/gz_ros2_control_tests' with build type 'ament_cmake'
[3.366s] INFO:colcon.colcon_cmake.task.cmake.build:Building CMake package in '/home/rae/testbot_ws/src/gz_ros2_control-humble/gz_ros2_control_tests'
[3.366s] INFO:colcon.colcon_core.shell:Skip shell extension 'powershell' for command environment: Not usable outside of PowerShell
[3.367s] DEBUG:colcon.colcon_core.shell:Skip shell extension 'dsv' for command environment
[3.370s] INFO:colcon.colcon_ros.task.ament_cmake.build:Building ROS package in '/home/rae/testbot_ws/src/gz_ros2_control-humble/ign_ros2_control_demos' with build type 'ament_cmake'
[3.370s] INFO:colcon.colcon_cmake.task.cmake.build:Building CMake package in '/home/rae/testbot_ws/src/gz_ros2_control-humble/ign_ros2_control_demos'
[3.370s] INFO:colcon.colcon_core.shell:Skip shell extension 'powershell' for command environment: Not usable outside of PowerShell
[3.370s] DEBUG:colcon.colcon_core.shell:Skip shell extension 'dsv' for command environment
[3.373s] INFO:colcon.colcon_ros.task.ament_cmake.build:Building ROS package in '/home/rae/testbot_ws/src/testbot' with build type 'ament_cmake'
[3.373s] INFO:colcon.colcon_cmake.task.cmake.build:Building CMake package in '/home/rae/testbot_ws/src/testbot'
[3.374s] INFO:colcon.colcon_core.shell:Skip shell extension 'powershell' for command environment: Not usable outside of PowerShell
[3.374s] DEBUG:colcon.colcon_core.shell:Skip shell extension 'dsv' for command environment
[3.380s] DEBUG:colcon.colcon_core.event_handler.log_command:Invoking command in '/home/rae/testbot_ws/build/gz_ros2_control_tests': AMENT_PREFIX_PATH=/home/rae/testbot_ws/install/ign_ros2_control:${AMENT_PREFIX_PATH} CMAKE_PREFIX_PATH=/home/rae/testbot_ws/install/ign_ros2_control:/home/rae/testbot_ws/install/testbot:/home/rae/test_ws/install/test_robot_control:/home/rae/test_ws/install/test_robot_bringup:/opt/ros/humble LD_LIBRARY_PATH=/home/rae/testbot_ws/install/ign_ros2_control/lib:/opt/ros/humble/opt/rviz_ogre_vendor/lib:/opt/ros/humble/lib/x86_64-linux-gnu:/opt/ros/humble/lib:/usr/lib/x86_64-linux-gnu/gazebo-11/plugins /usr/bin/cmake /home/rae/testbot_ws/src/gz_ros2_control-humble/gz_ros2_control_tests -DAMENT_CMAKE_SYMLINK_INSTALL=1 -DCMAKE_INSTALL_PREFIX=/home/rae/testbot_ws/install/gz_ros2_control_tests
[3.383s] DEBUG:colcon.colcon_core.event_handler.log_command:Invoking command in '/home/rae/testbot_ws/build/ign_ros2_control_demos': AMENT_PREFIX_PATH=/home/rae/testbot_ws/install/ign_ros2_control:${AMENT_PREFIX_PATH} CMAKE_PREFIX_PATH=/home/rae/testbot_ws/install/ign_ros2_control:/home/rae/testbot_ws/install/testbot:/home/rae/test_ws/install/test_robot_control:/home/rae/test_ws/install/test_robot_bringup:/opt/ros/humble LD_LIBRARY_PATH=/home/rae/testbot_ws/install/ign_ros2_control/lib:/opt/ros/humble/opt/rviz_ogre_vendor/lib:/opt/ros/humble/lib/x86_64-linux-gnu:/opt/ros/humble/lib:/usr/lib/x86_64-linux-gnu/gazebo-11/plugins /usr/bin/cmake /home/rae/testbot_ws/src/gz_ros2_control-humble/ign_ros2_control_demos -DAMENT_CMAKE_SYMLINK_INSTALL=1 -DCMAKE_INSTALL_PREFIX=/home/rae/testbot_ws/install/ign_ros2_control_demos
[3.386s] DEBUG:colcon.colcon_core.event_handler.log_command:Invoking command in '/home/rae/testbot_ws/build/testbot': AMENT_PREFIX_PATH=/home/rae/testbot_ws/install/ign_ros2_control:${AMENT_PREFIX_PATH} CMAKE_PREFIX_PATH=/home/rae/testbot_ws/install/ign_ros2_control:/home/rae/testbot_ws/install/testbot:/home/rae/test_ws/install/test_robot_control:/home/rae/test_ws/install/test_robot_bringup:/opt/ros/humble LD_LIBRARY_PATH=/home/rae/testbot_ws/install/ign_ros2_control/lib:/opt/ros/humble/opt/rviz_ogre_vendor/lib:/opt/ros/humble/lib/x86_64-linux-gnu:/opt/ros/humble/lib:/usr/lib/x86_64-linux-gnu/gazebo-11/plugins /usr/bin/cmake /home/rae/testbot_ws/src/testbot -DAMENT_CMAKE_SYMLINK_INSTALL=1 -DCMAKE_INSTALL_PREFIX=/home/rae/testbot_ws/install/testbot
[3.775s] DEBUG:colcon.colcon_core.event_handler.log_command:Invoked command in '/home/rae/testbot_ws/build/testbot' returned '0': AMENT_PREFIX_PATH=/home/rae/testbot_ws/install/ign_ros2_control:${AMENT_PREFIX_PATH} CMAKE_PREFIX_PATH=/home/rae/testbot_ws/install/ign_ros2_control:/home/rae/testbot_ws/install/testbot:/home/rae/test_ws/install/test_robot_control:/home/rae/test_ws/install/test_robot_bringup:/opt/ros/humble LD_LIBRARY_PATH=/home/rae/testbot_ws/install/ign_ros2_control/lib:/opt/ros/humble/opt/rviz_ogre_vendor/lib:/opt/ros/humble/lib/x86_64-linux-gnu:/opt/ros/humble/lib:/usr/lib/x86_64-linux-gnu/gazebo-11/plugins /usr/bin/cmake /home/rae/testbot_ws/src/testbot -DAMENT_CMAKE_SYMLINK_INSTALL=1 -DCMAKE_INSTALL_PREFIX=/home/rae/testbot_ws/install/testbot
[3.776s] DEBUG:colcon.colcon_core.event_handler.log_command:Invoking command in '/home/rae/testbot_ws/build/testbot': AMENT_PREFIX_PATH=/home/rae/testbot_ws/install/ign_ros2_control:${AMENT_PREFIX_PATH} CMAKE_PREFIX_PATH=/home/rae/testbot_ws/install/ign_ros2_control:/home/rae/testbot_ws/install/testbot:/home/rae/test_ws/install/test_robot_control:/home/rae/test_ws/install/test_robot_bringup:/opt/ros/humble LD_LIBRARY_PATH=/home/rae/testbot_ws/install/ign_ros2_control/lib:/opt/ros/humble/opt/rviz_ogre_vendor/lib:/opt/ros/humble/lib/x86_64-linux-gnu:/opt/ros/humble/lib:/usr/lib/x86_64-linux-gnu/gazebo-11/plugins /usr/bin/cmake --build /home/rae/testbot_ws/build/testbot -- -j8 -l8
[3.804s] DEBUG:colcon.colcon_core.event_handler.log_command:Invoked command in '/home/rae/testbot_ws/build/testbot' returned '0': AMENT_PREFIX_PATH=/home/rae/testbot_ws/install/ign_ros2_control:${AMENT_PREFIX_PATH} CMAKE_PREFIX_PATH=/home/rae/testbot_ws/install/ign_ros2_control:/home/rae/testbot_ws/install/testbot:/home/rae/test_ws/install/test_robot_control:/home/rae/test_ws/install/test_robot_bringup:/opt/ros/humble LD_LIBRARY_PATH=/home/rae/testbot_ws/install/ign_ros2_control/lib:/opt/ros/humble/opt/rviz_ogre_vendor/lib:/opt/ros/humble/lib/x86_64-linux-gnu:/opt/ros/humble/lib:/usr/lib/x86_64-linux-gnu/gazebo-11/plugins /usr/bin/cmake --build /home/rae/testbot_ws/build/testbot -- -j8 -l8
[3.821s] DEBUG:colcon.colcon_core.event_handler.log_command:Invoking command in '/home/rae/testbot_ws/build/testbot': AMENT_PREFIX_PATH=/home/rae/testbot_ws/install/ign_ros2_control:${AMENT_PREFIX_PATH} CMAKE_PREFIX_PATH=/home/rae/testbot_ws/install/ign_ros2_control:/home/rae/testbot_ws/install/testbot:/home/rae/test_ws/install/test_robot_control:/home/rae/test_ws/install/test_robot_bringup:/opt/ros/humble LD_LIBRARY_PATH=/home/rae/testbot_ws/install/ign_ros2_control/lib:/opt/ros/humble/opt/rviz_ogre_vendor/lib:/opt/ros/humble/lib/x86_64-linux-gnu:/opt/ros/humble/lib:/usr/lib/x86_64-linux-gnu/gazebo-11/plugins /usr/bin/cmake --install /home/rae/testbot_ws/build/testbot
[3.836s] Level 1:colcon.colcon_core.environment:create_environment_scripts_only(testbot)
[3.836s] Level 1:colcon.colcon_core.environment:checking '/home/rae/testbot_ws/install/testbot' for CMake module files
[3.837s] DEBUG:colcon.colcon_core.event_handler.log_command:Invoked command in '/home/rae/testbot_ws/build/testbot' returned '0': AMENT_PREFIX_PATH=/home/rae/testbot_ws/install/ign_ros2_control:${AMENT_PREFIX_PATH} CMAKE_PREFIX_PATH=/home/rae/testbot_ws/install/ign_ros2_control:/home/rae/testbot_ws/install/testbot:/home/rae/test_ws/install/test_robot_control:/home/rae/test_ws/install/test_robot_bringup:/opt/ros/humble LD_LIBRARY_PATH=/home/rae/testbot_ws/install/ign_ros2_control/lib:/opt/ros/humble/opt/rviz_ogre_vendor/lib:/opt/ros/humble/lib/x86_64-linux-gnu:/opt/ros/humble/lib:/usr/lib/x86_64-linux-gnu/gazebo-11/plugins /usr/bin/cmake --install /home/rae/testbot_ws/build/testbot
[3.837s] Level 1:colcon.colcon_core.environment:checking '/home/rae/testbot_ws/install/testbot' for CMake config files
[3.837s] Level 1:colcon.colcon_core.shell:create_environment_hook('testbot', 'cmake_prefix_path')
[3.837s] INFO:colcon.colcon_core.shell:Creating environment hook '/home/rae/testbot_ws/install/testbot/share/testbot/hook/cmake_prefix_path.ps1'
[3.838s] INFO:colcon.colcon_core.shell:Creating environment descriptor '/home/rae/testbot_ws/install/testbot/share/testbot/hook/cmake_prefix_path.dsv'
[3.838s] INFO:colcon.colcon_core.shell:Creating environment hook '/home/rae/testbot_ws/install/testbot/share/testbot/hook/cmake_prefix_path.sh'
[3.838s] Level 1:colcon.colcon_core.environment:checking '/home/rae/testbot_ws/install/testbot/bin'
[3.838s] Level 1:colcon.colcon_core.environment:checking '/home/rae/testbot_ws/install/testbot/lib/pkgconfig/testbot.pc'
[3.838s] Level 1:colcon.colcon_core.environment:checking '/home/rae/testbot_ws/install/testbot/lib/python3.10/site-packages'
[3.838s] Level 1:colcon.colcon_core.environment:checking '/home/rae/testbot_ws/install/testbot/bin'
[3.839s] INFO:colcon.colcon_core.shell:Creating package script '/home/rae/testbot_ws/install/testbot/share/testbot/package.ps1'
[3.839s] INFO:colcon.colcon_core.shell:Creating package descriptor '/home/rae/testbot_ws/install/testbot/share/testbot/package.dsv'
[3.839s] INFO:colcon.colcon_core.shell:Creating package script '/home/rae/testbot_ws/install/testbot/share/testbot/package.sh'
[3.839s] INFO:colcon.colcon_core.shell:Creating package script '/home/rae/testbot_ws/install/testbot/share/testbot/package.bash'
[3.840s] INFO:colcon.colcon_core.shell:Creating package script '/home/rae/testbot_ws/install/testbot/share/testbot/package.zsh'
[3.840s] Level 1:colcon.colcon_core.environment:create_file_with_runtime_dependencies(/home/rae/testbot_ws/install/testbot/share/colcon-core/packages/testbot)
[3.855s] Level 1:colcon.colcon_core.environment:create_environment_scripts_only(testbot)
[3.856s] Level 1:colcon.colcon_core.environment:checking '/home/rae/testbot_ws/install/testbot' for CMake module files
[3.856s] Level 1:colcon.colcon_core.environment:checking '/home/rae/testbot_ws/install/testbot' for CMake config files
[3.857s] Level 1:colcon.colcon_core.shell:create_environment_hook('testbot', 'cmake_prefix_path')
[3.857s] INFO:colcon.colcon_core.shell:Creating environment hook '/home/rae/testbot_ws/install/testbot/share/testbot/hook/cmake_prefix_path.ps1'
[3.858s] INFO:colcon.colcon_core.shell:Creating environment descriptor '/home/rae/testbot_ws/install/testbot/share/testbot/hook/cmake_prefix_path.dsv'
[3.858s] INFO:colcon.colcon_core.shell:Creating environment hook '/home/rae/testbot_ws/install/testbot/share/testbot/hook/cmake_prefix_path.sh'
[3.858s] Level 1:colcon.colcon_core.environment:checking '/home/rae/testbot_ws/install/testbot/bin'
[3.858s] Level 1:colcon.colcon_core.environment:checking '/home/rae/testbot_ws/install/testbot/lib/pkgconfig/testbot.pc'
[3.859s] Level 1:colcon.colcon_core.environment:checking '/home/rae/testbot_ws/install/testbot/lib/python3.10/site-packages'
[3.859s] Level 1:colcon.colcon_core.environment:checking '/home/rae/testbot_ws/install/testbot/bin'
[3.859s] INFO:colcon.colcon_core.shell:Creating package script '/home/rae/testbot_ws/install/testbot/share/testbot/package.ps1'
[3.860s] INFO:colcon.colcon_core.shell:Creating package descriptor '/home/rae/testbot_ws/install/testbot/share/testbot/package.dsv'
[3.860s] INFO:colcon.colcon_core.shell:Creating package script '/home/rae/testbot_ws/install/testbot/share/testbot/package.sh'
[3.860s] INFO:colcon.colcon_core.shell:Creating package script '/home/rae/testbot_ws/install/testbot/share/testbot/package.bash'
[3.861s] INFO:colcon.colcon_core.shell:Creating package script '/home/rae/testbot_ws/install/testbot/share/testbot/package.zsh'
[3.861s] Level 1:colcon.colcon_core.environment:create_file_with_runtime_dependencies(/home/rae/testbot_ws/install/testbot/share/colcon-core/packages/testbot)
[4.175s] DEBUG:colcon.colcon_core.event_handler.log_command:Invoked command in '/home/rae/testbot_ws/build/gz_ros2_control_tests' returned '0': AMENT_PREFIX_PATH=/home/rae/testbot_ws/install/ign_ros2_control:${AMENT_PREFIX_PATH} CMAKE_PREFIX_PATH=/home/rae/testbot_ws/install/ign_ros2_control:/home/rae/testbot_ws/install/testbot:/home/rae/test_ws/install/test_robot_control:/home/rae/test_ws/install/test_robot_bringup:/opt/ros/humble LD_LIBRARY_PATH=/home/rae/testbot_ws/install/ign_ros2_control/lib:/opt/ros/humble/opt/rviz_ogre_vendor/lib:/opt/ros/humble/lib/x86_64-linux-gnu:/opt/ros/humble/lib:/usr/lib/x86_64-linux-gnu/gazebo-11/plugins /usr/bin/cmake /home/rae/testbot_ws/src/gz_ros2_control-humble/gz_ros2_control_tests -DAMENT_CMAKE_SYMLINK_INSTALL=1 -DCMAKE_INSTALL_PREFIX=/home/rae/testbot_ws/install/gz_ros2_control_tests
[4.175s] DEBUG:colcon.colcon_core.event_handler.log_command:Invoking command in '/home/rae/testbot_ws/build/gz_ros2_control_tests': AMENT_PREFIX_PATH=/home/rae/testbot_ws/install/ign_ros2_control:${AMENT_PREFIX_PATH} CMAKE_PREFIX_PATH=/home/rae/testbot_ws/install/ign_ros2_control:/home/rae/testbot_ws/install/testbot:/home/rae/test_ws/install/test_robot_control:/home/rae/test_ws/install/test_robot_bringup:/opt/ros/humble LD_LIBRARY_PATH=/home/rae/testbot_ws/install/ign_ros2_control/lib:/opt/ros/humble/opt/rviz_ogre_vendor/lib:/opt/ros/humble/lib/x86_64-linux-gnu:/opt/ros/humble/lib:/usr/lib/x86_64-linux-gnu/gazebo-11/plugins /usr/bin/cmake --build /home/rae/testbot_ws/build/gz_ros2_control_tests -- -j8 -l8
[4.176s] DEBUG:colcon.colcon_core.event_handler.log_command:Invoked command in '/home/rae/testbot_ws/build/ign_ros2_control_demos' returned '0': AMENT_PREFIX_PATH=/home/rae/testbot_ws/install/ign_ros2_control:${AMENT_PREFIX_PATH} CMAKE_PREFIX_PATH=/home/rae/testbot_ws/install/ign_ros2_control:/home/rae/testbot_ws/install/testbot:/home/rae/test_ws/install/test_robot_control:/home/rae/test_ws/install/test_robot_bringup:/opt/ros/humble LD_LIBRARY_PATH=/home/rae/testbot_ws/install/ign_ros2_control/lib:/opt/ros/humble/opt/rviz_ogre_vendor/lib:/opt/ros/humble/lib/x86_64-linux-gnu:/opt/ros/humble/lib:/usr/lib/x86_64-linux-gnu/gazebo-11/plugins /usr/bin/cmake /home/rae/testbot_ws/src/gz_ros2_control-humble/ign_ros2_control_demos -DAMENT_CMAKE_SYMLINK_INSTALL=1 -DCMAKE_INSTALL_PREFIX=/home/rae/testbot_ws/install/ign_ros2_control_demos
[4.177s] DEBUG:colcon.colcon_core.event_handler.log_command:Invoking command in '/home/rae/testbot_ws/build/ign_ros2_control_demos': AMENT_PREFIX_PATH=/home/rae/testbot_ws/install/ign_ros2_control:${AMENT_PREFIX_PATH} CMAKE_PREFIX_PATH=/home/rae/testbot_ws/install/ign_ros2_control:/home/rae/testbot_ws/install/testbot:/home/rae/test_ws/install/test_robot_control:/home/rae/test_ws/install/test_robot_bringup:/opt/ros/humble LD_LIBRARY_PATH=/home/rae/testbot_ws/install/ign_ros2_control/lib:/opt/ros/humble/opt/rviz_ogre_vendor/lib:/opt/ros/humble/lib/x86_64-linux-gnu:/opt/ros/humble/lib:/usr/lib/x86_64-linux-gnu/gazebo-11/plugins /usr/bin/cmake --build /home/rae/testbot_ws/build/ign_ros2_control_demos -- -j8 -l8
[4.601s] DEBUG:colcon.colcon_core.event_handler.log_command:Invoked command in '/home/rae/testbot_ws/build/gz_ros2_control_tests' returned '0': AMENT_PREFIX_PATH=/home/rae/testbot_ws/install/ign_ros2_control:${AMENT_PREFIX_PATH} CMAKE_PREFIX_PATH=/home/rae/testbot_ws/install/ign_ros2_control:/home/rae/testbot_ws/install/testbot:/home/rae/test_ws/install/test_robot_control:/home/rae/test_ws/install/test_robot_bringup:/opt/ros/humble LD_LIBRARY_PATH=/home/rae/testbot_ws/install/ign_ros2_control/lib:/opt/ros/humble/opt/rviz_ogre_vendor/lib:/opt/ros/humble/lib/x86_64-linux-gnu:/opt/ros/humble/lib:/usr/lib/x86_64-linux-gnu/gazebo-11/plugins /usr/bin/cmake --build /home/rae/testbot_ws/build/gz_ros2_control_tests -- -j8 -l8
[4.607s] DEBUG:colcon.colcon_core.event_handler.log_command:Invoked command in '/home/rae/testbot_ws/build/ign_ros2_control_demos' returned '0': AMENT_PREFIX_PATH=/home/rae/testbot_ws/install/ign_ros2_control:${AMENT_PREFIX_PATH} CMAKE_PREFIX_PATH=/home/rae/testbot_ws/install/ign_ros2_control:/home/rae/testbot_ws/install/testbot:/home/rae/test_ws/install/test_robot_control:/home/rae/test_ws/install/test_robot_bringup:/opt/ros/humble LD_LIBRARY_PATH=/home/rae/testbot_ws/install/ign_ros2_control/lib:/opt/ros/humble/opt/rviz_ogre_vendor/lib:/opt/ros/humble/lib/x86_64-linux-gnu:/opt/ros/humble/lib:/usr/lib/x86_64-linux-gnu/gazebo-11/plugins /usr/bin/cmake --build /home/rae/testbot_ws/build/ign_ros2_control_demos -- -j8 -l8
[4.619s] DEBUG:colcon.colcon_core.event_handler.log_command:Invoking command in '/home/rae/testbot_ws/build/gz_ros2_control_tests': AMENT_PREFIX_PATH=/home/rae/testbot_ws/install/ign_ros2_control:${AMENT_PREFIX_PATH} CMAKE_PREFIX_PATH=/home/rae/testbot_ws/install/ign_ros2_control:/home/rae/testbot_ws/install/testbot:/home/rae/test_ws/install/test_robot_control:/home/rae/test_ws/install/test_robot_bringup:/opt/ros/humble LD_LIBRARY_PATH=/home/rae/testbot_ws/install/ign_ros2_control/lib:/opt/ros/humble/opt/rviz_ogre_vendor/lib:/opt/ros/humble/lib/x86_64-linux-gnu:/opt/ros/humble/lib:/usr/lib/x86_64-linux-gnu/gazebo-11/plugins /usr/bin/cmake --install /home/rae/testbot_ws/build/gz_ros2_control_tests
[4.634s] DEBUG:colcon.colcon_core.event_handler.log_command:Invoking command in '/home/rae/testbot_ws/build/ign_ros2_control_demos': AMENT_PREFIX_PATH=/home/rae/testbot_ws/install/ign_ros2_control:${AMENT_PREFIX_PATH} CMAKE_PREFIX_PATH=/home/rae/testbot_ws/install/ign_ros2_control:/home/rae/testbot_ws/install/testbot:/home/rae/test_ws/install/test_robot_control:/home/rae/test_ws/install/test_robot_bringup:/opt/ros/humble LD_LIBRARY_PATH=/home/rae/testbot_ws/install/ign_ros2_control/lib:/opt/ros/humble/opt/rviz_ogre_vendor/lib:/opt/ros/humble/lib/x86_64-linux-gnu:/opt/ros/humble/lib:/usr/lib/x86_64-linux-gnu/gazebo-11/plugins /usr/bin/cmake --install /home/rae/testbot_ws/build/ign_ros2_control_demos
[4.745s] Level 1:colcon.colcon_core.environment:create_environment_scripts_only(gz_ros2_control_tests)
[4.745s] Level 1:colcon.colcon_core.environment:checking '/home/rae/testbot_ws/install/gz_ros2_control_tests' for CMake module files
[4.746s] DEBUG:colcon.colcon_core.event_handler.log_command:Invoked command in '/home/rae/testbot_ws/build/gz_ros2_control_tests' returned '0': AMENT_PREFIX_PATH=/home/rae/testbot_ws/install/ign_ros2_control:${AMENT_PREFIX_PATH} CMAKE_PREFIX_PATH=/home/rae/testbot_ws/install/ign_ros2_control:/home/rae/testbot_ws/install/testbot:/home/rae/test_ws/install/test_robot_control:/home/rae/test_ws/install/test_robot_bringup:/opt/ros/humble LD_LIBRARY_PATH=/home/rae/testbot_ws/install/ign_ros2_control/lib:/opt/ros/humble/opt/rviz_ogre_vendor/lib:/opt/ros/humble/lib/x86_64-linux-gnu:/opt/ros/humble/lib:/usr/lib/x86_64-linux-gnu/gazebo-11/plugins /usr/bin/cmake --install /home/rae/testbot_ws/build/gz_ros2_control_tests
[4.746s] Level 1:colcon.colcon_core.environment:checking '/home/rae/testbot_ws/install/gz_ros2_control_tests' for CMake config files
[4.746s] Level 1:colcon.colcon_core.shell:create_environment_hook('gz_ros2_control_tests', 'cmake_prefix_path')
[4.746s] INFO:colcon.colcon_core.shell:Creating environment hook '/home/rae/testbot_ws/install/gz_ros2_control_tests/share/gz_ros2_control_tests/hook/cmake_prefix_path.ps1'
[4.747s] INFO:colcon.colcon_core.shell:Creating environment descriptor '/home/rae/testbot_ws/install/gz_ros2_control_tests/share/gz_ros2_control_tests/hook/cmake_prefix_path.dsv'
[4.747s] INFO:colcon.colcon_core.shell:Creating environment hook '/home/rae/testbot_ws/install/gz_ros2_control_tests/share/gz_ros2_control_tests/hook/cmake_prefix_path.sh'
[4.747s] Level 1:colcon.colcon_core.environment:checking '/home/rae/testbot_ws/install/gz_ros2_control_tests/lib'
[4.747s] Level 1:colcon.colcon_core.environment:checking '/home/rae/testbot_ws/install/gz_ros2_control_tests/bin'
[4.747s] Level 1:colcon.colcon_core.environment:checking '/home/rae/testbot_ws/install/gz_ros2_control_tests/lib/pkgconfig/gz_ros2_control_tests.pc'
[4.747s] Level 1:colcon.colcon_core.environment:checking '/home/rae/testbot_ws/install/gz_ros2_control_tests/lib/python3.10/site-packages'
[4.748s] Level 1:colcon.colcon_core.environment:checking '/home/rae/testbot_ws/install/gz_ros2_control_tests/bin'
[4.748s] INFO:colcon.colcon_core.shell:Creating package script '/home/rae/testbot_ws/install/gz_ros2_control_tests/share/gz_ros2_control_tests/package.ps1'
[4.748s] INFO:colcon.colcon_core.shell:Creating package descriptor '/home/rae/testbot_ws/install/gz_ros2_control_tests/share/gz_ros2_control_tests/package.dsv'
[4.748s] INFO:colcon.colcon_core.shell:Creating package script '/home/rae/testbot_ws/install/gz_ros2_control_tests/share/gz_ros2_control_tests/package.sh'
[4.749s] INFO:colcon.colcon_core.shell:Creating package script '/home/rae/testbot_ws/install/gz_ros2_control_tests/share/gz_ros2_control_tests/package.bash'
[4.749s] INFO:colcon.colcon_core.shell:Creating package script '/home/rae/testbot_ws/install/gz_ros2_control_tests/share/gz_ros2_control_tests/package.zsh'
[4.749s] Level 1:colcon.colcon_core.environment:create_file_with_runtime_dependencies(/home/rae/testbot_ws/install/gz_ros2_control_tests/share/colcon-core/packages/gz_ros2_control_tests)
[4.767s] Level 1:colcon.colcon_core.environment:create_environment_scripts_only(gz_ros2_control_tests)
[4.767s] Level 1:colcon.colcon_core.environment:checking '/home/rae/testbot_ws/install/gz_ros2_control_tests' for CMake module files
[4.768s] Level 1:colcon.colcon_core.environment:checking '/home/rae/testbot_ws/install/gz_ros2_control_tests' for CMake config files
[4.768s] Level 1:colcon.colcon_core.shell:create_environment_hook('gz_ros2_control_tests', 'cmake_prefix_path')
[4.768s] INFO:colcon.colcon_core.shell:Creating environment hook '/home/rae/testbot_ws/install/gz_ros2_control_tests/share/gz_ros2_control_tests/hook/cmake_prefix_path.ps1'
[4.768s] INFO:colcon.colcon_core.shell:Creating environment descriptor '/home/rae/testbot_ws/install/gz_ros2_control_tests/share/gz_ros2_control_tests/hook/cmake_prefix_path.dsv'
[4.769s] INFO:colcon.colcon_core.shell:Creating environment hook '/home/rae/testbot_ws/install/gz_ros2_control_tests/share/gz_ros2_control_tests/hook/cmake_prefix_path.sh'
[4.769s] Level 1:colcon.colcon_core.environment:checking '/home/rae/testbot_ws/install/gz_ros2_control_tests/lib'
[4.769s] Level 1:colcon.colcon_core.environment:checking '/home/rae/testbot_ws/install/gz_ros2_control_tests/bin'
[4.769s] Level 1:colcon.colcon_core.environment:checking '/home/rae/testbot_ws/install/gz_ros2_control_tests/lib/pkgconfig/gz_ros2_control_tests.pc'
[4.770s] Level 1:colcon.colcon_core.environment:checking '/home/rae/testbot_ws/install/gz_ros2_control_tests/lib/python3.10/site-packages'
[4.770s] Level 1:colcon.colcon_core.environment:checking '/home/rae/testbot_ws/install/gz_ros2_control_tests/bin'
[4.770s] INFO:colcon.colcon_core.shell:Creating package script '/home/rae/testbot_ws/install/gz_ros2_control_tests/share/gz_ros2_control_tests/package.ps1'
[4.771s] INFO:colcon.colcon_core.shell:Creating package descriptor '/home/rae/testbot_ws/install/gz_ros2_control_tests/share/gz_ros2_control_tests/package.dsv'
[4.771s] INFO:colcon.colcon_core.shell:Creating package script '/home/rae/testbot_ws/install/gz_ros2_control_tests/share/gz_ros2_control_tests/package.sh'
[4.771s] INFO:colcon.colcon_core.shell:Creating package script '/home/rae/testbot_ws/install/gz_ros2_control_tests/share/gz_ros2_control_tests/package.bash'
[4.772s] INFO:colcon.colcon_core.shell:Creating package script '/home/rae/testbot_ws/install/gz_ros2_control_tests/share/gz_ros2_control_tests/package.zsh'
[4.772s] Level 1:colcon.colcon_core.environment:create_file_with_runtime_dependencies(/home/rae/testbot_ws/install/gz_ros2_control_tests/share/colcon-core/packages/gz_ros2_control_tests)
[4.942s] Level 1:colcon.colcon_core.environment:create_environment_scripts_only(ign_ros2_control_demos)
[4.942s] Level 1:colcon.colcon_core.environment:checking '/home/rae/testbot_ws/install/ign_ros2_control_demos' for CMake module files
[4.943s] DEBUG:colcon.colcon_core.event_handler.log_command:Invoked command in '/home/rae/testbot_ws/build/ign_ros2_control_demos' returned '0': AMENT_PREFIX_PATH=/home/rae/testbot_ws/install/ign_ros2_control:${AMENT_PREFIX_PATH} CMAKE_PREFIX_PATH=/home/rae/testbot_ws/install/ign_ros2_control:/home/rae/testbot_ws/install/testbot:/home/rae/test_ws/install/test_robot_control:/home/rae/test_ws/install/test_robot_bringup:/opt/ros/humble LD_LIBRARY_PATH=/home/rae/testbot_ws/install/ign_ros2_control/lib:/opt/ros/humble/opt/rviz_ogre_vendor/lib:/opt/ros/humble/lib/x86_64-linux-gnu:/opt/ros/humble/lib:/usr/lib/x86_64-linux-gnu/gazebo-11/plugins /usr/bin/cmake --install /home/rae/testbot_ws/build/ign_ros2_control_demos
[4.943s] Level 1:colcon.colcon_core.environment:checking '/home/rae/testbot_ws/install/ign_ros2_control_demos' for CMake config files
[4.943s] Level 1:colcon.colcon_core.shell:create_environment_hook('ign_ros2_control_demos', 'cmake_prefix_path')
[4.943s] INFO:colcon.colcon_core.shell:Creating environment hook '/home/rae/testbot_ws/install/ign_ros2_control_demos/share/ign_ros2_control_demos/hook/cmake_prefix_path.ps1'
[4.944s] INFO:colcon.colcon_core.shell:Creating environment descriptor '/home/rae/testbot_ws/install/ign_ros2_control_demos/share/ign_ros2_control_demos/hook/cmake_prefix_path.dsv'
[4.944s] INFO:colcon.colcon_core.shell:Creating environment hook '/home/rae/testbot_ws/install/ign_ros2_control_demos/share/ign_ros2_control_demos/hook/cmake_prefix_path.sh'
[4.944s] Level 1:colcon.colcon_core.environment:checking '/home/rae/testbot_ws/install/ign_ros2_control_demos/lib'
[4.944s] Level 1:colcon.colcon_core.environment:checking '/home/rae/testbot_ws/install/ign_ros2_control_demos/bin'
[4.944s] Level 1:colcon.colcon_core.environment:checking '/home/rae/testbot_ws/install/ign_ros2_control_demos/lib/pkgconfig/ign_ros2_control_demos.pc'
[4.944s] Level 1:colcon.colcon_core.environment:checking '/home/rae/testbot_ws/install/ign_ros2_control_demos/lib/python3.10/site-packages'
[4.945s] Level 1:colcon.colcon_core.environment:checking '/home/rae/testbot_ws/install/ign_ros2_control_demos/bin'
[4.945s] INFO:colcon.colcon_core.shell:Creating package script '/home/rae/testbot_ws/install/ign_ros2_control_demos/share/ign_ros2_control_demos/package.ps1'
[4.945s] INFO:colcon.colcon_core.shell:Creating package descriptor '/home/rae/testbot_ws/install/ign_ros2_control_demos/share/ign_ros2_control_demos/package.dsv'
[4.945s] INFO:colcon.colcon_core.shell:Creating package script '/home/rae/testbot_ws/install/ign_ros2_control_demos/share/ign_ros2_control_demos/package.sh'
[4.946s] INFO:colcon.colcon_core.shell:Creating package script '/home/rae/testbot_ws/install/ign_ros2_control_demos/share/ign_ros2_control_demos/package.bash'
[4.946s] INFO:colcon.colcon_core.shell:Creating package script '/home/rae/testbot_ws/install/ign_ros2_control_demos/share/ign_ros2_control_demos/package.zsh'
[4.946s] Level 1:colcon.colcon_core.environment:create_file_with_runtime_dependencies(/home/rae/testbot_ws/install/ign_ros2_control_demos/share/colcon-core/packages/ign_ros2_control_demos)
[4.974s] Level 1:colcon.colcon_core.environment:create_environment_scripts_only(ign_ros2_control_demos)
[4.974s] Level 1:colcon.colcon_core.environment:checking '/home/rae/testbot_ws/install/ign_ros2_control_demos' for CMake module files
[4.974s] Level 1:colcon.colcon_core.environment:checking '/home/rae/testbot_ws/install/ign_ros2_control_demos' for CMake config files
[4.974s] Level 1:colcon.colcon_core.shell:create_environment_hook('ign_ros2_control_demos', 'cmake_prefix_path')
[4.975s] INFO:colcon.colcon_core.shell:Creating environment hook '/home/rae/testbot_ws/install/ign_ros2_control_demos/share/ign_ros2_control_demos/hook/cmake_prefix_path.ps1'
[4.975s] INFO:colcon.colcon_core.shell:Creating environment descriptor '/home/rae/testbot_ws/install/ign_ros2_control_demos/share/ign_ros2_control_demos/hook/cmake_prefix_path.dsv'
[4.975s] INFO:colcon.colcon_core.shell:Creating environment hook '/home/rae/testbot_ws/install/ign_ros2_control_demos/share/ign_ros2_control_demos/hook/cmake_prefix_path.sh'
[4.975s] Level 1:colcon.colcon_core.environment:checking '/home/rae/testbot_ws/install/ign_ros2_control_demos/lib'
[4.975s] Level 1:colcon.colcon_core.environment:checking '/home/rae/testbot_ws/install/ign_ros2_control_demos/bin'
[4.976s] Level 1:colcon.colcon_core.environment:checking '/home/rae/testbot_ws/install/ign_ros2_control_demos/lib/pkgconfig/ign_ros2_control_demos.pc'
[4.976s] Level 1:colcon.colcon_core.environment:checking '/home/rae/testbot_ws/install/ign_ros2_control_demos/lib/python3.10/site-packages'
[4.976s] Level 1:colcon.colcon_core.environment:checking '/home/rae/testbot_ws/install/ign_ros2_control_demos/bin'
[4.976s] INFO:colcon.colcon_core.shell:Creating package script '/home/rae/testbot_ws/install/ign_ros2_control_demos/share/ign_ros2_control_demos/package.ps1'
[4.976s] INFO:colcon.colcon_core.shell:Creating package descriptor '/home/rae/testbot_ws/install/ign_ros2_control_demos/share/ign_ros2_control_demos/package.dsv'
[4.977s] INFO:colcon.colcon_core.shell:Creating package script '/home/rae/testbot_ws/install/ign_ros2_control_demos/share/ign_ros2_control_demos/package.sh'
[4.977s] INFO:colcon.colcon_core.shell:Creating package script '/home/rae/testbot_ws/install/ign_ros2_control_demos/share/ign_ros2_control_demos/package.bash'
[4.977s] INFO:colcon.colcon_core.shell:Creating package script '/home/rae/testbot_ws/install/ign_ros2_control_demos/share/ign_ros2_control_demos/package.zsh'
[4.977s] Level 1:colcon.colcon_core.environment:create_file_with_runtime_dependencies(/home/rae/testbot_ws/install/ign_ros2_control_demos/share/colcon-core/packages/ign_ros2_control_demos)
[4.977s] DEBUG:colcon.colcon_parallel_executor.executor.parallel:closing loop
[4.978s] DEBUG:colcon.colcon_parallel_executor.executor.parallel:loop closed
[4.978s] DEBUG:colcon.colcon_parallel_executor.executor.parallel:run_until_complete finished with '0'
[4.978s] DEBUG:colcon.colcon_core.event_reactor:joining thread
[4.982s] INFO:colcon.colcon_core.plugin_system:Skipping extension 'colcon_notification.desktop_notification.terminal_notifier': Not used on non-Darwin systems
[4.982s] INFO:colcon.colcon_core.plugin_system:Skipping extension 'colcon_notification.desktop_notification.win32': Not used on non-Windows systems
[4.982s] INFO:colcon.colcon_notification.desktop_notification:Sending desktop notification using 'notify2'
[4.991s] DEBUG:colcon.colcon_core.event_reactor:joined thread
[4.991s] INFO:colcon.colcon_core.shell:Creating prefix script '/home/rae/testbot_ws/install/local_setup.ps1'
[4.992s] INFO:colcon.colcon_core.shell:Creating prefix util module '/home/rae/testbot_ws/install/_local_setup_util_ps1.py'
[4.994s] INFO:colcon.colcon_core.shell:Creating prefix chain script '/home/rae/testbot_ws/install/setup.ps1'
[4.994s] INFO:colcon.colcon_core.shell:Creating prefix script '/home/rae/testbot_ws/install/local_setup.sh'
[4.995s] INFO:colcon.colcon_core.shell:Creating prefix util module '/home/rae/testbot_ws/install/_local_setup_util_sh.py'
[4.995s] INFO:colcon.colcon_core.shell:Creating prefix chain script '/home/rae/testbot_ws/install/setup.sh'
[4.996s] INFO:colcon.colcon_core.shell:Creating prefix script '/home/rae/testbot_ws/install/local_setup.bash'
[4.996s] INFO:colcon.colcon_core.shell:Creating prefix chain script '/home/rae/testbot_ws/install/setup.bash'
[4.997s] INFO:colcon.colcon_core.shell:Creating prefix script '/home/rae/testbot_ws/install/local_setup.zsh'
[4.997s] INFO:colcon.colcon_core.shell:Creating prefix chain script '/home/rae/testbot_ws/install/setup.zsh'
