[0.011s] Invoking command in '/home/rae/testbot_ws/build/ros_gz_sim': CMAKE_PREFIX_PATH=${CMAKE_PREFIX_PATH}:/opt/ros/humble /usr/bin/cmake /home/rae/testbot_ws/src/ros_ign/ros_gz_sim -DCMAKE_INSTALL_PREFIX=/home/rae/testbot_ws/install/ros_gz_sim
[0.099s] -- The C compiler identification is GNU 11.4.0
[0.181s] -- The CXX compiler identification is GNU 11.4.0
[0.191s] -- Detecting C compiler ABI info
[0.244s] -- Detecting C compiler ABI info - done
[0.253s] -- Check for working C compiler: /usr/bin/cc - skipped
[0.253s] -- Detecting C compile features
[0.254s] -- Detecting C compile features - done
[0.257s] -- Detecting CXX compiler ABI info
[0.316s] -- Detecting CXX compiler ABI info - done
[0.325s] -- Check for working CXX compiler: /usr/bin/c++ - skipped
[0.326s] -- Detecting CXX compile features
[0.326s] -- Detecting CXX compile features - done
[0.328s] -- Found ament_cmake: 1.3.9 (/opt/ros/humble/share/ament_cmake/cmake)
[0.450s] -- Found Python3: /usr/bin/python3 (found version "3.10.12") found components: Interpreter 
[0.541s] -- Found rclcpp: 16.0.9 (/opt/ros/humble/share/rclcpp/cmake)
[0.589s] -- Found rosidl_generator_c: 3.1.5 (/opt/ros/humble/share/rosidl_generator_c/cmake)
[0.593s] -- Found rosidl_adapter: 3.1.5 (/opt/ros/humble/share/rosidl_adapter/cmake)
[0.599s] -- Found rosidl_generator_cpp: 3.1.5 (/opt/ros/humble/share/rosidl_generator_cpp/cmake)
[0.609s] -- Using all available rosidl_typesupport_c: rosidl_typesupport_fastrtps_c;rosidl_typesupport_introspection_c
[0.626s] -- Using all available rosidl_typesupport_cpp: rosidl_typesupport_fastrtps_cpp;rosidl_typesupport_introspection_cpp
[0.684s] -- Found rmw_implementation_cmake: 6.1.2 (/opt/ros/humble/share/rmw_implementation_cmake/cmake)
[0.688s] -- Found rmw_cyclonedds_cpp: 1.3.4 (/opt/ros/humble/share/rmw_cyclonedds_cpp/cmake)
[0.739s] -- Using RMW implementation 'rmw_cyclonedds_cpp' as default
[0.751s] -- Looking for pthread.h
[0.807s] -- Looking for pthread.h - found
[0.807s] -- Performing Test CMAKE_HAVE_LIBC_PTHREAD
[0.860s] -- Performing Test CMAKE_HAVE_LIBC_PTHREAD - Success
[0.861s] -- Found Threads: TRUE  
[1.001s] -- Found rclcpp_components: 16.0.9 (/opt/ros/humble/share/rclcpp_components/cmake)
[1.065s] [31mCMake Error at CMakeLists.txt:18 (find_package):
[1.065s]   By not providing "Findgz_math_vendor.cmake" in CMAKE_MODULE_PATH this
[1.065s]   project has asked CMake to find a package configuration file provided by
[1.065s]   "gz_math_vendor", but CMake did not find one.
[1.065s] 
[1.065s]   Could not find a package configuration file provided by "gz_math_vendor"
[1.065s]   with any of the following names:
[1.065s] 
[1.065s]     gz_math_vendorConfig.cmake
[1.065s]     gz_math_vendor-config.cmake
[1.065s] 
[1.065s]   Add the installation prefix of "gz_math_vendor" to CMAKE_PREFIX_PATH or set
[1.065s]   "gz_math_vendor_DIR" to a directory containing one of the above files.  If
[1.065s]   "gz_math_vendor" provides a separate development package or SDK, be sure it
[1.066s]   has been installed.
[1.066s] 
[1.066s] [0m
[1.066s] -- Configuring incomplete, errors occurred!
[1.066s] See also "/home/rae/testbot_ws/build/ros_gz_sim/CMakeFiles/CMakeOutput.log".
[1.070s] Invoked command in '/home/rae/testbot_ws/build/ros_gz_sim' returned '1': CMAKE_PREFIX_PATH=${CMAKE_PREFIX_PATH}:/opt/ros/humble /usr/bin/cmake /home/rae/testbot_ws/src/ros_ign/ros_gz_sim -DCMAKE_INSTALL_PREFIX=/home/rae/testbot_ws/install/ros_gz_sim
