[0.008s] Invoking command in '/home/rae/testbot_ws/build/ign_ros2_control': CMAKE_PREFIX_PATH=${CMAKE_PREFIX_PATH}:/opt/ros/humble /usr/bin/cmake /home/rae/testbot_ws/src/ign_ros2_control -DAMENT_CMAKE_SYMLINK_INSTALL=1 -DCMAKE_INSTALL_PREFIX=/home/rae/testbot_ws/install/ign_ros2_control
[0.017s] -- Found ament_cmake: 1.3.9 (/opt/ros/humble/share/ament_cmake/cmake)
[0.098s] -- Override CMake install command with custom implementation using symlinks instead of copying resources
[0.103s] -- Found ament_index_cpp: 1.4.0 (/opt/ros/humble/share/ament_index_cpp/cmake)
[0.103s] -- Found controller_manager: 2.41.0 (/opt/ros/humble/share/controller_manager/cmake)
[0.123s] -- Found rosidl_generator_c: 3.1.5 (/opt/ros/humble/share/rosidl_generator_c/cmake)
[0.125s] -- Found rosidl_adapter: 3.1.5 (/opt/ros/humble/share/rosidl_adapter/cmake)
[0.129s] -- Found rosidl_generator_cpp: 3.1.5 (/opt/ros/humble/share/rosidl_generator_cpp/cmake)
[0.136s] -- Using all available rosidl_typesupport_c: rosidl_typesupport_fastrtps_c;rosidl_typesupport_introspection_c
[0.147s] -- Using all available rosidl_typesupport_cpp: rosidl_typesupport_fastrtps_cpp;rosidl_typesupport_introspection_cpp
[0.562s] -- Found rmw_implementation_cmake: 6.1.2 (/opt/ros/humble/share/rmw_implementation_cmake/cmake)
[0.563s] -- Found rmw_cyclonedds_cpp: 1.3.4 (/opt/ros/humble/share/rmw_cyclonedds_cpp/cmake)
[0.581s] -- Using RMW implementation 'rmw_cyclonedds_cpp' as default
[0.960s] -- Found yaml_cpp_vendor: 8.0.2 (/opt/ros/humble/share/yaml_cpp_vendor/cmake)
[0.961s] -- Looking for ignition-gazebo6 -- found version 6.16.0
[0.964s] -- Searching for dependencies of ignition-gazebo6
[0.964s] -- Looking for sdformat12 -- found version 12.8.0
[0.964s] -- Searching for dependencies of sdformat12
[0.968s] -- Looking for ignition-math6 -- found version 6.15.1
[0.969s] -- Searching for dependencies of ignition-math6
[0.969s] -- Looking for ignition-utils1 -- found version 1.5.1
[0.970s] -- Searching for dependencies of ignition-utils1
[0.971s] -- Looking for ignition-plugin1 -- found version 1.4.0
[0.971s] -- Searching for dependencies of ignition-plugin1
[0.971s] -- Searching for <ignition-plugin1> component [loader]
[0.971s] -- Looking for ignition-plugin1-loader -- found version 1.4.0
[0.971s] -- Searching for dependencies of ignition-plugin1-loader
[0.972s] -- Searching for <ignition-plugin1> component [register]
[0.972s] -- Looking for ignition-plugin1-register -- found version 1.4.0
[0.972s] -- Searching for dependencies of ignition-plugin1-register
[0.973s] -- Looking for ignition-transport11 -- found version 11.4.1
[0.973s] -- Searching for dependencies of ignition-transport11
[0.992s] -- Config-file not installed for ZeroMQ -- checking for pkg-config
[0.996s] -- Checking for module 'libzmq >= 4'
[1.005s] --   Found libzmq , version 4.3.4
[1.037s] -- Checking for module 'uuid'
[1.048s] --   Found uuid, version 2.37.2
[1.081s] -- Looking for ignition-utils1 -- found version 1.5.1
[1.081s] -- Searching for dependencies of ignition-utils1
[1.081s] -- Searching for <ignition-utils1> component [cli]
[1.082s] -- Looking for ignition-utils1-cli -- found version 1.5.1
[1.083s] -- Searching for dependencies of ignition-utils1-cli
[1.083s] -- Looking for ignition-msgs8 -- found version 8.7.0
[1.084s] -- Searching for dependencies of ignition-msgs8
[1.098s] -- Found Protobuf: /usr/lib/x86_64-linux-gnu/libprotobuf.so (found suitable version "3.12.4", minimum required is "3") 
[1.098s] -- Looking for ignition-math6 -- found version 6.15.1
[1.106s] -- Searching for <ignition-transport11> component [log]
[1.106s] -- Looking for ignition-transport11-log -- found version 11.4.1
[1.106s] -- Searching for dependencies of ignition-transport11-log
[1.107s] -- Searching for <ignition-transport11> component [parameters]
[1.107s] -- Looking for ignition-transport11-parameters -- found version 11.4.1
[1.107s] -- Searching for dependencies of ignition-transport11-parameters
[1.108s] -- Looking for ignition-msgs8 -- found version 8.7.0
[1.108s] -- Looking for ignition-common4 -- found version 4.7.0
[1.108s] -- Searching for dependencies of ignition-common4
[1.109s] -- Looking for dlfcn.h - found
[1.109s] -- Looking for libdl - found
[1.115s] -- Searching for <ignition-common4> component [profiler]
[1.115s] -- Looking for ignition-common4-profiler -- found version 4.7.0
[1.116s] -- Searching for dependencies of ignition-common4-profiler
[1.116s] -- Searching for <ignition-common4> component [events]
[1.116s] -- Looking for ignition-common4-events -- found version 4.7.0
[1.116s] -- Searching for dependencies of ignition-common4-events
[1.117s] -- Looking for ignition-math6 -- found version 6.15.1
[1.117s] -- Searching for <ignition-common4> component [av]
[1.117s] -- Looking for ignition-common4-av -- found version 4.7.0
[1.118s] -- Searching for dependencies of ignition-common4-av
[1.122s] -- Checking for module 'libswscale'
[1.131s] --   Found libswscale, version 5.9.100
[1.162s] -- Checking for module 'libavdevice >= 56.4.100'
[1.175s] --   Found libavdevice , version 58.13.100
[1.239s] -- Checking for module 'libavformat'
[1.259s] --   Found libavformat, version 58.76.100
[1.327s] -- Checking for module 'libavcodec'
[1.346s] --   Found libavcodec, version 58.134.100
[1.411s] -- Checking for module 'libavutil'
[1.427s] --   Found libavutil, version 56.70.100
[1.482s] -- Looking for ignition-fuel_tools7 -- found version 7.3.0
[1.483s] -- Searching for dependencies of ignition-fuel_tools7
[1.513s] -- Checking for module 'jsoncpp'
[1.522s] --   Found jsoncpp, version 1.9.5
[1.557s] -- Checking for module 'libzip'
[1.569s] --   Found libzip, version 1.7.3
[1.613s] -- Looking for ignition-common4 -- found version 4.7.0
[1.614s] -- Looking for ignition-math6 -- found version 6.15.1
[1.615s] -- Looking for ignition-msgs8 -- found version 8.7.0
[1.616s] -- Looking for ignition-gui6 -- found version 6.8.0
[1.617s] -- Searching for dependencies of ignition-gui6
[1.637s] -- Looking for ignition-math6 -- found version 6.15.1
[1.637s] -- Looking for ignition-common4 -- found version 4.7.0
[1.638s] -- Looking for ignition-plugin1 -- found version 1.4.0
[1.638s] -- Looking for ignition-transport11 -- found version 11.4.1
[1.638s] -- Looking for ignition-rendering6 -- found version 6.6.3
[1.638s] -- Searching for dependencies of ignition-rendering6
[1.639s] -- Looking for ignition-math6 -- found version 6.15.1
[1.639s] -- Searching for dependencies of ignition-math6
[1.639s] -- Searching for <ignition-math6> component [eigen3]
[1.639s] -- Looking for ignition-math6-eigen3 -- found version 6.15.1
[1.640s] -- Searching for dependencies of ignition-math6-eigen3
[1.641s] -- Looking for ignition-common4 -- found version 4.7.0
[1.641s] -- Searching for dependencies of ignition-common4
[1.641s] -- Looking for dlfcn.h - found
[1.641s] -- Looking for libdl - found
[1.648s] -- Searching for <ignition-common4> component [graphics]
[1.648s] -- Looking for ignition-common4-graphics -- found version 4.7.0
[1.649s] -- Searching for dependencies of ignition-common4-graphics
[1.649s] -- Looking for ignition-math6 -- found version 6.15.1
[1.649s] -- Looking for ignition-utils1 -- found version 1.5.1
[1.650s] -- Searching for <ignition-common4> component [events]
[1.650s] -- Looking for ignition-plugin1 -- found version 1.4.0
[1.651s] -- Searching for dependencies of ignition-plugin1
[1.651s] -- Searching for <ignition-plugin1> component [all]
[1.651s] -- Looking for all libraries of ignition-plugin1 -- found version 1.4.0
[1.651s] -- Looking for ignition-plugin1 -- found version 1.4.0
[1.653s] -- Looking for ignition-msgs8 -- found version 8.7.0
[1.663s] -- Looking for ignition-physics5 -- found version 5.3.2
[1.663s] -- Searching for dependencies of ignition-physics5
[1.663s] -- Looking for ignition-math6 -- found version 6.15.1
[1.663s] -- Looking for ignition-plugin1 -- found version 1.4.0
[1.663s] -- Looking for ignition-utils1 -- found version 1.5.1
[1.664s] -- Searching for <ignition-physics5> component [heightmap]
[1.664s] -- Looking for ignition-physics5-heightmap -- found version 5.3.2
[1.665s] -- Searching for dependencies of ignition-physics5-heightmap
[1.665s] -- Looking for ignition-common4 -- found version 4.7.0
[1.665s] -- Searching for <ignition-physics5> component [mesh]
[1.666s] -- Looking for ignition-physics5-mesh -- found version 5.3.2
[1.666s] -- Searching for dependencies of ignition-physics5-mesh
[1.666s] -- Looking for ignition-common4 -- found version 4.7.0
[1.666s] -- Searching for <ignition-physics5> component [sdf]
[1.667s] -- Looking for ignition-physics5-sdf -- found version 5.3.2
[1.667s] -- Searching for dependencies of ignition-physics5-sdf
[1.667s] -- Looking for sdformat12 -- found version 12.8.0
[1.668s] -- Looking for ignition-sensors6 -- found version 6.8.0
[1.668s] -- Searching for dependencies of ignition-sensors6
[1.681s] -- Found Protobuf: /usr/lib/x86_64-linux-gnu/libprotobuf.so (found version "3.12.4") 
[1.682s] -- Looking for ignition-math6 -- found version 6.15.1
[1.682s] -- Looking for ignition-common4 -- found version 4.7.0
[1.682s] -- Looking for ignition-transport11 -- found version 11.4.1
[1.683s] -- Looking for ignition-rendering6 -- found version 6.6.3
[1.683s] -- Looking for ignition-msgs8 -- found version 8.7.0
[1.683s] -- Looking for sdformat12 -- found version 12.8.0
[1.684s] -- Searching for <ignition-sensors6> component [air_pressure]
[1.684s] -- Looking for ignition-sensors6-air_pressure -- found version 6.8.0
[1.684s] -- Searching for dependencies of ignition-sensors6-air_pressure
[1.685s] -- Searching for <ignition-sensors6> component [altimeter]
[1.685s] -- Looking for ignition-sensors6-altimeter -- found version 6.8.0
[1.685s] -- Searching for dependencies of ignition-sensors6-altimeter
[1.686s] -- Searching for <ignition-sensors6> component [imu]
[1.686s] -- Looking for ignition-sensors6-imu -- found version 6.8.0
[1.686s] -- Searching for dependencies of ignition-sensors6-imu
[1.686s] -- Searching for <ignition-sensors6> component [force_torque]
[1.687s] -- Looking for ignition-sensors6-force_torque -- found version 6.8.0
[1.687s] -- Searching for dependencies of ignition-sensors6-force_torque
[1.687s] -- Searching for <ignition-sensors6> component [logical_camera]
[1.687s] -- Looking for ignition-sensors6-logical_camera -- found version 6.8.0
[1.688s] -- Searching for dependencies of ignition-sensors6-logical_camera
[1.688s] -- Searching for <ignition-sensors6> component [magnetometer]
[1.688s] -- Looking for ignition-sensors6-magnetometer -- found version 6.8.0
[1.689s] -- Searching for dependencies of ignition-sensors6-magnetometer
[1.689s] -- Searching for <ignition-sensors6> component [navsat]
[1.689s] -- Looking for ignition-sensors6-navsat -- found version 6.8.0
[1.689s] -- Searching for dependencies of ignition-sensors6-navsat
[1.690s] -- Searching for <ignition-sensors6> component [rendering]
[1.690s] -- Looking for ignition-sensors6-rendering -- found version 6.8.0
[1.690s] -- Searching for dependencies of ignition-sensors6-rendering
[1.691s] -- Searching for <ignition-sensors6> component [lidar]
[1.691s] -- Looking for ignition-sensors6-lidar -- found version 6.8.0
[1.691s] -- Searching for dependencies of ignition-sensors6-lidar
[1.691s] -- Looking for ignition-sensors6 -- found version 6.8.0
[1.692s] -- Searching for <ignition-sensors6> component [gpu_lidar]
[1.692s] -- Looking for ignition-sensors6-gpu_lidar -- found version 6.8.0
[1.692s] -- Searching for dependencies of ignition-sensors6-gpu_lidar
[1.692s] -- Looking for ignition-sensors6 -- found version 6.8.0
[1.693s] -- Searching for <ignition-sensors6> component [camera]
[1.693s] -- Looking for ignition-sensors6-camera -- found version 6.8.0
[1.693s] -- Searching for dependencies of ignition-sensors6-camera
[1.694s] -- Looking for ignition-sensors6 -- found version 6.8.0
[1.694s] -- Searching for <ignition-sensors6> component [boundingbox_camera]
[1.694s] -- Looking for ignition-sensors6-boundingbox_camera -- found version 6.8.0
[1.695s] -- Searching for dependencies of ignition-sensors6-boundingbox_camera
[1.695s] -- Searching for <ignition-sensors6> component [segmentation_camera]
[1.695s] -- Looking for ignition-sensors6-segmentation_camera -- found version 6.8.0
[1.695s] -- Searching for dependencies of ignition-sensors6-segmentation_camera
[1.696s] -- Searching for <ignition-sensors6> component [depth_camera]
[1.696s] -- Looking for ignition-sensors6-depth_camera -- found version 6.8.0
[1.696s] -- Searching for dependencies of ignition-sensors6-depth_camera
[1.697s] -- Looking for ignition-sensors6 -- found version 6.8.0
[1.697s] -- Searching for <ignition-sensors6> component [rgbd_camera]
[1.697s] -- Looking for ignition-sensors6-rgbd_camera -- found version 6.8.0
[1.697s] -- Searching for dependencies of ignition-sensors6-rgbd_camera
[1.698s] -- Looking for ignition-sensors6 -- found version 6.8.0
[1.698s] -- Searching for <ignition-sensors6> component [thermal_camera]
[1.698s] -- Looking for ignition-sensors6-thermal_camera -- found version 6.8.0
[1.699s] -- Searching for dependencies of ignition-sensors6-thermal_camera
[1.699s] -- Looking for ignition-sensors6 -- found version 6.8.0
[1.700s] -- Looking for ignition-rendering6 -- found version 6.6.3
[1.700s] -- Looking for ignition-math6 -- found version 6.15.1
[1.700s] -- Looking for ignition-utils1 -- found version 1.5.1
[1.714s] -- Compiling against Ignition Fortress
[1.715s] -- Looking for ignition-plugin1 -- found version 1.4.0
[2.044s] -- Found ament_lint_auto: 0.12.11 (/opt/ros/humble/share/ament_lint_auto/cmake)
[2.096s] -- Added test 'copyright' to check source files copyright and LICENSE
[2.097s] -- Added test 'cppcheck' to perform static code analysis on C / C++ code
[2.097s] -- Configured cppcheck include dirs: /home/rae/testbot_ws/src/ign_ros2_control/include
[2.097s] -- Configured cppcheck exclude dirs and/or files: 
[2.098s] -- Added test 'cpplint' to check C / C++ code against the Google style
[2.098s] -- Configured cpplint exclude dirs and/or files: 
[2.098s] -- Added test 'lint_cmake' to check CMake code style
[2.099s] -- Added test 'uncrustify' to check C / C++ code style
[2.099s] -- Configured uncrustify additional arguments: 
[2.099s] -- Added test 'xmllint' to check XML markup files
[2.100s] -- Configuring done
[2.129s] -- Generating done
[2.131s] -- Build files have been written to: /home/rae/testbot_ws/build/ign_ros2_control
[2.143s] Invoked command in '/home/rae/testbot_ws/build/ign_ros2_control' returned '0': CMAKE_PREFIX_PATH=${CMAKE_PREFIX_PATH}:/opt/ros/humble /usr/bin/cmake /home/rae/testbot_ws/src/ign_ros2_control -DAMENT_CMAKE_SYMLINK_INSTALL=1 -DCMAKE_INSTALL_PREFIX=/home/rae/testbot_ws/install/ign_ros2_control
[2.143s] Invoking command in '/home/rae/testbot_ws/build/ign_ros2_control': CMAKE_PREFIX_PATH=${CMAKE_PREFIX_PATH}:/opt/ros/humble /usr/bin/cmake --build /home/rae/testbot_ws/build/ign_ros2_control -- -j8 -l8
[2.176s] [35m[1mConsolidate compiler generated dependencies of target ign_hardware_plugins[0m
[2.176s] [35m[1mConsolidate compiler generated dependencies of target ign_ros2_control-system[0m
[2.194s] [100%] Built target ign_ros2_control-system
[2.194s] [100%] Built target ign_hardware_plugins
[2.202s] Invoked command in '/home/rae/testbot_ws/build/ign_ros2_control' returned '0': CMAKE_PREFIX_PATH=${CMAKE_PREFIX_PATH}:/opt/ros/humble /usr/bin/cmake --build /home/rae/testbot_ws/build/ign_ros2_control -- -j8 -l8
[2.230s] Invoking command in '/home/rae/testbot_ws/build/ign_ros2_control': CMAKE_PREFIX_PATH=${CMAKE_PREFIX_PATH}:/opt/ros/humble /usr/bin/cmake --install /home/rae/testbot_ws/build/ign_ros2_control
[2.236s] -- Install configuration: ""
[2.236s] -- Execute custom install script
[2.236s] -- Up-to-date symlink: /home/rae/testbot_ws/install/ign_ros2_control/lib/libign_hardware_plugins.so
[2.237s] -- Up-to-date symlink: /home/rae/testbot_ws/install/ign_ros2_control/include/ign_ros2_control/ign_ros2_control_plugin.hpp
[2.237s] -- Up-to-date symlink: /home/rae/testbot_ws/install/ign_ros2_control/include/ign_ros2_control/ign_system.hpp
[2.237s] -- Up-to-date symlink: /home/rae/testbot_ws/install/ign_ros2_control/include/ign_ros2_control/ign_system_interface.hpp
[2.237s] -- Up-to-date symlink: /home/rae/testbot_ws/install/ign_ros2_control/share/ign_ros2_control/environment/library_path.sh
[2.237s] -- Up-to-date symlink: /home/rae/testbot_ws/install/ign_ros2_control/share/ign_ros2_control/environment/library_path.dsv
[2.237s] -- Up-to-date symlink: /home/rae/testbot_ws/install/ign_ros2_control/lib/libign_ros2_control-system.so
[2.238s] -- Up-to-date symlink: /home/rae/testbot_ws/install/ign_ros2_control/share/ign_ros2_control//ign_hardware_plugins.xml
[2.238s] -- Up-to-date symlink: /home/rae/testbot_ws/install/ign_ros2_control/share/ament_index/resource_index/package_run_dependencies/ign_ros2_control
[2.238s] -- Up-to-date symlink: /home/rae/testbot_ws/install/ign_ros2_control/share/ament_index/resource_index/parent_prefix_path/ign_ros2_control
[2.238s] -- Up-to-date symlink: /home/rae/testbot_ws/install/ign_ros2_control/share/ign_ros2_control/environment/ament_prefix_path.sh
[2.238s] -- Up-to-date symlink: /home/rae/testbot_ws/install/ign_ros2_control/share/ign_ros2_control/environment/ament_prefix_path.dsv
[2.238s] -- Up-to-date symlink: /home/rae/testbot_ws/install/ign_ros2_control/share/ign_ros2_control/environment/path.sh
[2.238s] -- Up-to-date symlink: /home/rae/testbot_ws/install/ign_ros2_control/share/ign_ros2_control/environment/path.dsv
[2.238s] -- Up-to-date symlink: /home/rae/testbot_ws/install/ign_ros2_control/share/ign_ros2_control/local_setup.bash
[2.239s] -- Up-to-date symlink: /home/rae/testbot_ws/install/ign_ros2_control/share/ign_ros2_control/local_setup.sh
[2.239s] -- Up-to-date symlink: /home/rae/testbot_ws/install/ign_ros2_control/share/ign_ros2_control/local_setup.zsh
[2.239s] -- Up-to-date symlink: /home/rae/testbot_ws/install/ign_ros2_control/share/ign_ros2_control/local_setup.dsv
[2.239s] -- Symlinking: /home/rae/testbot_ws/install/ign_ros2_control/share/ign_ros2_control/package.dsv
[2.247s] -- Up-to-date symlink: /home/rae/testbot_ws/install/ign_ros2_control/share/ament_index/resource_index/packages/ign_ros2_control
[2.247s] -- Up-to-date symlink: /home/rae/testbot_ws/install/ign_ros2_control/share/ament_index/resource_index/ign_ros2_control__pluginlib__plugin/ign_ros2_control
[2.247s] -- Up-to-date symlink: /home/rae/testbot_ws/install/ign_ros2_control/share/ign_ros2_control/cmake/ament_cmake_export_include_directories-extras.cmake
[2.247s] -- Up-to-date symlink: /home/rae/testbot_ws/install/ign_ros2_control/share/ign_ros2_control/cmake/ament_cmake_export_libraries-extras.cmake
[2.247s] -- Up-to-date symlink: /home/rae/testbot_ws/install/ign_ros2_control/share/ign_ros2_control/cmake/ign_ros2_controlConfig.cmake
[2.247s] -- Up-to-date symlink: /home/rae/testbot_ws/install/ign_ros2_control/share/ign_ros2_control/cmake/ign_ros2_controlConfig-version.cmake
[2.247s] -- Up-to-date symlink: /home/rae/testbot_ws/install/ign_ros2_control/share/ign_ros2_control/package.xml
[2.248s] Invoked command in '/home/rae/testbot_ws/build/ign_ros2_control' returned '0': CMAKE_PREFIX_PATH=${CMAKE_PREFIX_PATH}:/opt/ros/humble /usr/bin/cmake --install /home/rae/testbot_ws/build/ign_ros2_control
