[0.010s] Invoking command in '/home/rae/testbot_ws/build/ign_ros2_control_demos': AMENT_PREFIX_PATH=/home/rae/testbot_ws/install/ign_ros2_control:${AMENT_PREFIX_PATH} CMAKE_PREFIX_PATH=/home/rae/testbot_ws/install/ign_ros2_control:/home/rae/testbot_ws/install/testbot:/home/rae/test_ws/install/test_robot_control:/home/rae/test_ws/install/test_robot_bringup:/opt/ros/humble LD_LIBRARY_PATH=/home/rae/testbot_ws/install/ign_ros2_control/lib:/opt/ros/humble/opt/rviz_ogre_vendor/lib:/opt/ros/humble/lib/x86_64-linux-gnu:/opt/ros/humble/lib:/usr/lib/x86_64-linux-gnu/gazebo-11/plugins /usr/bin/cmake --build /home/rae/testbot_ws/build/ign_ros2_control_demos -- -j8 -l8
[0.060s] [ 16%] Built target example_velocity
[0.060s] [ 41%] Built target example_position
[0.060s] [ 50%] Built target example_gripper
[0.060s] [ 66%] Built target example_effort
[0.060s] [ 91%] Built target example_tricycle_drive
[0.060s] [100%] Built target example_diff_drive
[0.070s] Invoked command in '/home/rae/testbot_ws/build/ign_ros2_control_demos' returned '0': AMENT_PREFIX_PATH=/home/rae/testbot_ws/install/ign_ros2_control:${AMENT_PREFIX_PATH} CMAKE_PREFIX_PATH=/home/rae/testbot_ws/install/ign_ros2_control:/home/rae/testbot_ws/install/testbot:/home/rae/test_ws/install/test_robot_control:/home/rae/test_ws/install/test_robot_bringup:/opt/ros/humble LD_LIBRARY_PATH=/home/rae/testbot_ws/install/ign_ros2_control/lib:/opt/ros/humble/opt/rviz_ogre_vendor/lib:/opt/ros/humble/lib/x86_64-linux-gnu:/opt/ros/humble/lib:/usr/lib/x86_64-linux-gnu/gazebo-11/plugins /usr/bin/cmake --build /home/rae/testbot_ws/build/ign_ros2_control_demos -- -j8 -l8
[0.098s] Invoking command in '/home/rae/testbot_ws/build/ign_ros2_control_demos': AMENT_PREFIX_PATH=/home/rae/testbot_ws/install/ign_ros2_control:${AMENT_PREFIX_PATH} CMAKE_PREFIX_PATH=/home/rae/testbot_ws/install/ign_ros2_control:/home/rae/testbot_ws/install/testbot:/home/rae/test_ws/install/test_robot_control:/home/rae/test_ws/install/test_robot_bringup:/opt/ros/humble LD_LIBRARY_PATH=/home/rae/testbot_ws/install/ign_ros2_control/lib:/opt/ros/humble/opt/rviz_ogre_vendor/lib:/opt/ros/humble/lib/x86_64-linux-gnu:/opt/ros/humble/lib:/usr/lib/x86_64-linux-gnu/gazebo-11/plugins /usr/bin/cmake --install /home/rae/testbot_ws/build/ign_ros2_control_demos
[0.103s] -- Install configuration: ""
[0.104s] -- Execute custom install script
[0.104s] -- Up-to-date symlink: /home/rae/testbot_ws/install/ign_ros2_control_demos/share/ign_ros2_control_demos//launch/cart_example_effort.launch.py
[0.104s] -- Up-to-date symlink: /home/rae/testbot_ws/install/ign_ros2_control_demos/share/ign_ros2_control_demos//launch/cart_example_position.launch.py
[0.104s] -- Up-to-date symlink: /home/rae/testbot_ws/install/ign_ros2_control_demos/share/ign_ros2_control_demos//launch/cart_example_velocity.launch.py
[0.105s] -- Up-to-date symlink: /home/rae/testbot_ws/install/ign_ros2_control_demos/share/ign_ros2_control_demos//launch/diff_drive_example.launch.py
[0.105s] -- Up-to-date symlink: /home/rae/testbot_ws/install/ign_ros2_control_demos/share/ign_ros2_control_demos//launch/gripper_mimic_joint_example.launch.py
[0.105s] -- Up-to-date symlink: /home/rae/testbot_ws/install/ign_ros2_control_demos/share/ign_ros2_control_demos//launch/pendulum_example_effort.launch.py
[0.105s] -- Up-to-date symlink: /home/rae/testbot_ws/install/ign_ros2_control_demos/share/ign_ros2_control_demos//launch/pendulum_example_position.launch.py
[0.106s] -- Up-to-date symlink: /home/rae/testbot_ws/install/ign_ros2_control_demos/share/ign_ros2_control_demos//launch/tricycle_drive_example.launch.py
[0.106s] -- Up-to-date symlink: /home/rae/testbot_ws/install/ign_ros2_control_demos/share/ign_ros2_control_demos//config/cart_controller_effort.yaml
[0.106s] -- Up-to-date symlink: /home/rae/testbot_ws/install/ign_ros2_control_demos/share/ign_ros2_control_demos//config/cart_controller_position.yaml
[0.106s] -- Up-to-date symlink: /home/rae/testbot_ws/install/ign_ros2_control_demos/share/ign_ros2_control_demos//config/cart_controller_velocity.yaml
[0.106s] -- Up-to-date symlink: /home/rae/testbot_ws/install/ign_ros2_control_demos/share/ign_ros2_control_demos//config/diff_drive_controller_velocity.yaml
[0.106s] -- Up-to-date symlink: /home/rae/testbot_ws/install/ign_ros2_control_demos/share/ign_ros2_control_demos//config/gripper_controller.yaml
[0.106s] -- Up-to-date symlink: /home/rae/testbot_ws/install/ign_ros2_control_demos/share/ign_ros2_control_demos//config/tricycle_drive_controller.yaml
[0.106s] -- Up-to-date symlink: /home/rae/testbot_ws/install/ign_ros2_control_demos/share/ign_ros2_control_demos//urdf/test_cart_effort.xacro.urdf
[0.106s] -- Up-to-date symlink: /home/rae/testbot_ws/install/ign_ros2_control_demos/share/ign_ros2_control_demos//urdf/test_cart_position.xacro.urdf
[0.106s] -- Up-to-date symlink: /home/rae/testbot_ws/install/ign_ros2_control_demos/share/ign_ros2_control_demos//urdf/test_cart_velocity.xacro.urdf
[0.106s] -- Up-to-date symlink: /home/rae/testbot_ws/install/ign_ros2_control_demos/share/ign_ros2_control_demos//urdf/test_diff_drive.xacro.urdf
[0.106s] -- Up-to-date symlink: /home/rae/testbot_ws/install/ign_ros2_control_demos/share/ign_ros2_control_demos//urdf/test_gripper_mimic_joint.xacro.urdf
[0.106s] -- Up-to-date symlink: /home/rae/testbot_ws/install/ign_ros2_control_demos/share/ign_ros2_control_demos//urdf/test_pendulum_effort.xacro.urdf
[0.106s] -- Up-to-date symlink: /home/rae/testbot_ws/install/ign_ros2_control_demos/share/ign_ros2_control_demos//urdf/test_pendulum_position.xacro.urdf
[0.106s] -- Up-to-date symlink: /home/rae/testbot_ws/install/ign_ros2_control_demos/share/ign_ros2_control_demos//urdf/test_tricycle_drive.xacro.urdf
[0.107s] -- Up-to-date symlink: /home/rae/testbot_ws/install/ign_ros2_control_demos/lib/ign_ros2_control_demos/example_position
[0.107s] -- Up-to-date symlink: /home/rae/testbot_ws/install/ign_ros2_control_demos/lib/ign_ros2_control_demos/example_velocity
[0.107s] -- Up-to-date symlink: /home/rae/testbot_ws/install/ign_ros2_control_demos/lib/ign_ros2_control_demos/example_effort
[0.107s] -- Up-to-date symlink: /home/rae/testbot_ws/install/ign_ros2_control_demos/lib/ign_ros2_control_demos/example_diff_drive
[0.107s] -- Up-to-date symlink: /home/rae/testbot_ws/install/ign_ros2_control_demos/lib/ign_ros2_control_demos/example_tricycle_drive
[0.107s] -- Up-to-date symlink: /home/rae/testbot_ws/install/ign_ros2_control_demos/lib/ign_ros2_control_demos/example_gripper
[0.107s] -- Up-to-date symlink: /home/rae/testbot_ws/install/ign_ros2_control_demos/share/ament_index/resource_index/package_run_dependencies/ign_ros2_control_demos
[0.107s] -- Up-to-date symlink: /home/rae/testbot_ws/install/ign_ros2_control_demos/share/ament_index/resource_index/parent_prefix_path/ign_ros2_control_demos
[0.107s] -- Up-to-date symlink: /home/rae/testbot_ws/install/ign_ros2_control_demos/share/ign_ros2_control_demos/environment/ament_prefix_path.sh
[0.107s] -- Up-to-date symlink: /home/rae/testbot_ws/install/ign_ros2_control_demos/share/ign_ros2_control_demos/environment/ament_prefix_path.dsv
[0.107s] -- Up-to-date symlink: /home/rae/testbot_ws/install/ign_ros2_control_demos/share/ign_ros2_control_demos/environment/path.sh
[0.107s] -- Up-to-date symlink: /home/rae/testbot_ws/install/ign_ros2_control_demos/share/ign_ros2_control_demos/environment/path.dsv
[0.107s] -- Up-to-date symlink: /home/rae/testbot_ws/install/ign_ros2_control_demos/share/ign_ros2_control_demos/local_setup.bash
[0.107s] -- Up-to-date symlink: /home/rae/testbot_ws/install/ign_ros2_control_demos/share/ign_ros2_control_demos/local_setup.sh
[0.107s] -- Up-to-date symlink: /home/rae/testbot_ws/install/ign_ros2_control_demos/share/ign_ros2_control_demos/local_setup.zsh
[0.107s] -- Up-to-date symlink: /home/rae/testbot_ws/install/ign_ros2_control_demos/share/ign_ros2_control_demos/local_setup.dsv
[0.107s] -- Symlinking: /home/rae/testbot_ws/install/ign_ros2_control_demos/share/ign_ros2_control_demos/package.dsv
[0.114s] -- Up-to-date symlink: /home/rae/testbot_ws/install/ign_ros2_control_demos/share/ament_index/resource_index/packages/ign_ros2_control_demos
[0.114s] -- Up-to-date symlink: /home/rae/testbot_ws/install/ign_ros2_control_demos/share/ign_ros2_control_demos/cmake/ign_ros2_control_demosConfig.cmake
[0.114s] -- Up-to-date symlink: /home/rae/testbot_ws/install/ign_ros2_control_demos/share/ign_ros2_control_demos/cmake/ign_ros2_control_demosConfig-version.cmake
[0.114s] -- Up-to-date symlink: /home/rae/testbot_ws/install/ign_ros2_control_demos/share/ign_ros2_control_demos/package.xml
[0.116s] Invoked command in '/home/rae/testbot_ws/build/ign_ros2_control_demos' returned '0': AMENT_PREFIX_PATH=/home/rae/testbot_ws/install/ign_ros2_control:${AMENT_PREFIX_PATH} CMAKE_PREFIX_PATH=/home/rae/testbot_ws/install/ign_ros2_control:/home/rae/testbot_ws/install/testbot:/home/rae/test_ws/install/test_robot_control:/home/rae/test_ws/install/test_robot_bringup:/opt/ros/humble LD_LIBRARY_PATH=/home/rae/testbot_ws/install/ign_ros2_control/lib:/opt/ros/humble/opt/rviz_ogre_vendor/lib:/opt/ros/humble/lib/x86_64-linux-gnu:/opt/ros/humble/lib:/usr/lib/x86_64-linux-gnu/gazebo-11/plugins /usr/bin/cmake --install /home/rae/testbot_ws/build/ign_ros2_control_demos
