[0.066s] DEBUG:colcon:Command line arguments: ['/usr/bin/colcon', 'build', '--symlink-install']
[0.066s] DEBUG:colcon:Parsed command line arguments: Namespace(log_base=None, log_level=None, verb_name='build', build_base='build', install_base='install', merge_install=False, symlink_install=True, test_result_base=None, continue_on_error=False, executor='parallel', parallel_workers=8, event_handlers=None, ignore_user_meta=False, metas=['./colcon.meta'], base_paths=['.'], packages_ignore=None, packages_ignore_regex=None, paths=None, packages_up_to=None, packages_up_to_regex=None, packages_above=None, packages_above_and_dependencies=None, packages_above_depth=None, packages_select_by_dep=None, packages_skip_by_dep=None, packages_skip_up_to=None, packages_select_build_failed=False, packages_skip_build_finished=False, packages_select_test_failures=False, packages_skip_test_passed=False, packages_select=None, packages_skip=None, packages_select_regex=None, packages_skip_regex=None, packages_start=None, packages_end=None, allow_overriding=[], cmake_args=None, cmake_target=None, cmake_target_skip_unavailable=False, cmake_clean_cache=False, cmake_clean_first=False, cmake_force_configure=False, ament_cmake_args=None, catkin_cmake_args=None, catkin_skip_building_tests=False, verb_parser=<colcon_defaults.argument_parser.defaults.DefaultArgumentsDecorator object at 0x7b114d3145e0>, verb_extension=<colcon_core.verb.build.BuildVerb object at 0x7b114d314160>, main=<bound method BuildVerb.main of <colcon_core.verb.build.BuildVerb object at 0x7b114d314160>>)
[0.164s] Level 1:colcon.colcon_core.package_discovery:discover_packages(colcon_meta) check parameters
[0.164s] Level 1:colcon.colcon_core.package_discovery:discover_packages(recursive) check parameters
[0.164s] Level 1:colcon.colcon_core.package_discovery:discover_packages(ignore) check parameters
[0.164s] Level 1:colcon.colcon_core.package_discovery:discover_packages(path) check parameters
[0.164s] Level 1:colcon.colcon_core.package_discovery:discover_packages(colcon_meta) discover
[0.164s] Level 1:colcon.colcon_core.package_discovery:discover_packages(recursive) discover
[0.164s] INFO:colcon.colcon_core.package_discovery:Crawling recursively for packages in '/home/rae/testbot_ws'
[0.164s] Level 1:colcon.colcon_core.package_identification:_identify(.) by extensions ['ignore', 'ignore_ament_install']
[0.165s] Level 1:colcon.colcon_core.package_identification:_identify(.) by extension 'ignore'
[0.165s] Level 1:colcon.colcon_core.package_identification:_identify(.) by extension 'ignore_ament_install'
[0.165s] Level 1:colcon.colcon_core.package_identification:_identify(.) by extensions ['colcon_pkg']
[0.165s] Level 1:colcon.colcon_core.package_identification:_identify(.) by extension 'colcon_pkg'
[0.165s] Level 1:colcon.colcon_core.package_identification:_identify(.) by extensions ['colcon_meta']
[0.165s] Level 1:colcon.colcon_core.package_identification:_identify(.) by extension 'colcon_meta'
[0.165s] Level 1:colcon.colcon_core.package_identification:_identify(.) by extensions ['ros']
[0.165s] Level 1:colcon.colcon_core.package_identification:_identify(.) by extension 'ros'
[0.172s] Level 1:colcon.colcon_core.package_identification:_identify(.) by extensions ['cmake', 'python']
[0.172s] Level 1:colcon.colcon_core.package_identification:_identify(.) by extension 'cmake'
[0.172s] Level 1:colcon.colcon_core.package_identification:_identify(.) by extension 'python'
[0.172s] Level 1:colcon.colcon_core.package_identification:_identify(.) by extensions ['python_setup_py']
[0.172s] Level 1:colcon.colcon_core.package_identification:_identify(.) by extension 'python_setup_py'
[0.173s] Level 1:colcon.colcon_core.package_identification:_identify(build) by extensions ['ignore', 'ignore_ament_install']
[0.173s] Level 1:colcon.colcon_core.package_identification:_identify(build) by extension 'ignore'
[0.173s] Level 1:colcon.colcon_core.package_identification:_identify(build) ignored
[0.173s] Level 1:colcon.colcon_core.package_identification:_identify(install) by extensions ['ignore', 'ignore_ament_install']
[0.173s] Level 1:colcon.colcon_core.package_identification:_identify(install) by extension 'ignore'
[0.173s] Level 1:colcon.colcon_core.package_identification:_identify(install) ignored
[0.173s] Level 1:colcon.colcon_core.package_identification:_identify(log) by extensions ['ignore', 'ignore_ament_install']
[0.173s] Level 1:colcon.colcon_core.package_identification:_identify(log) by extension 'ignore'
[0.173s] Level 1:colcon.colcon_core.package_identification:_identify(log) ignored
[0.173s] Level 1:colcon.colcon_core.package_identification:_identify(src) by extensions ['ignore', 'ignore_ament_install']
[0.173s] Level 1:colcon.colcon_core.package_identification:_identify(src) by extension 'ignore'
[0.173s] Level 1:colcon.colcon_core.package_identification:_identify(src) by extension 'ignore_ament_install'
[0.173s] Level 1:colcon.colcon_core.package_identification:_identify(src) by extensions ['colcon_pkg']
[0.173s] Level 1:colcon.colcon_core.package_identification:_identify(src) by extension 'colcon_pkg'
[0.173s] Level 1:colcon.colcon_core.package_identification:_identify(src) by extensions ['colcon_meta']
[0.173s] Level 1:colcon.colcon_core.package_identification:_identify(src) by extension 'colcon_meta'
[0.173s] Level 1:colcon.colcon_core.package_identification:_identify(src) by extensions ['ros']
[0.173s] Level 1:colcon.colcon_core.package_identification:_identify(src) by extension 'ros'
[0.173s] Level 1:colcon.colcon_core.package_identification:_identify(src) by extensions ['cmake', 'python']
[0.173s] Level 1:colcon.colcon_core.package_identification:_identify(src) by extension 'cmake'
[0.173s] Level 1:colcon.colcon_core.package_identification:_identify(src) by extension 'python'
[0.173s] Level 1:colcon.colcon_core.package_identification:_identify(src) by extensions ['python_setup_py']
[0.173s] Level 1:colcon.colcon_core.package_identification:_identify(src) by extension 'python_setup_py'
[0.174s] Level 1:colcon.colcon_core.package_identification:_identify(src/gz_ros2_control-humble) by extensions ['ignore', 'ignore_ament_install']
[0.174s] Level 1:colcon.colcon_core.package_identification:_identify(src/gz_ros2_control-humble) by extension 'ignore'
[0.174s] Level 1:colcon.colcon_core.package_identification:_identify(src/gz_ros2_control-humble) by extension 'ignore_ament_install'
[0.174s] Level 1:colcon.colcon_core.package_identification:_identify(src/gz_ros2_control-humble) by extensions ['colcon_pkg']
[0.174s] Level 1:colcon.colcon_core.package_identification:_identify(src/gz_ros2_control-humble) by extension 'colcon_pkg'
[0.174s] Level 1:colcon.colcon_core.package_identification:_identify(src/gz_ros2_control-humble) by extensions ['colcon_meta']
[0.174s] Level 1:colcon.colcon_core.package_identification:_identify(src/gz_ros2_control-humble) by extension 'colcon_meta'
[0.174s] Level 1:colcon.colcon_core.package_identification:_identify(src/gz_ros2_control-humble) by extensions ['ros']
[0.174s] Level 1:colcon.colcon_core.package_identification:_identify(src/gz_ros2_control-humble) by extension 'ros'
[0.174s] Level 1:colcon.colcon_core.package_identification:_identify(src/gz_ros2_control-humble) by extensions ['cmake', 'python']
[0.174s] Level 1:colcon.colcon_core.package_identification:_identify(src/gz_ros2_control-humble) by extension 'cmake'
[0.174s] Level 1:colcon.colcon_core.package_identification:_identify(src/gz_ros2_control-humble) by extension 'python'
[0.174s] Level 1:colcon.colcon_core.package_identification:_identify(src/gz_ros2_control-humble) by extensions ['python_setup_py']
[0.174s] Level 1:colcon.colcon_core.package_identification:_identify(src/gz_ros2_control-humble) by extension 'python_setup_py'
[0.174s] Level 1:colcon.colcon_core.package_identification:_identify(src/gz_ros2_control-humble/Dockerfile) by extensions ['ignore', 'ignore_ament_install']
[0.174s] Level 1:colcon.colcon_core.package_identification:_identify(src/gz_ros2_control-humble/Dockerfile) by extension 'ignore'
[0.174s] Level 1:colcon.colcon_core.package_identification:_identify(src/gz_ros2_control-humble/Dockerfile) by extension 'ignore_ament_install'
[0.174s] Level 1:colcon.colcon_core.package_identification:_identify(src/gz_ros2_control-humble/Dockerfile) by extensions ['colcon_pkg']
[0.174s] Level 1:colcon.colcon_core.package_identification:_identify(src/gz_ros2_control-humble/Dockerfile) by extension 'colcon_pkg'
[0.174s] Level 1:colcon.colcon_core.package_identification:_identify(src/gz_ros2_control-humble/Dockerfile) by extensions ['colcon_meta']
[0.174s] Level 1:colcon.colcon_core.package_identification:_identify(src/gz_ros2_control-humble/Dockerfile) by extension 'colcon_meta'
[0.174s] Level 1:colcon.colcon_core.package_identification:_identify(src/gz_ros2_control-humble/Dockerfile) by extensions ['ros']
[0.174s] Level 1:colcon.colcon_core.package_identification:_identify(src/gz_ros2_control-humble/Dockerfile) by extension 'ros'
[0.174s] Level 1:colcon.colcon_core.package_identification:_identify(src/gz_ros2_control-humble/Dockerfile) by extensions ['cmake', 'python']
[0.174s] Level 1:colcon.colcon_core.package_identification:_identify(src/gz_ros2_control-humble/Dockerfile) by extension 'cmake'
[0.174s] Level 1:colcon.colcon_core.package_identification:_identify(src/gz_ros2_control-humble/Dockerfile) by extension 'python'
[0.174s] Level 1:colcon.colcon_core.package_identification:_identify(src/gz_ros2_control-humble/Dockerfile) by extensions ['python_setup_py']
[0.174s] Level 1:colcon.colcon_core.package_identification:_identify(src/gz_ros2_control-humble/Dockerfile) by extension 'python_setup_py'
[0.174s] Level 1:colcon.colcon_core.package_identification:_identify(src/gz_ros2_control-humble/build) by extensions ['ignore', 'ignore_ament_install']
[0.174s] Level 1:colcon.colcon_core.package_identification:_identify(src/gz_ros2_control-humble/build) by extension 'ignore'
[0.174s] Level 1:colcon.colcon_core.package_identification:_identify(src/gz_ros2_control-humble/build) ignored
[0.175s] Level 1:colcon.colcon_core.package_identification:_identify(src/gz_ros2_control-humble/doc) by extensions ['ignore', 'ignore_ament_install']
[0.175s] Level 1:colcon.colcon_core.package_identification:_identify(src/gz_ros2_control-humble/doc) by extension 'ignore'
[0.175s] Level 1:colcon.colcon_core.package_identification:_identify(src/gz_ros2_control-humble/doc) by extension 'ignore_ament_install'
[0.175s] Level 1:colcon.colcon_core.package_identification:_identify(src/gz_ros2_control-humble/doc) by extensions ['colcon_pkg']
[0.175s] Level 1:colcon.colcon_core.package_identification:_identify(src/gz_ros2_control-humble/doc) by extension 'colcon_pkg'
[0.175s] Level 1:colcon.colcon_core.package_identification:_identify(src/gz_ros2_control-humble/doc) by extensions ['colcon_meta']
[0.175s] Level 1:colcon.colcon_core.package_identification:_identify(src/gz_ros2_control-humble/doc) by extension 'colcon_meta'
[0.175s] Level 1:colcon.colcon_core.package_identification:_identify(src/gz_ros2_control-humble/doc) by extensions ['ros']
[0.175s] Level 1:colcon.colcon_core.package_identification:_identify(src/gz_ros2_control-humble/doc) by extension 'ros'
[0.175s] Level 1:colcon.colcon_core.package_identification:_identify(src/gz_ros2_control-humble/doc) by extensions ['cmake', 'python']
[0.175s] Level 1:colcon.colcon_core.package_identification:_identify(src/gz_ros2_control-humble/doc) by extension 'cmake'
[0.175s] Level 1:colcon.colcon_core.package_identification:_identify(src/gz_ros2_control-humble/doc) by extension 'python'
[0.175s] Level 1:colcon.colcon_core.package_identification:_identify(src/gz_ros2_control-humble/doc) by extensions ['python_setup_py']
[0.175s] Level 1:colcon.colcon_core.package_identification:_identify(src/gz_ros2_control-humble/doc) by extension 'python_setup_py'
[0.175s] Level 1:colcon.colcon_core.package_identification:_identify(src/gz_ros2_control-humble/doc/img) by extensions ['ignore', 'ignore_ament_install']
[0.175s] Level 1:colcon.colcon_core.package_identification:_identify(src/gz_ros2_control-humble/doc/img) by extension 'ignore'
[0.175s] Level 1:colcon.colcon_core.package_identification:_identify(src/gz_ros2_control-humble/doc/img) by extension 'ignore_ament_install'
[0.175s] Level 1:colcon.colcon_core.package_identification:_identify(src/gz_ros2_control-humble/doc/img) by extensions ['colcon_pkg']
[0.175s] Level 1:colcon.colcon_core.package_identification:_identify(src/gz_ros2_control-humble/doc/img) by extension 'colcon_pkg'
[0.175s] Level 1:colcon.colcon_core.package_identification:_identify(src/gz_ros2_control-humble/doc/img) by extensions ['colcon_meta']
[0.175s] Level 1:colcon.colcon_core.package_identification:_identify(src/gz_ros2_control-humble/doc/img) by extension 'colcon_meta'
[0.175s] Level 1:colcon.colcon_core.package_identification:_identify(src/gz_ros2_control-humble/doc/img) by extensions ['ros']
[0.175s] Level 1:colcon.colcon_core.package_identification:_identify(src/gz_ros2_control-humble/doc/img) by extension 'ros'
[0.175s] Level 1:colcon.colcon_core.package_identification:_identify(src/gz_ros2_control-humble/doc/img) by extensions ['cmake', 'python']
[0.175s] Level 1:colcon.colcon_core.package_identification:_identify(src/gz_ros2_control-humble/doc/img) by extension 'cmake'
[0.175s] Level 1:colcon.colcon_core.package_identification:_identify(src/gz_ros2_control-humble/doc/img) by extension 'python'
[0.175s] Level 1:colcon.colcon_core.package_identification:_identify(src/gz_ros2_control-humble/doc/img) by extensions ['python_setup_py']
[0.175s] Level 1:colcon.colcon_core.package_identification:_identify(src/gz_ros2_control-humble/doc/img) by extension 'python_setup_py'
[0.175s] Level 1:colcon.colcon_core.package_identification:_identify(src/gz_ros2_control-humble/gz_ros2_control_tests) by extensions ['ignore', 'ignore_ament_install']
[0.175s] Level 1:colcon.colcon_core.package_identification:_identify(src/gz_ros2_control-humble/gz_ros2_control_tests) by extension 'ignore'
[0.175s] Level 1:colcon.colcon_core.package_identification:_identify(src/gz_ros2_control-humble/gz_ros2_control_tests) by extension 'ignore_ament_install'
[0.175s] Level 1:colcon.colcon_core.package_identification:_identify(src/gz_ros2_control-humble/gz_ros2_control_tests) by extensions ['colcon_pkg']
[0.175s] Level 1:colcon.colcon_core.package_identification:_identify(src/gz_ros2_control-humble/gz_ros2_control_tests) by extension 'colcon_pkg'
[0.175s] Level 1:colcon.colcon_core.package_identification:_identify(src/gz_ros2_control-humble/gz_ros2_control_tests) by extensions ['colcon_meta']
[0.175s] Level 1:colcon.colcon_core.package_identification:_identify(src/gz_ros2_control-humble/gz_ros2_control_tests) by extension 'colcon_meta'
[0.176s] Level 1:colcon.colcon_core.package_identification:_identify(src/gz_ros2_control-humble/gz_ros2_control_tests) by extensions ['ros']
[0.176s] Level 1:colcon.colcon_core.package_identification:_identify(src/gz_ros2_control-humble/gz_ros2_control_tests) by extension 'ros'
[0.179s] DEBUG:colcon.colcon_core.package_identification:Package 'src/gz_ros2_control-humble/gz_ros2_control_tests' with type 'ros.ament_cmake' and name 'gz_ros2_control_tests'
[0.179s] Level 1:colcon.colcon_core.package_identification:_identify(src/gz_ros2_control-humble/ign_ros2_control) by extensions ['ignore', 'ignore_ament_install']
[0.179s] Level 1:colcon.colcon_core.package_identification:_identify(src/gz_ros2_control-humble/ign_ros2_control) by extension 'ignore'
[0.179s] Level 1:colcon.colcon_core.package_identification:_identify(src/gz_ros2_control-humble/ign_ros2_control) by extension 'ignore_ament_install'
[0.179s] Level 1:colcon.colcon_core.package_identification:_identify(src/gz_ros2_control-humble/ign_ros2_control) by extensions ['colcon_pkg']
[0.179s] Level 1:colcon.colcon_core.package_identification:_identify(src/gz_ros2_control-humble/ign_ros2_control) by extension 'colcon_pkg'
[0.179s] Level 1:colcon.colcon_core.package_identification:_identify(src/gz_ros2_control-humble/ign_ros2_control) by extensions ['colcon_meta']
[0.179s] Level 1:colcon.colcon_core.package_identification:_identify(src/gz_ros2_control-humble/ign_ros2_control) by extension 'colcon_meta'
[0.179s] Level 1:colcon.colcon_core.package_identification:_identify(src/gz_ros2_control-humble/ign_ros2_control) by extensions ['ros']
[0.179s] Level 1:colcon.colcon_core.package_identification:_identify(src/gz_ros2_control-humble/ign_ros2_control) by extension 'ros'
[0.182s] DEBUG:colcon.colcon_core.package_identification:Package 'src/gz_ros2_control-humble/ign_ros2_control' with type 'ros.ament_cmake' and name 'ign_ros2_control'
[0.182s] Level 1:colcon.colcon_core.package_identification:_identify(src/gz_ros2_control-humble/ign_ros2_control_demos) by extensions ['ignore', 'ignore_ament_install']
[0.182s] Level 1:colcon.colcon_core.package_identification:_identify(src/gz_ros2_control-humble/ign_ros2_control_demos) by extension 'ignore'
[0.182s] Level 1:colcon.colcon_core.package_identification:_identify(src/gz_ros2_control-humble/ign_ros2_control_demos) by extension 'ignore_ament_install'
[0.182s] Level 1:colcon.colcon_core.package_identification:_identify(src/gz_ros2_control-humble/ign_ros2_control_demos) by extensions ['colcon_pkg']
[0.182s] Level 1:colcon.colcon_core.package_identification:_identify(src/gz_ros2_control-humble/ign_ros2_control_demos) by extension 'colcon_pkg'
[0.182s] Level 1:colcon.colcon_core.package_identification:_identify(src/gz_ros2_control-humble/ign_ros2_control_demos) by extensions ['colcon_meta']
[0.182s] Level 1:colcon.colcon_core.package_identification:_identify(src/gz_ros2_control-humble/ign_ros2_control_demos) by extension 'colcon_meta'
[0.182s] Level 1:colcon.colcon_core.package_identification:_identify(src/gz_ros2_control-humble/ign_ros2_control_demos) by extensions ['ros']
[0.182s] Level 1:colcon.colcon_core.package_identification:_identify(src/gz_ros2_control-humble/ign_ros2_control_demos) by extension 'ros'
[0.183s] DEBUG:colcon.colcon_core.package_identification:Package 'src/gz_ros2_control-humble/ign_ros2_control_demos' with type 'ros.ament_cmake' and name 'ign_ros2_control_demos'
[0.183s] Level 1:colcon.colcon_core.package_identification:_identify(src/gz_ros2_control-humble/install) by extensions ['ignore', 'ignore_ament_install']
[0.183s] Level 1:colcon.colcon_core.package_identification:_identify(src/gz_ros2_control-humble/install) by extension 'ignore'
[0.183s] Level 1:colcon.colcon_core.package_identification:_identify(src/gz_ros2_control-humble/install) ignored
[0.183s] Level 1:colcon.colcon_core.package_identification:_identify(src/gz_ros2_control-humble/log) by extensions ['ignore', 'ignore_ament_install']
[0.183s] Level 1:colcon.colcon_core.package_identification:_identify(src/gz_ros2_control-humble/log) by extension 'ignore'
[0.183s] Level 1:colcon.colcon_core.package_identification:_identify(src/gz_ros2_control-humble/log) ignored
[0.183s] Level 1:colcon.colcon_core.package_identification:_identify(src/testbot) by extensions ['ignore', 'ignore_ament_install']
[0.183s] Level 1:colcon.colcon_core.package_identification:_identify(src/testbot) by extension 'ignore'
[0.183s] Level 1:colcon.colcon_core.package_identification:_identify(src/testbot) by extension 'ignore_ament_install'
[0.183s] Level 1:colcon.colcon_core.package_identification:_identify(src/testbot) by extensions ['colcon_pkg']
[0.183s] Level 1:colcon.colcon_core.package_identification:_identify(src/testbot) by extension 'colcon_pkg'
[0.183s] Level 1:colcon.colcon_core.package_identification:_identify(src/testbot) by extensions ['colcon_meta']
[0.183s] Level 1:colcon.colcon_core.package_identification:_identify(src/testbot) by extension 'colcon_meta'
[0.183s] Level 1:colcon.colcon_core.package_identification:_identify(src/testbot) by extensions ['ros']
[0.183s] Level 1:colcon.colcon_core.package_identification:_identify(src/testbot) by extension 'ros'
[0.184s] DEBUG:colcon.colcon_core.package_identification:Package 'src/testbot' with type 'ros.ament_cmake' and name 'testbot'
[0.184s] Level 1:colcon.colcon_core.package_discovery:discover_packages(recursive) using defaults
[0.184s] Level 1:colcon.colcon_core.package_discovery:discover_packages(ignore) discover
[0.184s] Level 1:colcon.colcon_core.package_discovery:discover_packages(ignore) using defaults
[0.184s] Level 1:colcon.colcon_core.package_discovery:discover_packages(path) discover
[0.184s] Level 1:colcon.colcon_core.package_discovery:discover_packages(path) using defaults
[0.206s] Level 1:colcon.colcon_core.package_discovery:discover_packages(prefix_path) check parameters
[0.206s] Level 1:colcon.colcon_core.package_discovery:discover_packages(prefix_path) discover
[0.208s] DEBUG:colcon.colcon_installed_package_information.package_discovery:Found 5 installed packages in /home/rae/testbot_ws/install
[0.208s] DEBUG:colcon.colcon_installed_package_information.package_discovery:Found 2 installed packages in /home/rae/test_ws/install
[0.209s] DEBUG:colcon.colcon_installed_package_information.package_discovery:Found 379 installed packages in /opt/ros/humble
[0.210s] Level 1:colcon.colcon_core.package_discovery:discover_packages(prefix_path) using defaults
[0.240s] Level 5:colcon.colcon_core.verb:set package 'ign_ros2_control' build argument 'cmake_args' from command line to 'None'
[0.240s] Level 5:colcon.colcon_core.verb:set package 'ign_ros2_control' build argument 'cmake_target' from command line to 'None'
[0.240s] Level 5:colcon.colcon_core.verb:set package 'ign_ros2_control' build argument 'cmake_target_skip_unavailable' from command line to 'False'
[0.240s] Level 5:colcon.colcon_core.verb:set package 'ign_ros2_control' build argument 'cmake_clean_cache' from command line to 'False'
[0.240s] Level 5:colcon.colcon_core.verb:set package 'ign_ros2_control' build argument 'cmake_clean_first' from command line to 'False'
[0.240s] Level 5:colcon.colcon_core.verb:set package 'ign_ros2_control' build argument 'cmake_force_configure' from command line to 'False'
[0.240s] Level 5:colcon.colcon_core.verb:set package 'ign_ros2_control' build argument 'ament_cmake_args' from command line to 'None'
[0.240s] Level 5:colcon.colcon_core.verb:set package 'ign_ros2_control' build argument 'catkin_cmake_args' from command line to 'None'
[0.240s] Level 5:colcon.colcon_core.verb:set package 'ign_ros2_control' build argument 'catkin_skip_building_tests' from command line to 'False'
[0.240s] DEBUG:colcon.colcon_core.verb:Building package 'ign_ros2_control' with the following arguments: {'ament_cmake_args': None, 'build_base': '/home/rae/testbot_ws/build/ign_ros2_control', 'catkin_cmake_args': None, 'catkin_skip_building_tests': False, 'cmake_args': None, 'cmake_clean_cache': False, 'cmake_clean_first': False, 'cmake_force_configure': False, 'cmake_target': None, 'cmake_target_skip_unavailable': False, 'install_base': '/home/rae/testbot_ws/install/ign_ros2_control', 'merge_install': False, 'path': '/home/rae/testbot_ws/src/gz_ros2_control-humble/ign_ros2_control', 'symlink_install': True, 'test_result_base': None}
[0.240s] Level 5:colcon.colcon_core.verb:set package 'testbot' build argument 'cmake_args' from command line to 'None'
[0.240s] Level 5:colcon.colcon_core.verb:set package 'testbot' build argument 'cmake_target' from command line to 'None'
[0.240s] Level 5:colcon.colcon_core.verb:set package 'testbot' build argument 'cmake_target_skip_unavailable' from command line to 'False'
[0.240s] Level 5:colcon.colcon_core.verb:set package 'testbot' build argument 'cmake_clean_cache' from command line to 'False'
[0.240s] Level 5:colcon.colcon_core.verb:set package 'testbot' build argument 'cmake_clean_first' from command line to 'False'
[0.240s] Level 5:colcon.colcon_core.verb:set package 'testbot' build argument 'cmake_force_configure' from command line to 'False'
[0.240s] Level 5:colcon.colcon_core.verb:set package 'testbot' build argument 'ament_cmake_args' from command line to 'None'
[0.240s] Level 5:colcon.colcon_core.verb:set package 'testbot' build argument 'catkin_cmake_args' from command line to 'None'
[0.240s] Level 5:colcon.colcon_core.verb:set package 'testbot' build argument 'catkin_skip_building_tests' from command line to 'False'
[0.240s] DEBUG:colcon.colcon_core.verb:Building package 'testbot' with the following arguments: {'ament_cmake_args': None, 'build_base': '/home/rae/testbot_ws/build/testbot', 'catkin_cmake_args': None, 'catkin_skip_building_tests': False, 'cmake_args': None, 'cmake_clean_cache': False, 'cmake_clean_first': False, 'cmake_force_configure': False, 'cmake_target': None, 'cmake_target_skip_unavailable': False, 'install_base': '/home/rae/testbot_ws/install/testbot', 'merge_install': False, 'path': '/home/rae/testbot_ws/src/testbot', 'symlink_install': True, 'test_result_base': None}
[0.240s] Level 5:colcon.colcon_core.verb:set package 'gz_ros2_control_tests' build argument 'cmake_args' from command line to 'None'
[0.240s] Level 5:colcon.colcon_core.verb:set package 'gz_ros2_control_tests' build argument 'cmake_target' from command line to 'None'
[0.240s] Level 5:colcon.colcon_core.verb:set package 'gz_ros2_control_tests' build argument 'cmake_target_skip_unavailable' from command line to 'False'
[0.240s] Level 5:colcon.colcon_core.verb:set package 'gz_ros2_control_tests' build argument 'cmake_clean_cache' from command line to 'False'
[0.240s] Level 5:colcon.colcon_core.verb:set package 'gz_ros2_control_tests' build argument 'cmake_clean_first' from command line to 'False'
[0.240s] Level 5:colcon.colcon_core.verb:set package 'gz_ros2_control_tests' build argument 'cmake_force_configure' from command line to 'False'
[0.240s] Level 5:colcon.colcon_core.verb:set package 'gz_ros2_control_tests' build argument 'ament_cmake_args' from command line to 'None'
[0.241s] Level 5:colcon.colcon_core.verb:set package 'gz_ros2_control_tests' build argument 'catkin_cmake_args' from command line to 'None'
[0.241s] Level 5:colcon.colcon_core.verb:set package 'gz_ros2_control_tests' build argument 'catkin_skip_building_tests' from command line to 'False'
[0.241s] DEBUG:colcon.colcon_core.verb:Building package 'gz_ros2_control_tests' with the following arguments: {'ament_cmake_args': None, 'build_base': '/home/rae/testbot_ws/build/gz_ros2_control_tests', 'catkin_cmake_args': None, 'catkin_skip_building_tests': False, 'cmake_args': None, 'cmake_clean_cache': False, 'cmake_clean_first': False, 'cmake_force_configure': False, 'cmake_target': None, 'cmake_target_skip_unavailable': False, 'install_base': '/home/rae/testbot_ws/install/gz_ros2_control_tests', 'merge_install': False, 'path': '/home/rae/testbot_ws/src/gz_ros2_control-humble/gz_ros2_control_tests', 'symlink_install': True, 'test_result_base': None}
[0.241s] Level 5:colcon.colcon_core.verb:set package 'ign_ros2_control_demos' build argument 'cmake_args' from command line to 'None'
[0.241s] Level 5:colcon.colcon_core.verb:set package 'ign_ros2_control_demos' build argument 'cmake_target' from command line to 'None'
[0.241s] Level 5:colcon.colcon_core.verb:set package 'ign_ros2_control_demos' build argument 'cmake_target_skip_unavailable' from command line to 'False'
[0.241s] Level 5:colcon.colcon_core.verb:set package 'ign_ros2_control_demos' build argument 'cmake_clean_cache' from command line to 'False'
[0.241s] Level 5:colcon.colcon_core.verb:set package 'ign_ros2_control_demos' build argument 'cmake_clean_first' from command line to 'False'
[0.241s] Level 5:colcon.colcon_core.verb:set package 'ign_ros2_control_demos' build argument 'cmake_force_configure' from command line to 'False'
[0.241s] Level 5:colcon.colcon_core.verb:set package 'ign_ros2_control_demos' build argument 'ament_cmake_args' from command line to 'None'
[0.241s] Level 5:colcon.colcon_core.verb:set package 'ign_ros2_control_demos' build argument 'catkin_cmake_args' from command line to 'None'
[0.241s] Level 5:colcon.colcon_core.verb:set package 'ign_ros2_control_demos' build argument 'catkin_skip_building_tests' from command line to 'False'
[0.241s] DEBUG:colcon.colcon_core.verb:Building package 'ign_ros2_control_demos' with the following arguments: {'ament_cmake_args': None, 'build_base': '/home/rae/testbot_ws/build/ign_ros2_control_demos', 'catkin_cmake_args': None, 'catkin_skip_building_tests': False, 'cmake_args': None, 'cmake_clean_cache': False, 'cmake_clean_first': False, 'cmake_force_configure': False, 'cmake_target': None, 'cmake_target_skip_unavailable': False, 'install_base': '/home/rae/testbot_ws/install/ign_ros2_control_demos', 'merge_install': False, 'path': '/home/rae/testbot_ws/src/gz_ros2_control-humble/ign_ros2_control_demos', 'symlink_install': True, 'test_result_base': None}
[0.241s] INFO:colcon.colcon_core.executor:Executing jobs using 'parallel' executor
[0.242s] DEBUG:colcon.colcon_parallel_executor.executor.parallel:run_until_complete
[0.242s] INFO:colcon.colcon_ros.task.ament_cmake.build:Building ROS package in '/home/rae/testbot_ws/src/gz_ros2_control-humble/ign_ros2_control' with build type 'ament_cmake'
[0.242s] INFO:colcon.colcon_cmake.task.cmake.build:Building CMake package in '/home/rae/testbot_ws/src/gz_ros2_control-humble/ign_ros2_control'
[0.243s] INFO:colcon.colcon_core.plugin_system:Skipping extension 'colcon_core.shell.bat': Not used on non-Windows systems
[0.244s] INFO:colcon.colcon_core.shell:Skip shell extension 'powershell' for command environment: Not usable outside of PowerShell
[0.244s] DEBUG:colcon.colcon_core.shell:Skip shell extension 'dsv' for command environment
[0.246s] INFO:colcon.colcon_ros.task.ament_cmake.build:Building ROS package in '/home/rae/testbot_ws/src/testbot' with build type 'ament_cmake'
[0.246s] INFO:colcon.colcon_cmake.task.cmake.build:Building CMake package in '/home/rae/testbot_ws/src/testbot'
[0.247s] INFO:colcon.colcon_core.shell:Skip shell extension 'powershell' for command environment: Not usable outside of PowerShell
[0.247s] DEBUG:colcon.colcon_core.shell:Skip shell extension 'dsv' for command environment
[0.253s] DEBUG:colcon.colcon_core.event_handler.log_command:Invoking command in '/home/rae/testbot_ws/build/ign_ros2_control': CMAKE_PREFIX_PATH=${CMAKE_PREFIX_PATH}:/opt/ros/humble /usr/bin/cmake --build /home/rae/testbot_ws/build/ign_ros2_control -- -j8 -l8
[0.257s] DEBUG:colcon.colcon_core.event_handler.log_command:Invoking command in '/home/rae/testbot_ws/build/testbot': CMAKE_PREFIX_PATH=${CMAKE_PREFIX_PATH}:/opt/ros/humble /usr/bin/cmake --build /home/rae/testbot_ws/build/testbot -- -j8 -l8
[0.313s] DEBUG:colcon.colcon_core.event_handler.log_command:Invoked command in '/home/rae/testbot_ws/build/ign_ros2_control' returned '0': CMAKE_PREFIX_PATH=${CMAKE_PREFIX_PATH}:/opt/ros/humble /usr/bin/cmake --build /home/rae/testbot_ws/build/ign_ros2_control -- -j8 -l8
[0.340s] DEBUG:colcon.colcon_core.event_handler.log_command:Invoking command in '/home/rae/testbot_ws/build/ign_ros2_control': CMAKE_PREFIX_PATH=${CMAKE_PREFIX_PATH}:/opt/ros/humble /usr/bin/cmake --install /home/rae/testbot_ws/build/ign_ros2_control
[0.358s] Level 1:colcon.colcon_core.environment:create_environment_scripts_only(ign_ros2_control)
[0.358s] DEBUG:colcon.colcon_core.event_handler.log_command:Invoked command in '/home/rae/testbot_ws/build/ign_ros2_control' returned '0': CMAKE_PREFIX_PATH=${CMAKE_PREFIX_PATH}:/opt/ros/humble /usr/bin/cmake --install /home/rae/testbot_ws/build/ign_ros2_control
[0.360s] Level 1:colcon.colcon_core.environment:checking '/home/rae/testbot_ws/install/ign_ros2_control' for CMake module files
[0.360s] Level 1:colcon.colcon_core.environment:checking '/home/rae/testbot_ws/install/ign_ros2_control' for CMake config files
[0.360s] Level 1:colcon.colcon_core.shell:create_environment_hook('ign_ros2_control', 'cmake_prefix_path')
[0.360s] INFO:colcon.colcon_core.shell:Creating environment hook '/home/rae/testbot_ws/install/ign_ros2_control/share/ign_ros2_control/hook/cmake_prefix_path.ps1'
[0.361s] INFO:colcon.colcon_core.shell:Creating environment descriptor '/home/rae/testbot_ws/install/ign_ros2_control/share/ign_ros2_control/hook/cmake_prefix_path.dsv'
[0.361s] INFO:colcon.colcon_core.shell:Creating environment hook '/home/rae/testbot_ws/install/ign_ros2_control/share/ign_ros2_control/hook/cmake_prefix_path.sh'
[0.362s] Level 1:colcon.colcon_core.environment:checking '/home/rae/testbot_ws/install/ign_ros2_control/lib'
[0.362s] Level 1:colcon.colcon_core.shell:create_environment_hook('ign_ros2_control', 'ld_library_path_lib')
[0.362s] INFO:colcon.colcon_core.shell:Creating environment hook '/home/rae/testbot_ws/install/ign_ros2_control/share/ign_ros2_control/hook/ld_library_path_lib.ps1'
[0.363s] INFO:colcon.colcon_core.shell:Creating environment descriptor '/home/rae/testbot_ws/install/ign_ros2_control/share/ign_ros2_control/hook/ld_library_path_lib.dsv'
[0.363s] INFO:colcon.colcon_core.shell:Creating environment hook '/home/rae/testbot_ws/install/ign_ros2_control/share/ign_ros2_control/hook/ld_library_path_lib.sh'
[0.363s] Level 1:colcon.colcon_core.environment:checking '/home/rae/testbot_ws/install/ign_ros2_control/bin'
[0.363s] Level 1:colcon.colcon_core.environment:checking '/home/rae/testbot_ws/install/ign_ros2_control/lib/pkgconfig/ign_ros2_control.pc'
[0.363s] Level 1:colcon.colcon_core.environment:checking '/home/rae/testbot_ws/install/ign_ros2_control/lib/python3.10/site-packages'
[0.363s] Level 1:colcon.colcon_core.environment:checking '/home/rae/testbot_ws/install/ign_ros2_control/bin'
[0.364s] INFO:colcon.colcon_core.shell:Creating package script '/home/rae/testbot_ws/install/ign_ros2_control/share/ign_ros2_control/package.ps1'
[0.364s] INFO:colcon.colcon_core.shell:Creating package descriptor '/home/rae/testbot_ws/install/ign_ros2_control/share/ign_ros2_control/package.dsv'
[0.365s] INFO:colcon.colcon_core.shell:Creating package script '/home/rae/testbot_ws/install/ign_ros2_control/share/ign_ros2_control/package.sh'
[0.365s] INFO:colcon.colcon_core.shell:Creating package script '/home/rae/testbot_ws/install/ign_ros2_control/share/ign_ros2_control/package.bash'
[0.366s] INFO:colcon.colcon_core.shell:Creating package script '/home/rae/testbot_ws/install/ign_ros2_control/share/ign_ros2_control/package.zsh'
[0.366s] Level 1:colcon.colcon_core.environment:create_file_with_runtime_dependencies(/home/rae/testbot_ws/install/ign_ros2_control/share/colcon-core/packages/ign_ros2_control)
[0.387s] Level 1:colcon.colcon_core.environment:create_environment_scripts_only(ign_ros2_control)
[0.387s] Level 1:colcon.colcon_core.environment:checking '/home/rae/testbot_ws/install/ign_ros2_control' for CMake module files
[0.388s] Level 1:colcon.colcon_core.environment:checking '/home/rae/testbot_ws/install/ign_ros2_control' for CMake config files
[0.388s] Level 1:colcon.colcon_core.shell:create_environment_hook('ign_ros2_control', 'cmake_prefix_path')
[0.388s] INFO:colcon.colcon_core.shell:Creating environment hook '/home/rae/testbot_ws/install/ign_ros2_control/share/ign_ros2_control/hook/cmake_prefix_path.ps1'
[0.389s] INFO:colcon.colcon_core.shell:Creating environment descriptor '/home/rae/testbot_ws/install/ign_ros2_control/share/ign_ros2_control/hook/cmake_prefix_path.dsv'
[0.389s] INFO:colcon.colcon_core.shell:Creating environment hook '/home/rae/testbot_ws/install/ign_ros2_control/share/ign_ros2_control/hook/cmake_prefix_path.sh'
[0.389s] Level 1:colcon.colcon_core.environment:checking '/home/rae/testbot_ws/install/ign_ros2_control/lib'
[0.389s] Level 1:colcon.colcon_core.shell:create_environment_hook('ign_ros2_control', 'ld_library_path_lib')
[0.389s] INFO:colcon.colcon_core.shell:Creating environment hook '/home/rae/testbot_ws/install/ign_ros2_control/share/ign_ros2_control/hook/ld_library_path_lib.ps1'
[0.390s] INFO:colcon.colcon_core.shell:Creating environment descriptor '/home/rae/testbot_ws/install/ign_ros2_control/share/ign_ros2_control/hook/ld_library_path_lib.dsv'
[0.390s] INFO:colcon.colcon_core.shell:Creating environment hook '/home/rae/testbot_ws/install/ign_ros2_control/share/ign_ros2_control/hook/ld_library_path_lib.sh'
[0.390s] Level 1:colcon.colcon_core.environment:checking '/home/rae/testbot_ws/install/ign_ros2_control/bin'
[0.390s] Level 1:colcon.colcon_core.environment:checking '/home/rae/testbot_ws/install/ign_ros2_control/lib/pkgconfig/ign_ros2_control.pc'
[0.390s] Level 1:colcon.colcon_core.environment:checking '/home/rae/testbot_ws/install/ign_ros2_control/lib/python3.10/site-packages'
[0.390s] Level 1:colcon.colcon_core.environment:checking '/home/rae/testbot_ws/install/ign_ros2_control/bin'
[0.390s] INFO:colcon.colcon_core.shell:Creating package script '/home/rae/testbot_ws/install/ign_ros2_control/share/ign_ros2_control/package.ps1'
[0.391s] INFO:colcon.colcon_core.shell:Creating package descriptor '/home/rae/testbot_ws/install/ign_ros2_control/share/ign_ros2_control/package.dsv'
[0.391s] INFO:colcon.colcon_core.shell:Creating package script '/home/rae/testbot_ws/install/ign_ros2_control/share/ign_ros2_control/package.sh'
[0.391s] INFO:colcon.colcon_core.shell:Creating package script '/home/rae/testbot_ws/install/ign_ros2_control/share/ign_ros2_control/package.bash'
[0.392s] INFO:colcon.colcon_core.shell:Creating package script '/home/rae/testbot_ws/install/ign_ros2_control/share/ign_ros2_control/package.zsh'
[0.392s] Level 1:colcon.colcon_core.environment:create_file_with_runtime_dependencies(/home/rae/testbot_ws/install/ign_ros2_control/share/colcon-core/packages/ign_ros2_control)
[0.392s] INFO:colcon.colcon_ros.task.ament_cmake.build:Building ROS package in '/home/rae/testbot_ws/src/gz_ros2_control-humble/gz_ros2_control_tests' with build type 'ament_cmake'
[0.392s] INFO:colcon.colcon_cmake.task.cmake.build:Building CMake package in '/home/rae/testbot_ws/src/gz_ros2_control-humble/gz_ros2_control_tests'
[0.392s] INFO:colcon.colcon_core.shell:Skip shell extension 'powershell' for command environment: Not usable outside of PowerShell
[0.392s] DEBUG:colcon.colcon_core.shell:Skip shell extension 'dsv' for command environment
[0.395s] INFO:colcon.colcon_ros.task.ament_cmake.build:Building ROS package in '/home/rae/testbot_ws/src/gz_ros2_control-humble/ign_ros2_control_demos' with build type 'ament_cmake'
[0.395s] INFO:colcon.colcon_cmake.task.cmake.build:Building CMake package in '/home/rae/testbot_ws/src/gz_ros2_control-humble/ign_ros2_control_demos'
[0.395s] INFO:colcon.colcon_core.shell:Skip shell extension 'powershell' for command environment: Not usable outside of PowerShell
[0.396s] DEBUG:colcon.colcon_core.shell:Skip shell extension 'dsv' for command environment
[0.403s] DEBUG:colcon.colcon_core.event_handler.log_command:Invoking command in '/home/rae/testbot_ws/build/gz_ros2_control_tests': AMENT_PREFIX_PATH=/home/rae/testbot_ws/install/ign_ros2_control:${AMENT_PREFIX_PATH} CMAKE_PREFIX_PATH=/home/rae/testbot_ws/install/ign_ros2_control:/home/rae/testbot_ws/install/testbot:/home/rae/test_ws/install/test_robot_control:/home/rae/test_ws/install/test_robot_bringup:/opt/ros/humble LD_LIBRARY_PATH=/home/rae/testbot_ws/install/ign_ros2_control/lib:/opt/ros/humble/opt/rviz_ogre_vendor/lib:/opt/ros/humble/lib/x86_64-linux-gnu:/opt/ros/humble/lib:/usr/lib/x86_64-linux-gnu/gazebo-11/plugins /usr/bin/cmake --build /home/rae/testbot_ws/build/gz_ros2_control_tests -- -j8 -l8
[0.405s] DEBUG:colcon.colcon_core.event_handler.log_command:Invoking command in '/home/rae/testbot_ws/build/ign_ros2_control_demos': AMENT_PREFIX_PATH=/home/rae/testbot_ws/install/ign_ros2_control:${AMENT_PREFIX_PATH} CMAKE_PREFIX_PATH=/home/rae/testbot_ws/install/ign_ros2_control:/home/rae/testbot_ws/install/testbot:/home/rae/test_ws/install/test_robot_control:/home/rae/test_ws/install/test_robot_bringup:/opt/ros/humble LD_LIBRARY_PATH=/home/rae/testbot_ws/install/ign_ros2_control/lib:/opt/ros/humble/opt/rviz_ogre_vendor/lib:/opt/ros/humble/lib/x86_64-linux-gnu:/opt/ros/humble/lib:/usr/lib/x86_64-linux-gnu/gazebo-11/plugins /usr/bin/cmake --build /home/rae/testbot_ws/build/ign_ros2_control_demos -- -j8 -l8
[0.461s] DEBUG:colcon.colcon_core.event_handler.log_command:Invoked command in '/home/rae/testbot_ws/build/gz_ros2_control_tests' returned '0': AMENT_PREFIX_PATH=/home/rae/testbot_ws/install/ign_ros2_control:${AMENT_PREFIX_PATH} CMAKE_PREFIX_PATH=/home/rae/testbot_ws/install/ign_ros2_control:/home/rae/testbot_ws/install/testbot:/home/rae/test_ws/install/test_robot_control:/home/rae/test_ws/install/test_robot_bringup:/opt/ros/humble LD_LIBRARY_PATH=/home/rae/testbot_ws/install/ign_ros2_control/lib:/opt/ros/humble/opt/rviz_ogre_vendor/lib:/opt/ros/humble/lib/x86_64-linux-gnu:/opt/ros/humble/lib:/usr/lib/x86_64-linux-gnu/gazebo-11/plugins /usr/bin/cmake --build /home/rae/testbot_ws/build/gz_ros2_control_tests -- -j8 -l8
[0.466s] DEBUG:colcon.colcon_core.event_handler.log_command:Invoked command in '/home/rae/testbot_ws/build/ign_ros2_control_demos' returned '0': AMENT_PREFIX_PATH=/home/rae/testbot_ws/install/ign_ros2_control:${AMENT_PREFIX_PATH} CMAKE_PREFIX_PATH=/home/rae/testbot_ws/install/ign_ros2_control:/home/rae/testbot_ws/install/testbot:/home/rae/test_ws/install/test_robot_control:/home/rae/test_ws/install/test_robot_bringup:/opt/ros/humble LD_LIBRARY_PATH=/home/rae/testbot_ws/install/ign_ros2_control/lib:/opt/ros/humble/opt/rviz_ogre_vendor/lib:/opt/ros/humble/lib/x86_64-linux-gnu:/opt/ros/humble/lib:/usr/lib/x86_64-linux-gnu/gazebo-11/plugins /usr/bin/cmake --build /home/rae/testbot_ws/build/ign_ros2_control_demos -- -j8 -l8
[0.481s] DEBUG:colcon.colcon_core.event_handler.log_command:Invoking command in '/home/rae/testbot_ws/build/gz_ros2_control_tests': AMENT_PREFIX_PATH=/home/rae/testbot_ws/install/ign_ros2_control:${AMENT_PREFIX_PATH} CMAKE_PREFIX_PATH=/home/rae/testbot_ws/install/ign_ros2_control:/home/rae/testbot_ws/install/testbot:/home/rae/test_ws/install/test_robot_control:/home/rae/test_ws/install/test_robot_bringup:/opt/ros/humble LD_LIBRARY_PATH=/home/rae/testbot_ws/install/ign_ros2_control/lib:/opt/ros/humble/opt/rviz_ogre_vendor/lib:/opt/ros/humble/lib/x86_64-linux-gnu:/opt/ros/humble/lib:/usr/lib/x86_64-linux-gnu/gazebo-11/plugins /usr/bin/cmake --install /home/rae/testbot_ws/build/gz_ros2_control_tests
[0.494s] DEBUG:colcon.colcon_core.event_handler.log_command:Invoking command in '/home/rae/testbot_ws/build/ign_ros2_control_demos': AMENT_PREFIX_PATH=/home/rae/testbot_ws/install/ign_ros2_control:${AMENT_PREFIX_PATH} CMAKE_PREFIX_PATH=/home/rae/testbot_ws/install/ign_ros2_control:/home/rae/testbot_ws/install/testbot:/home/rae/test_ws/install/test_robot_control:/home/rae/test_ws/install/test_robot_bringup:/opt/ros/humble LD_LIBRARY_PATH=/home/rae/testbot_ws/install/ign_ros2_control/lib:/opt/ros/humble/opt/rviz_ogre_vendor/lib:/opt/ros/humble/lib/x86_64-linux-gnu:/opt/ros/humble/lib:/usr/lib/x86_64-linux-gnu/gazebo-11/plugins /usr/bin/cmake --install /home/rae/testbot_ws/build/ign_ros2_control_demos
[0.497s] Level 1:colcon.colcon_core.environment:create_environment_scripts_only(gz_ros2_control_tests)
[0.498s] Level 1:colcon.colcon_core.environment:checking '/home/rae/testbot_ws/install/gz_ros2_control_tests' for CMake module files
[0.498s] DEBUG:colcon.colcon_core.event_handler.log_command:Invoked command in '/home/rae/testbot_ws/build/gz_ros2_control_tests' returned '0': AMENT_PREFIX_PATH=/home/rae/testbot_ws/install/ign_ros2_control:${AMENT_PREFIX_PATH} CMAKE_PREFIX_PATH=/home/rae/testbot_ws/install/ign_ros2_control:/home/rae/testbot_ws/install/testbot:/home/rae/test_ws/install/test_robot_control:/home/rae/test_ws/install/test_robot_bringup:/opt/ros/humble LD_LIBRARY_PATH=/home/rae/testbot_ws/install/ign_ros2_control/lib:/opt/ros/humble/opt/rviz_ogre_vendor/lib:/opt/ros/humble/lib/x86_64-linux-gnu:/opt/ros/humble/lib:/usr/lib/x86_64-linux-gnu/gazebo-11/plugins /usr/bin/cmake --install /home/rae/testbot_ws/build/gz_ros2_control_tests
[0.499s] Level 1:colcon.colcon_core.environment:checking '/home/rae/testbot_ws/install/gz_ros2_control_tests' for CMake config files
[0.499s] Level 1:colcon.colcon_core.shell:create_environment_hook('gz_ros2_control_tests', 'cmake_prefix_path')
[0.500s] INFO:colcon.colcon_core.shell:Creating environment hook '/home/rae/testbot_ws/install/gz_ros2_control_tests/share/gz_ros2_control_tests/hook/cmake_prefix_path.ps1'
[0.500s] INFO:colcon.colcon_core.shell:Creating environment descriptor '/home/rae/testbot_ws/install/gz_ros2_control_tests/share/gz_ros2_control_tests/hook/cmake_prefix_path.dsv'
[0.501s] INFO:colcon.colcon_core.shell:Creating environment hook '/home/rae/testbot_ws/install/gz_ros2_control_tests/share/gz_ros2_control_tests/hook/cmake_prefix_path.sh'
[0.503s] Level 1:colcon.colcon_core.environment:checking '/home/rae/testbot_ws/install/gz_ros2_control_tests/lib'
[0.503s] Level 1:colcon.colcon_core.environment:checking '/home/rae/testbot_ws/install/gz_ros2_control_tests/bin'
[0.503s] Level 1:colcon.colcon_core.environment:checking '/home/rae/testbot_ws/install/gz_ros2_control_tests/lib/pkgconfig/gz_ros2_control_tests.pc'
[0.503s] Level 1:colcon.colcon_core.environment:checking '/home/rae/testbot_ws/install/gz_ros2_control_tests/lib/python3.10/site-packages'
[0.504s] Level 1:colcon.colcon_core.environment:checking '/home/rae/testbot_ws/install/gz_ros2_control_tests/bin'
[0.504s] INFO:colcon.colcon_core.shell:Creating package script '/home/rae/testbot_ws/install/gz_ros2_control_tests/share/gz_ros2_control_tests/package.ps1'
[0.505s] INFO:colcon.colcon_core.shell:Creating package descriptor '/home/rae/testbot_ws/install/gz_ros2_control_tests/share/gz_ros2_control_tests/package.dsv'
[0.505s] INFO:colcon.colcon_core.shell:Creating package script '/home/rae/testbot_ws/install/gz_ros2_control_tests/share/gz_ros2_control_tests/package.sh'
[0.505s] INFO:colcon.colcon_core.shell:Creating package script '/home/rae/testbot_ws/install/gz_ros2_control_tests/share/gz_ros2_control_tests/package.bash'
[0.506s] INFO:colcon.colcon_core.shell:Creating package script '/home/rae/testbot_ws/install/gz_ros2_control_tests/share/gz_ros2_control_tests/package.zsh'
[0.506s] Level 1:colcon.colcon_core.environment:create_file_with_runtime_dependencies(/home/rae/testbot_ws/install/gz_ros2_control_tests/share/colcon-core/packages/gz_ros2_control_tests)
[0.510s] Level 1:colcon.colcon_core.environment:create_environment_scripts_only(ign_ros2_control_demos)
[0.511s] Level 1:colcon.colcon_core.environment:checking '/home/rae/testbot_ws/install/ign_ros2_control_demos' for CMake module files
[0.511s] DEBUG:colcon.colcon_core.event_handler.log_command:Invoked command in '/home/rae/testbot_ws/build/ign_ros2_control_demos' returned '0': AMENT_PREFIX_PATH=/home/rae/testbot_ws/install/ign_ros2_control:${AMENT_PREFIX_PATH} CMAKE_PREFIX_PATH=/home/rae/testbot_ws/install/ign_ros2_control:/home/rae/testbot_ws/install/testbot:/home/rae/test_ws/install/test_robot_control:/home/rae/test_ws/install/test_robot_bringup:/opt/ros/humble LD_LIBRARY_PATH=/home/rae/testbot_ws/install/ign_ros2_control/lib:/opt/ros/humble/opt/rviz_ogre_vendor/lib:/opt/ros/humble/lib/x86_64-linux-gnu:/opt/ros/humble/lib:/usr/lib/x86_64-linux-gnu/gazebo-11/plugins /usr/bin/cmake --install /home/rae/testbot_ws/build/ign_ros2_control_demos
[0.512s] Level 1:colcon.colcon_core.environment:checking '/home/rae/testbot_ws/install/ign_ros2_control_demos' for CMake config files
[0.512s] Level 1:colcon.colcon_core.shell:create_environment_hook('ign_ros2_control_demos', 'cmake_prefix_path')
[0.512s] INFO:colcon.colcon_core.shell:Creating environment hook '/home/rae/testbot_ws/install/ign_ros2_control_demos/share/ign_ros2_control_demos/hook/cmake_prefix_path.ps1'
[0.513s] INFO:colcon.colcon_core.shell:Creating environment descriptor '/home/rae/testbot_ws/install/ign_ros2_control_demos/share/ign_ros2_control_demos/hook/cmake_prefix_path.dsv'
[0.513s] INFO:colcon.colcon_core.shell:Creating environment hook '/home/rae/testbot_ws/install/ign_ros2_control_demos/share/ign_ros2_control_demos/hook/cmake_prefix_path.sh'
[0.513s] Level 1:colcon.colcon_core.environment:checking '/home/rae/testbot_ws/install/ign_ros2_control_demos/lib'
[0.513s] Level 1:colcon.colcon_core.environment:checking '/home/rae/testbot_ws/install/ign_ros2_control_demos/bin'
[0.513s] Level 1:colcon.colcon_core.environment:checking '/home/rae/testbot_ws/install/ign_ros2_control_demos/lib/pkgconfig/ign_ros2_control_demos.pc'
[0.514s] Level 1:colcon.colcon_core.environment:checking '/home/rae/testbot_ws/install/ign_ros2_control_demos/lib/python3.10/site-packages'
[0.514s] Level 1:colcon.colcon_core.environment:checking '/home/rae/testbot_ws/install/ign_ros2_control_demos/bin'
[0.514s] INFO:colcon.colcon_core.shell:Creating package script '/home/rae/testbot_ws/install/ign_ros2_control_demos/share/ign_ros2_control_demos/package.ps1'
[0.514s] INFO:colcon.colcon_core.shell:Creating package descriptor '/home/rae/testbot_ws/install/ign_ros2_control_demos/share/ign_ros2_control_demos/package.dsv'
[0.515s] INFO:colcon.colcon_core.shell:Creating package script '/home/rae/testbot_ws/install/ign_ros2_control_demos/share/ign_ros2_control_demos/package.sh'
[0.515s] INFO:colcon.colcon_core.shell:Creating package script '/home/rae/testbot_ws/install/ign_ros2_control_demos/share/ign_ros2_control_demos/package.bash'
[0.515s] INFO:colcon.colcon_core.shell:Creating package script '/home/rae/testbot_ws/install/ign_ros2_control_demos/share/ign_ros2_control_demos/package.zsh'
[0.515s] Level 1:colcon.colcon_core.environment:create_file_with_runtime_dependencies(/home/rae/testbot_ws/install/ign_ros2_control_demos/share/colcon-core/packages/ign_ros2_control_demos)
[0.523s] Level 1:colcon.colcon_core.environment:create_environment_scripts_only(gz_ros2_control_tests)
[0.523s] Level 1:colcon.colcon_core.environment:checking '/home/rae/testbot_ws/install/gz_ros2_control_tests' for CMake module files
[0.524s] Level 1:colcon.colcon_core.environment:checking '/home/rae/testbot_ws/install/gz_ros2_control_tests' for CMake config files
[0.524s] Level 1:colcon.colcon_core.shell:create_environment_hook('gz_ros2_control_tests', 'cmake_prefix_path')
[0.524s] INFO:colcon.colcon_core.shell:Creating environment hook '/home/rae/testbot_ws/install/gz_ros2_control_tests/share/gz_ros2_control_tests/hook/cmake_prefix_path.ps1'
[0.524s] INFO:colcon.colcon_core.shell:Creating environment descriptor '/home/rae/testbot_ws/install/gz_ros2_control_tests/share/gz_ros2_control_tests/hook/cmake_prefix_path.dsv'
[0.525s] INFO:colcon.colcon_core.shell:Creating environment hook '/home/rae/testbot_ws/install/gz_ros2_control_tests/share/gz_ros2_control_tests/hook/cmake_prefix_path.sh'
[0.525s] Level 1:colcon.colcon_core.environment:checking '/home/rae/testbot_ws/install/gz_ros2_control_tests/lib'
[0.525s] Level 1:colcon.colcon_core.environment:checking '/home/rae/testbot_ws/install/gz_ros2_control_tests/bin'
[0.525s] Level 1:colcon.colcon_core.environment:checking '/home/rae/testbot_ws/install/gz_ros2_control_tests/lib/pkgconfig/gz_ros2_control_tests.pc'
[0.525s] Level 1:colcon.colcon_core.environment:checking '/home/rae/testbot_ws/install/gz_ros2_control_tests/lib/python3.10/site-packages'
[0.526s] Level 1:colcon.colcon_core.environment:checking '/home/rae/testbot_ws/install/gz_ros2_control_tests/bin'
[0.526s] INFO:colcon.colcon_core.shell:Creating package script '/home/rae/testbot_ws/install/gz_ros2_control_tests/share/gz_ros2_control_tests/package.ps1'
[0.526s] INFO:colcon.colcon_core.shell:Creating package descriptor '/home/rae/testbot_ws/install/gz_ros2_control_tests/share/gz_ros2_control_tests/package.dsv'
[0.526s] INFO:colcon.colcon_core.shell:Creating package script '/home/rae/testbot_ws/install/gz_ros2_control_tests/share/gz_ros2_control_tests/package.sh'
[0.527s] INFO:colcon.colcon_core.shell:Creating package script '/home/rae/testbot_ws/install/gz_ros2_control_tests/share/gz_ros2_control_tests/package.bash'
[0.527s] INFO:colcon.colcon_core.shell:Creating package script '/home/rae/testbot_ws/install/gz_ros2_control_tests/share/gz_ros2_control_tests/package.zsh'
[0.527s] Level 1:colcon.colcon_core.environment:create_file_with_runtime_dependencies(/home/rae/testbot_ws/install/gz_ros2_control_tests/share/colcon-core/packages/gz_ros2_control_tests)
[0.541s] Level 1:colcon.colcon_core.environment:create_environment_scripts_only(ign_ros2_control_demos)
[0.541s] Level 1:colcon.colcon_core.environment:checking '/home/rae/testbot_ws/install/ign_ros2_control_demos' for CMake module files
[0.542s] Level 1:colcon.colcon_core.environment:checking '/home/rae/testbot_ws/install/ign_ros2_control_demos' for CMake config files
[0.542s] Level 1:colcon.colcon_core.shell:create_environment_hook('ign_ros2_control_demos', 'cmake_prefix_path')
[0.542s] INFO:colcon.colcon_core.shell:Creating environment hook '/home/rae/testbot_ws/install/ign_ros2_control_demos/share/ign_ros2_control_demos/hook/cmake_prefix_path.ps1'
[0.543s] INFO:colcon.colcon_core.shell:Creating environment descriptor '/home/rae/testbot_ws/install/ign_ros2_control_demos/share/ign_ros2_control_demos/hook/cmake_prefix_path.dsv'
[0.543s] INFO:colcon.colcon_core.shell:Creating environment hook '/home/rae/testbot_ws/install/ign_ros2_control_demos/share/ign_ros2_control_demos/hook/cmake_prefix_path.sh'
[0.544s] Level 1:colcon.colcon_core.environment:checking '/home/rae/testbot_ws/install/ign_ros2_control_demos/lib'
[0.544s] Level 1:colcon.colcon_core.environment:checking '/home/rae/testbot_ws/install/ign_ros2_control_demos/bin'
[0.544s] Level 1:colcon.colcon_core.environment:checking '/home/rae/testbot_ws/install/ign_ros2_control_demos/lib/pkgconfig/ign_ros2_control_demos.pc'
[0.544s] Level 1:colcon.colcon_core.environment:checking '/home/rae/testbot_ws/install/ign_ros2_control_demos/lib/python3.10/site-packages'
[0.544s] Level 1:colcon.colcon_core.environment:checking '/home/rae/testbot_ws/install/ign_ros2_control_demos/bin'
[0.545s] INFO:colcon.colcon_core.shell:Creating package script '/home/rae/testbot_ws/install/ign_ros2_control_demos/share/ign_ros2_control_demos/package.ps1'
[0.545s] INFO:colcon.colcon_core.shell:Creating package descriptor '/home/rae/testbot_ws/install/ign_ros2_control_demos/share/ign_ros2_control_demos/package.dsv'
[0.545s] INFO:colcon.colcon_core.shell:Creating package script '/home/rae/testbot_ws/install/ign_ros2_control_demos/share/ign_ros2_control_demos/package.sh'
[0.546s] INFO:colcon.colcon_core.shell:Creating package script '/home/rae/testbot_ws/install/ign_ros2_control_demos/share/ign_ros2_control_demos/package.bash'
[0.546s] INFO:colcon.colcon_core.shell:Creating package script '/home/rae/testbot_ws/install/ign_ros2_control_demos/share/ign_ros2_control_demos/package.zsh'
[0.547s] Level 1:colcon.colcon_core.environment:create_file_with_runtime_dependencies(/home/rae/testbot_ws/install/ign_ros2_control_demos/share/colcon-core/packages/ign_ros2_control_demos)
[0.698s] DEBUG:colcon.colcon_core.event_handler.log_command:Invoked command in '/home/rae/testbot_ws/build/testbot' returned '0': CMAKE_PREFIX_PATH=${CMAKE_PREFIX_PATH}:/opt/ros/humble /usr/bin/cmake --build /home/rae/testbot_ws/build/testbot -- -j8 -l8
[0.717s] DEBUG:colcon.colcon_core.event_handler.log_command:Invoking command in '/home/rae/testbot_ws/build/testbot': CMAKE_PREFIX_PATH=${CMAKE_PREFIX_PATH}:/opt/ros/humble /usr/bin/cmake --install /home/rae/testbot_ws/build/testbot
[0.736s] Level 1:colcon.colcon_core.environment:create_environment_scripts_only(testbot)
[0.737s] Level 1:colcon.colcon_core.environment:checking '/home/rae/testbot_ws/install/testbot' for CMake module files
[0.737s] DEBUG:colcon.colcon_core.event_handler.log_command:Invoked command in '/home/rae/testbot_ws/build/testbot' returned '0': CMAKE_PREFIX_PATH=${CMAKE_PREFIX_PATH}:/opt/ros/humble /usr/bin/cmake --install /home/rae/testbot_ws/build/testbot
[0.737s] Level 1:colcon.colcon_core.environment:checking '/home/rae/testbot_ws/install/testbot' for CMake config files
[0.737s] Level 1:colcon.colcon_core.shell:create_environment_hook('testbot', 'cmake_prefix_path')
[0.738s] INFO:colcon.colcon_core.shell:Creating environment hook '/home/rae/testbot_ws/install/testbot/share/testbot/hook/cmake_prefix_path.ps1'
[0.738s] INFO:colcon.colcon_core.shell:Creating environment descriptor '/home/rae/testbot_ws/install/testbot/share/testbot/hook/cmake_prefix_path.dsv'
[0.738s] INFO:colcon.colcon_core.shell:Creating environment hook '/home/rae/testbot_ws/install/testbot/share/testbot/hook/cmake_prefix_path.sh'
[0.739s] Level 1:colcon.colcon_core.environment:checking '/home/rae/testbot_ws/install/testbot/bin'
[0.739s] Level 1:colcon.colcon_core.environment:checking '/home/rae/testbot_ws/install/testbot/lib/pkgconfig/testbot.pc'
[0.739s] Level 1:colcon.colcon_core.environment:checking '/home/rae/testbot_ws/install/testbot/lib/python3.10/site-packages'
[0.739s] Level 1:colcon.colcon_core.environment:checking '/home/rae/testbot_ws/install/testbot/bin'
[0.739s] INFO:colcon.colcon_core.shell:Creating package script '/home/rae/testbot_ws/install/testbot/share/testbot/package.ps1'
[0.740s] INFO:colcon.colcon_core.shell:Creating package descriptor '/home/rae/testbot_ws/install/testbot/share/testbot/package.dsv'
[0.740s] INFO:colcon.colcon_core.shell:Creating package script '/home/rae/testbot_ws/install/testbot/share/testbot/package.sh'
[0.740s] INFO:colcon.colcon_core.shell:Creating package script '/home/rae/testbot_ws/install/testbot/share/testbot/package.bash'
[0.740s] INFO:colcon.colcon_core.shell:Creating package script '/home/rae/testbot_ws/install/testbot/share/testbot/package.zsh'
[0.740s] Level 1:colcon.colcon_core.environment:create_file_with_runtime_dependencies(/home/rae/testbot_ws/install/testbot/share/colcon-core/packages/testbot)
[0.759s] Level 1:colcon.colcon_core.environment:create_environment_scripts_only(testbot)
[0.759s] Level 1:colcon.colcon_core.environment:checking '/home/rae/testbot_ws/install/testbot' for CMake module files
[0.759s] Level 1:colcon.colcon_core.environment:checking '/home/rae/testbot_ws/install/testbot' for CMake config files
[0.760s] Level 1:colcon.colcon_core.shell:create_environment_hook('testbot', 'cmake_prefix_path')
[0.760s] INFO:colcon.colcon_core.shell:Creating environment hook '/home/rae/testbot_ws/install/testbot/share/testbot/hook/cmake_prefix_path.ps1'
[0.760s] INFO:colcon.colcon_core.shell:Creating environment descriptor '/home/rae/testbot_ws/install/testbot/share/testbot/hook/cmake_prefix_path.dsv'
[0.761s] INFO:colcon.colcon_core.shell:Creating environment hook '/home/rae/testbot_ws/install/testbot/share/testbot/hook/cmake_prefix_path.sh'
[0.762s] Level 1:colcon.colcon_core.environment:checking '/home/rae/testbot_ws/install/testbot/bin'
[0.762s] Level 1:colcon.colcon_core.environment:checking '/home/rae/testbot_ws/install/testbot/lib/pkgconfig/testbot.pc'
[0.762s] Level 1:colcon.colcon_core.environment:checking '/home/rae/testbot_ws/install/testbot/lib/python3.10/site-packages'
[0.762s] Level 1:colcon.colcon_core.environment:checking '/home/rae/testbot_ws/install/testbot/bin'
[0.762s] INFO:colcon.colcon_core.shell:Creating package script '/home/rae/testbot_ws/install/testbot/share/testbot/package.ps1'
[0.763s] INFO:colcon.colcon_core.shell:Creating package descriptor '/home/rae/testbot_ws/install/testbot/share/testbot/package.dsv'
[0.763s] INFO:colcon.colcon_core.shell:Creating package script '/home/rae/testbot_ws/install/testbot/share/testbot/package.sh'
[0.764s] INFO:colcon.colcon_core.shell:Creating package script '/home/rae/testbot_ws/install/testbot/share/testbot/package.bash'
[0.764s] INFO:colcon.colcon_core.shell:Creating package script '/home/rae/testbot_ws/install/testbot/share/testbot/package.zsh'
[0.764s] Level 1:colcon.colcon_core.environment:create_file_with_runtime_dependencies(/home/rae/testbot_ws/install/testbot/share/colcon-core/packages/testbot)
[0.764s] DEBUG:colcon.colcon_parallel_executor.executor.parallel:closing loop
[0.765s] DEBUG:colcon.colcon_parallel_executor.executor.parallel:loop closed
[0.765s] DEBUG:colcon.colcon_parallel_executor.executor.parallel:run_until_complete finished with '0'
[0.765s] DEBUG:colcon.colcon_core.event_reactor:joining thread
[0.769s] INFO:colcon.colcon_core.plugin_system:Skipping extension 'colcon_notification.desktop_notification.terminal_notifier': Not used on non-Darwin systems
[0.769s] INFO:colcon.colcon_core.plugin_system:Skipping extension 'colcon_notification.desktop_notification.win32': Not used on non-Windows systems
[0.769s] INFO:colcon.colcon_notification.desktop_notification:Sending desktop notification using 'notify2'
[0.784s] DEBUG:colcon.colcon_core.event_reactor:joined thread
[0.785s] INFO:colcon.colcon_core.shell:Creating prefix script '/home/rae/testbot_ws/install/local_setup.ps1'
[0.786s] INFO:colcon.colcon_core.shell:Creating prefix util module '/home/rae/testbot_ws/install/_local_setup_util_ps1.py'
[0.787s] INFO:colcon.colcon_core.shell:Creating prefix chain script '/home/rae/testbot_ws/install/setup.ps1'
[0.788s] INFO:colcon.colcon_core.shell:Creating prefix script '/home/rae/testbot_ws/install/local_setup.sh'
[0.788s] INFO:colcon.colcon_core.shell:Creating prefix util module '/home/rae/testbot_ws/install/_local_setup_util_sh.py'
[0.788s] INFO:colcon.colcon_core.shell:Creating prefix chain script '/home/rae/testbot_ws/install/setup.sh'
[0.789s] INFO:colcon.colcon_core.shell:Creating prefix script '/home/rae/testbot_ws/install/local_setup.bash'
[0.789s] INFO:colcon.colcon_core.shell:Creating prefix chain script '/home/rae/testbot_ws/install/setup.bash'
[0.790s] INFO:colcon.colcon_core.shell:Creating prefix script '/home/rae/testbot_ws/install/local_setup.zsh'
[0.790s] INFO:colcon.colcon_core.shell:Creating prefix chain script '/home/rae/testbot_ws/install/setup.zsh'
