[0.064s] DEBUG:colcon:Command line arguments: ['/usr/bin/colcon', 'build']
[0.065s] DEBUG:colcon:Parsed command line arguments: Namespace(log_base=None, log_level=None, verb_name='build', build_base='build', install_base='install', merge_install=False, symlink_install=False, test_result_base=None, continue_on_error=False, executor='parallel', parallel_workers=8, event_handlers=None, ignore_user_meta=False, metas=['./colcon.meta'], base_paths=['.'], packages_ignore=None, packages_ignore_regex=None, paths=None, packages_up_to=None, packages_up_to_regex=None, packages_above=None, packages_above_and_dependencies=None, packages_above_depth=None, packages_select_by_dep=None, packages_skip_by_dep=None, packages_skip_up_to=None, packages_select_build_failed=False, packages_skip_build_finished=False, packages_select_test_failures=False, packages_skip_test_passed=False, packages_select=None, packages_skip=None, packages_select_regex=None, packages_skip_regex=None, packages_start=None, packages_end=None, allow_overriding=[], cmake_args=None, cmake_target=None, cmake_target_skip_unavailable=False, cmake_clean_cache=False, cmake_clean_first=False, cmake_force_configure=False, ament_cmake_args=None, catkin_cmake_args=None, catkin_skip_building_tests=False, verb_parser=<colcon_defaults.argument_parser.defaults.DefaultArgumentsDecorator object at 0x75d4908b45e0>, verb_extension=<colcon_core.verb.build.BuildVerb object at 0x75d4908b4160>, main=<bound method BuildVerb.main of <colcon_core.verb.build.BuildVerb object at 0x75d4908b4160>>)
[0.162s] Level 1:colcon.colcon_core.package_discovery:discover_packages(colcon_meta) check parameters
[0.162s] Level 1:colcon.colcon_core.package_discovery:discover_packages(recursive) check parameters
[0.162s] Level 1:colcon.colcon_core.package_discovery:discover_packages(ignore) check parameters
[0.162s] Level 1:colcon.colcon_core.package_discovery:discover_packages(path) check parameters
[0.162s] Level 1:colcon.colcon_core.package_discovery:discover_packages(colcon_meta) discover
[0.162s] Level 1:colcon.colcon_core.package_discovery:discover_packages(recursive) discover
[0.162s] INFO:colcon.colcon_core.package_discovery:Crawling recursively for packages in '/home/rae/testbot_ws'
[0.162s] Level 1:colcon.colcon_core.package_identification:_identify(.) by extensions ['ignore', 'ignore_ament_install']
[0.162s] Level 1:colcon.colcon_core.package_identification:_identify(.) by extension 'ignore'
[0.163s] Level 1:colcon.colcon_core.package_identification:_identify(.) by extension 'ignore_ament_install'
[0.163s] Level 1:colcon.colcon_core.package_identification:_identify(.) by extensions ['colcon_pkg']
[0.163s] Level 1:colcon.colcon_core.package_identification:_identify(.) by extension 'colcon_pkg'
[0.163s] Level 1:colcon.colcon_core.package_identification:_identify(.) by extensions ['colcon_meta']
[0.163s] Level 1:colcon.colcon_core.package_identification:_identify(.) by extension 'colcon_meta'
[0.163s] Level 1:colcon.colcon_core.package_identification:_identify(.) by extensions ['ros']
[0.163s] Level 1:colcon.colcon_core.package_identification:_identify(.) by extension 'ros'
[0.170s] Level 1:colcon.colcon_core.package_identification:_identify(.) by extensions ['cmake', 'python']
[0.170s] Level 1:colcon.colcon_core.package_identification:_identify(.) by extension 'cmake'
[0.170s] Level 1:colcon.colcon_core.package_identification:_identify(.) by extension 'python'
[0.170s] Level 1:colcon.colcon_core.package_identification:_identify(.) by extensions ['python_setup_py']
[0.171s] Level 1:colcon.colcon_core.package_identification:_identify(.) by extension 'python_setup_py'
[0.171s] Level 1:colcon.colcon_core.package_identification:_identify(build) by extensions ['ignore', 'ignore_ament_install']
[0.171s] Level 1:colcon.colcon_core.package_identification:_identify(build) by extension 'ignore'
[0.171s] Level 1:colcon.colcon_core.package_identification:_identify(build) ignored
[0.171s] Level 1:colcon.colcon_core.package_identification:_identify(install) by extensions ['ignore', 'ignore_ament_install']
[0.171s] Level 1:colcon.colcon_core.package_identification:_identify(install) by extension 'ignore'
[0.171s] Level 1:colcon.colcon_core.package_identification:_identify(install) ignored
[0.171s] Level 1:colcon.colcon_core.package_identification:_identify(log) by extensions ['ignore', 'ignore_ament_install']
[0.171s] Level 1:colcon.colcon_core.package_identification:_identify(log) by extension 'ignore'
[0.171s] Level 1:colcon.colcon_core.package_identification:_identify(log) ignored
[0.171s] Level 1:colcon.colcon_core.package_identification:_identify(src) by extensions ['ignore', 'ignore_ament_install']
[0.171s] Level 1:colcon.colcon_core.package_identification:_identify(src) by extension 'ignore'
[0.171s] Level 1:colcon.colcon_core.package_identification:_identify(src) by extension 'ignore_ament_install'
[0.171s] Level 1:colcon.colcon_core.package_identification:_identify(src) by extensions ['colcon_pkg']
[0.171s] Level 1:colcon.colcon_core.package_identification:_identify(src) by extension 'colcon_pkg'
[0.171s] Level 1:colcon.colcon_core.package_identification:_identify(src) by extensions ['colcon_meta']
[0.171s] Level 1:colcon.colcon_core.package_identification:_identify(src) by extension 'colcon_meta'
[0.171s] Level 1:colcon.colcon_core.package_identification:_identify(src) by extensions ['ros']
[0.171s] Level 1:colcon.colcon_core.package_identification:_identify(src) by extension 'ros'
[0.171s] Level 1:colcon.colcon_core.package_identification:_identify(src) by extensions ['cmake', 'python']
[0.171s] Level 1:colcon.colcon_core.package_identification:_identify(src) by extension 'cmake'
[0.171s] Level 1:colcon.colcon_core.package_identification:_identify(src) by extension 'python'
[0.171s] Level 1:colcon.colcon_core.package_identification:_identify(src) by extensions ['python_setup_py']
[0.171s] Level 1:colcon.colcon_core.package_identification:_identify(src) by extension 'python_setup_py'
[0.172s] Level 1:colcon.colcon_core.package_identification:_identify(src/testbot) by extensions ['ignore', 'ignore_ament_install']
[0.172s] Level 1:colcon.colcon_core.package_identification:_identify(src/testbot) by extension 'ignore'
[0.172s] Level 1:colcon.colcon_core.package_identification:_identify(src/testbot) by extension 'ignore_ament_install'
[0.172s] Level 1:colcon.colcon_core.package_identification:_identify(src/testbot) by extensions ['colcon_pkg']
[0.172s] Level 1:colcon.colcon_core.package_identification:_identify(src/testbot) by extension 'colcon_pkg'
[0.172s] Level 1:colcon.colcon_core.package_identification:_identify(src/testbot) by extensions ['colcon_meta']
[0.172s] Level 1:colcon.colcon_core.package_identification:_identify(src/testbot) by extension 'colcon_meta'
[0.172s] Level 1:colcon.colcon_core.package_identification:_identify(src/testbot) by extensions ['ros']
[0.172s] Level 1:colcon.colcon_core.package_identification:_identify(src/testbot) by extension 'ros'
[0.174s] DEBUG:colcon.colcon_core.package_identification:Package 'src/testbot' with type 'ros.ament_cmake' and name 'testbot'
[0.174s] Level 1:colcon.colcon_core.package_discovery:discover_packages(recursive) using defaults
[0.174s] Level 1:colcon.colcon_core.package_discovery:discover_packages(ignore) discover
[0.174s] Level 1:colcon.colcon_core.package_discovery:discover_packages(ignore) using defaults
[0.174s] Level 1:colcon.colcon_core.package_discovery:discover_packages(path) discover
[0.174s] Level 1:colcon.colcon_core.package_discovery:discover_packages(path) using defaults
[0.186s] Level 1:colcon.colcon_core.package_discovery:discover_packages(prefix_path) check parameters
[0.186s] Level 1:colcon.colcon_core.package_discovery:discover_packages(prefix_path) discover
[0.187s] DEBUG:colcon.colcon_installed_package_information.package_discovery:Found 1 installed packages in /home/rae/testbot_ws/install
[0.188s] DEBUG:colcon.colcon_installed_package_information.package_discovery:Found 2 installed packages in /home/rae/test_ws/install
[0.189s] DEBUG:colcon.colcon_installed_package_information.package_discovery:Found 379 installed packages in /opt/ros/humble
[0.190s] Level 1:colcon.colcon_core.package_discovery:discover_packages(prefix_path) using defaults
[0.227s] Level 5:colcon.colcon_core.verb:set package 'testbot' build argument 'cmake_args' from command line to 'None'
[0.227s] Level 5:colcon.colcon_core.verb:set package 'testbot' build argument 'cmake_target' from command line to 'None'
[0.227s] Level 5:colcon.colcon_core.verb:set package 'testbot' build argument 'cmake_target_skip_unavailable' from command line to 'False'
[0.227s] Level 5:colcon.colcon_core.verb:set package 'testbot' build argument 'cmake_clean_cache' from command line to 'False'
[0.227s] Level 5:colcon.colcon_core.verb:set package 'testbot' build argument 'cmake_clean_first' from command line to 'False'
[0.227s] Level 5:colcon.colcon_core.verb:set package 'testbot' build argument 'cmake_force_configure' from command line to 'False'
[0.227s] Level 5:colcon.colcon_core.verb:set package 'testbot' build argument 'ament_cmake_args' from command line to 'None'
[0.227s] Level 5:colcon.colcon_core.verb:set package 'testbot' build argument 'catkin_cmake_args' from command line to 'None'
[0.227s] Level 5:colcon.colcon_core.verb:set package 'testbot' build argument 'catkin_skip_building_tests' from command line to 'False'
[0.227s] DEBUG:colcon.colcon_core.verb:Building package 'testbot' with the following arguments: {'ament_cmake_args': None, 'build_base': '/home/rae/testbot_ws/build/testbot', 'catkin_cmake_args': None, 'catkin_skip_building_tests': False, 'cmake_args': None, 'cmake_clean_cache': False, 'cmake_clean_first': False, 'cmake_force_configure': False, 'cmake_target': None, 'cmake_target_skip_unavailable': False, 'install_base': '/home/rae/testbot_ws/install/testbot', 'merge_install': False, 'path': '/home/rae/testbot_ws/src/testbot', 'symlink_install': False, 'test_result_base': None}
[0.227s] INFO:colcon.colcon_core.executor:Executing jobs using 'parallel' executor
[0.228s] DEBUG:colcon.colcon_parallel_executor.executor.parallel:run_until_complete
[0.228s] INFO:colcon.colcon_ros.task.ament_cmake.build:Building ROS package in '/home/rae/testbot_ws/src/testbot' with build type 'ament_cmake'
[0.228s] INFO:colcon.colcon_cmake.task.cmake.build:Building CMake package in '/home/rae/testbot_ws/src/testbot'
[0.230s] INFO:colcon.colcon_core.plugin_system:Skipping extension 'colcon_core.shell.bat': Not used on non-Windows systems
[0.230s] INFO:colcon.colcon_core.shell:Skip shell extension 'powershell' for command environment: Not usable outside of PowerShell
[0.230s] DEBUG:colcon.colcon_core.shell:Skip shell extension 'dsv' for command environment
[0.237s] DEBUG:colcon.colcon_core.event_handler.log_command:Invoking command in '/home/rae/testbot_ws/build/testbot': CMAKE_PREFIX_PATH=${CMAKE_PREFIX_PATH}:/opt/ros/humble /usr/bin/cmake --build /home/rae/testbot_ws/build/testbot -- -j8 -l8
[0.608s] DEBUG:colcon.colcon_core.event_handler.log_command:Invoked command in '/home/rae/testbot_ws/build/testbot' returned '0': CMAKE_PREFIX_PATH=${CMAKE_PREFIX_PATH}:/opt/ros/humble /usr/bin/cmake --build /home/rae/testbot_ws/build/testbot -- -j8 -l8
[0.636s] DEBUG:colcon.colcon_core.event_handler.log_command:Invoking command in '/home/rae/testbot_ws/build/testbot': CMAKE_PREFIX_PATH=${CMAKE_PREFIX_PATH}:/opt/ros/humble /usr/bin/cmake --install /home/rae/testbot_ws/build/testbot
[0.645s] Level 1:colcon.colcon_core.environment:create_environment_scripts_only(testbot)
[0.646s] DEBUG:colcon.colcon_core.event_handler.log_command:Invoked command in '/home/rae/testbot_ws/build/testbot' returned '0': CMAKE_PREFIX_PATH=${CMAKE_PREFIX_PATH}:/opt/ros/humble /usr/bin/cmake --install /home/rae/testbot_ws/build/testbot
[0.648s] Level 1:colcon.colcon_core.environment:checking '/home/rae/testbot_ws/install/testbot' for CMake module files
[0.649s] Level 1:colcon.colcon_core.environment:checking '/home/rae/testbot_ws/install/testbot' for CMake config files
[0.649s] Level 1:colcon.colcon_core.shell:create_environment_hook('testbot', 'cmake_prefix_path')
[0.649s] INFO:colcon.colcon_core.shell:Creating environment hook '/home/rae/testbot_ws/install/testbot/share/testbot/hook/cmake_prefix_path.ps1'
[0.650s] INFO:colcon.colcon_core.shell:Creating environment descriptor '/home/rae/testbot_ws/install/testbot/share/testbot/hook/cmake_prefix_path.dsv'
[0.650s] INFO:colcon.colcon_core.shell:Creating environment hook '/home/rae/testbot_ws/install/testbot/share/testbot/hook/cmake_prefix_path.sh'
[0.651s] Level 1:colcon.colcon_core.environment:checking '/home/rae/testbot_ws/install/testbot/bin'
[0.651s] Level 1:colcon.colcon_core.environment:checking '/home/rae/testbot_ws/install/testbot/lib/pkgconfig/testbot.pc'
[0.652s] Level 1:colcon.colcon_core.environment:checking '/home/rae/testbot_ws/install/testbot/lib/python3.10/site-packages'
[0.652s] Level 1:colcon.colcon_core.environment:checking '/home/rae/testbot_ws/install/testbot/bin'
[0.652s] INFO:colcon.colcon_core.shell:Creating package script '/home/rae/testbot_ws/install/testbot/share/testbot/package.ps1'
[0.653s] INFO:colcon.colcon_core.shell:Creating package descriptor '/home/rae/testbot_ws/install/testbot/share/testbot/package.dsv'
[0.653s] INFO:colcon.colcon_core.shell:Creating package script '/home/rae/testbot_ws/install/testbot/share/testbot/package.sh'
[0.654s] INFO:colcon.colcon_core.shell:Creating package script '/home/rae/testbot_ws/install/testbot/share/testbot/package.bash'
[0.655s] INFO:colcon.colcon_core.shell:Creating package script '/home/rae/testbot_ws/install/testbot/share/testbot/package.zsh'
[0.656s] Level 1:colcon.colcon_core.environment:create_file_with_runtime_dependencies(/home/rae/testbot_ws/install/testbot/share/colcon-core/packages/testbot)
[0.672s] Level 1:colcon.colcon_core.environment:create_environment_scripts_only(testbot)
[0.673s] Level 1:colcon.colcon_core.environment:checking '/home/rae/testbot_ws/install/testbot' for CMake module files
[0.673s] Level 1:colcon.colcon_core.environment:checking '/home/rae/testbot_ws/install/testbot' for CMake config files
[0.673s] Level 1:colcon.colcon_core.shell:create_environment_hook('testbot', 'cmake_prefix_path')
[0.673s] INFO:colcon.colcon_core.shell:Creating environment hook '/home/rae/testbot_ws/install/testbot/share/testbot/hook/cmake_prefix_path.ps1'
[0.674s] INFO:colcon.colcon_core.shell:Creating environment descriptor '/home/rae/testbot_ws/install/testbot/share/testbot/hook/cmake_prefix_path.dsv'
[0.674s] INFO:colcon.colcon_core.shell:Creating environment hook '/home/rae/testbot_ws/install/testbot/share/testbot/hook/cmake_prefix_path.sh'
[0.675s] Level 1:colcon.colcon_core.environment:checking '/home/rae/testbot_ws/install/testbot/bin'
[0.675s] Level 1:colcon.colcon_core.environment:checking '/home/rae/testbot_ws/install/testbot/lib/pkgconfig/testbot.pc'
[0.675s] Level 1:colcon.colcon_core.environment:checking '/home/rae/testbot_ws/install/testbot/lib/python3.10/site-packages'
[0.675s] Level 1:colcon.colcon_core.environment:checking '/home/rae/testbot_ws/install/testbot/bin'
[0.675s] INFO:colcon.colcon_core.shell:Creating package script '/home/rae/testbot_ws/install/testbot/share/testbot/package.ps1'
[0.676s] INFO:colcon.colcon_core.shell:Creating package descriptor '/home/rae/testbot_ws/install/testbot/share/testbot/package.dsv'
[0.676s] INFO:colcon.colcon_core.shell:Creating package script '/home/rae/testbot_ws/install/testbot/share/testbot/package.sh'
[0.676s] INFO:colcon.colcon_core.shell:Creating package script '/home/rae/testbot_ws/install/testbot/share/testbot/package.bash'
[0.677s] INFO:colcon.colcon_core.shell:Creating package script '/home/rae/testbot_ws/install/testbot/share/testbot/package.zsh'
[0.677s] Level 1:colcon.colcon_core.environment:create_file_with_runtime_dependencies(/home/rae/testbot_ws/install/testbot/share/colcon-core/packages/testbot)
[0.677s] DEBUG:colcon.colcon_parallel_executor.executor.parallel:closing loop
[0.677s] DEBUG:colcon.colcon_parallel_executor.executor.parallel:loop closed
[0.677s] DEBUG:colcon.colcon_parallel_executor.executor.parallel:run_until_complete finished with '0'
[0.678s] DEBUG:colcon.colcon_core.event_reactor:joining thread
[0.681s] INFO:colcon.colcon_core.plugin_system:Skipping extension 'colcon_notification.desktop_notification.terminal_notifier': Not used on non-Darwin systems
[0.681s] INFO:colcon.colcon_core.plugin_system:Skipping extension 'colcon_notification.desktop_notification.win32': Not used on non-Windows systems
[0.681s] INFO:colcon.colcon_notification.desktop_notification:Sending desktop notification using 'notify2'
[0.691s] DEBUG:colcon.colcon_core.event_reactor:joined thread
[0.691s] INFO:colcon.colcon_core.shell:Creating prefix script '/home/rae/testbot_ws/install/local_setup.ps1'
[0.692s] INFO:colcon.colcon_core.shell:Creating prefix util module '/home/rae/testbot_ws/install/_local_setup_util_ps1.py'
[0.693s] INFO:colcon.colcon_core.shell:Creating prefix chain script '/home/rae/testbot_ws/install/setup.ps1'
[0.694s] INFO:colcon.colcon_core.shell:Creating prefix script '/home/rae/testbot_ws/install/local_setup.sh'
[0.694s] INFO:colcon.colcon_core.shell:Creating prefix util module '/home/rae/testbot_ws/install/_local_setup_util_sh.py'
[0.695s] INFO:colcon.colcon_core.shell:Creating prefix chain script '/home/rae/testbot_ws/install/setup.sh'
[0.696s] INFO:colcon.colcon_core.shell:Creating prefix script '/home/rae/testbot_ws/install/local_setup.bash'
[0.696s] INFO:colcon.colcon_core.shell:Creating prefix chain script '/home/rae/testbot_ws/install/setup.bash'
[0.696s] INFO:colcon.colcon_core.shell:Creating prefix script '/home/rae/testbot_ws/install/local_setup.zsh'
[0.697s] INFO:colcon.colcon_core.shell:Creating prefix chain script '/home/rae/testbot_ws/install/setup.zsh'
