[0.007s] Invoking command in '/home/rae/testbot_ws/build/ign_ros2_control': CMAKE_PREFIX_PATH=${CMAKE_PREFIX_PATH}:/opt/ros/humble /usr/bin/cmake /home/rae/testbot_ws/src/ign_ros2_control -DAMENT_CMAKE_SYMLINK_INSTALL=1 -DCMAKE_INSTALL_PREFIX=/home/rae/testbot_ws/install/ign_ros2_control
[0.047s] -- The C compiler identification is GNU 11.4.0
[0.091s] -- The CXX compiler identification is GNU 11.4.0
[0.096s] -- Detecting C compiler ABI info
[0.153s] -- Detecting C compiler ABI info - done
[0.160s] -- Check for working C compiler: /usr/bin/cc - skipped
[0.160s] -- Detecting C compile features
[0.160s] -- Detecting C compile features - done
[0.162s] -- Detecting CXX compiler ABI info
[0.225s] -- Detecting CXX compiler ABI info - done
[0.231s] -- Check for working CXX compiler: /usr/bin/c++ - skipped
[0.231s] -- Detecting CXX compile features
[0.232s] -- Detecting CXX compile features - done
[0.234s] -- Found ament_cmake: 1.3.9 (/opt/ros/humble/share/ament_cmake/cmake)
[0.337s] -- Found Python3: /usr/bin/python3 (found version "3.10.12") found components: Interpreter 
[0.381s] -- Override CMake install command with custom implementation using symlinks instead of copying resources
[0.399s] -- Found ament_index_cpp: 1.4.0 (/opt/ros/humble/share/ament_index_cpp/cmake)
[0.400s] -- Found controller_manager: 2.41.0 (/opt/ros/humble/share/controller_manager/cmake)
[0.433s] -- Found rosidl_generator_c: 3.1.5 (/opt/ros/humble/share/rosidl_generator_c/cmake)
[0.437s] -- Found rosidl_adapter: 3.1.5 (/opt/ros/humble/share/rosidl_adapter/cmake)
[0.443s] -- Found rosidl_generator_cpp: 3.1.5 (/opt/ros/humble/share/rosidl_generator_cpp/cmake)
[0.452s] -- Using all available rosidl_typesupport_c: rosidl_typesupport_fastrtps_c;rosidl_typesupport_introspection_c
[0.465s] -- Using all available rosidl_typesupport_cpp: rosidl_typesupport_fastrtps_cpp;rosidl_typesupport_introspection_cpp
[0.911s] -- Found rmw_implementation_cmake: 6.1.2 (/opt/ros/humble/share/rmw_implementation_cmake/cmake)
[0.913s] -- Found rmw_cyclonedds_cpp: 1.3.4 (/opt/ros/humble/share/rmw_cyclonedds_cpp/cmake)
[0.936s] -- Using RMW implementation 'rmw_cyclonedds_cpp' as default
[0.943s] -- Looking for pthread.h
[0.994s] -- Looking for pthread.h - found
[0.994s] -- Performing Test CMAKE_HAVE_LIBC_PTHREAD
[1.051s] -- Performing Test CMAKE_HAVE_LIBC_PTHREAD - Success
[1.052s] -- Found Threads: TRUE  
[1.446s] -- Found yaml_cpp_vendor: 8.0.2 (/opt/ros/humble/share/yaml_cpp_vendor/cmake)
[1.449s] -- Looking for ignition-gazebo6 -- found version 6.16.0
[1.453s] -- Searching for dependencies of ignition-gazebo6
[1.454s] -- Looking for sdformat12 -- found version 12.8.0
[1.454s] -- Searching for dependencies of sdformat12
[1.458s] -- Checking for module 'tinyxml2'
[1.467s] --   Found tinyxml2, version 9.0.0
[1.491s] -- Looking for ignition-math6 -- found version 6.15.1
[1.492s] -- Searching for dependencies of ignition-math6
[1.493s] -- Looking for ignition-utils1 -- found version 1.5.1
[1.494s] -- Searching for dependencies of ignition-utils1
[1.496s] -- Looking for ignition-plugin1 -- found version 1.4.0
[1.496s] -- Searching for dependencies of ignition-plugin1
[1.496s] -- Searching for <ignition-plugin1> component [loader]
[1.497s] -- Looking for ignition-plugin1-loader -- found version 1.4.0
[1.498s] -- Searching for dependencies of ignition-plugin1-loader
[1.498s] -- Searching for <ignition-plugin1> component [register]
[1.499s] -- Looking for ignition-plugin1-register -- found version 1.4.0
[1.500s] -- Searching for dependencies of ignition-plugin1-register
[1.502s] -- Looking for ignition-transport11 -- found version 11.4.1
[1.502s] -- Searching for dependencies of ignition-transport11
[1.517s] -- Found Protobuf: /usr/lib/x86_64-linux-gnu/libprotobuf.so (found version "3.12.4") 
[1.524s] -- Config-file not installed for ZeroMQ -- checking for pkg-config
[1.528s] -- Checking for module 'libzmq >= 4'
[1.538s] --   Found libzmq , version 4.3.4
[1.565s] -- Found ZeroMQ: TRUE (Required is at least version "4") 
[1.570s] -- Checking for module 'uuid'
[1.580s] --   Found uuid, version 2.37.2
[1.606s] -- Found UUID: TRUE  
[1.607s] -- Looking for ignition-utils1 -- found version 1.5.1
[1.607s] -- Searching for dependencies of ignition-utils1
[1.607s] -- Searching for <ignition-utils1> component [cli]
[1.609s] -- Looking for ignition-utils1-cli -- found version 1.5.1
[1.609s] -- Searching for dependencies of ignition-utils1-cli
[1.611s] -- Looking for ignition-msgs8 -- found version 8.7.0
[1.611s] -- Searching for dependencies of ignition-msgs8
[1.624s] -- Found Protobuf: /usr/lib/x86_64-linux-gnu/libprotobuf.so (found suitable version "3.12.4", minimum required is "3") 
[1.625s] -- Looking for ignition-math6 -- found version 6.15.1
[1.633s] -- Searching for <ignition-transport11> component [log]
[1.635s] -- Looking for ignition-transport11-log -- found version 11.4.1
[1.635s] -- Searching for dependencies of ignition-transport11-log
[1.635s] -- Searching for <ignition-transport11> component [parameters]
[1.637s] -- Looking for ignition-transport11-parameters -- found version 11.4.1
[1.637s] -- Searching for dependencies of ignition-transport11-parameters
[1.638s] -- Looking for ignition-msgs8 -- found version 8.7.0
[1.639s] -- Looking for ignition-common4 -- found version 4.7.0
[1.640s] -- Searching for dependencies of ignition-common4
[1.640s] -- Looking for dlfcn.h - found
[1.640s] -- Looking for libdl - found
[1.641s] -- Found DL: TRUE  
[1.648s] -- Searching for <ignition-common4> component [profiler]
[1.649s] -- Looking for ignition-common4-profiler -- found version 4.7.0
[1.649s] -- Searching for dependencies of ignition-common4-profiler
[1.650s] -- Searching for <ignition-common4> component [events]
[1.651s] -- Looking for ignition-common4-events -- found version 4.7.0
[1.652s] -- Searching for dependencies of ignition-common4-events
[1.652s] -- Looking for ignition-math6 -- found version 6.15.1
[1.653s] -- Searching for <ignition-common4> component [av]
[1.654s] -- Looking for ignition-common4-av -- found version 4.7.0
[1.654s] -- Searching for dependencies of ignition-common4-av
[1.658s] -- Checking for module 'libswscale'
[1.668s] --   Found libswscale, version 5.9.100
[1.694s] -- Found SWSCALE: TRUE  
[1.698s] -- Checking for module 'libavdevice >= 56.4.100'
[1.708s] --   Found libavdevice , version 58.13.100
[1.747s] -- Found AVDEVICE: TRUE (Required is at least version "56.4.100") 
[1.753s] -- Checking for module 'libavformat'
[1.767s] --   Found libavformat, version 58.76.100
[1.812s] -- Found AVFORMAT: TRUE  
[1.819s] -- Checking for module 'libavcodec'
[1.833s] --   Found libavcodec, version 58.134.100
[1.871s] -- Found AVCODEC: TRUE  
[1.878s] -- Checking for module 'libavutil'
[1.893s] --   Found libavutil, version 56.70.100
[1.945s] -- Found AVUTIL: TRUE  
[1.949s] -- Looking for ignition-fuel_tools7 -- found version 7.3.0
[1.950s] -- Searching for dependencies of ignition-fuel_tools7
[2.018s] -- Found CURL: /usr/lib/x86_64-linux-gnu/libcurl.so (found version "7.81.0")  
[2.026s] -- Checking for module 'jsoncpp'
[2.037s] --   Found jsoncpp, version 1.9.5
[2.072s] -- Found JSONCPP: TRUE  
[2.078s] -- Checking for module 'libzip'
[2.092s] --   Found libzip, version 1.7.3
[2.144s] -- Found ZIP: TRUE  
[2.145s] -- Looking for ignition-common4 -- found version 4.7.0
[2.145s] -- Looking for ignition-math6 -- found version 6.15.1
[2.146s] -- Looking for ignition-msgs8 -- found version 8.7.0
[2.150s] -- Looking for ignition-gui6 -- found version 6.8.0
[2.150s] -- Searching for dependencies of ignition-gui6
[2.170s] -- Looking for ignition-math6 -- found version 6.15.1
[2.170s] -- Looking for ignition-common4 -- found version 4.7.0
[2.171s] -- Looking for ignition-plugin1 -- found version 1.4.0
[2.171s] -- Looking for ignition-transport11 -- found version 11.4.1
[2.172s] -- Looking for ignition-rendering6 -- found version 6.6.3
[2.173s] -- Searching for dependencies of ignition-rendering6
[2.173s] -- Looking for ignition-math6 -- found version 6.15.1
[2.173s] -- Searching for dependencies of ignition-math6
[2.173s] -- Searching for <ignition-math6> component [eigen3]
[2.175s] -- Looking for ignition-math6-eigen3 -- found version 6.15.1
[2.175s] -- Searching for dependencies of ignition-math6-eigen3
[2.180s] -- Looking for ignition-common4 -- found version 4.7.0
[2.181s] -- Searching for dependencies of ignition-common4
[2.181s] -- Looking for dlfcn.h - found
[2.181s] -- Looking for libdl - found
[2.188s] -- Searching for <ignition-common4> component [graphics]
[2.189s] -- Looking for ignition-common4-graphics -- found version 4.7.0
[2.190s] -- Searching for dependencies of ignition-common4-graphics
[2.190s] -- Looking for ignition-math6 -- found version 6.15.1
[2.190s] -- Looking for ignition-utils1 -- found version 1.5.1
[2.191s] -- Searching for <ignition-common4> component [events]
[2.192s] -- Looking for ignition-plugin1 -- found version 1.4.0
[2.192s] -- Searching for dependencies of ignition-plugin1
[2.192s] -- Searching for <ignition-plugin1> component [all]
[2.193s] -- Looking for all libraries of ignition-plugin1 -- found version 1.4.0
[2.194s] -- Looking for ignition-plugin1 -- found version 1.4.0
[2.195s] -- Looking for ignition-msgs8 -- found version 8.7.0
[2.209s] -- Looking for ignition-physics5 -- found version 5.3.2
[2.209s] -- Searching for dependencies of ignition-physics5
[2.209s] -- Looking for ignition-math6 -- found version 6.15.1
[2.209s] -- Looking for ignition-plugin1 -- found version 1.4.0
[2.209s] -- Looking for ignition-utils1 -- found version 1.5.1
[2.210s] -- Searching for <ignition-physics5> component [heightmap]
[2.212s] -- Looking for ignition-physics5-heightmap -- found version 5.3.2
[2.212s] -- Searching for dependencies of ignition-physics5-heightmap
[2.212s] -- Looking for ignition-common4 -- found version 4.7.0
[2.213s] -- Searching for <ignition-physics5> component [mesh]
[2.214s] -- Looking for ignition-physics5-mesh -- found version 5.3.2
[2.214s] -- Searching for dependencies of ignition-physics5-mesh
[2.215s] -- Looking for ignition-common4 -- found version 4.7.0
[2.215s] -- Searching for <ignition-physics5> component [sdf]
[2.216s] -- Looking for ignition-physics5-sdf -- found version 5.3.2
[2.217s] -- Searching for dependencies of ignition-physics5-sdf
[2.217s] -- Looking for sdformat12 -- found version 12.8.0
[2.219s] -- Looking for ignition-sensors6 -- found version 6.8.0
[2.219s] -- Searching for dependencies of ignition-sensors6
[2.232s] -- Found Protobuf: /usr/lib/x86_64-linux-gnu/libprotobuf.so (found version "3.12.4") 
[2.233s] -- Looking for ignition-math6 -- found version 6.15.1
[2.233s] -- Looking for ignition-common4 -- found version 4.7.0
[2.233s] -- Looking for ignition-transport11 -- found version 11.4.1
[2.234s] -- Looking for ignition-rendering6 -- found version 6.6.3
[2.234s] -- Looking for ignition-msgs8 -- found version 8.7.0
[2.234s] -- Looking for sdformat12 -- found version 12.8.0
[2.235s] -- Searching for <ignition-sensors6> component [air_pressure]
[2.236s] -- Looking for ignition-sensors6-air_pressure -- found version 6.8.0
[2.236s] -- Searching for dependencies of ignition-sensors6-air_pressure
[2.237s] -- Searching for <ignition-sensors6> component [altimeter]
[2.238s] -- Looking for ignition-sensors6-altimeter -- found version 6.8.0
[2.239s] -- Searching for dependencies of ignition-sensors6-altimeter
[2.239s] -- Searching for <ignition-sensors6> component [imu]
[2.240s] -- Looking for ignition-sensors6-imu -- found version 6.8.0
[2.241s] -- Searching for dependencies of ignition-sensors6-imu
[2.241s] -- Searching for <ignition-sensors6> component [force_torque]
[2.242s] -- Looking for ignition-sensors6-force_torque -- found version 6.8.0
[2.243s] -- Searching for dependencies of ignition-sensors6-force_torque
[2.243s] -- Searching for <ignition-sensors6> component [logical_camera]
[2.245s] -- Looking for ignition-sensors6-logical_camera -- found version 6.8.0
[2.245s] -- Searching for dependencies of ignition-sensors6-logical_camera
[2.245s] -- Searching for <ignition-sensors6> component [magnetometer]
[2.247s] -- Looking for ignition-sensors6-magnetometer -- found version 6.8.0
[2.247s] -- Searching for dependencies of ignition-sensors6-magnetometer
[2.247s] -- Searching for <ignition-sensors6> component [navsat]
[2.249s] -- Looking for ignition-sensors6-navsat -- found version 6.8.0
[2.249s] -- Searching for dependencies of ignition-sensors6-navsat
[2.249s] -- Searching for <ignition-sensors6> component [rendering]
[2.251s] -- Looking for ignition-sensors6-rendering -- found version 6.8.0
[2.251s] -- Searching for dependencies of ignition-sensors6-rendering
[2.251s] -- Searching for <ignition-sensors6> component [lidar]
[2.253s] -- Looking for ignition-sensors6-lidar -- found version 6.8.0
[2.253s] -- Searching for dependencies of ignition-sensors6-lidar
[2.253s] -- Looking for ignition-sensors6 -- found version 6.8.0
[2.254s] -- Searching for <ignition-sensors6> component [gpu_lidar]
[2.255s] -- Looking for ignition-sensors6-gpu_lidar -- found version 6.8.0
[2.255s] -- Searching for dependencies of ignition-sensors6-gpu_lidar
[2.256s] -- Looking for ignition-sensors6 -- found version 6.8.0
[2.256s] -- Searching for <ignition-sensors6> component [camera]
[2.257s] -- Looking for ignition-sensors6-camera -- found version 6.8.0
[2.258s] -- Searching for dependencies of ignition-sensors6-camera
[2.258s] -- Looking for ignition-sensors6 -- found version 6.8.0
[2.258s] -- Searching for <ignition-sensors6> component [boundingbox_camera]
[2.260s] -- Looking for ignition-sensors6-boundingbox_camera -- found version 6.8.0
[2.260s] -- Searching for dependencies of ignition-sensors6-boundingbox_camera
[2.260s] -- Searching for <ignition-sensors6> component [segmentation_camera]
[2.262s] -- Looking for ignition-sensors6-segmentation_camera -- found version 6.8.0
[2.262s] -- Searching for dependencies of ignition-sensors6-segmentation_camera
[2.262s] -- Searching for <ignition-sensors6> component [depth_camera]
[2.264s] -- Looking for ignition-sensors6-depth_camera -- found version 6.8.0
[2.264s] -- Searching for dependencies of ignition-sensors6-depth_camera
[2.264s] -- Looking for ignition-sensors6 -- found version 6.8.0
[2.265s] -- Searching for <ignition-sensors6> component [rgbd_camera]
[2.266s] -- Looking for ignition-sensors6-rgbd_camera -- found version 6.8.0
[2.267s] -- Searching for dependencies of ignition-sensors6-rgbd_camera
[2.267s] -- Looking for ignition-sensors6 -- found version 6.8.0
[2.267s] -- Searching for <ignition-sensors6> component [thermal_camera]
[2.269s] -- Looking for ignition-sensors6-thermal_camera -- found version 6.8.0
[2.269s] -- Searching for dependencies of ignition-sensors6-thermal_camera
[2.269s] -- Looking for ignition-sensors6 -- found version 6.8.0
[2.270s] -- Looking for ignition-rendering6 -- found version 6.6.3
[2.270s] -- Looking for ignition-math6 -- found version 6.15.1
[2.273s] -- Looking for ignition-utils1 -- found version 1.5.1
[2.287s] -- Compiling against Ignition Fortress
[2.287s] -- Looking for ignition-plugin1 -- found version 1.4.0
[2.617s] -- Found ament_lint_auto: 0.12.11 (/opt/ros/humble/share/ament_lint_auto/cmake)
[2.678s] -- Added test 'copyright' to check source files copyright and LICENSE
[2.678s] -- Added test 'cppcheck' to perform static code analysis on C / C++ code
[2.679s] -- Configured cppcheck include dirs: /home/rae/testbot_ws/src/ign_ros2_control/include
[2.679s] -- Configured cppcheck exclude dirs and/or files: 
[2.679s] -- Added test 'cpplint' to check C / C++ code against the Google style
[2.679s] -- Configured cpplint exclude dirs and/or files: 
[2.680s] -- Added test 'lint_cmake' to check CMake code style
[2.680s] -- Added test 'uncrustify' to check C / C++ code style
[2.680s] -- Configured uncrustify additional arguments: 
[2.681s] -- Added test 'xmllint' to check XML markup files
[2.682s] -- Configuring done
[2.711s] -- Generating done
[2.713s] -- Build files have been written to: /home/rae/testbot_ws/build/ign_ros2_control
[2.725s] Invoked command in '/home/rae/testbot_ws/build/ign_ros2_control' returned '0': CMAKE_PREFIX_PATH=${CMAKE_PREFIX_PATH}:/opt/ros/humble /usr/bin/cmake /home/rae/testbot_ws/src/ign_ros2_control -DAMENT_CMAKE_SYMLINK_INSTALL=1 -DCMAKE_INSTALL_PREFIX=/home/rae/testbot_ws/install/ign_ros2_control
[2.726s] Invoking command in '/home/rae/testbot_ws/build/ign_ros2_control': CMAKE_PREFIX_PATH=${CMAKE_PREFIX_PATH}:/opt/ros/humble /usr/bin/cmake --build /home/rae/testbot_ws/build/ign_ros2_control -- -j8 -l8
[2.768s] [ 50%] [32mBuilding CXX object CMakeFiles/ign_ros2_control-system.dir/src/ign_ros2_control_plugin.cpp.o[0m
[2.768s] [ 50%] [32mBuilding CXX object CMakeFiles/ign_hardware_plugins.dir/src/ign_system.cpp.o[0m
[11.229s] [ 75%] [32m[1mLinking CXX shared library libign_hardware_plugins.so[0m
[11.587s] [100%] [32m[1mLinking CXX shared library libign_ros2_control-system.so[0m
[11.686s] [100%] Built target ign_hardware_plugins
[12.118s] [100%] Built target ign_ros2_control-system
[12.126s] Invoked command in '/home/rae/testbot_ws/build/ign_ros2_control' returned '0': CMAKE_PREFIX_PATH=${CMAKE_PREFIX_PATH}:/opt/ros/humble /usr/bin/cmake --build /home/rae/testbot_ws/build/ign_ros2_control -- -j8 -l8
[12.169s] Invoking command in '/home/rae/testbot_ws/build/ign_ros2_control': CMAKE_PREFIX_PATH=${CMAKE_PREFIX_PATH}:/opt/ros/humble /usr/bin/cmake --install /home/rae/testbot_ws/build/ign_ros2_control
[12.177s] -- Install configuration: ""
[12.177s] -- Execute custom install script
[12.177s] -- Symlinking: /home/rae/testbot_ws/install/ign_ros2_control/lib/libign_hardware_plugins.so
[12.188s] -- Symlinking: /home/rae/testbot_ws/install/ign_ros2_control/include/ign_ros2_control/ign_ros2_control_plugin.hpp
[12.196s] -- Symlinking: /home/rae/testbot_ws/install/ign_ros2_control/include/ign_ros2_control/ign_system.hpp
[12.203s] -- Symlinking: /home/rae/testbot_ws/install/ign_ros2_control/include/ign_ros2_control/ign_system_interface.hpp
[12.209s] -- Symlinking: /home/rae/testbot_ws/install/ign_ros2_control/share/ign_ros2_control/environment/library_path.sh
[12.216s] -- Symlinking: /home/rae/testbot_ws/install/ign_ros2_control/share/ign_ros2_control/environment/library_path.dsv
[12.222s] -- Symlinking: /home/rae/testbot_ws/install/ign_ros2_control/lib/libign_ros2_control-system.so
[12.229s] -- Symlinking: /home/rae/testbot_ws/install/ign_ros2_control/share/ign_ros2_control//ign_hardware_plugins.xml
[12.235s] -- Symlinking: /home/rae/testbot_ws/install/ign_ros2_control/share/ament_index/resource_index/package_run_dependencies/ign_ros2_control
[12.242s] -- Symlinking: /home/rae/testbot_ws/install/ign_ros2_control/share/ament_index/resource_index/parent_prefix_path/ign_ros2_control
[12.249s] -- Symlinking: /home/rae/testbot_ws/install/ign_ros2_control/share/ign_ros2_control/environment/ament_prefix_path.sh
[12.256s] -- Symlinking: /home/rae/testbot_ws/install/ign_ros2_control/share/ign_ros2_control/environment/ament_prefix_path.dsv
[12.263s] -- Symlinking: /home/rae/testbot_ws/install/ign_ros2_control/share/ign_ros2_control/environment/path.sh
[12.269s] -- Symlinking: /home/rae/testbot_ws/install/ign_ros2_control/share/ign_ros2_control/environment/path.dsv
[12.276s] -- Symlinking: /home/rae/testbot_ws/install/ign_ros2_control/share/ign_ros2_control/local_setup.bash
[12.283s] -- Symlinking: /home/rae/testbot_ws/install/ign_ros2_control/share/ign_ros2_control/local_setup.sh
[12.290s] -- Symlinking: /home/rae/testbot_ws/install/ign_ros2_control/share/ign_ros2_control/local_setup.zsh
[12.296s] -- Symlinking: /home/rae/testbot_ws/install/ign_ros2_control/share/ign_ros2_control/local_setup.dsv
[12.303s] -- Symlinking: /home/rae/testbot_ws/install/ign_ros2_control/share/ign_ros2_control/package.dsv
[12.310s] -- Symlinking: /home/rae/testbot_ws/install/ign_ros2_control/share/ament_index/resource_index/packages/ign_ros2_control
[12.317s] -- Symlinking: /home/rae/testbot_ws/install/ign_ros2_control/share/ament_index/resource_index/ign_ros2_control__pluginlib__plugin/ign_ros2_control
[12.323s] -- Symlinking: /home/rae/testbot_ws/install/ign_ros2_control/share/ign_ros2_control/cmake/ament_cmake_export_include_directories-extras.cmake
[12.330s] -- Symlinking: /home/rae/testbot_ws/install/ign_ros2_control/share/ign_ros2_control/cmake/ament_cmake_export_libraries-extras.cmake
[12.336s] -- Symlinking: /home/rae/testbot_ws/install/ign_ros2_control/share/ign_ros2_control/cmake/ign_ros2_controlConfig.cmake
[12.343s] -- Symlinking: /home/rae/testbot_ws/install/ign_ros2_control/share/ign_ros2_control/cmake/ign_ros2_controlConfig-version.cmake
[12.350s] -- Symlinking: /home/rae/testbot_ws/install/ign_ros2_control/share/ign_ros2_control/package.xml
[12.358s] Invoked command in '/home/rae/testbot_ws/build/ign_ros2_control' returned '0': CMAKE_PREFIX_PATH=${CMAKE_PREFIX_PATH}:/opt/ros/humble /usr/bin/cmake --install /home/rae/testbot_ws/build/ign_ros2_control
