[0.007s] Invoking command in '/home/rae/testbot_ws/build/ign_ros2_control': CMAKE_PREFIX_PATH=${CMAKE_PREFIX_PATH}:/opt/ros/humble /usr/bin/cmake /home/rae/testbot_ws/ign_ros2_control -DCMAKE_INSTALL_PREFIX=/home/rae/testbot_ws/install/ign_ros2_control
[0.092s] -- The C compiler identification is GNU 11.4.0
[0.190s] -- The CXX compiler identification is GNU 11.4.0
[0.196s] -- Detecting C compiler ABI info
[0.252s] -- Detecting C compiler ABI info - done
[0.258s] -- Check for working C compiler: /usr/bin/cc - skipped
[0.259s] -- Detecting C compile features
[0.259s] -- Detecting C compile features - done
[0.262s] -- Detecting CXX compiler ABI info
[0.323s] -- Detecting CXX compiler ABI info - done
[0.328s] -- Check for working CXX compiler: /usr/bin/c++ - skipped
[0.329s] -- Detecting CXX compile features
[0.329s] -- Detecting CXX compile features - done
[0.332s] -- Found ament_cmake: 1.3.9 (/opt/ros/humble/share/ament_cmake/cmake)
[0.441s] -- Found Python3: /usr/bin/python3 (found version "3.10.12") found components: Interpreter 
[0.501s] -- Found ament_index_cpp: 1.4.0 (/opt/ros/humble/share/ament_index_cpp/cmake)
[0.502s] -- Found controller_manager: 2.41.0 (/opt/ros/humble/share/controller_manager/cmake)
[0.537s] -- Found rosidl_generator_c: 3.1.5 (/opt/ros/humble/share/rosidl_generator_c/cmake)
[0.540s] -- Found rosidl_adapter: 3.1.5 (/opt/ros/humble/share/rosidl_adapter/cmake)
[0.546s] -- Found rosidl_generator_cpp: 3.1.5 (/opt/ros/humble/share/rosidl_generator_cpp/cmake)
[0.555s] -- Using all available rosidl_typesupport_c: rosidl_typesupport_fastrtps_c;rosidl_typesupport_introspection_c
[0.568s] -- Using all available rosidl_typesupport_cpp: rosidl_typesupport_fastrtps_cpp;rosidl_typesupport_introspection_cpp
[1.046s] -- Found rmw_implementation_cmake: 6.1.2 (/opt/ros/humble/share/rmw_implementation_cmake/cmake)
[1.047s] -- Found rmw_cyclonedds_cpp: 1.3.4 (/opt/ros/humble/share/rmw_cyclonedds_cpp/cmake)
[1.069s] -- Using RMW implementation 'rmw_cyclonedds_cpp' as default
[1.075s] -- Looking for pthread.h
[1.131s] -- Looking for pthread.h - found
[1.131s] -- Performing Test CMAKE_HAVE_LIBC_PTHREAD
[1.189s] -- Performing Test CMAKE_HAVE_LIBC_PTHREAD - Success
[1.190s] -- Found Threads: TRUE  
[1.591s] -- Found yaml_cpp_vendor: 8.0.2 (/opt/ros/humble/share/yaml_cpp_vendor/cmake)
[1.603s] -- Looking for ignition-gazebo6 -- found version 6.16.0
[1.610s] -- Searching for dependencies of ignition-gazebo6
[1.613s] -- Looking for sdformat12 -- found version 12.8.0
[1.613s] -- Searching for dependencies of sdformat12
[1.618s] -- Checking for module 'tinyxml2'
[1.627s] --   Found tinyxml2, version 9.0.0
[1.656s] -- Looking for ignition-math6 -- found version 6.15.1
[1.656s] -- Searching for dependencies of ignition-math6
[1.660s] -- Looking for ignition-utils1 -- found version 1.5.1
[1.661s] -- Searching for dependencies of ignition-utils1
[1.665s] -- Looking for ignition-plugin1 -- found version 1.4.0
[1.665s] -- Searching for dependencies of ignition-plugin1
[1.665s] -- Searching for <ignition-plugin1> component [loader]
[1.667s] -- Looking for ignition-plugin1-loader -- found version 1.4.0
[1.668s] -- Searching for dependencies of ignition-plugin1-loader
[1.668s] -- Searching for <ignition-plugin1> component [register]
[1.670s] -- Looking for ignition-plugin1-register -- found version 1.4.0
[1.670s] -- Searching for dependencies of ignition-plugin1-register
[1.673s] -- Looking for ignition-transport11 -- found version 11.4.1
[1.673s] -- Searching for dependencies of ignition-transport11
[1.696s] -- Found Protobuf: /usr/lib/x86_64-linux-gnu/libprotobuf.so (found version "3.12.4") 
[1.704s] -- Config-file not installed for ZeroMQ -- checking for pkg-config
[1.707s] -- Checking for module 'libzmq >= 4'
[1.718s] --   Found libzmq , version 4.3.4
[1.749s] -- Found ZeroMQ: TRUE (Required is at least version "4") 
[1.758s] -- Checking for module 'uuid'
[1.776s] --   Found uuid, version 2.37.2
[1.828s] -- Found UUID: TRUE  
[1.829s] -- Looking for ignition-utils1 -- found version 1.5.1
[1.830s] -- Searching for dependencies of ignition-utils1
[1.830s] -- Searching for <ignition-utils1> component [cli]
[1.834s] -- Looking for ignition-utils1-cli -- found version 1.5.1
[1.835s] -- Searching for dependencies of ignition-utils1-cli
[1.838s] -- Looking for ignition-msgs8 -- found version 8.7.0
[1.838s] -- Searching for dependencies of ignition-msgs8
[1.850s] -- Found Protobuf: /usr/lib/x86_64-linux-gnu/libprotobuf.so (found suitable version "3.12.4", minimum required is "3") 
[1.851s] -- Looking for ignition-math6 -- found version 6.15.1
[1.860s] -- Searching for <ignition-transport11> component [log]
[1.861s] -- Looking for ignition-transport11-log -- found version 11.4.1
[1.862s] -- Searching for dependencies of ignition-transport11-log
[1.862s] -- Searching for <ignition-transport11> component [parameters]
[1.864s] -- Looking for ignition-transport11-parameters -- found version 11.4.1
[1.864s] -- Searching for dependencies of ignition-transport11-parameters
[1.865s] -- Looking for ignition-msgs8 -- found version 8.7.0
[1.867s] -- Looking for ignition-common4 -- found version 4.7.0
[1.867s] -- Searching for dependencies of ignition-common4
[1.868s] -- Looking for dlfcn.h - found
[1.868s] -- Looking for libdl - found
[1.869s] -- Found DL: TRUE  
[1.876s] -- Searching for <ignition-common4> component [profiler]
[1.878s] -- Looking for ignition-common4-profiler -- found version 4.7.0
[1.878s] -- Searching for dependencies of ignition-common4-profiler
[1.878s] -- Searching for <ignition-common4> component [events]
[1.881s] -- Looking for ignition-common4-events -- found version 4.7.0
[1.881s] -- Searching for dependencies of ignition-common4-events
[1.881s] -- Looking for ignition-math6 -- found version 6.15.1
[1.882s] -- Searching for <ignition-common4> component [av]
[1.884s] -- Looking for ignition-common4-av -- found version 4.7.0
[1.884s] -- Searching for dependencies of ignition-common4-av
[1.888s] -- Checking for module 'libswscale'
[1.898s] --   Found libswscale, version 5.9.100
[1.923s] -- Found SWSCALE: TRUE  
[1.927s] -- Checking for module 'libavdevice >= 56.4.100'
[1.938s] --   Found libavdevice , version 58.13.100
[1.975s] -- Found AVDEVICE: TRUE (Required is at least version "56.4.100") 
[1.981s] -- Checking for module 'libavformat'
[1.993s] --   Found libavformat, version 58.76.100
[2.040s] -- Found AVFORMAT: TRUE  
[2.047s] -- Checking for module 'libavcodec'
[2.061s] --   Found libavcodec, version 58.134.100
[2.113s] -- Found AVCODEC: TRUE  
[2.122s] -- Checking for module 'libavutil'
[2.139s] --   Found libavutil, version 56.70.100
[2.187s] -- Found AVUTIL: TRUE  
[2.193s] -- Looking for ignition-fuel_tools7 -- found version 7.3.0
[2.194s] -- Searching for dependencies of ignition-fuel_tools7
[2.278s] -- Found CURL: /usr/lib/x86_64-linux-gnu/libcurl.so (found version "7.81.0")  
[2.288s] -- Checking for module 'jsoncpp'
[2.298s] --   Found jsoncpp, version 1.9.5
[2.341s] -- Found JSONCPP: TRUE  
[2.350s] -- Checking for module 'libzip'
[2.366s] --   Found libzip, version 1.7.3
[2.420s] -- Found ZIP: TRUE  
[2.420s] -- Looking for ignition-common4 -- found version 4.7.0
[2.421s] -- Looking for ignition-math6 -- found version 6.15.1
[2.422s] -- Looking for ignition-msgs8 -- found version 8.7.0
[2.427s] -- Looking for ignition-gui6 -- found version 6.8.0
[2.428s] -- Searching for dependencies of ignition-gui6
[2.448s] -- Looking for ignition-math6 -- found version 6.15.1
[2.448s] -- Looking for ignition-common4 -- found version 4.7.0
[2.448s] -- Looking for ignition-plugin1 -- found version 1.4.0
[2.449s] -- Looking for ignition-transport11 -- found version 11.4.1
[2.452s] -- Looking for ignition-rendering6 -- found version 6.6.3
[2.452s] -- Searching for dependencies of ignition-rendering6
[2.452s] -- Looking for ignition-math6 -- found version 6.15.1
[2.453s] -- Searching for dependencies of ignition-math6
[2.453s] -- Searching for <ignition-math6> component [eigen3]
[2.455s] -- Looking for ignition-math6-eigen3 -- found version 6.15.1
[2.455s] -- Searching for dependencies of ignition-math6-eigen3
[2.461s] -- Looking for ignition-common4 -- found version 4.7.0
[2.461s] -- Searching for dependencies of ignition-common4
[2.462s] -- Looking for dlfcn.h - found
[2.462s] -- Looking for libdl - found
[2.469s] -- Searching for <ignition-common4> component [graphics]
[2.471s] -- Looking for ignition-common4-graphics -- found version 4.7.0
[2.471s] -- Searching for dependencies of ignition-common4-graphics
[2.471s] -- Looking for ignition-math6 -- found version 6.15.1
[2.472s] -- Looking for ignition-utils1 -- found version 1.5.1
[2.473s] -- Searching for <ignition-common4> component [events]
[2.473s] -- Looking for ignition-plugin1 -- found version 1.4.0
[2.474s] -- Searching for dependencies of ignition-plugin1
[2.474s] -- Searching for <ignition-plugin1> component [all]
[2.476s] -- Looking for all libraries of ignition-plugin1 -- found version 1.4.0
[2.477s] -- Looking for ignition-plugin1 -- found version 1.4.0
[2.479s] -- Looking for ignition-msgs8 -- found version 8.7.0
[2.506s] -- Looking for ignition-physics5 -- found version 5.3.2
[2.506s] -- Searching for dependencies of ignition-physics5
[2.507s] -- Looking for ignition-math6 -- found version 6.15.1
[2.507s] -- Looking for ignition-plugin1 -- found version 1.4.0
[2.507s] -- Looking for ignition-utils1 -- found version 1.5.1
[2.508s] -- Searching for <ignition-physics5> component [heightmap]
[2.510s] -- Looking for ignition-physics5-heightmap -- found version 5.3.2
[2.511s] -- Searching for dependencies of ignition-physics5-heightmap
[2.511s] -- Looking for ignition-common4 -- found version 4.7.0
[2.511s] -- Searching for <ignition-physics5> component [mesh]
[2.513s] -- Looking for ignition-physics5-mesh -- found version 5.3.2
[2.514s] -- Searching for dependencies of ignition-physics5-mesh
[2.514s] -- Looking for ignition-common4 -- found version 4.7.0
[2.515s] -- Searching for <ignition-physics5> component [sdf]
[2.516s] -- Looking for ignition-physics5-sdf -- found version 5.3.2
[2.517s] -- Searching for dependencies of ignition-physics5-sdf
[2.517s] -- Looking for sdformat12 -- found version 12.8.0
[2.520s] -- Looking for ignition-sensors6 -- found version 6.8.0
[2.520s] -- Searching for dependencies of ignition-sensors6
[2.533s] -- Found Protobuf: /usr/lib/x86_64-linux-gnu/libprotobuf.so (found version "3.12.4") 
[2.533s] -- Looking for ignition-math6 -- found version 6.15.1
[2.534s] -- Looking for ignition-common4 -- found version 4.7.0
[2.534s] -- Looking for ignition-transport11 -- found version 11.4.1
[2.534s] -- Looking for ignition-rendering6 -- found version 6.6.3
[2.534s] -- Looking for ignition-msgs8 -- found version 8.7.0
[2.535s] -- Looking for sdformat12 -- found version 12.8.0
[2.536s] -- Searching for <ignition-sensors6> component [air_pressure]
[2.537s] -- Looking for ignition-sensors6-air_pressure -- found version 6.8.0
[2.538s] -- Searching for dependencies of ignition-sensors6-air_pressure
[2.539s] -- Searching for <ignition-sensors6> component [altimeter]
[2.541s] -- Looking for ignition-sensors6-altimeter -- found version 6.8.0
[2.541s] -- Searching for dependencies of ignition-sensors6-altimeter
[2.541s] -- Searching for <ignition-sensors6> component [imu]
[2.543s] -- Looking for ignition-sensors6-imu -- found version 6.8.0
[2.543s] -- Searching for dependencies of ignition-sensors6-imu
[2.544s] -- Searching for <ignition-sensors6> component [force_torque]
[2.545s] -- Looking for ignition-sensors6-force_torque -- found version 6.8.0
[2.546s] -- Searching for dependencies of ignition-sensors6-force_torque
[2.546s] -- Searching for <ignition-sensors6> component [logical_camera]
[2.548s] -- Looking for ignition-sensors6-logical_camera -- found version 6.8.0
[2.548s] -- Searching for dependencies of ignition-sensors6-logical_camera
[2.549s] -- Searching for <ignition-sensors6> component [magnetometer]
[2.551s] -- Looking for ignition-sensors6-magnetometer -- found version 6.8.0
[2.551s] -- Searching for dependencies of ignition-sensors6-magnetometer
[2.552s] -- Searching for <ignition-sensors6> component [navsat]
[2.554s] -- Looking for ignition-sensors6-navsat -- found version 6.8.0
[2.554s] -- Searching for dependencies of ignition-sensors6-navsat
[2.554s] -- Searching for <ignition-sensors6> component [rendering]
[2.556s] -- Looking for ignition-sensors6-rendering -- found version 6.8.0
[2.557s] -- Searching for dependencies of ignition-sensors6-rendering
[2.557s] -- Searching for <ignition-sensors6> component [lidar]
[2.559s] -- Looking for ignition-sensors6-lidar -- found version 6.8.0
[2.559s] -- Searching for dependencies of ignition-sensors6-lidar
[2.559s] -- Looking for ignition-sensors6 -- found version 6.8.0
[2.560s] -- Searching for <ignition-sensors6> component [gpu_lidar]
[2.562s] -- Looking for ignition-sensors6-gpu_lidar -- found version 6.8.0
[2.562s] -- Searching for dependencies of ignition-sensors6-gpu_lidar
[2.562s] -- Looking for ignition-sensors6 -- found version 6.8.0
[2.563s] -- Searching for <ignition-sensors6> component [camera]
[2.565s] -- Looking for ignition-sensors6-camera -- found version 6.8.0
[2.565s] -- Searching for dependencies of ignition-sensors6-camera
[2.565s] -- Looking for ignition-sensors6 -- found version 6.8.0
[2.566s] -- Searching for <ignition-sensors6> component [boundingbox_camera]
[2.568s] -- Looking for ignition-sensors6-boundingbox_camera -- found version 6.8.0
[2.568s] -- Searching for dependencies of ignition-sensors6-boundingbox_camera
[2.569s] -- Searching for <ignition-sensors6> component [segmentation_camera]
[2.570s] -- Looking for ignition-sensors6-segmentation_camera -- found version 6.8.0
[2.571s] -- Searching for dependencies of ignition-sensors6-segmentation_camera
[2.571s] -- Searching for <ignition-sensors6> component [depth_camera]
[2.573s] -- Looking for ignition-sensors6-depth_camera -- found version 6.8.0
[2.573s] -- Searching for dependencies of ignition-sensors6-depth_camera
[2.573s] -- Looking for ignition-sensors6 -- found version 6.8.0
[2.574s] -- Searching for <ignition-sensors6> component [rgbd_camera]
[2.576s] -- Looking for ignition-sensors6-rgbd_camera -- found version 6.8.0
[2.576s] -- Searching for dependencies of ignition-sensors6-rgbd_camera
[2.577s] -- Looking for ignition-sensors6 -- found version 6.8.0
[2.577s] -- Searching for <ignition-sensors6> component [thermal_camera]
[2.579s] -- Looking for ignition-sensors6-thermal_camera -- found version 6.8.0
[2.579s] -- Searching for dependencies of ignition-sensors6-thermal_camera
[2.579s] -- Looking for ignition-sensors6 -- found version 6.8.0
[2.580s] -- Looking for ignition-rendering6 -- found version 6.6.3
[2.580s] -- Looking for ignition-math6 -- found version 6.15.1
[2.583s] -- Looking for ignition-utils1 -- found version 1.5.1
[2.597s] -- Compiling against Ignition Fortress
[2.597s] -- Looking for ignition-plugin1 -- found version 1.4.0
[2.925s] -- Found ament_lint_auto: 0.12.11 (/opt/ros/humble/share/ament_lint_auto/cmake)
[2.985s] -- Added test 'copyright' to check source files copyright and LICENSE
[2.986s] -- Added test 'cppcheck' to perform static code analysis on C / C++ code
[2.986s] -- Configured cppcheck include dirs: /home/rae/testbot_ws/ign_ros2_control/include
[2.986s] -- Configured cppcheck exclude dirs and/or files: 
[2.987s] -- Added test 'cpplint' to check C / C++ code against the Google style
[2.987s] -- Configured cpplint exclude dirs and/or files: 
[2.987s] -- Added test 'lint_cmake' to check CMake code style
[2.988s] -- Added test 'uncrustify' to check C / C++ code style
[2.988s] -- Configured uncrustify additional arguments: 
[2.988s] -- Added test 'xmllint' to check XML markup files
[2.991s] -- Configuring done
[3.059s] -- Generating done
[3.061s] -- Build files have been written to: /home/rae/testbot_ws/build/ign_ros2_control
[3.072s] Invoked command in '/home/rae/testbot_ws/build/ign_ros2_control' returned '0': CMAKE_PREFIX_PATH=${CMAKE_PREFIX_PATH}:/opt/ros/humble /usr/bin/cmake /home/rae/testbot_ws/ign_ros2_control -DCMAKE_INSTALL_PREFIX=/home/rae/testbot_ws/install/ign_ros2_control
[3.074s] Invoking command in '/home/rae/testbot_ws/build/ign_ros2_control': CMAKE_PREFIX_PATH=${CMAKE_PREFIX_PATH}:/opt/ros/humble /usr/bin/cmake --build /home/rae/testbot_ws/build/ign_ros2_control -- -j8 -l8
[3.117s] [ 50%] [32mBuilding CXX object CMakeFiles/ign_hardware_plugins.dir/src/ign_system.cpp.o[0m
[3.117s] [ 50%] [32mBuilding CXX object CMakeFiles/ign_ros2_control-system.dir/src/ign_ros2_control_plugin.cpp.o[0m
[11.915s] [ 75%] [32m[1mLinking CXX shared library libign_hardware_plugins.so[0m
[12.154s] [100%] [32m[1mLinking CXX shared library libign_ros2_control-system.so[0m
[12.445s] [100%] Built target ign_hardware_plugins
[12.742s] [100%] Built target ign_ros2_control-system
[12.751s] Invoked command in '/home/rae/testbot_ws/build/ign_ros2_control' returned '0': CMAKE_PREFIX_PATH=${CMAKE_PREFIX_PATH}:/opt/ros/humble /usr/bin/cmake --build /home/rae/testbot_ws/build/ign_ros2_control -- -j8 -l8
[12.779s] Invoking command in '/home/rae/testbot_ws/build/ign_ros2_control': CMAKE_PREFIX_PATH=${CMAKE_PREFIX_PATH}:/opt/ros/humble /usr/bin/cmake --install /home/rae/testbot_ws/build/ign_ros2_control
[12.785s] -- Install configuration: ""
[12.786s] -- Installing: /home/rae/testbot_ws/install/ign_ros2_control/lib/libign_hardware_plugins.so
[12.788s] -- Set runtime path of "/home/rae/testbot_ws/install/ign_ros2_control/lib/libign_hardware_plugins.so" to ""
[12.788s] -- Installing: /home/rae/testbot_ws/install/ign_ros2_control/include
[12.788s] -- Installing: /home/rae/testbot_ws/install/ign_ros2_control/include/ign_ros2_control
[12.788s] -- Installing: /home/rae/testbot_ws/install/ign_ros2_control/include/ign_ros2_control/ign_system.hpp
[12.788s] -- Installing: /home/rae/testbot_ws/install/ign_ros2_control/include/ign_ros2_control/ign_ros2_control_plugin.hpp
[12.788s] -- Installing: /home/rae/testbot_ws/install/ign_ros2_control/include/ign_ros2_control/ign_system_interface.hpp
[12.789s] -- Installing: /home/rae/testbot_ws/install/ign_ros2_control/share/ign_ros2_control/environment/library_path.sh
[12.789s] -- Installing: /home/rae/testbot_ws/install/ign_ros2_control/share/ign_ros2_control/environment/library_path.dsv
[12.789s] -- Installing: /home/rae/testbot_ws/install/ign_ros2_control/lib/libign_ros2_control-system.so
[12.791s] -- Set runtime path of "/home/rae/testbot_ws/install/ign_ros2_control/lib/libign_ros2_control-system.so" to ""
[12.791s] -- Installing: /home/rae/testbot_ws/install/ign_ros2_control/share/ign_ros2_control/ign_hardware_plugins.xml
[12.791s] -- Installing: /home/rae/testbot_ws/install/ign_ros2_control/share/ament_index/resource_index/package_run_dependencies/ign_ros2_control
[12.791s] -- Installing: /home/rae/testbot_ws/install/ign_ros2_control/share/ament_index/resource_index/parent_prefix_path/ign_ros2_control
[12.791s] -- Installing: /home/rae/testbot_ws/install/ign_ros2_control/share/ign_ros2_control/environment/ament_prefix_path.sh
[12.791s] -- Installing: /home/rae/testbot_ws/install/ign_ros2_control/share/ign_ros2_control/environment/ament_prefix_path.dsv
[12.791s] -- Installing: /home/rae/testbot_ws/install/ign_ros2_control/share/ign_ros2_control/environment/path.sh
[12.791s] -- Installing: /home/rae/testbot_ws/install/ign_ros2_control/share/ign_ros2_control/environment/path.dsv
[12.792s] -- Installing: /home/rae/testbot_ws/install/ign_ros2_control/share/ign_ros2_control/local_setup.bash
[12.792s] -- Installing: /home/rae/testbot_ws/install/ign_ros2_control/share/ign_ros2_control/local_setup.sh
[12.792s] -- Installing: /home/rae/testbot_ws/install/ign_ros2_control/share/ign_ros2_control/local_setup.zsh
[12.792s] -- Installing: /home/rae/testbot_ws/install/ign_ros2_control/share/ign_ros2_control/local_setup.dsv
[12.792s] -- Installing: /home/rae/testbot_ws/install/ign_ros2_control/share/ign_ros2_control/package.dsv
[12.792s] -- Installing: /home/rae/testbot_ws/install/ign_ros2_control/share/ament_index/resource_index/packages/ign_ros2_control
[12.792s] -- Installing: /home/rae/testbot_ws/install/ign_ros2_control/share/ament_index/resource_index/ign_ros2_control__pluginlib__plugin/ign_ros2_control
[12.792s] -- Installing: /home/rae/testbot_ws/install/ign_ros2_control/share/ign_ros2_control/cmake/ament_cmake_export_include_directories-extras.cmake
[12.792s] -- Installing: /home/rae/testbot_ws/install/ign_ros2_control/share/ign_ros2_control/cmake/ament_cmake_export_libraries-extras.cmake
[12.792s] -- Installing: /home/rae/testbot_ws/install/ign_ros2_control/share/ign_ros2_control/cmake/ign_ros2_controlConfig.cmake
[12.792s] -- Installing: /home/rae/testbot_ws/install/ign_ros2_control/share/ign_ros2_control/cmake/ign_ros2_controlConfig-version.cmake
[12.792s] -- Installing: /home/rae/testbot_ws/install/ign_ros2_control/share/ign_ros2_control/package.xml
[12.794s] Invoked command in '/home/rae/testbot_ws/build/ign_ros2_control' returned '0': CMAKE_PREFIX_PATH=${CMAKE_PREFIX_PATH}:/opt/ros/humble /usr/bin/cmake --install /home/rae/testbot_ws/build/ign_ros2_control
