[0.008s] Invoking command in '/home/rae/testbot_ws/build/ign_ros2_control': CMAKE_PREFIX_PATH=${CMAKE_PREFIX_PATH}:/opt/ros/humble /usr/bin/cmake /home/rae/testbot_ws/src/ign_ros2_control -DCMAKE_INSTALL_PREFIX=/home/rae/testbot_ws/install/ign_ros2_control
[0.017s] -- Found ament_cmake: 1.3.9 (/opt/ros/humble/share/ament_cmake/cmake)
[0.094s] -- Override CMake install command with custom implementation using symlinks instead of copying resources
[0.099s] -- Found ament_index_cpp: 1.4.0 (/opt/ros/humble/share/ament_index_cpp/cmake)
[0.100s] -- Found controller_manager: 2.41.0 (/opt/ros/humble/share/controller_manager/cmake)
[0.119s] -- Found rosidl_generator_c: 3.1.5 (/opt/ros/humble/share/rosidl_generator_c/cmake)
[0.121s] -- Found rosidl_adapter: 3.1.5 (/opt/ros/humble/share/rosidl_adapter/cmake)
[0.125s] -- Found rosidl_generator_cpp: 3.1.5 (/opt/ros/humble/share/rosidl_generator_cpp/cmake)
[0.132s] -- Using all available rosidl_typesupport_c: rosidl_typesupport_fastrtps_c;rosidl_typesupport_introspection_c
[0.142s] -- Using all available rosidl_typesupport_cpp: rosidl_typesupport_fastrtps_cpp;rosidl_typesupport_introspection_cpp
[0.568s] -- Found rmw_implementation_cmake: 6.1.2 (/opt/ros/humble/share/rmw_implementation_cmake/cmake)
[0.569s] -- Found rmw_cyclonedds_cpp: 1.3.4 (/opt/ros/humble/share/rmw_cyclonedds_cpp/cmake)
[0.587s] -- Using RMW implementation 'rmw_cyclonedds_cpp' as default
[0.966s] -- Found yaml_cpp_vendor: 8.0.2 (/opt/ros/humble/share/yaml_cpp_vendor/cmake)
[0.966s] -- Looking for ignition-gazebo6 -- found version 6.16.0
[0.969s] -- Searching for dependencies of ignition-gazebo6
[0.969s] -- Looking for sdformat12 -- found version 12.8.0
[0.970s] -- Searching for dependencies of sdformat12
[0.974s] -- Looking for ignition-math6 -- found version 6.15.1
[0.974s] -- Searching for dependencies of ignition-math6
[0.974s] -- Looking for ignition-utils1 -- found version 1.5.1
[0.975s] -- Searching for dependencies of ignition-utils1
[0.976s] -- Looking for ignition-plugin1 -- found version 1.4.0
[0.976s] -- Searching for dependencies of ignition-plugin1
[0.976s] -- Searching for <ignition-plugin1> component [loader]
[0.976s] -- Looking for ignition-plugin1-loader -- found version 1.4.0
[0.977s] -- Searching for dependencies of ignition-plugin1-loader
[0.977s] -- Searching for <ignition-plugin1> component [register]
[0.977s] -- Looking for ignition-plugin1-register -- found version 1.4.0
[0.977s] -- Searching for dependencies of ignition-plugin1-register
[0.978s] -- Looking for ignition-transport11 -- found version 11.4.1
[0.978s] -- Searching for dependencies of ignition-transport11
[0.998s] -- Config-file not installed for ZeroMQ -- checking for pkg-config
[1.001s] -- Checking for module 'libzmq >= 4'
[1.010s] --   Found libzmq , version 4.3.4
[1.040s] -- Checking for module 'uuid'
[1.053s] --   Found uuid, version 2.37.2
[1.102s] -- Looking for ignition-utils1 -- found version 1.5.1
[1.103s] -- Searching for dependencies of ignition-utils1
[1.104s] -- Searching for <ignition-utils1> component [cli]
[1.104s] -- Looking for ignition-utils1-cli -- found version 1.5.1
[1.105s] -- Searching for dependencies of ignition-utils1-cli
[1.107s] -- Looking for ignition-msgs8 -- found version 8.7.0
[1.107s] -- Searching for dependencies of ignition-msgs8
[1.121s] -- Found Protobuf: /usr/lib/x86_64-linux-gnu/libprotobuf.so (found suitable version "3.12.4", minimum required is "3") 
[1.122s] -- Looking for ignition-math6 -- found version 6.15.1
[1.130s] -- Searching for <ignition-transport11> component [log]
[1.130s] -- Looking for ignition-transport11-log -- found version 11.4.1
[1.130s] -- Searching for dependencies of ignition-transport11-log
[1.130s] -- Searching for <ignition-transport11> component [parameters]
[1.131s] -- Looking for ignition-transport11-parameters -- found version 11.4.1
[1.131s] -- Searching for dependencies of ignition-transport11-parameters
[1.132s] -- Looking for ignition-msgs8 -- found version 8.7.0
[1.132s] -- Looking for ignition-common4 -- found version 4.7.0
[1.132s] -- Searching for dependencies of ignition-common4
[1.133s] -- Looking for dlfcn.h - found
[1.133s] -- Looking for libdl - found
[1.140s] -- Searching for <ignition-common4> component [profiler]
[1.140s] -- Looking for ignition-common4-profiler -- found version 4.7.0
[1.140s] -- Searching for dependencies of ignition-common4-profiler
[1.140s] -- Searching for <ignition-common4> component [events]
[1.141s] -- Looking for ignition-common4-events -- found version 4.7.0
[1.141s] -- Searching for dependencies of ignition-common4-events
[1.141s] -- Looking for ignition-math6 -- found version 6.15.1
[1.141s] -- Searching for <ignition-common4> component [av]
[1.142s] -- Looking for ignition-common4-av -- found version 4.7.0
[1.142s] -- Searching for dependencies of ignition-common4-av
[1.146s] -- Checking for module 'libswscale'
[1.155s] --   Found libswscale, version 5.9.100
[1.183s] -- Checking for module 'libavdevice >= 56.4.100'
[1.192s] --   Found libavdevice , version 58.13.100
[1.238s] -- Checking for module 'libavformat'
[1.253s] --   Found libavformat, version 58.76.100
[1.315s] -- Checking for module 'libavcodec'
[1.335s] --   Found libavcodec, version 58.134.100
[1.402s] -- Checking for module 'libavutil'
[1.419s] --   Found libavutil, version 56.70.100
[1.467s] -- Looking for ignition-fuel_tools7 -- found version 7.3.0
[1.467s] -- Searching for dependencies of ignition-fuel_tools7
[1.498s] -- Checking for module 'jsoncpp'
[1.507s] --   Found jsoncpp, version 1.9.5
[1.535s] -- Checking for module 'libzip'
[1.545s] --   Found libzip, version 1.7.3
[1.582s] -- Looking for ignition-common4 -- found version 4.7.0
[1.583s] -- Looking for ignition-math6 -- found version 6.15.1
[1.583s] -- Looking for ignition-msgs8 -- found version 8.7.0
[1.584s] -- Looking for ignition-gui6 -- found version 6.8.0
[1.585s] -- Searching for dependencies of ignition-gui6
[1.604s] -- Looking for ignition-math6 -- found version 6.15.1
[1.605s] -- Looking for ignition-common4 -- found version 4.7.0
[1.605s] -- Looking for ignition-plugin1 -- found version 1.4.0
[1.605s] -- Looking for ignition-transport11 -- found version 11.4.1
[1.606s] -- Looking for ignition-rendering6 -- found version 6.6.3
[1.606s] -- Searching for dependencies of ignition-rendering6
[1.606s] -- Looking for ignition-math6 -- found version 6.15.1
[1.606s] -- Searching for dependencies of ignition-math6
[1.606s] -- Searching for <ignition-math6> component [eigen3]
[1.607s] -- Looking for ignition-math6-eigen3 -- found version 6.15.1
[1.607s] -- Searching for dependencies of ignition-math6-eigen3
[1.608s] -- Looking for ignition-common4 -- found version 4.7.0
[1.608s] -- Searching for dependencies of ignition-common4
[1.608s] -- Looking for dlfcn.h - found
[1.608s] -- Looking for libdl - found
[1.615s] -- Searching for <ignition-common4> component [graphics]
[1.615s] -- Looking for ignition-common4-graphics -- found version 4.7.0
[1.616s] -- Searching for dependencies of ignition-common4-graphics
[1.616s] -- Looking for ignition-math6 -- found version 6.15.1
[1.616s] -- Looking for ignition-utils1 -- found version 1.5.1
[1.617s] -- Searching for <ignition-common4> component [events]
[1.618s] -- Looking for ignition-plugin1 -- found version 1.4.0
[1.618s] -- Searching for dependencies of ignition-plugin1
[1.618s] -- Searching for <ignition-plugin1> component [all]
[1.618s] -- Looking for all libraries of ignition-plugin1 -- found version 1.4.0
[1.619s] -- Looking for ignition-plugin1 -- found version 1.4.0
[1.620s] -- Looking for ignition-msgs8 -- found version 8.7.0
[1.630s] -- Looking for ignition-physics5 -- found version 5.3.2
[1.630s] -- Searching for dependencies of ignition-physics5
[1.630s] -- Looking for ignition-math6 -- found version 6.15.1
[1.630s] -- Looking for ignition-plugin1 -- found version 1.4.0
[1.631s] -- Looking for ignition-utils1 -- found version 1.5.1
[1.632s] -- Searching for <ignition-physics5> component [heightmap]
[1.632s] -- Looking for ignition-physics5-heightmap -- found version 5.3.2
[1.632s] -- Searching for dependencies of ignition-physics5-heightmap
[1.633s] -- Looking for ignition-common4 -- found version 4.7.0
[1.633s] -- Searching for <ignition-physics5> component [mesh]
[1.633s] -- Looking for ignition-physics5-mesh -- found version 5.3.2
[1.634s] -- Searching for dependencies of ignition-physics5-mesh
[1.634s] -- Looking for ignition-common4 -- found version 4.7.0
[1.634s] -- Searching for <ignition-physics5> component [sdf]
[1.634s] -- Looking for ignition-physics5-sdf -- found version 5.3.2
[1.635s] -- Searching for dependencies of ignition-physics5-sdf
[1.635s] -- Looking for sdformat12 -- found version 12.8.0
[1.636s] -- Looking for ignition-sensors6 -- found version 6.8.0
[1.636s] -- Searching for dependencies of ignition-sensors6
[1.649s] -- Found Protobuf: /usr/lib/x86_64-linux-gnu/libprotobuf.so (found version "3.12.4") 
[1.649s] -- Looking for ignition-math6 -- found version 6.15.1
[1.649s] -- Looking for ignition-common4 -- found version 4.7.0
[1.650s] -- Looking for ignition-transport11 -- found version 11.4.1
[1.650s] -- Looking for ignition-rendering6 -- found version 6.6.3
[1.650s] -- Looking for ignition-msgs8 -- found version 8.7.0
[1.651s] -- Looking for sdformat12 -- found version 12.8.0
[1.651s] -- Searching for <ignition-sensors6> component [air_pressure]
[1.651s] -- Looking for ignition-sensors6-air_pressure -- found version 6.8.0
[1.652s] -- Searching for dependencies of ignition-sensors6-air_pressure
[1.652s] -- Searching for <ignition-sensors6> component [altimeter]
[1.652s] -- Looking for ignition-sensors6-altimeter -- found version 6.8.0
[1.653s] -- Searching for dependencies of ignition-sensors6-altimeter
[1.653s] -- Searching for <ignition-sensors6> component [imu]
[1.653s] -- Looking for ignition-sensors6-imu -- found version 6.8.0
[1.654s] -- Searching for dependencies of ignition-sensors6-imu
[1.654s] -- Searching for <ignition-sensors6> component [force_torque]
[1.654s] -- Looking for ignition-sensors6-force_torque -- found version 6.8.0
[1.655s] -- Searching for dependencies of ignition-sensors6-force_torque
[1.655s] -- Searching for <ignition-sensors6> component [logical_camera]
[1.655s] -- Looking for ignition-sensors6-logical_camera -- found version 6.8.0
[1.655s] -- Searching for dependencies of ignition-sensors6-logical_camera
[1.656s] -- Searching for <ignition-sensors6> component [magnetometer]
[1.656s] -- Looking for ignition-sensors6-magnetometer -- found version 6.8.0
[1.656s] -- Searching for dependencies of ignition-sensors6-magnetometer
[1.657s] -- Searching for <ignition-sensors6> component [navsat]
[1.657s] -- Looking for ignition-sensors6-navsat -- found version 6.8.0
[1.657s] -- Searching for dependencies of ignition-sensors6-navsat
[1.658s] -- Searching for <ignition-sensors6> component [rendering]
[1.658s] -- Looking for ignition-sensors6-rendering -- found version 6.8.0
[1.658s] -- Searching for dependencies of ignition-sensors6-rendering
[1.659s] -- Searching for <ignition-sensors6> component [lidar]
[1.659s] -- Looking for ignition-sensors6-lidar -- found version 6.8.0
[1.659s] -- Searching for dependencies of ignition-sensors6-lidar
[1.660s] -- Looking for ignition-sensors6 -- found version 6.8.0
[1.660s] -- Searching for <ignition-sensors6> component [gpu_lidar]
[1.660s] -- Looking for ignition-sensors6-gpu_lidar -- found version 6.8.0
[1.661s] -- Searching for dependencies of ignition-sensors6-gpu_lidar
[1.661s] -- Looking for ignition-sensors6 -- found version 6.8.0
[1.661s] -- Searching for <ignition-sensors6> component [camera]
[1.662s] -- Looking for ignition-sensors6-camera -- found version 6.8.0
[1.662s] -- Searching for dependencies of ignition-sensors6-camera
[1.662s] -- Looking for ignition-sensors6 -- found version 6.8.0
[1.663s] -- Searching for <ignition-sensors6> component [boundingbox_camera]
[1.663s] -- Looking for ignition-sensors6-boundingbox_camera -- found version 6.8.0
[1.663s] -- Searching for dependencies of ignition-sensors6-boundingbox_camera
[1.664s] -- Searching for <ignition-sensors6> component [segmentation_camera]
[1.664s] -- Looking for ignition-sensors6-segmentation_camera -- found version 6.8.0
[1.664s] -- Searching for dependencies of ignition-sensors6-segmentation_camera
[1.665s] -- Searching for <ignition-sensors6> component [depth_camera]
[1.665s] -- Looking for ignition-sensors6-depth_camera -- found version 6.8.0
[1.665s] -- Searching for dependencies of ignition-sensors6-depth_camera
[1.666s] -- Looking for ignition-sensors6 -- found version 6.8.0
[1.666s] -- Searching for <ignition-sensors6> component [rgbd_camera]
[1.666s] -- Looking for ignition-sensors6-rgbd_camera -- found version 6.8.0
[1.667s] -- Searching for dependencies of ignition-sensors6-rgbd_camera
[1.667s] -- Looking for ignition-sensors6 -- found version 6.8.0
[1.667s] -- Searching for <ignition-sensors6> component [thermal_camera]
[1.667s] -- Looking for ignition-sensors6-thermal_camera -- found version 6.8.0
[1.668s] -- Searching for dependencies of ignition-sensors6-thermal_camera
[1.668s] -- Looking for ignition-sensors6 -- found version 6.8.0
[1.669s] -- Looking for ignition-rendering6 -- found version 6.6.3
[1.669s] -- Looking for ignition-math6 -- found version 6.15.1
[1.670s] -- Looking for ignition-utils1 -- found version 1.5.1
[1.683s] -- Compiling against Ignition Fortress
[1.683s] -- Looking for ignition-plugin1 -- found version 1.4.0
[2.007s] -- Found ament_lint_auto: 0.12.11 (/opt/ros/humble/share/ament_lint_auto/cmake)
[2.059s] -- Added test 'copyright' to check source files copyright and LICENSE
[2.060s] -- Added test 'cppcheck' to perform static code analysis on C / C++ code
[2.060s] -- Configured cppcheck include dirs: /home/rae/testbot_ws/src/ign_ros2_control/include
[2.060s] -- Configured cppcheck exclude dirs and/or files: 
[2.060s] -- Added test 'cpplint' to check C / C++ code against the Google style
[2.060s] -- Configured cpplint exclude dirs and/or files: 
[2.061s] -- Added test 'lint_cmake' to check CMake code style
[2.061s] -- Added test 'uncrustify' to check C / C++ code style
[2.061s] -- Configured uncrustify additional arguments: 
[2.062s] -- Added test 'xmllint' to check XML markup files
[2.063s] -- Configuring done
[2.092s] -- Generating done
[2.093s] -- Build files have been written to: /home/rae/testbot_ws/build/ign_ros2_control
[2.103s] Invoked command in '/home/rae/testbot_ws/build/ign_ros2_control' returned '0': CMAKE_PREFIX_PATH=${CMAKE_PREFIX_PATH}:/opt/ros/humble /usr/bin/cmake /home/rae/testbot_ws/src/ign_ros2_control -DCMAKE_INSTALL_PREFIX=/home/rae/testbot_ws/install/ign_ros2_control
[2.105s] Invoking command in '/home/rae/testbot_ws/build/ign_ros2_control': CMAKE_PREFIX_PATH=${CMAKE_PREFIX_PATH}:/opt/ros/humble /usr/bin/cmake --build /home/rae/testbot_ws/build/ign_ros2_control -- -j8 -l8
[2.138s] [35m[1mConsolidate compiler generated dependencies of target ign_hardware_plugins[0m
[2.138s] [35m[1mConsolidate compiler generated dependencies of target ign_ros2_control-system[0m
[2.156s] [100%] Built target ign_ros2_control-system
[2.156s] [100%] Built target ign_hardware_plugins
[2.165s] Invoked command in '/home/rae/testbot_ws/build/ign_ros2_control' returned '0': CMAKE_PREFIX_PATH=${CMAKE_PREFIX_PATH}:/opt/ros/humble /usr/bin/cmake --build /home/rae/testbot_ws/build/ign_ros2_control -- -j8 -l8
[2.192s] Invoking command in '/home/rae/testbot_ws/build/ign_ros2_control': CMAKE_PREFIX_PATH=${CMAKE_PREFIX_PATH}:/opt/ros/humble /usr/bin/cmake --install /home/rae/testbot_ws/build/ign_ros2_control
[2.198s] -- Install configuration: ""
[2.198s] -- Execute custom install script
[2.198s] -- Up-to-date symlink: /home/rae/testbot_ws/install/ign_ros2_control/lib/libign_hardware_plugins.so
[2.199s] -- Up-to-date symlink: /home/rae/testbot_ws/install/ign_ros2_control/include/ign_ros2_control/ign_ros2_control_plugin.hpp
[2.199s] -- Up-to-date symlink: /home/rae/testbot_ws/install/ign_ros2_control/include/ign_ros2_control/ign_system.hpp
[2.199s] -- Up-to-date symlink: /home/rae/testbot_ws/install/ign_ros2_control/include/ign_ros2_control/ign_system_interface.hpp
[2.199s] -- Up-to-date symlink: /home/rae/testbot_ws/install/ign_ros2_control/share/ign_ros2_control/environment/library_path.sh
[2.199s] -- Up-to-date symlink: /home/rae/testbot_ws/install/ign_ros2_control/share/ign_ros2_control/environment/library_path.dsv
[2.199s] -- Up-to-date symlink: /home/rae/testbot_ws/install/ign_ros2_control/lib/libign_ros2_control-system.so
[2.199s] -- Up-to-date symlink: /home/rae/testbot_ws/install/ign_ros2_control/share/ign_ros2_control//ign_hardware_plugins.xml
[2.199s] -- Up-to-date symlink: /home/rae/testbot_ws/install/ign_ros2_control/share/ament_index/resource_index/package_run_dependencies/ign_ros2_control
[2.199s] -- Up-to-date symlink: /home/rae/testbot_ws/install/ign_ros2_control/share/ament_index/resource_index/parent_prefix_path/ign_ros2_control
[2.199s] -- Up-to-date symlink: /home/rae/testbot_ws/install/ign_ros2_control/share/ign_ros2_control/environment/ament_prefix_path.sh
[2.199s] -- Up-to-date symlink: /home/rae/testbot_ws/install/ign_ros2_control/share/ign_ros2_control/environment/ament_prefix_path.dsv
[2.200s] -- Up-to-date symlink: /home/rae/testbot_ws/install/ign_ros2_control/share/ign_ros2_control/environment/path.sh
[2.200s] -- Up-to-date symlink: /home/rae/testbot_ws/install/ign_ros2_control/share/ign_ros2_control/environment/path.dsv
[2.200s] -- Up-to-date symlink: /home/rae/testbot_ws/install/ign_ros2_control/share/ign_ros2_control/local_setup.bash
[2.200s] -- Up-to-date symlink: /home/rae/testbot_ws/install/ign_ros2_control/share/ign_ros2_control/local_setup.sh
[2.200s] -- Up-to-date symlink: /home/rae/testbot_ws/install/ign_ros2_control/share/ign_ros2_control/local_setup.zsh
[2.200s] -- Up-to-date symlink: /home/rae/testbot_ws/install/ign_ros2_control/share/ign_ros2_control/local_setup.dsv
[2.200s] -- Symlinking: /home/rae/testbot_ws/install/ign_ros2_control/share/ign_ros2_control/package.dsv
[2.207s] -- Up-to-date symlink: /home/rae/testbot_ws/install/ign_ros2_control/share/ament_index/resource_index/packages/ign_ros2_control
[2.207s] -- Up-to-date symlink: /home/rae/testbot_ws/install/ign_ros2_control/share/ament_index/resource_index/ign_ros2_control__pluginlib__plugin/ign_ros2_control
[2.207s] -- Up-to-date symlink: /home/rae/testbot_ws/install/ign_ros2_control/share/ign_ros2_control/cmake/ament_cmake_export_include_directories-extras.cmake
[2.207s] -- Up-to-date symlink: /home/rae/testbot_ws/install/ign_ros2_control/share/ign_ros2_control/cmake/ament_cmake_export_libraries-extras.cmake
[2.207s] -- Up-to-date symlink: /home/rae/testbot_ws/install/ign_ros2_control/share/ign_ros2_control/cmake/ign_ros2_controlConfig.cmake
[2.207s] -- Up-to-date symlink: /home/rae/testbot_ws/install/ign_ros2_control/share/ign_ros2_control/cmake/ign_ros2_controlConfig-version.cmake
[2.207s] -- Up-to-date symlink: /home/rae/testbot_ws/install/ign_ros2_control/share/ign_ros2_control/package.xml
[2.209s] Invoked command in '/home/rae/testbot_ws/build/ign_ros2_control' returned '0': CMAKE_PREFIX_PATH=${CMAKE_PREFIX_PATH}:/opt/ros/humble /usr/bin/cmake --install /home/rae/testbot_ws/build/ign_ros2_control
