[0.064s] DEBUG:colcon:Command line arguments: ['/usr/bin/colcon', 'build', '--symlink-install']
[0.064s] DEBUG:colcon:Parsed command line arguments: Namespace(log_base=None, log_level=None, verb_name='build', build_base='build', install_base='install', merge_install=False, symlink_install=True, test_result_base=None, continue_on_error=False, executor='parallel', parallel_workers=8, event_handlers=None, ignore_user_meta=False, metas=['./colcon.meta'], base_paths=['.'], packages_ignore=None, packages_ignore_regex=None, paths=None, packages_up_to=None, packages_up_to_regex=None, packages_above=None, packages_above_and_dependencies=None, packages_above_depth=None, packages_select_by_dep=None, packages_skip_by_dep=None, packages_skip_up_to=None, packages_select_build_failed=False, packages_skip_build_finished=False, packages_select_test_failures=False, packages_skip_test_passed=False, packages_select=None, packages_skip=None, packages_select_regex=None, packages_skip_regex=None, packages_start=None, packages_end=None, allow_overriding=[], cmake_args=None, cmake_target=None, cmake_target_skip_unavailable=False, cmake_clean_cache=False, cmake_clean_first=False, cmake_force_configure=False, ament_cmake_args=None, catkin_cmake_args=None, catkin_skip_building_tests=False, verb_parser=<colcon_defaults.argument_parser.defaults.DefaultArgumentsDecorator object at 0x78190f9145e0>, verb_extension=<colcon_core.verb.build.BuildVerb object at 0x78190f914160>, main=<bound method BuildVerb.main of <colcon_core.verb.build.BuildVerb object at 0x78190f914160>>)
[0.162s] Level 1:colcon.colcon_core.package_discovery:discover_packages(colcon_meta) check parameters
[0.162s] Level 1:colcon.colcon_core.package_discovery:discover_packages(recursive) check parameters
[0.162s] Level 1:colcon.colcon_core.package_discovery:discover_packages(ignore) check parameters
[0.162s] Level 1:colcon.colcon_core.package_discovery:discover_packages(path) check parameters
[0.162s] Level 1:colcon.colcon_core.package_discovery:discover_packages(colcon_meta) discover
[0.162s] Level 1:colcon.colcon_core.package_discovery:discover_packages(recursive) discover
[0.162s] INFO:colcon.colcon_core.package_discovery:Crawling recursively for packages in '/home/rae/testbot_ws'
[0.162s] Level 1:colcon.colcon_core.package_identification:_identify(.) by extensions ['ignore', 'ignore_ament_install']
[0.162s] Level 1:colcon.colcon_core.package_identification:_identify(.) by extension 'ignore'
[0.163s] Level 1:colcon.colcon_core.package_identification:_identify(.) by extension 'ignore_ament_install'
[0.163s] Level 1:colcon.colcon_core.package_identification:_identify(.) by extensions ['colcon_pkg']
[0.163s] Level 1:colcon.colcon_core.package_identification:_identify(.) by extension 'colcon_pkg'
[0.163s] Level 1:colcon.colcon_core.package_identification:_identify(.) by extensions ['colcon_meta']
[0.163s] Level 1:colcon.colcon_core.package_identification:_identify(.) by extension 'colcon_meta'
[0.163s] Level 1:colcon.colcon_core.package_identification:_identify(.) by extensions ['ros']
[0.163s] Level 1:colcon.colcon_core.package_identification:_identify(.) by extension 'ros'
[0.170s] Level 1:colcon.colcon_core.package_identification:_identify(.) by extensions ['cmake', 'python']
[0.170s] Level 1:colcon.colcon_core.package_identification:_identify(.) by extension 'cmake'
[0.170s] Level 1:colcon.colcon_core.package_identification:_identify(.) by extension 'python'
[0.170s] Level 1:colcon.colcon_core.package_identification:_identify(.) by extensions ['python_setup_py']
[0.170s] Level 1:colcon.colcon_core.package_identification:_identify(.) by extension 'python_setup_py'
[0.170s] Level 1:colcon.colcon_core.package_identification:_identify(build) by extensions ['ignore', 'ignore_ament_install']
[0.171s] Level 1:colcon.colcon_core.package_identification:_identify(build) by extension 'ignore'
[0.171s] Level 1:colcon.colcon_core.package_identification:_identify(build) ignored
[0.171s] Level 1:colcon.colcon_core.package_identification:_identify(install) by extensions ['ignore', 'ignore_ament_install']
[0.171s] Level 1:colcon.colcon_core.package_identification:_identify(install) by extension 'ignore'
[0.171s] Level 1:colcon.colcon_core.package_identification:_identify(install) ignored
[0.171s] Level 1:colcon.colcon_core.package_identification:_identify(log) by extensions ['ignore', 'ignore_ament_install']
[0.171s] Level 1:colcon.colcon_core.package_identification:_identify(log) by extension 'ignore'
[0.171s] Level 1:colcon.colcon_core.package_identification:_identify(log) ignored
[0.171s] Level 1:colcon.colcon_core.package_identification:_identify(src) by extensions ['ignore', 'ignore_ament_install']
[0.171s] Level 1:colcon.colcon_core.package_identification:_identify(src) by extension 'ignore'
[0.171s] Level 1:colcon.colcon_core.package_identification:_identify(src) by extension 'ignore_ament_install'
[0.171s] Level 1:colcon.colcon_core.package_identification:_identify(src) by extensions ['colcon_pkg']
[0.171s] Level 1:colcon.colcon_core.package_identification:_identify(src) by extension 'colcon_pkg'
[0.171s] Level 1:colcon.colcon_core.package_identification:_identify(src) by extensions ['colcon_meta']
[0.171s] Level 1:colcon.colcon_core.package_identification:_identify(src) by extension 'colcon_meta'
[0.171s] Level 1:colcon.colcon_core.package_identification:_identify(src) by extensions ['ros']
[0.171s] Level 1:colcon.colcon_core.package_identification:_identify(src) by extension 'ros'
[0.171s] Level 1:colcon.colcon_core.package_identification:_identify(src) by extensions ['cmake', 'python']
[0.171s] Level 1:colcon.colcon_core.package_identification:_identify(src) by extension 'cmake'
[0.171s] Level 1:colcon.colcon_core.package_identification:_identify(src) by extension 'python'
[0.171s] Level 1:colcon.colcon_core.package_identification:_identify(src) by extensions ['python_setup_py']
[0.171s] Level 1:colcon.colcon_core.package_identification:_identify(src) by extension 'python_setup_py'
[0.171s] Level 1:colcon.colcon_core.package_identification:_identify(src/ign_ros2_control) by extensions ['ignore', 'ignore_ament_install']
[0.172s] Level 1:colcon.colcon_core.package_identification:_identify(src/ign_ros2_control) by extension 'ignore'
[0.172s] Level 1:colcon.colcon_core.package_identification:_identify(src/ign_ros2_control) by extension 'ignore_ament_install'
[0.172s] Level 1:colcon.colcon_core.package_identification:_identify(src/ign_ros2_control) by extensions ['colcon_pkg']
[0.172s] Level 1:colcon.colcon_core.package_identification:_identify(src/ign_ros2_control) by extension 'colcon_pkg'
[0.172s] Level 1:colcon.colcon_core.package_identification:_identify(src/ign_ros2_control) by extensions ['colcon_meta']
[0.172s] Level 1:colcon.colcon_core.package_identification:_identify(src/ign_ros2_control) by extension 'colcon_meta'
[0.172s] Level 1:colcon.colcon_core.package_identification:_identify(src/ign_ros2_control) by extensions ['ros']
[0.172s] Level 1:colcon.colcon_core.package_identification:_identify(src/ign_ros2_control) by extension 'ros'
[0.176s] DEBUG:colcon.colcon_core.package_identification:Package 'src/ign_ros2_control' with type 'ros.ament_cmake' and name 'ign_ros2_control'
[0.176s] Level 1:colcon.colcon_core.package_identification:_identify(src/testbot) by extensions ['ignore', 'ignore_ament_install']
[0.176s] Level 1:colcon.colcon_core.package_identification:_identify(src/testbot) by extension 'ignore'
[0.177s] Level 1:colcon.colcon_core.package_identification:_identify(src/testbot) by extension 'ignore_ament_install'
[0.177s] Level 1:colcon.colcon_core.package_identification:_identify(src/testbot) by extensions ['colcon_pkg']
[0.177s] Level 1:colcon.colcon_core.package_identification:_identify(src/testbot) by extension 'colcon_pkg'
[0.177s] Level 1:colcon.colcon_core.package_identification:_identify(src/testbot) by extensions ['colcon_meta']
[0.177s] Level 1:colcon.colcon_core.package_identification:_identify(src/testbot) by extension 'colcon_meta'
[0.177s] Level 1:colcon.colcon_core.package_identification:_identify(src/testbot) by extensions ['ros']
[0.177s] Level 1:colcon.colcon_core.package_identification:_identify(src/testbot) by extension 'ros'
[0.177s] DEBUG:colcon.colcon_core.package_identification:Package 'src/testbot' with type 'ros.ament_cmake' and name 'testbot'
[0.177s] Level 1:colcon.colcon_core.package_discovery:discover_packages(recursive) using defaults
[0.177s] Level 1:colcon.colcon_core.package_discovery:discover_packages(ignore) discover
[0.177s] Level 1:colcon.colcon_core.package_discovery:discover_packages(ignore) using defaults
[0.177s] Level 1:colcon.colcon_core.package_discovery:discover_packages(path) discover
[0.177s] Level 1:colcon.colcon_core.package_discovery:discover_packages(path) using defaults
[0.190s] Level 1:colcon.colcon_core.package_discovery:discover_packages(prefix_path) check parameters
[0.190s] Level 1:colcon.colcon_core.package_discovery:discover_packages(prefix_path) discover
[0.192s] DEBUG:colcon.colcon_installed_package_information.package_discovery:Found 1 installed packages in /home/rae/testbot_ws/install
[0.192s] DEBUG:colcon.colcon_installed_package_information.package_discovery:Found 2 installed packages in /home/rae/test_ws/install
[0.193s] DEBUG:colcon.colcon_installed_package_information.package_discovery:Found 379 installed packages in /opt/ros/humble
[0.203s] Level 1:colcon.colcon_core.package_discovery:discover_packages(prefix_path) using defaults
[0.231s] Level 5:colcon.colcon_core.verb:set package 'ign_ros2_control' build argument 'cmake_args' from command line to 'None'
[0.231s] Level 5:colcon.colcon_core.verb:set package 'ign_ros2_control' build argument 'cmake_target' from command line to 'None'
[0.231s] Level 5:colcon.colcon_core.verb:set package 'ign_ros2_control' build argument 'cmake_target_skip_unavailable' from command line to 'False'
[0.231s] Level 5:colcon.colcon_core.verb:set package 'ign_ros2_control' build argument 'cmake_clean_cache' from command line to 'False'
[0.231s] Level 5:colcon.colcon_core.verb:set package 'ign_ros2_control' build argument 'cmake_clean_first' from command line to 'False'
[0.231s] Level 5:colcon.colcon_core.verb:set package 'ign_ros2_control' build argument 'cmake_force_configure' from command line to 'False'
[0.231s] Level 5:colcon.colcon_core.verb:set package 'ign_ros2_control' build argument 'ament_cmake_args' from command line to 'None'
[0.231s] Level 5:colcon.colcon_core.verb:set package 'ign_ros2_control' build argument 'catkin_cmake_args' from command line to 'None'
[0.231s] Level 5:colcon.colcon_core.verb:set package 'ign_ros2_control' build argument 'catkin_skip_building_tests' from command line to 'False'
[0.231s] DEBUG:colcon.colcon_core.verb:Building package 'ign_ros2_control' with the following arguments: {'ament_cmake_args': None, 'build_base': '/home/rae/testbot_ws/build/ign_ros2_control', 'catkin_cmake_args': None, 'catkin_skip_building_tests': False, 'cmake_args': None, 'cmake_clean_cache': False, 'cmake_clean_first': False, 'cmake_force_configure': False, 'cmake_target': None, 'cmake_target_skip_unavailable': False, 'install_base': '/home/rae/testbot_ws/install/ign_ros2_control', 'merge_install': False, 'path': '/home/rae/testbot_ws/src/ign_ros2_control', 'symlink_install': True, 'test_result_base': None}
[0.231s] Level 5:colcon.colcon_core.verb:set package 'testbot' build argument 'cmake_args' from command line to 'None'
[0.231s] Level 5:colcon.colcon_core.verb:set package 'testbot' build argument 'cmake_target' from command line to 'None'
[0.232s] Level 5:colcon.colcon_core.verb:set package 'testbot' build argument 'cmake_target_skip_unavailable' from command line to 'False'
[0.232s] Level 5:colcon.colcon_core.verb:set package 'testbot' build argument 'cmake_clean_cache' from command line to 'False'
[0.232s] Level 5:colcon.colcon_core.verb:set package 'testbot' build argument 'cmake_clean_first' from command line to 'False'
[0.232s] Level 5:colcon.colcon_core.verb:set package 'testbot' build argument 'cmake_force_configure' from command line to 'False'
[0.232s] Level 5:colcon.colcon_core.verb:set package 'testbot' build argument 'ament_cmake_args' from command line to 'None'
[0.232s] Level 5:colcon.colcon_core.verb:set package 'testbot' build argument 'catkin_cmake_args' from command line to 'None'
[0.232s] Level 5:colcon.colcon_core.verb:set package 'testbot' build argument 'catkin_skip_building_tests' from command line to 'False'
[0.232s] DEBUG:colcon.colcon_core.verb:Building package 'testbot' with the following arguments: {'ament_cmake_args': None, 'build_base': '/home/rae/testbot_ws/build/testbot', 'catkin_cmake_args': None, 'catkin_skip_building_tests': False, 'cmake_args': None, 'cmake_clean_cache': False, 'cmake_clean_first': False, 'cmake_force_configure': False, 'cmake_target': None, 'cmake_target_skip_unavailable': False, 'install_base': '/home/rae/testbot_ws/install/testbot', 'merge_install': False, 'path': '/home/rae/testbot_ws/src/testbot', 'symlink_install': True, 'test_result_base': None}
[0.232s] INFO:colcon.colcon_core.executor:Executing jobs using 'parallel' executor
[0.233s] DEBUG:colcon.colcon_parallel_executor.executor.parallel:run_until_complete
[0.233s] INFO:colcon.colcon_ros.task.ament_cmake.build:Building ROS package in '/home/rae/testbot_ws/src/ign_ros2_control' with build type 'ament_cmake'
[0.233s] INFO:colcon.colcon_cmake.task.cmake.build:Building CMake package in '/home/rae/testbot_ws/src/ign_ros2_control'
[0.234s] INFO:colcon.colcon_core.plugin_system:Skipping extension 'colcon_core.shell.bat': Not used on non-Windows systems
[0.234s] INFO:colcon.colcon_core.shell:Skip shell extension 'powershell' for command environment: Not usable outside of PowerShell
[0.234s] DEBUG:colcon.colcon_core.shell:Skip shell extension 'dsv' for command environment
[0.240s] DEBUG:colcon.colcon_core.event_handler.log_command:Invoking command in '/home/rae/testbot_ws/build/ign_ros2_control': CMAKE_PREFIX_PATH=${CMAKE_PREFIX_PATH}:/opt/ros/humble /usr/bin/cmake /home/rae/testbot_ws/src/ign_ros2_control -DAMENT_CMAKE_SYMLINK_INSTALL=1 -DCMAKE_INSTALL_PREFIX=/home/rae/testbot_ws/install/ign_ros2_control
[2.958s] DEBUG:colcon.colcon_core.event_handler.log_command:Invoked command in '/home/rae/testbot_ws/build/ign_ros2_control' returned '0': CMAKE_PREFIX_PATH=${CMAKE_PREFIX_PATH}:/opt/ros/humble /usr/bin/cmake /home/rae/testbot_ws/src/ign_ros2_control -DAMENT_CMAKE_SYMLINK_INSTALL=1 -DCMAKE_INSTALL_PREFIX=/home/rae/testbot_ws/install/ign_ros2_control
[2.959s] DEBUG:colcon.colcon_core.event_handler.log_command:Invoking command in '/home/rae/testbot_ws/build/ign_ros2_control': CMAKE_PREFIX_PATH=${CMAKE_PREFIX_PATH}:/opt/ros/humble /usr/bin/cmake --build /home/rae/testbot_ws/build/ign_ros2_control -- -j8 -l8
[12.359s] DEBUG:colcon.colcon_core.event_handler.log_command:Invoked command in '/home/rae/testbot_ws/build/ign_ros2_control' returned '0': CMAKE_PREFIX_PATH=${CMAKE_PREFIX_PATH}:/opt/ros/humble /usr/bin/cmake --build /home/rae/testbot_ws/build/ign_ros2_control -- -j8 -l8
[12.402s] DEBUG:colcon.colcon_core.event_handler.log_command:Invoking command in '/home/rae/testbot_ws/build/ign_ros2_control': CMAKE_PREFIX_PATH=${CMAKE_PREFIX_PATH}:/opt/ros/humble /usr/bin/cmake --install /home/rae/testbot_ws/build/ign_ros2_control
[12.590s] Level 1:colcon.colcon_core.environment:create_environment_scripts_only(ign_ros2_control)
[12.591s] DEBUG:colcon.colcon_core.event_handler.log_command:Invoked command in '/home/rae/testbot_ws/build/ign_ros2_control' returned '0': CMAKE_PREFIX_PATH=${CMAKE_PREFIX_PATH}:/opt/ros/humble /usr/bin/cmake --install /home/rae/testbot_ws/build/ign_ros2_control
[12.592s] Level 1:colcon.colcon_core.environment:checking '/home/rae/testbot_ws/install/ign_ros2_control' for CMake module files
[12.592s] Level 1:colcon.colcon_core.environment:checking '/home/rae/testbot_ws/install/ign_ros2_control' for CMake config files
[12.593s] Level 1:colcon.colcon_core.shell:create_environment_hook('ign_ros2_control', 'cmake_prefix_path')
[12.593s] INFO:colcon.colcon_core.shell:Creating environment hook '/home/rae/testbot_ws/install/ign_ros2_control/share/ign_ros2_control/hook/cmake_prefix_path.ps1'
[12.593s] INFO:colcon.colcon_core.shell:Creating environment descriptor '/home/rae/testbot_ws/install/ign_ros2_control/share/ign_ros2_control/hook/cmake_prefix_path.dsv'
[12.594s] INFO:colcon.colcon_core.shell:Creating environment hook '/home/rae/testbot_ws/install/ign_ros2_control/share/ign_ros2_control/hook/cmake_prefix_path.sh'
[12.594s] Level 1:colcon.colcon_core.environment:checking '/home/rae/testbot_ws/install/ign_ros2_control/lib'
[12.594s] Level 1:colcon.colcon_core.shell:create_environment_hook('ign_ros2_control', 'ld_library_path_lib')
[12.595s] INFO:colcon.colcon_core.shell:Creating environment hook '/home/rae/testbot_ws/install/ign_ros2_control/share/ign_ros2_control/hook/ld_library_path_lib.ps1'
[12.595s] INFO:colcon.colcon_core.shell:Creating environment descriptor '/home/rae/testbot_ws/install/ign_ros2_control/share/ign_ros2_control/hook/ld_library_path_lib.dsv'
[12.595s] INFO:colcon.colcon_core.shell:Creating environment hook '/home/rae/testbot_ws/install/ign_ros2_control/share/ign_ros2_control/hook/ld_library_path_lib.sh'
[12.595s] Level 1:colcon.colcon_core.environment:checking '/home/rae/testbot_ws/install/ign_ros2_control/bin'
[12.595s] Level 1:colcon.colcon_core.environment:checking '/home/rae/testbot_ws/install/ign_ros2_control/lib/pkgconfig/ign_ros2_control.pc'
[12.596s] Level 1:colcon.colcon_core.environment:checking '/home/rae/testbot_ws/install/ign_ros2_control/lib/python3.10/site-packages'
[12.596s] Level 1:colcon.colcon_core.environment:checking '/home/rae/testbot_ws/install/ign_ros2_control/bin'
[12.596s] INFO:colcon.colcon_core.shell:Creating package script '/home/rae/testbot_ws/install/ign_ros2_control/share/ign_ros2_control/package.ps1'
[12.597s] INFO:colcon.colcon_core.shell:Creating package descriptor '/home/rae/testbot_ws/install/ign_ros2_control/share/ign_ros2_control/package.dsv'
[12.597s] INFO:colcon.colcon_core.shell:Creating package script '/home/rae/testbot_ws/install/ign_ros2_control/share/ign_ros2_control/package.sh'
[12.598s] INFO:colcon.colcon_core.shell:Creating package script '/home/rae/testbot_ws/install/ign_ros2_control/share/ign_ros2_control/package.bash'
[12.598s] INFO:colcon.colcon_core.shell:Creating package script '/home/rae/testbot_ws/install/ign_ros2_control/share/ign_ros2_control/package.zsh'
[12.599s] Level 1:colcon.colcon_core.environment:create_file_with_runtime_dependencies(/home/rae/testbot_ws/install/ign_ros2_control/share/colcon-core/packages/ign_ros2_control)
[12.629s] Level 1:colcon.colcon_core.environment:create_environment_scripts_only(ign_ros2_control)
[12.629s] Level 1:colcon.colcon_core.environment:checking '/home/rae/testbot_ws/install/ign_ros2_control' for CMake module files
[12.630s] Level 1:colcon.colcon_core.environment:checking '/home/rae/testbot_ws/install/ign_ros2_control' for CMake config files
[12.630s] Level 1:colcon.colcon_core.shell:create_environment_hook('ign_ros2_control', 'cmake_prefix_path')
[12.631s] INFO:colcon.colcon_core.shell:Creating environment hook '/home/rae/testbot_ws/install/ign_ros2_control/share/ign_ros2_control/hook/cmake_prefix_path.ps1'
[12.631s] INFO:colcon.colcon_core.shell:Creating environment descriptor '/home/rae/testbot_ws/install/ign_ros2_control/share/ign_ros2_control/hook/cmake_prefix_path.dsv'
[12.631s] INFO:colcon.colcon_core.shell:Creating environment hook '/home/rae/testbot_ws/install/ign_ros2_control/share/ign_ros2_control/hook/cmake_prefix_path.sh'
[12.632s] Level 1:colcon.colcon_core.environment:checking '/home/rae/testbot_ws/install/ign_ros2_control/lib'
[12.632s] Level 1:colcon.colcon_core.shell:create_environment_hook('ign_ros2_control', 'ld_library_path_lib')
[12.632s] INFO:colcon.colcon_core.shell:Creating environment hook '/home/rae/testbot_ws/install/ign_ros2_control/share/ign_ros2_control/hook/ld_library_path_lib.ps1'
[12.633s] INFO:colcon.colcon_core.shell:Creating environment descriptor '/home/rae/testbot_ws/install/ign_ros2_control/share/ign_ros2_control/hook/ld_library_path_lib.dsv'
[12.633s] INFO:colcon.colcon_core.shell:Creating environment hook '/home/rae/testbot_ws/install/ign_ros2_control/share/ign_ros2_control/hook/ld_library_path_lib.sh'
[12.634s] Level 1:colcon.colcon_core.environment:checking '/home/rae/testbot_ws/install/ign_ros2_control/bin'
[12.634s] Level 1:colcon.colcon_core.environment:checking '/home/rae/testbot_ws/install/ign_ros2_control/lib/pkgconfig/ign_ros2_control.pc'
[12.634s] Level 1:colcon.colcon_core.environment:checking '/home/rae/testbot_ws/install/ign_ros2_control/lib/python3.10/site-packages'
[12.634s] Level 1:colcon.colcon_core.environment:checking '/home/rae/testbot_ws/install/ign_ros2_control/bin'
[12.635s] INFO:colcon.colcon_core.shell:Creating package script '/home/rae/testbot_ws/install/ign_ros2_control/share/ign_ros2_control/package.ps1'
[12.635s] INFO:colcon.colcon_core.shell:Creating package descriptor '/home/rae/testbot_ws/install/ign_ros2_control/share/ign_ros2_control/package.dsv'
[12.636s] INFO:colcon.colcon_core.shell:Creating package script '/home/rae/testbot_ws/install/ign_ros2_control/share/ign_ros2_control/package.sh'
[12.637s] INFO:colcon.colcon_core.shell:Creating package script '/home/rae/testbot_ws/install/ign_ros2_control/share/ign_ros2_control/package.bash'
[12.637s] INFO:colcon.colcon_core.shell:Creating package script '/home/rae/testbot_ws/install/ign_ros2_control/share/ign_ros2_control/package.zsh'
[12.638s] Level 1:colcon.colcon_core.environment:create_file_with_runtime_dependencies(/home/rae/testbot_ws/install/ign_ros2_control/share/colcon-core/packages/ign_ros2_control)
[12.638s] INFO:colcon.colcon_ros.task.ament_cmake.build:Building ROS package in '/home/rae/testbot_ws/src/testbot' with build type 'ament_cmake'
[12.638s] INFO:colcon.colcon_cmake.task.cmake.build:Building CMake package in '/home/rae/testbot_ws/src/testbot'
[12.638s] INFO:colcon.colcon_core.shell:Skip shell extension 'powershell' for command environment: Not usable outside of PowerShell
[12.639s] DEBUG:colcon.colcon_core.shell:Skip shell extension 'dsv' for command environment
[12.648s] DEBUG:colcon.colcon_core.event_handler.log_command:Invoking command in '/home/rae/testbot_ws/build/testbot': AMENT_PREFIX_PATH=/home/rae/testbot_ws/install/ign_ros2_control:${AMENT_PREFIX_PATH} CMAKE_PREFIX_PATH=/home/rae/testbot_ws/install/ign_ros2_control:/home/rae/testbot_ws/install/testbot:/home/rae/test_ws/install/test_robot_control:/home/rae/test_ws/install/test_robot_bringup:/opt/ros/humble LD_LIBRARY_PATH=/home/rae/testbot_ws/install/ign_ros2_control/lib:/opt/ros/humble/opt/rviz_ogre_vendor/lib:/opt/ros/humble/lib/x86_64-linux-gnu:/opt/ros/humble/lib:/usr/lib/x86_64-linux-gnu/gazebo-11/plugins /usr/bin/cmake --build /home/rae/testbot_ws/build/testbot -- -j8 -l8
[12.678s] DEBUG:colcon.colcon_core.event_handler.log_command:Invoked command in '/home/rae/testbot_ws/build/testbot' returned '0': AMENT_PREFIX_PATH=/home/rae/testbot_ws/install/ign_ros2_control:${AMENT_PREFIX_PATH} CMAKE_PREFIX_PATH=/home/rae/testbot_ws/install/ign_ros2_control:/home/rae/testbot_ws/install/testbot:/home/rae/test_ws/install/test_robot_control:/home/rae/test_ws/install/test_robot_bringup:/opt/ros/humble LD_LIBRARY_PATH=/home/rae/testbot_ws/install/ign_ros2_control/lib:/opt/ros/humble/opt/rviz_ogre_vendor/lib:/opt/ros/humble/lib/x86_64-linux-gnu:/opt/ros/humble/lib:/usr/lib/x86_64-linux-gnu/gazebo-11/plugins /usr/bin/cmake --build /home/rae/testbot_ws/build/testbot -- -j8 -l8
[12.695s] DEBUG:colcon.colcon_core.event_handler.log_command:Invoking command in '/home/rae/testbot_ws/build/testbot': AMENT_PREFIX_PATH=/home/rae/testbot_ws/install/ign_ros2_control:${AMENT_PREFIX_PATH} CMAKE_PREFIX_PATH=/home/rae/testbot_ws/install/ign_ros2_control:/home/rae/testbot_ws/install/testbot:/home/rae/test_ws/install/test_robot_control:/home/rae/test_ws/install/test_robot_bringup:/opt/ros/humble LD_LIBRARY_PATH=/home/rae/testbot_ws/install/ign_ros2_control/lib:/opt/ros/humble/opt/rviz_ogre_vendor/lib:/opt/ros/humble/lib/x86_64-linux-gnu:/opt/ros/humble/lib:/usr/lib/x86_64-linux-gnu/gazebo-11/plugins /usr/bin/cmake --install /home/rae/testbot_ws/build/testbot
[12.713s] Level 1:colcon.colcon_core.environment:create_environment_scripts_only(testbot)
[12.713s] Level 1:colcon.colcon_core.environment:checking '/home/rae/testbot_ws/install/testbot' for CMake module files
[12.713s] DEBUG:colcon.colcon_core.event_handler.log_command:Invoked command in '/home/rae/testbot_ws/build/testbot' returned '0': AMENT_PREFIX_PATH=/home/rae/testbot_ws/install/ign_ros2_control:${AMENT_PREFIX_PATH} CMAKE_PREFIX_PATH=/home/rae/testbot_ws/install/ign_ros2_control:/home/rae/testbot_ws/install/testbot:/home/rae/test_ws/install/test_robot_control:/home/rae/test_ws/install/test_robot_bringup:/opt/ros/humble LD_LIBRARY_PATH=/home/rae/testbot_ws/install/ign_ros2_control/lib:/opt/ros/humble/opt/rviz_ogre_vendor/lib:/opt/ros/humble/lib/x86_64-linux-gnu:/opt/ros/humble/lib:/usr/lib/x86_64-linux-gnu/gazebo-11/plugins /usr/bin/cmake --install /home/rae/testbot_ws/build/testbot
[12.714s] Level 1:colcon.colcon_core.environment:checking '/home/rae/testbot_ws/install/testbot' for CMake config files
[12.714s] Level 1:colcon.colcon_core.shell:create_environment_hook('testbot', 'cmake_prefix_path')
[12.714s] INFO:colcon.colcon_core.shell:Creating environment hook '/home/rae/testbot_ws/install/testbot/share/testbot/hook/cmake_prefix_path.ps1'
[12.714s] INFO:colcon.colcon_core.shell:Creating environment descriptor '/home/rae/testbot_ws/install/testbot/share/testbot/hook/cmake_prefix_path.dsv'
[12.715s] INFO:colcon.colcon_core.shell:Creating environment hook '/home/rae/testbot_ws/install/testbot/share/testbot/hook/cmake_prefix_path.sh'
[12.715s] Level 1:colcon.colcon_core.environment:checking '/home/rae/testbot_ws/install/testbot/bin'
[12.715s] Level 1:colcon.colcon_core.environment:checking '/home/rae/testbot_ws/install/testbot/lib/pkgconfig/testbot.pc'
[12.715s] Level 1:colcon.colcon_core.environment:checking '/home/rae/testbot_ws/install/testbot/lib/python3.10/site-packages'
[12.715s] Level 1:colcon.colcon_core.environment:checking '/home/rae/testbot_ws/install/testbot/bin'
[12.716s] INFO:colcon.colcon_core.shell:Creating package script '/home/rae/testbot_ws/install/testbot/share/testbot/package.ps1'
[12.716s] INFO:colcon.colcon_core.shell:Creating package descriptor '/home/rae/testbot_ws/install/testbot/share/testbot/package.dsv'
[12.716s] INFO:colcon.colcon_core.shell:Creating package script '/home/rae/testbot_ws/install/testbot/share/testbot/package.sh'
[12.716s] INFO:colcon.colcon_core.shell:Creating package script '/home/rae/testbot_ws/install/testbot/share/testbot/package.bash'
[12.717s] INFO:colcon.colcon_core.shell:Creating package script '/home/rae/testbot_ws/install/testbot/share/testbot/package.zsh'
[12.717s] Level 1:colcon.colcon_core.environment:create_file_with_runtime_dependencies(/home/rae/testbot_ws/install/testbot/share/colcon-core/packages/testbot)
[12.734s] Level 1:colcon.colcon_core.environment:create_environment_scripts_only(testbot)
[12.735s] Level 1:colcon.colcon_core.environment:checking '/home/rae/testbot_ws/install/testbot' for CMake module files
[12.735s] Level 1:colcon.colcon_core.environment:checking '/home/rae/testbot_ws/install/testbot' for CMake config files
[12.735s] Level 1:colcon.colcon_core.shell:create_environment_hook('testbot', 'cmake_prefix_path')
[12.736s] INFO:colcon.colcon_core.shell:Creating environment hook '/home/rae/testbot_ws/install/testbot/share/testbot/hook/cmake_prefix_path.ps1'
[12.736s] INFO:colcon.colcon_core.shell:Creating environment descriptor '/home/rae/testbot_ws/install/testbot/share/testbot/hook/cmake_prefix_path.dsv'
[12.736s] INFO:colcon.colcon_core.shell:Creating environment hook '/home/rae/testbot_ws/install/testbot/share/testbot/hook/cmake_prefix_path.sh'
[12.737s] Level 1:colcon.colcon_core.environment:checking '/home/rae/testbot_ws/install/testbot/bin'
[12.737s] Level 1:colcon.colcon_core.environment:checking '/home/rae/testbot_ws/install/testbot/lib/pkgconfig/testbot.pc'
[12.737s] Level 1:colcon.colcon_core.environment:checking '/home/rae/testbot_ws/install/testbot/lib/python3.10/site-packages'
[12.737s] Level 1:colcon.colcon_core.environment:checking '/home/rae/testbot_ws/install/testbot/bin'
[12.737s] INFO:colcon.colcon_core.shell:Creating package script '/home/rae/testbot_ws/install/testbot/share/testbot/package.ps1'
[12.738s] INFO:colcon.colcon_core.shell:Creating package descriptor '/home/rae/testbot_ws/install/testbot/share/testbot/package.dsv'
[12.738s] INFO:colcon.colcon_core.shell:Creating package script '/home/rae/testbot_ws/install/testbot/share/testbot/package.sh'
[12.738s] INFO:colcon.colcon_core.shell:Creating package script '/home/rae/testbot_ws/install/testbot/share/testbot/package.bash'
[12.739s] INFO:colcon.colcon_core.shell:Creating package script '/home/rae/testbot_ws/install/testbot/share/testbot/package.zsh'
[12.739s] Level 1:colcon.colcon_core.environment:create_file_with_runtime_dependencies(/home/rae/testbot_ws/install/testbot/share/colcon-core/packages/testbot)
[12.739s] DEBUG:colcon.colcon_parallel_executor.executor.parallel:closing loop
[12.740s] DEBUG:colcon.colcon_parallel_executor.executor.parallel:loop closed
[12.740s] DEBUG:colcon.colcon_parallel_executor.executor.parallel:run_until_complete finished with '0'
[12.740s] DEBUG:colcon.colcon_core.event_reactor:joining thread
[12.743s] INFO:colcon.colcon_core.plugin_system:Skipping extension 'colcon_notification.desktop_notification.terminal_notifier': Not used on non-Darwin systems
[12.744s] INFO:colcon.colcon_core.plugin_system:Skipping extension 'colcon_notification.desktop_notification.win32': Not used on non-Windows systems
[12.744s] INFO:colcon.colcon_notification.desktop_notification:Sending desktop notification using 'notify2'
[12.751s] DEBUG:colcon.colcon_core.event_reactor:joined thread
[12.752s] INFO:colcon.colcon_core.shell:Creating prefix script '/home/rae/testbot_ws/install/local_setup.ps1'
[12.752s] INFO:colcon.colcon_core.shell:Creating prefix util module '/home/rae/testbot_ws/install/_local_setup_util_ps1.py'
[12.753s] INFO:colcon.colcon_core.shell:Creating prefix chain script '/home/rae/testbot_ws/install/setup.ps1'
[12.754s] INFO:colcon.colcon_core.shell:Creating prefix script '/home/rae/testbot_ws/install/local_setup.sh'
[12.755s] INFO:colcon.colcon_core.shell:Creating prefix util module '/home/rae/testbot_ws/install/_local_setup_util_sh.py'
[12.755s] INFO:colcon.colcon_core.shell:Creating prefix chain script '/home/rae/testbot_ws/install/setup.sh'
[12.756s] INFO:colcon.colcon_core.shell:Creating prefix script '/home/rae/testbot_ws/install/local_setup.bash'
[12.756s] INFO:colcon.colcon_core.shell:Creating prefix chain script '/home/rae/testbot_ws/install/setup.bash'
[12.757s] INFO:colcon.colcon_core.shell:Creating prefix script '/home/rae/testbot_ws/install/local_setup.zsh'
[12.757s] INFO:colcon.colcon_core.shell:Creating prefix chain script '/home/rae/testbot_ws/install/setup.zsh'
