[0.008s] Invoking command in '/home/rae/testbot_ws/build/ign_ros2_control': CMAKE_PREFIX_PATH=${CMAKE_PREFIX_PATH}:/opt/ros/humble /usr/bin/cmake /home/rae/testbot_ws/src/ign_ros2_control -DCMAKE_INSTALL_PREFIX=/home/rae/testbot_ws/install/ign_ros2_control
[0.017s] -- Found ament_cmake: 1.3.9 (/opt/ros/humble/share/ament_cmake/cmake)
[0.106s] -- Override CMake install command with custom implementation using symlinks instead of copying resources
[0.111s] -- Found ament_index_cpp: 1.4.0 (/opt/ros/humble/share/ament_index_cpp/cmake)
[0.112s] -- Found controller_manager: 2.41.0 (/opt/ros/humble/share/controller_manager/cmake)
[0.133s] -- Found rosidl_generator_c: 3.1.5 (/opt/ros/humble/share/rosidl_generator_c/cmake)
[0.134s] -- Found rosidl_adapter: 3.1.5 (/opt/ros/humble/share/rosidl_adapter/cmake)
[0.138s] -- Found rosidl_generator_cpp: 3.1.5 (/opt/ros/humble/share/rosidl_generator_cpp/cmake)
[0.149s] -- Using all available rosidl_typesupport_c: rosidl_typesupport_fastrtps_c;rosidl_typesupport_introspection_c
[0.162s] -- Using all available rosidl_typesupport_cpp: rosidl_typesupport_fastrtps_cpp;rosidl_typesupport_introspection_cpp
[0.688s] -- Found rmw_implementation_cmake: 6.1.2 (/opt/ros/humble/share/rmw_implementation_cmake/cmake)
[0.689s] -- Found rmw_cyclonedds_cpp: 1.3.4 (/opt/ros/humble/share/rmw_cyclonedds_cpp/cmake)
[0.709s] -- Using RMW implementation 'rmw_cyclonedds_cpp' as default
[1.115s] -- Found yaml_cpp_vendor: 8.0.2 (/opt/ros/humble/share/yaml_cpp_vendor/cmake)
[1.115s] -- Looking for ignition-gazebo6 -- found version 6.16.0
[1.118s] -- Searching for dependencies of ignition-gazebo6
[1.118s] -- Looking for sdformat12 -- found version 12.8.0
[1.119s] -- Searching for dependencies of sdformat12
[1.123s] -- Looking for ignition-math6 -- found version 6.15.1
[1.123s] -- Searching for dependencies of ignition-math6
[1.124s] -- Looking for ignition-utils1 -- found version 1.5.1
[1.124s] -- Searching for dependencies of ignition-utils1
[1.125s] -- Looking for ignition-plugin1 -- found version 1.4.0
[1.125s] -- Searching for dependencies of ignition-plugin1
[1.125s] -- Searching for <ignition-plugin1> component [loader]
[1.126s] -- Looking for ignition-plugin1-loader -- found version 1.4.0
[1.126s] -- Searching for dependencies of ignition-plugin1-loader
[1.126s] -- Searching for <ignition-plugin1> component [register]
[1.127s] -- Looking for ignition-plugin1-register -- found version 1.4.0
[1.127s] -- Searching for dependencies of ignition-plugin1-register
[1.128s] -- Looking for ignition-transport11 -- found version 11.4.1
[1.128s] -- Searching for dependencies of ignition-transport11
[1.148s] -- Config-file not installed for ZeroMQ -- checking for pkg-config
[1.152s] -- Checking for module 'libzmq >= 4'
[1.161s] --   Found libzmq , version 4.3.4
[1.188s] -- Checking for module 'uuid'
[1.198s] --   Found uuid, version 2.37.2
[1.221s] -- Looking for ignition-utils1 -- found version 1.5.1
[1.221s] -- Searching for dependencies of ignition-utils1
[1.221s] -- Searching for <ignition-utils1> component [cli]
[1.221s] -- Looking for ignition-utils1-cli -- found version 1.5.1
[1.222s] -- Searching for dependencies of ignition-utils1-cli
[1.223s] -- Looking for ignition-msgs8 -- found version 8.7.0
[1.223s] -- Searching for dependencies of ignition-msgs8
[1.236s] -- Found Protobuf: /usr/lib/x86_64-linux-gnu/libprotobuf.so (found suitable version "3.12.4", minimum required is "3") 
[1.237s] -- Looking for ignition-math6 -- found version 6.15.1
[1.245s] -- Searching for <ignition-transport11> component [log]
[1.245s] -- Looking for ignition-transport11-log -- found version 11.4.1
[1.246s] -- Searching for dependencies of ignition-transport11-log
[1.246s] -- Searching for <ignition-transport11> component [parameters]
[1.246s] -- Looking for ignition-transport11-parameters -- found version 11.4.1
[1.247s] -- Searching for dependencies of ignition-transport11-parameters
[1.248s] -- Looking for ignition-msgs8 -- found version 8.7.0
[1.248s] -- Looking for ignition-common4 -- found version 4.7.0
[1.248s] -- Searching for dependencies of ignition-common4
[1.249s] -- Looking for dlfcn.h - found
[1.249s] -- Looking for libdl - found
[1.256s] -- Searching for <ignition-common4> component [profiler]
[1.256s] -- Looking for ignition-common4-profiler -- found version 4.7.0
[1.256s] -- Searching for dependencies of ignition-common4-profiler
[1.257s] -- Searching for <ignition-common4> component [events]
[1.257s] -- Looking for ignition-common4-events -- found version 4.7.0
[1.258s] -- Searching for dependencies of ignition-common4-events
[1.258s] -- Looking for ignition-math6 -- found version 6.15.1
[1.258s] -- Searching for <ignition-common4> component [av]
[1.259s] -- Looking for ignition-common4-av -- found version 4.7.0
[1.259s] -- Searching for dependencies of ignition-common4-av
[1.263s] -- Checking for module 'libswscale'
[1.274s] --   Found libswscale, version 5.9.100
[1.306s] -- Checking for module 'libavdevice >= 56.4.100'
[1.317s] --   Found libavdevice , version 58.13.100
[1.350s] -- Checking for module 'libavformat'
[1.361s] --   Found libavformat, version 58.76.100
[1.396s] -- Checking for module 'libavcodec'
[1.407s] --   Found libavcodec, version 58.134.100
[1.442s] -- Checking for module 'libavutil'
[1.453s] --   Found libavutil, version 56.70.100
[1.484s] -- Looking for ignition-fuel_tools7 -- found version 7.3.0
[1.484s] -- Searching for dependencies of ignition-fuel_tools7
[1.517s] -- Checking for module 'jsoncpp'
[1.530s] --   Found jsoncpp, version 1.9.5
[1.563s] -- Checking for module 'libzip'
[1.575s] --   Found libzip, version 1.7.3
[1.604s] -- Looking for ignition-common4 -- found version 4.7.0
[1.604s] -- Looking for ignition-math6 -- found version 6.15.1
[1.604s] -- Looking for ignition-msgs8 -- found version 8.7.0
[1.605s] -- Looking for ignition-gui6 -- found version 6.8.0
[1.606s] -- Searching for dependencies of ignition-gui6
[1.628s] -- Looking for ignition-math6 -- found version 6.15.1
[1.628s] -- Looking for ignition-common4 -- found version 4.7.0
[1.628s] -- Looking for ignition-plugin1 -- found version 1.4.0
[1.629s] -- Looking for ignition-transport11 -- found version 11.4.1
[1.629s] -- Looking for ignition-rendering6 -- found version 6.6.3
[1.629s] -- Searching for dependencies of ignition-rendering6
[1.630s] -- Looking for ignition-math6 -- found version 6.15.1
[1.630s] -- Searching for dependencies of ignition-math6
[1.630s] -- Searching for <ignition-math6> component [eigen3]
[1.630s] -- Looking for ignition-math6-eigen3 -- found version 6.15.1
[1.631s] -- Searching for dependencies of ignition-math6-eigen3
[1.632s] -- Looking for ignition-common4 -- found version 4.7.0
[1.632s] -- Searching for dependencies of ignition-common4
[1.632s] -- Looking for dlfcn.h - found
[1.632s] -- Looking for libdl - found
[1.640s] -- Searching for <ignition-common4> component [graphics]
[1.640s] -- Looking for ignition-common4-graphics -- found version 4.7.0
[1.641s] -- Searching for dependencies of ignition-common4-graphics
[1.641s] -- Looking for ignition-math6 -- found version 6.15.1
[1.641s] -- Looking for ignition-utils1 -- found version 1.5.1
[1.642s] -- Searching for <ignition-common4> component [events]
[1.643s] -- Looking for ignition-plugin1 -- found version 1.4.0
[1.643s] -- Searching for dependencies of ignition-plugin1
[1.644s] -- Searching for <ignition-plugin1> component [all]
[1.644s] -- Looking for all libraries of ignition-plugin1 -- found version 1.4.0
[1.644s] -- Looking for ignition-plugin1 -- found version 1.4.0
[1.646s] -- Looking for ignition-msgs8 -- found version 8.7.0
[1.659s] -- Looking for ignition-physics5 -- found version 5.3.2
[1.659s] -- Searching for dependencies of ignition-physics5
[1.660s] -- Looking for ignition-math6 -- found version 6.15.1
[1.660s] -- Looking for ignition-plugin1 -- found version 1.4.0
[1.660s] -- Looking for ignition-utils1 -- found version 1.5.1
[1.661s] -- Searching for <ignition-physics5> component [heightmap]
[1.661s] -- Looking for ignition-physics5-heightmap -- found version 5.3.2
[1.662s] -- Searching for dependencies of ignition-physics5-heightmap
[1.662s] -- Looking for ignition-common4 -- found version 4.7.0
[1.663s] -- Searching for <ignition-physics5> component [mesh]
[1.663s] -- Looking for ignition-physics5-mesh -- found version 5.3.2
[1.663s] -- Searching for dependencies of ignition-physics5-mesh
[1.664s] -- Looking for ignition-common4 -- found version 4.7.0
[1.664s] -- Searching for <ignition-physics5> component [sdf]
[1.665s] -- Looking for ignition-physics5-sdf -- found version 5.3.2
[1.665s] -- Searching for dependencies of ignition-physics5-sdf
[1.665s] -- Looking for sdformat12 -- found version 12.8.0
[1.666s] -- Looking for ignition-sensors6 -- found version 6.8.0
[1.667s] -- Searching for dependencies of ignition-sensors6
[1.680s] -- Found Protobuf: /usr/lib/x86_64-linux-gnu/libprotobuf.so (found version "3.12.4") 
[1.681s] -- Looking for ignition-math6 -- found version 6.15.1
[1.681s] -- Looking for ignition-common4 -- found version 4.7.0
[1.681s] -- Looking for ignition-transport11 -- found version 11.4.1
[1.682s] -- Looking for ignition-rendering6 -- found version 6.6.3
[1.682s] -- Looking for ignition-msgs8 -- found version 8.7.0
[1.682s] -- Looking for sdformat12 -- found version 12.8.0
[1.683s] -- Searching for <ignition-sensors6> component [air_pressure]
[1.683s] -- Looking for ignition-sensors6-air_pressure -- found version 6.8.0
[1.683s] -- Searching for dependencies of ignition-sensors6-air_pressure
[1.683s] -- Searching for <ignition-sensors6> component [altimeter]
[1.684s] -- Looking for ignition-sensors6-altimeter -- found version 6.8.0
[1.684s] -- Searching for dependencies of ignition-sensors6-altimeter
[1.684s] -- Searching for <ignition-sensors6> component [imu]
[1.685s] -- Looking for ignition-sensors6-imu -- found version 6.8.0
[1.685s] -- Searching for dependencies of ignition-sensors6-imu
[1.685s] -- Searching for <ignition-sensors6> component [force_torque]
[1.685s] -- Looking for ignition-sensors6-force_torque -- found version 6.8.0
[1.686s] -- Searching for dependencies of ignition-sensors6-force_torque
[1.686s] -- Searching for <ignition-sensors6> component [logical_camera]
[1.686s] -- Looking for ignition-sensors6-logical_camera -- found version 6.8.0
[1.687s] -- Searching for dependencies of ignition-sensors6-logical_camera
[1.687s] -- Searching for <ignition-sensors6> component [magnetometer]
[1.687s] -- Looking for ignition-sensors6-magnetometer -- found version 6.8.0
[1.688s] -- Searching for dependencies of ignition-sensors6-magnetometer
[1.688s] -- Searching for <ignition-sensors6> component [navsat]
[1.688s] -- Looking for ignition-sensors6-navsat -- found version 6.8.0
[1.688s] -- Searching for dependencies of ignition-sensors6-navsat
[1.689s] -- Searching for <ignition-sensors6> component [rendering]
[1.689s] -- Looking for ignition-sensors6-rendering -- found version 6.8.0
[1.689s] -- Searching for dependencies of ignition-sensors6-rendering
[1.690s] -- Searching for <ignition-sensors6> component [lidar]
[1.690s] -- Looking for ignition-sensors6-lidar -- found version 6.8.0
[1.690s] -- Searching for dependencies of ignition-sensors6-lidar
[1.690s] -- Looking for ignition-sensors6 -- found version 6.8.0
[1.691s] -- Searching for <ignition-sensors6> component [gpu_lidar]
[1.691s] -- Looking for ignition-sensors6-gpu_lidar -- found version 6.8.0
[1.692s] -- Searching for dependencies of ignition-sensors6-gpu_lidar
[1.692s] -- Looking for ignition-sensors6 -- found version 6.8.0
[1.692s] -- Searching for <ignition-sensors6> component [camera]
[1.693s] -- Looking for ignition-sensors6-camera -- found version 6.8.0
[1.693s] -- Searching for dependencies of ignition-sensors6-camera
[1.693s] -- Looking for ignition-sensors6 -- found version 6.8.0
[1.694s] -- Searching for <ignition-sensors6> component [boundingbox_camera]
[1.694s] -- Looking for ignition-sensors6-boundingbox_camera -- found version 6.8.0
[1.694s] -- Searching for dependencies of ignition-sensors6-boundingbox_camera
[1.695s] -- Searching for <ignition-sensors6> component [segmentation_camera]
[1.695s] -- Looking for ignition-sensors6-segmentation_camera -- found version 6.8.0
[1.695s] -- Searching for dependencies of ignition-sensors6-segmentation_camera
[1.696s] -- Searching for <ignition-sensors6> component [depth_camera]
[1.696s] -- Looking for ignition-sensors6-depth_camera -- found version 6.8.0
[1.696s] -- Searching for dependencies of ignition-sensors6-depth_camera
[1.697s] -- Looking for ignition-sensors6 -- found version 6.8.0
[1.697s] -- Searching for <ignition-sensors6> component [rgbd_camera]
[1.698s] -- Looking for ignition-sensors6-rgbd_camera -- found version 6.8.0
[1.698s] -- Searching for dependencies of ignition-sensors6-rgbd_camera
[1.699s] -- Looking for ignition-sensors6 -- found version 6.8.0
[1.699s] -- Searching for <ignition-sensors6> component [thermal_camera]
[1.699s] -- Looking for ignition-sensors6-thermal_camera -- found version 6.8.0
[1.700s] -- Searching for dependencies of ignition-sensors6-thermal_camera
[1.700s] -- Looking for ignition-sensors6 -- found version 6.8.0
[1.701s] -- Looking for ignition-rendering6 -- found version 6.6.3
[1.701s] -- Looking for ignition-math6 -- found version 6.15.1
[1.702s] -- Looking for ignition-utils1 -- found version 1.5.1
[1.716s] -- Compiling against Ignition Fortress
[1.716s] -- Looking for ignition-plugin1 -- found version 1.4.0
[2.049s] -- Found ament_lint_auto: 0.12.11 (/opt/ros/humble/share/ament_lint_auto/cmake)
[2.113s] -- Added test 'copyright' to check source files copyright and LICENSE
[2.114s] -- Added test 'cppcheck' to perform static code analysis on C / C++ code
[2.114s] -- Configured cppcheck include dirs: /home/rae/testbot_ws/src/ign_ros2_control/include
[2.114s] -- Configured cppcheck exclude dirs and/or files: 
[2.115s] -- Added test 'cpplint' to check C / C++ code against the Google style
[2.115s] -- Configured cpplint exclude dirs and/or files: 
[2.115s] -- Added test 'lint_cmake' to check CMake code style
[2.116s] -- Added test 'uncrustify' to check C / C++ code style
[2.116s] -- Configured uncrustify additional arguments: 
[2.116s] -- Added test 'xmllint' to check XML markup files
[2.118s] -- Configuring done
[2.154s] -- Generating done
[2.156s] -- Build files have been written to: /home/rae/testbot_ws/build/ign_ros2_control
