[0.010s] Invoking command in '/home/rae/testbot_ws/build/gz_ros2_control': CMAKE_PREFIX_PATH=${CMAKE_PREFIX_PATH}:/opt/ros/humble /usr/bin/cmake /home/rae/testbot_ws/src/gz_ros2_control/gz_ros2_control -DCMAKE_INSTALL_PREFIX=/home/rae/testbot_ws/install/gz_ros2_control
[0.019s] -- Found ament_cmake: 1.3.9 (/opt/ros/humble/share/ament_cmake/cmake)
[0.105s] -- Found ament_index_cpp: 1.4.0 (/opt/ros/humble/share/ament_index_cpp/cmake)
[0.106s] -- Found controller_manager: 2.41.0 (/opt/ros/humble/share/controller_manager/cmake)
[0.126s] -- Found rosidl_generator_c: 3.1.5 (/opt/ros/humble/share/rosidl_generator_c/cmake)
[0.128s] -- Found rosidl_adapter: 3.1.5 (/opt/ros/humble/share/rosidl_adapter/cmake)
[0.132s] -- Found rosidl_generator_cpp: 3.1.5 (/opt/ros/humble/share/rosidl_generator_cpp/cmake)
[0.139s] -- Using all available rosidl_typesupport_c: rosidl_typesupport_fastrtps_c;rosidl_typesupport_introspection_c
[0.149s] -- Using all available rosidl_typesupport_cpp: rosidl_typesupport_fastrtps_cpp;rosidl_typesupport_introspection_cpp
[0.576s] -- Found rmw_implementation_cmake: 6.1.2 (/opt/ros/humble/share/rmw_implementation_cmake/cmake)
[0.576s] -- Found rmw_cyclonedds_cpp: 1.3.4 (/opt/ros/humble/share/rmw_cyclonedds_cpp/cmake)
[0.595s] -- Using RMW implementation 'rmw_cyclonedds_cpp' as default
[0.982s] -- Found yaml_cpp_vendor: 8.0.2 (/opt/ros/humble/share/yaml_cpp_vendor/cmake)
[0.989s] [31mCMake Error at CMakeLists.txt:27 (find_package):
[0.989s]   By not providing "Findgz_sim_vendor.cmake" in CMAKE_MODULE_PATH this
[0.989s]   project has asked CMake to find a package configuration file provided by
[0.989s]   "gz_sim_vendor", but CMake did not find one.
[0.989s] 
[0.989s]   Could not find a package configuration file provided by "gz_sim_vendor"
[0.989s]   with any of the following names:
[0.989s] 
[0.989s]     gz_sim_vendorConfig.cmake
[0.989s]     gz_sim_vendor-config.cmake
[0.989s] 
[0.990s]   Add the installation prefix of "gz_sim_vendor" to CMAKE_PREFIX_PATH or set
[0.990s]   "gz_sim_vendor_DIR" to a directory containing one of the above files.  If
[0.990s]   "gz_sim_vendor" provides a separate development package or SDK, be sure it
[0.990s]   has been installed.
[0.990s] 
[0.990s] [0m
[0.990s] -- Configuring incomplete, errors occurred!
[0.990s] See also "/home/rae/testbot_ws/build/gz_ros2_control/CMakeFiles/CMakeOutput.log".
[0.994s] Invoked command in '/home/rae/testbot_ws/build/gz_ros2_control' returned '1': CMAKE_PREFIX_PATH=${CMAKE_PREFIX_PATH}:/opt/ros/humble /usr/bin/cmake /home/rae/testbot_ws/src/gz_ros2_control/gz_ros2_control -DCMAKE_INSTALL_PREFIX=/home/rae/testbot_ws/install/gz_ros2_control
