[0.010s] Invoking command in '/home/rae/testbot_ws/build/gz_ros2_control': CMAKE_PREFIX_PATH=${CMAKE_PREFIX_PATH}:/opt/ros/humble /usr/bin/cmake /home/rae/testbot_ws/src/gz_ros2_control/gz_ros2_control -DCMAKE_INSTALL_PREFIX=/home/rae/testbot_ws/install/gz_ros2_control
[0.096s] -- The C compiler identification is GNU 11.4.0
[0.178s] -- The CXX compiler identification is GNU 11.4.0
[0.188s] -- Detecting C compiler ABI info
[0.241s] -- Detecting C compiler ABI info - done
[0.246s] -- Check for working C compiler: /usr/bin/cc - skipped
[0.247s] -- Detecting C compile features
[0.247s] -- Detecting C compile features - done
[0.250s] -- Detecting CXX compiler ABI info
[0.310s] -- Detecting CXX compiler ABI info - done
[0.317s] -- Check for working CXX compiler: /usr/bin/c++ - skipped
[0.318s] -- Detecting CXX compile features
[0.318s] -- Detecting CXX compile features - done
[0.323s] -- Found ament_cmake: 1.3.9 (/opt/ros/humble/share/ament_cmake/cmake)
[0.451s] -- Found Python3: /usr/bin/python3 (found version "3.10.12") found components: Interpreter 
[0.539s] -- Found ament_index_cpp: 1.4.0 (/opt/ros/humble/share/ament_index_cpp/cmake)
[0.542s] -- Found controller_manager: 2.41.0 (/opt/ros/humble/share/controller_manager/cmake)
[0.578s] -- Found rosidl_generator_c: 3.1.5 (/opt/ros/humble/share/rosidl_generator_c/cmake)
[0.582s] -- Found rosidl_adapter: 3.1.5 (/opt/ros/humble/share/rosidl_adapter/cmake)
[0.592s] -- Found rosidl_generator_cpp: 3.1.5 (/opt/ros/humble/share/rosidl_generator_cpp/cmake)
[0.606s] -- Using all available rosidl_typesupport_c: rosidl_typesupport_fastrtps_c;rosidl_typesupport_introspection_c
[0.623s] -- Using all available rosidl_typesupport_cpp: rosidl_typesupport_fastrtps_cpp;rosidl_typesupport_introspection_cpp
[1.137s] -- Found rmw_implementation_cmake: 6.1.2 (/opt/ros/humble/share/rmw_implementation_cmake/cmake)
[1.139s] -- Found rmw_cyclonedds_cpp: 1.3.4 (/opt/ros/humble/share/rmw_cyclonedds_cpp/cmake)
[1.161s] -- Using RMW implementation 'rmw_cyclonedds_cpp' as default
[1.168s] -- Looking for pthread.h
[1.214s] -- Looking for pthread.h - found
[1.214s] -- Performing Test CMAKE_HAVE_LIBC_PTHREAD
[1.263s] -- Performing Test CMAKE_HAVE_LIBC_PTHREAD - Success
[1.264s] -- Found Threads: TRUE  
[1.678s] -- Found yaml_cpp_vendor: 8.0.2 (/opt/ros/humble/share/yaml_cpp_vendor/cmake)
[1.687s] [31mCMake Error at CMakeLists.txt:27 (find_package):
[1.687s]   By not providing "Findgz_sim_vendor.cmake" in CMAKE_MODULE_PATH this
[1.688s]   project has asked CMake to find a package configuration file provided by
[1.688s]   "gz_sim_vendor", but CMake did not find one.
[1.688s] 
[1.688s]   Could not find a package configuration file provided by "gz_sim_vendor"
[1.688s]   with any of the following names:
[1.688s] 
[1.688s]     gz_sim_vendorConfig.cmake
[1.688s]     gz_sim_vendor-config.cmake
[1.688s] 
[1.688s]   Add the installation prefix of "gz_sim_vendor" to CMAKE_PREFIX_PATH or set
[1.688s]   "gz_sim_vendor_DIR" to a directory containing one of the above files.  If
[1.688s]   "gz_sim_vendor" provides a separate development package or SDK, be sure it
[1.688s]   has been installed.
[1.688s] 
[1.688s] [0m
[1.689s] -- Configuring incomplete, errors occurred!
[1.689s] See also "/home/rae/testbot_ws/build/gz_ros2_control/CMakeFiles/CMakeOutput.log".
