[0.008s] Invoking command in '/home/rae/testbot_ws/build/ign_ros2_control': CMAKE_PREFIX_PATH=${CMAKE_PREFIX_PATH}:/opt/ros/humble /usr/bin/cmake /home/rae/testbot_ws/src/gz_ros2_control-humble/ign_ros2_control -DAMENT_CMAKE_SYMLINK_INSTALL=1 -DCMAKE_INSTALL_PREFIX=/home/rae/testbot_ws/install/ign_ros2_control
[0.017s] -- Found ament_cmake: 1.3.9 (/opt/ros/humble/share/ament_cmake/cmake)
[0.098s] -- Override CMake install command with custom implementation using symlinks instead of copying resources
[0.102s] -- Found ament_index_cpp: 1.4.0 (/opt/ros/humble/share/ament_index_cpp/cmake)
[0.103s] -- Found controller_manager: 2.41.0 (/opt/ros/humble/share/controller_manager/cmake)
[0.123s] -- Found rosidl_generator_c: 3.1.5 (/opt/ros/humble/share/rosidl_generator_c/cmake)
[0.124s] -- Found rosidl_adapter: 3.1.5 (/opt/ros/humble/share/rosidl_adapter/cmake)
[0.128s] -- Found rosidl_generator_cpp: 3.1.5 (/opt/ros/humble/share/rosidl_generator_cpp/cmake)
[0.136s] -- Using all available rosidl_typesupport_c: rosidl_typesupport_fastrtps_c;rosidl_typesupport_introspection_c
[0.147s] -- Using all available rosidl_typesupport_cpp: rosidl_typesupport_fastrtps_cpp;rosidl_typesupport_introspection_cpp
[0.562s] -- Found rmw_implementation_cmake: 6.1.2 (/opt/ros/humble/share/rmw_implementation_cmake/cmake)
[0.563s] -- Found rmw_cyclonedds_cpp: 1.3.4 (/opt/ros/humble/share/rmw_cyclonedds_cpp/cmake)
[0.581s] -- Using RMW implementation 'rmw_cyclonedds_cpp' as default
[0.965s] -- Found yaml_cpp_vendor: 8.0.2 (/opt/ros/humble/share/yaml_cpp_vendor/cmake)
[0.965s] -- Looking for ignition-gazebo6 -- found version 6.16.0
[0.968s] -- Searching for dependencies of ignition-gazebo6
[0.968s] -- Looking for sdformat12 -- found version 12.8.0
[0.968s] -- Searching for dependencies of sdformat12
[0.973s] -- Looking for ignition-math6 -- found version 6.15.1
[0.973s] -- Searching for dependencies of ignition-math6
[0.973s] -- Looking for ignition-utils1 -- found version 1.5.1
[0.974s] -- Searching for dependencies of ignition-utils1
[0.975s] -- Looking for ignition-plugin1 -- found version 1.4.0
[0.975s] -- Searching for dependencies of ignition-plugin1
[0.975s] -- Searching for <ignition-plugin1> component [loader]
[0.975s] -- Looking for ignition-plugin1-loader -- found version 1.4.0
[0.976s] -- Searching for dependencies of ignition-plugin1-loader
[0.976s] -- Searching for <ignition-plugin1> component [register]
[0.976s] -- Looking for ignition-plugin1-register -- found version 1.4.0
[0.976s] -- Searching for dependencies of ignition-plugin1-register
[0.977s] -- Looking for ignition-transport11 -- found version 11.4.1
[0.977s] -- Searching for dependencies of ignition-transport11
[0.997s] -- Config-file not installed for ZeroMQ -- checking for pkg-config
[1.000s] -- Checking for module 'libzmq >= 4'
[1.009s] --   Found libzmq , version 4.3.4
[1.040s] -- Checking for module 'uuid'
[1.051s] --   Found uuid, version 2.37.2
[1.091s] -- Looking for ignition-utils1 -- found version 1.5.1
[1.092s] -- Searching for dependencies of ignition-utils1
[1.092s] -- Searching for <ignition-utils1> component [cli]
[1.093s] -- Looking for ignition-utils1-cli -- found version 1.5.1
[1.094s] -- Searching for dependencies of ignition-utils1-cli
[1.095s] -- Looking for ignition-msgs8 -- found version 8.7.0
[1.096s] -- Searching for dependencies of ignition-msgs8
[1.109s] -- Found Protobuf: /usr/lib/x86_64-linux-gnu/libprotobuf.so (found suitable version "3.12.4", minimum required is "3") 
[1.110s] -- Looking for ignition-math6 -- found version 6.15.1
[1.118s] -- Searching for <ignition-transport11> component [log]
[1.118s] -- Looking for ignition-transport11-log -- found version 11.4.1
[1.119s] -- Searching for dependencies of ignition-transport11-log
[1.119s] -- Searching for <ignition-transport11> component [parameters]
[1.119s] -- Looking for ignition-transport11-parameters -- found version 11.4.1
[1.119s] -- Searching for dependencies of ignition-transport11-parameters
[1.120s] -- Looking for ignition-msgs8 -- found version 8.7.0
[1.120s] -- Looking for ignition-common4 -- found version 4.7.0
[1.120s] -- Searching for dependencies of ignition-common4
[1.121s] -- Looking for dlfcn.h - found
[1.121s] -- Looking for libdl - found
[1.128s] -- Searching for <ignition-common4> component [profiler]
[1.128s] -- Looking for ignition-common4-profiler -- found version 4.7.0
[1.128s] -- Searching for dependencies of ignition-common4-profiler
[1.128s] -- Searching for <ignition-common4> component [events]
[1.129s] -- Looking for ignition-common4-events -- found version 4.7.0
[1.129s] -- Searching for dependencies of ignition-common4-events
[1.129s] -- Looking for ignition-math6 -- found version 6.15.1
[1.130s] -- Searching for <ignition-common4> component [av]
[1.130s] -- Looking for ignition-common4-av -- found version 4.7.0
[1.130s] -- Searching for dependencies of ignition-common4-av
[1.135s] -- Checking for module 'libswscale'
[1.144s] --   Found libswscale, version 5.9.100
[1.174s] -- Checking for module 'libavdevice >= 56.4.100'
[1.187s] --   Found libavdevice , version 58.13.100
[1.248s] -- Checking for module 'libavformat'
[1.267s] --   Found libavformat, version 58.76.100
[1.328s] -- Checking for module 'libavcodec'
[1.349s] --   Found libavcodec, version 58.134.100
[1.412s] -- Checking for module 'libavutil'
[1.430s] --   Found libavutil, version 56.70.100
[1.484s] -- Looking for ignition-fuel_tools7 -- found version 7.3.0
[1.485s] -- Searching for dependencies of ignition-fuel_tools7
[1.515s] -- Checking for module 'jsoncpp'
[1.525s] --   Found jsoncpp, version 1.9.5
[1.553s] -- Checking for module 'libzip'
[1.563s] --   Found libzip, version 1.7.3
[1.595s] -- Looking for ignition-common4 -- found version 4.7.0
[1.595s] -- Looking for ignition-math6 -- found version 6.15.1
[1.596s] -- Looking for ignition-msgs8 -- found version 8.7.0
[1.597s] -- Looking for ignition-gui6 -- found version 6.8.0
[1.597s] -- Searching for dependencies of ignition-gui6
[1.617s] -- Looking for ignition-math6 -- found version 6.15.1
[1.617s] -- Looking for ignition-common4 -- found version 4.7.0
[1.617s] -- Looking for ignition-plugin1 -- found version 1.4.0
[1.618s] -- Looking for ignition-transport11 -- found version 11.4.1
[1.618s] -- Looking for ignition-rendering6 -- found version 6.6.3
[1.619s] -- Searching for dependencies of ignition-rendering6
[1.619s] -- Looking for ignition-math6 -- found version 6.15.1
[1.620s] -- Searching for dependencies of ignition-math6
[1.620s] -- Searching for <ignition-math6> component [eigen3]
[1.620s] -- Looking for ignition-math6-eigen3 -- found version 6.15.1
[1.620s] -- Searching for dependencies of ignition-math6-eigen3
[1.621s] -- Looking for ignition-common4 -- found version 4.7.0
[1.622s] -- Searching for dependencies of ignition-common4
[1.622s] -- Looking for dlfcn.h - found
[1.622s] -- Looking for libdl - found
[1.629s] -- Searching for <ignition-common4> component [graphics]
[1.629s] -- Looking for ignition-common4-graphics -- found version 4.7.0
[1.630s] -- Searching for dependencies of ignition-common4-graphics
[1.630s] -- Looking for ignition-math6 -- found version 6.15.1
[1.630s] -- Looking for ignition-utils1 -- found version 1.5.1
[1.631s] -- Searching for <ignition-common4> component [events]
[1.632s] -- Looking for ignition-plugin1 -- found version 1.4.0
[1.632s] -- Searching for dependencies of ignition-plugin1
[1.632s] -- Searching for <ignition-plugin1> component [all]
[1.632s] -- Looking for all libraries of ignition-plugin1 -- found version 1.4.0
[1.632s] -- Looking for ignition-plugin1 -- found version 1.4.0
[1.634s] -- Looking for ignition-msgs8 -- found version 8.7.0
[1.644s] -- Looking for ignition-physics5 -- found version 5.3.2
[1.644s] -- Searching for dependencies of ignition-physics5
[1.644s] -- Looking for ignition-math6 -- found version 6.15.1
[1.645s] -- Looking for ignition-plugin1 -- found version 1.4.0
[1.645s] -- Looking for ignition-utils1 -- found version 1.5.1
[1.646s] -- Searching for <ignition-physics5> component [heightmap]
[1.647s] -- Looking for ignition-physics5-heightmap -- found version 5.3.2
[1.647s] -- Searching for dependencies of ignition-physics5-heightmap
[1.647s] -- Looking for ignition-common4 -- found version 4.7.0
[1.648s] -- Searching for <ignition-physics5> component [mesh]
[1.648s] -- Looking for ignition-physics5-mesh -- found version 5.3.2
[1.649s] -- Searching for dependencies of ignition-physics5-mesh
[1.649s] -- Looking for ignition-common4 -- found version 4.7.0
[1.649s] -- Searching for <ignition-physics5> component [sdf]
[1.649s] -- Looking for ignition-physics5-sdf -- found version 5.3.2
[1.650s] -- Searching for dependencies of ignition-physics5-sdf
[1.650s] -- Looking for sdformat12 -- found version 12.8.0
[1.651s] -- Looking for ignition-sensors6 -- found version 6.8.0
[1.651s] -- Searching for dependencies of ignition-sensors6
[1.664s] -- Found Protobuf: /usr/lib/x86_64-linux-gnu/libprotobuf.so (found version "3.12.4") 
[1.665s] -- Looking for ignition-math6 -- found version 6.15.1
[1.665s] -- Looking for ignition-common4 -- found version 4.7.0
[1.665s] -- Looking for ignition-transport11 -- found version 11.4.1
[1.666s] -- Looking for ignition-rendering6 -- found version 6.6.3
[1.666s] -- Looking for ignition-msgs8 -- found version 8.7.0
[1.667s] -- Looking for sdformat12 -- found version 12.8.0
[1.667s] -- Searching for <ignition-sensors6> component [air_pressure]
[1.667s] -- Looking for ignition-sensors6-air_pressure -- found version 6.8.0
[1.668s] -- Searching for dependencies of ignition-sensors6-air_pressure
[1.668s] -- Searching for <ignition-sensors6> component [altimeter]
[1.668s] -- Looking for ignition-sensors6-altimeter -- found version 6.8.0
[1.668s] -- Searching for dependencies of ignition-sensors6-altimeter
[1.669s] -- Searching for <ignition-sensors6> component [imu]
[1.669s] -- Looking for ignition-sensors6-imu -- found version 6.8.0
[1.669s] -- Searching for dependencies of ignition-sensors6-imu
[1.670s] -- Searching for <ignition-sensors6> component [force_torque]
[1.670s] -- Looking for ignition-sensors6-force_torque -- found version 6.8.0
[1.670s] -- Searching for dependencies of ignition-sensors6-force_torque
[1.670s] -- Searching for <ignition-sensors6> component [logical_camera]
[1.671s] -- Looking for ignition-sensors6-logical_camera -- found version 6.8.0
[1.671s] -- Searching for dependencies of ignition-sensors6-logical_camera
[1.671s] -- Searching for <ignition-sensors6> component [magnetometer]
[1.672s] -- Looking for ignition-sensors6-magnetometer -- found version 6.8.0
[1.672s] -- Searching for dependencies of ignition-sensors6-magnetometer
[1.672s] -- Searching for <ignition-sensors6> component [navsat]
[1.672s] -- Looking for ignition-sensors6-navsat -- found version 6.8.0
[1.673s] -- Searching for dependencies of ignition-sensors6-navsat
[1.673s] -- Searching for <ignition-sensors6> component [rendering]
[1.673s] -- Looking for ignition-sensors6-rendering -- found version 6.8.0
[1.674s] -- Searching for dependencies of ignition-sensors6-rendering
[1.674s] -- Searching for <ignition-sensors6> component [lidar]
[1.674s] -- Looking for ignition-sensors6-lidar -- found version 6.8.0
[1.675s] -- Searching for dependencies of ignition-sensors6-lidar
[1.675s] -- Looking for ignition-sensors6 -- found version 6.8.0
[1.675s] -- Searching for <ignition-sensors6> component [gpu_lidar]
[1.676s] -- Looking for ignition-sensors6-gpu_lidar -- found version 6.8.0
[1.676s] -- Searching for dependencies of ignition-sensors6-gpu_lidar
[1.676s] -- Looking for ignition-sensors6 -- found version 6.8.0
[1.677s] -- Searching for <ignition-sensors6> component [camera]
[1.677s] -- Looking for ignition-sensors6-camera -- found version 6.8.0
[1.677s] -- Searching for dependencies of ignition-sensors6-camera
[1.678s] -- Looking for ignition-sensors6 -- found version 6.8.0
[1.678s] -- Searching for <ignition-sensors6> component [boundingbox_camera]
[1.679s] -- Looking for ignition-sensors6-boundingbox_camera -- found version 6.8.0
[1.679s] -- Searching for dependencies of ignition-sensors6-boundingbox_camera
[1.679s] -- Searching for <ignition-sensors6> component [segmentation_camera]
[1.679s] -- Looking for ignition-sensors6-segmentation_camera -- found version 6.8.0
[1.680s] -- Searching for dependencies of ignition-sensors6-segmentation_camera
[1.680s] -- Searching for <ignition-sensors6> component [depth_camera]
[1.680s] -- Looking for ignition-sensors6-depth_camera -- found version 6.8.0
[1.681s] -- Searching for dependencies of ignition-sensors6-depth_camera
[1.681s] -- Looking for ignition-sensors6 -- found version 6.8.0
[1.681s] -- Searching for <ignition-sensors6> component [rgbd_camera]
[1.682s] -- Looking for ignition-sensors6-rgbd_camera -- found version 6.8.0
[1.682s] -- Searching for dependencies of ignition-sensors6-rgbd_camera
[1.682s] -- Looking for ignition-sensors6 -- found version 6.8.0
[1.683s] -- Searching for <ignition-sensors6> component [thermal_camera]
[1.683s] -- Looking for ignition-sensors6-thermal_camera -- found version 6.8.0
[1.683s] -- Searching for dependencies of ignition-sensors6-thermal_camera
[1.684s] -- Looking for ignition-sensors6 -- found version 6.8.0
[1.684s] -- Looking for ignition-rendering6 -- found version 6.6.3
[1.685s] -- Looking for ignition-math6 -- found version 6.15.1
[1.685s] -- Looking for ignition-utils1 -- found version 1.5.1
[1.700s] -- Compiling against Ignition Fortress
[1.700s] -- Looking for ignition-plugin1 -- found version 1.4.0
[2.028s] -- Found ament_lint_auto: 0.12.11 (/opt/ros/humble/share/ament_lint_auto/cmake)
[2.082s] -- Added test 'copyright' to check source files copyright and LICENSE
[2.082s] -- Added test 'cppcheck' to perform static code analysis on C / C++ code
[2.082s] -- Configured cppcheck include dirs: /home/rae/testbot_ws/src/gz_ros2_control-humble/ign_ros2_control/include
[2.082s] -- Configured cppcheck exclude dirs and/or files: 
[2.083s] -- Added test 'cpplint' to check C / C++ code against the Google style
[2.083s] -- Configured cpplint exclude dirs and/or files: 
[2.083s] -- Added test 'lint_cmake' to check CMake code style
[2.084s] -- Added test 'uncrustify' to check C / C++ code style
[2.084s] -- Configured uncrustify additional arguments: 
[2.084s] -- Added test 'xmllint' to check XML markup files
[2.085s] -- Configuring done
[2.116s] -- Generating done
[2.117s] -- Build files have been written to: /home/rae/testbot_ws/build/ign_ros2_control
[2.129s] Invoked command in '/home/rae/testbot_ws/build/ign_ros2_control' returned '0': CMAKE_PREFIX_PATH=${CMAKE_PREFIX_PATH}:/opt/ros/humble /usr/bin/cmake /home/rae/testbot_ws/src/gz_ros2_control-humble/ign_ros2_control -DAMENT_CMAKE_SYMLINK_INSTALL=1 -DCMAKE_INSTALL_PREFIX=/home/rae/testbot_ws/install/ign_ros2_control
[2.129s] Invoking command in '/home/rae/testbot_ws/build/ign_ros2_control': CMAKE_PREFIX_PATH=${CMAKE_PREFIX_PATH}:/opt/ros/humble /usr/bin/cmake --build /home/rae/testbot_ws/build/ign_ros2_control -- -j8 -l8
[2.162s] [35m[1mConsolidate compiler generated dependencies of target ign_hardware_plugins[0m
[2.162s] [35m[1mConsolidate compiler generated dependencies of target ign_ros2_control-system[0m
[2.180s] [ 25%] [32m[1mLinking CXX shared library libign_ros2_control-system.so[0m
[2.184s] [ 50%] [32m[1mLinking CXX shared library libign_hardware_plugins.so[0m
[2.756s] [ 75%] Built target ign_hardware_plugins
[2.845s] [100%] Built target ign_ros2_control-system
[2.855s] Invoked command in '/home/rae/testbot_ws/build/ign_ros2_control' returned '0': CMAKE_PREFIX_PATH=${CMAKE_PREFIX_PATH}:/opt/ros/humble /usr/bin/cmake --build /home/rae/testbot_ws/build/ign_ros2_control -- -j8 -l8
[2.883s] Invoking command in '/home/rae/testbot_ws/build/ign_ros2_control': CMAKE_PREFIX_PATH=${CMAKE_PREFIX_PATH}:/opt/ros/humble /usr/bin/cmake --install /home/rae/testbot_ws/build/ign_ros2_control
[2.889s] -- Install configuration: ""
[2.889s] -- Execute custom install script
[2.889s] -- Symlinking: /home/rae/testbot_ws/install/ign_ros2_control/lib/libign_hardware_plugins.so
[2.898s] -- Symlinking: /home/rae/testbot_ws/install/ign_ros2_control/include/ign_ros2_control/ign_ros2_control_plugin.hpp
[2.905s] -- Symlinking: /home/rae/testbot_ws/install/ign_ros2_control/include/ign_ros2_control/ign_system.hpp
[2.911s] -- Symlinking: /home/rae/testbot_ws/install/ign_ros2_control/include/ign_ros2_control/ign_system_interface.hpp
[2.918s] -- Symlinking: /home/rae/testbot_ws/install/ign_ros2_control/share/ign_ros2_control/environment/library_path.sh
[2.924s] -- Symlinking: /home/rae/testbot_ws/install/ign_ros2_control/share/ign_ros2_control/environment/library_path.dsv
[2.931s] -- Symlinking: /home/rae/testbot_ws/install/ign_ros2_control/lib/libign_ros2_control-system.so
[2.938s] -- Symlinking: /home/rae/testbot_ws/install/ign_ros2_control/share/ign_ros2_control//ign_hardware_plugins.xml
[2.945s] -- Symlinking: /home/rae/testbot_ws/install/ign_ros2_control/share/ament_index/resource_index/package_run_dependencies/ign_ros2_control
[2.951s] -- Symlinking: /home/rae/testbot_ws/install/ign_ros2_control/share/ament_index/resource_index/parent_prefix_path/ign_ros2_control
[2.958s] -- Symlinking: /home/rae/testbot_ws/install/ign_ros2_control/share/ign_ros2_control/environment/ament_prefix_path.sh
[2.964s] -- Symlinking: /home/rae/testbot_ws/install/ign_ros2_control/share/ign_ros2_control/environment/ament_prefix_path.dsv
[2.971s] -- Symlinking: /home/rae/testbot_ws/install/ign_ros2_control/share/ign_ros2_control/environment/path.sh
[2.978s] -- Symlinking: /home/rae/testbot_ws/install/ign_ros2_control/share/ign_ros2_control/environment/path.dsv
[2.985s] -- Symlinking: /home/rae/testbot_ws/install/ign_ros2_control/share/ign_ros2_control/local_setup.bash
[2.992s] -- Symlinking: /home/rae/testbot_ws/install/ign_ros2_control/share/ign_ros2_control/local_setup.sh
[2.998s] -- Symlinking: /home/rae/testbot_ws/install/ign_ros2_control/share/ign_ros2_control/local_setup.zsh
[3.005s] -- Symlinking: /home/rae/testbot_ws/install/ign_ros2_control/share/ign_ros2_control/local_setup.dsv
[3.011s] -- Symlinking: /home/rae/testbot_ws/install/ign_ros2_control/share/ign_ros2_control/package.dsv
[3.018s] -- Symlinking: /home/rae/testbot_ws/install/ign_ros2_control/share/ament_index/resource_index/packages/ign_ros2_control
[3.025s] -- Symlinking: /home/rae/testbot_ws/install/ign_ros2_control/share/ament_index/resource_index/ign_ros2_control__pluginlib__plugin/ign_ros2_control
[3.032s] -- Symlinking: /home/rae/testbot_ws/install/ign_ros2_control/share/ign_ros2_control/cmake/ament_cmake_export_include_directories-extras.cmake
[3.039s] -- Symlinking: /home/rae/testbot_ws/install/ign_ros2_control/share/ign_ros2_control/cmake/ament_cmake_export_libraries-extras.cmake
[3.046s] -- Symlinking: /home/rae/testbot_ws/install/ign_ros2_control/share/ign_ros2_control/cmake/ign_ros2_controlConfig.cmake
[3.053s] -- Symlinking: /home/rae/testbot_ws/install/ign_ros2_control/share/ign_ros2_control/cmake/ign_ros2_controlConfig-version.cmake
[3.059s] -- Symlinking: /home/rae/testbot_ws/install/ign_ros2_control/share/ign_ros2_control/package.xml
[3.067s] Invoked command in '/home/rae/testbot_ws/build/ign_ros2_control' returned '0': CMAKE_PREFIX_PATH=${CMAKE_PREFIX_PATH}:/opt/ros/humble /usr/bin/cmake --install /home/rae/testbot_ws/build/ign_ros2_control
