[0.007s] Invoking command in '/home/rae/testbot_ws/build/ign_ros2_control': CMAKE_PREFIX_PATH=${CMAKE_PREFIX_PATH}:/opt/ros/humble /usr/bin/cmake /home/rae/testbot_ws/src/ign_ros2_control -DCMAKE_INSTALL_PREFIX=/home/rae/testbot_ws/install/ign_ros2_control
[0.045s] -- The C compiler identification is GNU 11.4.0
[0.085s] -- The CXX compiler identification is GNU 11.4.0
[0.090s] -- Detecting C compiler ABI info
[0.142s] -- Detecting C compiler ABI info - done
[0.147s] -- Check for working C compiler: /usr/bin/cc - skipped
[0.147s] -- Detecting C compile features
[0.147s] -- Detecting C compile features - done
[0.149s] -- Detecting CXX compiler ABI info
[0.210s] -- Detecting CXX compiler ABI info - done
[0.215s] -- Check for working CXX compiler: /usr/bin/c++ - skipped
[0.216s] -- Detecting CXX compile features
[0.216s] -- Detecting CXX compile features - done
[0.218s] -- Found ament_cmake: 1.3.9 (/opt/ros/humble/share/ament_cmake/cmake)
[0.321s] -- Found Python3: /usr/bin/python3 (found version "3.10.12") found components: Interpreter 
[0.383s] -- Found ament_index_cpp: 1.4.0 (/opt/ros/humble/share/ament_index_cpp/cmake)
[0.384s] -- Found controller_manager: 2.41.0 (/opt/ros/humble/share/controller_manager/cmake)
[0.418s] -- Found rosidl_generator_c: 3.1.5 (/opt/ros/humble/share/rosidl_generator_c/cmake)
[0.421s] -- Found rosidl_adapter: 3.1.5 (/opt/ros/humble/share/rosidl_adapter/cmake)
[0.429s] -- Found rosidl_generator_cpp: 3.1.5 (/opt/ros/humble/share/rosidl_generator_cpp/cmake)
[0.439s] -- Using all available rosidl_typesupport_c: rosidl_typesupport_fastrtps_c;rosidl_typesupport_introspection_c
[0.455s] -- Using all available rosidl_typesupport_cpp: rosidl_typesupport_fastrtps_cpp;rosidl_typesupport_introspection_cpp
[0.910s] -- Found rmw_implementation_cmake: 6.1.2 (/opt/ros/humble/share/rmw_implementation_cmake/cmake)
[0.911s] -- Found rmw_cyclonedds_cpp: 1.3.4 (/opt/ros/humble/share/rmw_cyclonedds_cpp/cmake)
[0.934s] -- Using RMW implementation 'rmw_cyclonedds_cpp' as default
[0.941s] -- Looking for pthread.h
[0.996s] -- Looking for pthread.h - found
[0.996s] -- Performing Test CMAKE_HAVE_LIBC_PTHREAD
[1.049s] -- Performing Test CMAKE_HAVE_LIBC_PTHREAD - Success
[1.050s] -- Found Threads: TRUE  
[1.451s] -- Found yaml_cpp_vendor: 8.0.2 (/opt/ros/humble/share/yaml_cpp_vendor/cmake)
[1.454s] -- Looking for ignition-gazebo6 -- found version 6.16.0
[1.458s] -- Searching for dependencies of ignition-gazebo6
[1.459s] -- Looking for sdformat12 -- found version 12.8.0
[1.459s] -- Searching for dependencies of sdformat12
[1.463s] -- Checking for module 'tinyxml2'
[1.472s] --   Found tinyxml2, version 9.0.0
[1.495s] -- Looking for ignition-math6 -- found version 6.15.1
[1.495s] -- Searching for dependencies of ignition-math6
[1.497s] -- Looking for ignition-utils1 -- found version 1.5.1
[1.498s] -- Searching for dependencies of ignition-utils1
[1.500s] -- Looking for ignition-plugin1 -- found version 1.4.0
[1.500s] -- Searching for dependencies of ignition-plugin1
[1.500s] -- Searching for <ignition-plugin1> component [loader]
[1.501s] -- Looking for ignition-plugin1-loader -- found version 1.4.0
[1.502s] -- Searching for dependencies of ignition-plugin1-loader
[1.502s] -- Searching for <ignition-plugin1> component [register]
[1.504s] -- Looking for ignition-plugin1-register -- found version 1.4.0
[1.504s] -- Searching for dependencies of ignition-plugin1-register
[1.506s] -- Looking for ignition-transport11 -- found version 11.4.1
[1.506s] -- Searching for dependencies of ignition-transport11
[1.522s] -- Found Protobuf: /usr/lib/x86_64-linux-gnu/libprotobuf.so (found version "3.12.4") 
[1.530s] -- Config-file not installed for ZeroMQ -- checking for pkg-config
[1.534s] -- Checking for module 'libzmq >= 4'
[1.543s] --   Found libzmq , version 4.3.4
[1.568s] -- Found ZeroMQ: TRUE (Required is at least version "4") 
[1.572s] -- Checking for module 'uuid'
[1.580s] --   Found uuid, version 2.37.2
[1.608s] -- Found UUID: TRUE  
[1.608s] -- Looking for ignition-utils1 -- found version 1.5.1
[1.609s] -- Searching for dependencies of ignition-utils1
[1.609s] -- Searching for <ignition-utils1> component [cli]
[1.611s] -- Looking for ignition-utils1-cli -- found version 1.5.1
[1.611s] -- Searching for dependencies of ignition-utils1-cli
[1.613s] -- Looking for ignition-msgs8 -- found version 8.7.0
[1.614s] -- Searching for dependencies of ignition-msgs8
[1.628s] -- Found Protobuf: /usr/lib/x86_64-linux-gnu/libprotobuf.so (found suitable version "3.12.4", minimum required is "3") 
[1.628s] -- Looking for ignition-math6 -- found version 6.15.1
[1.637s] -- Searching for <ignition-transport11> component [log]
[1.639s] -- Looking for ignition-transport11-log -- found version 11.4.1
[1.639s] -- Searching for dependencies of ignition-transport11-log
[1.639s] -- Searching for <ignition-transport11> component [parameters]
[1.640s] -- Looking for ignition-transport11-parameters -- found version 11.4.1
[1.641s] -- Searching for dependencies of ignition-transport11-parameters
[1.641s] -- Looking for ignition-msgs8 -- found version 8.7.0
[1.643s] -- Looking for ignition-common4 -- found version 4.7.0
[1.643s] -- Searching for dependencies of ignition-common4
[1.643s] -- Looking for dlfcn.h - found
[1.644s] -- Looking for libdl - found
[1.645s] -- Found DL: TRUE  
[1.651s] -- Searching for <ignition-common4> component [profiler]
[1.653s] -- Looking for ignition-common4-profiler -- found version 4.7.0
[1.653s] -- Searching for dependencies of ignition-common4-profiler
[1.653s] -- Searching for <ignition-common4> component [events]
[1.655s] -- Looking for ignition-common4-events -- found version 4.7.0
[1.655s] -- Searching for dependencies of ignition-common4-events
[1.655s] -- Looking for ignition-math6 -- found version 6.15.1
[1.656s] -- Searching for <ignition-common4> component [av]
[1.657s] -- Looking for ignition-common4-av -- found version 4.7.0
[1.657s] -- Searching for dependencies of ignition-common4-av
[1.661s] -- Checking for module 'libswscale'
[1.671s] --   Found libswscale, version 5.9.100
[1.695s] -- Found SWSCALE: TRUE  
[1.699s] -- Checking for module 'libavdevice >= 56.4.100'
[1.710s] --   Found libavdevice , version 58.13.100
[1.752s] -- Found AVDEVICE: TRUE (Required is at least version "56.4.100") 
[1.757s] -- Checking for module 'libavformat'
[1.773s] --   Found libavformat, version 58.76.100
[1.827s] -- Found AVFORMAT: TRUE  
[1.833s] -- Checking for module 'libavcodec'
[1.846s] --   Found libavcodec, version 58.134.100
[1.874s] -- Found AVCODEC: TRUE  
[1.880s] -- Checking for module 'libavutil'
[1.897s] --   Found libavutil, version 56.70.100
[1.938s] -- Found AVUTIL: TRUE  
[1.941s] -- Looking for ignition-fuel_tools7 -- found version 7.3.0
[1.942s] -- Searching for dependencies of ignition-fuel_tools7
[1.997s] -- Found CURL: /usr/lib/x86_64-linux-gnu/libcurl.so (found version "7.81.0")  
[2.003s] -- Checking for module 'jsoncpp'
[2.013s] --   Found jsoncpp, version 1.9.5
[2.037s] -- Found JSONCPP: TRUE  
[2.042s] -- Checking for module 'libzip'
[2.052s] --   Found libzip, version 1.7.3
[2.077s] -- Found ZIP: TRUE  
[2.077s] -- Looking for ignition-common4 -- found version 4.7.0
[2.078s] -- Looking for ignition-math6 -- found version 6.15.1
[2.078s] -- Looking for ignition-msgs8 -- found version 8.7.0
[2.080s] -- Looking for ignition-gui6 -- found version 6.8.0
[2.081s] -- Searching for dependencies of ignition-gui6
[2.100s] -- Looking for ignition-math6 -- found version 6.15.1
[2.100s] -- Looking for ignition-common4 -- found version 4.7.0
[2.100s] -- Looking for ignition-plugin1 -- found version 1.4.0
[2.101s] -- Looking for ignition-transport11 -- found version 11.4.1
[2.102s] -- Looking for ignition-rendering6 -- found version 6.6.3
[2.103s] -- Searching for dependencies of ignition-rendering6
[2.103s] -- Looking for ignition-math6 -- found version 6.15.1
[2.103s] -- Searching for dependencies of ignition-math6
[2.103s] -- Searching for <ignition-math6> component [eigen3]
[2.105s] -- Looking for ignition-math6-eigen3 -- found version 6.15.1
[2.105s] -- Searching for dependencies of ignition-math6-eigen3
[2.110s] -- Looking for ignition-common4 -- found version 4.7.0
[2.111s] -- Searching for dependencies of ignition-common4
[2.111s] -- Looking for dlfcn.h - found
[2.111s] -- Looking for libdl - found
[2.118s] -- Searching for <ignition-common4> component [graphics]
[2.119s] -- Looking for ignition-common4-graphics -- found version 4.7.0
[2.119s] -- Searching for dependencies of ignition-common4-graphics
[2.120s] -- Looking for ignition-math6 -- found version 6.15.1
[2.120s] -- Looking for ignition-utils1 -- found version 1.5.1
[2.120s] -- Searching for <ignition-common4> component [events]
[2.121s] -- Looking for ignition-plugin1 -- found version 1.4.0
[2.121s] -- Searching for dependencies of ignition-plugin1
[2.121s] -- Searching for <ignition-plugin1> component [all]
[2.123s] -- Looking for all libraries of ignition-plugin1 -- found version 1.4.0
[2.123s] -- Looking for ignition-plugin1 -- found version 1.4.0
[2.125s] -- Looking for ignition-msgs8 -- found version 8.7.0
[2.140s] -- Looking for ignition-physics5 -- found version 5.3.2
[2.140s] -- Searching for dependencies of ignition-physics5
[2.140s] -- Looking for ignition-math6 -- found version 6.15.1
[2.140s] -- Looking for ignition-plugin1 -- found version 1.4.0
[2.141s] -- Looking for ignition-utils1 -- found version 1.5.1
[2.142s] -- Searching for <ignition-physics5> component [heightmap]
[2.143s] -- Looking for ignition-physics5-heightmap -- found version 5.3.2
[2.143s] -- Searching for dependencies of ignition-physics5-heightmap
[2.143s] -- Looking for ignition-common4 -- found version 4.7.0
[2.144s] -- Searching for <ignition-physics5> component [mesh]
[2.145s] -- Looking for ignition-physics5-mesh -- found version 5.3.2
[2.145s] -- Searching for dependencies of ignition-physics5-mesh
[2.146s] -- Looking for ignition-common4 -- found version 4.7.0
[2.146s] -- Searching for <ignition-physics5> component [sdf]
[2.147s] -- Looking for ignition-physics5-sdf -- found version 5.3.2
[2.148s] -- Searching for dependencies of ignition-physics5-sdf
[2.148s] -- Looking for sdformat12 -- found version 12.8.0
[2.150s] -- Looking for ignition-sensors6 -- found version 6.8.0
[2.150s] -- Searching for dependencies of ignition-sensors6
[2.163s] -- Found Protobuf: /usr/lib/x86_64-linux-gnu/libprotobuf.so (found version "3.12.4") 
[2.164s] -- Looking for ignition-math6 -- found version 6.15.1
[2.164s] -- Looking for ignition-common4 -- found version 4.7.0
[2.164s] -- Looking for ignition-transport11 -- found version 11.4.1
[2.164s] -- Looking for ignition-rendering6 -- found version 6.6.3
[2.165s] -- Looking for ignition-msgs8 -- found version 8.7.0
[2.165s] -- Looking for sdformat12 -- found version 12.8.0
[2.165s] -- Searching for <ignition-sensors6> component [air_pressure]
[2.167s] -- Looking for ignition-sensors6-air_pressure -- found version 6.8.0
[2.167s] -- Searching for dependencies of ignition-sensors6-air_pressure
[2.168s] -- Searching for <ignition-sensors6> component [altimeter]
[2.169s] -- Looking for ignition-sensors6-altimeter -- found version 6.8.0
[2.169s] -- Searching for dependencies of ignition-sensors6-altimeter
[2.170s] -- Searching for <ignition-sensors6> component [imu]
[2.171s] -- Looking for ignition-sensors6-imu -- found version 6.8.0
[2.171s] -- Searching for dependencies of ignition-sensors6-imu
[2.172s] -- Searching for <ignition-sensors6> component [force_torque]
[2.173s] -- Looking for ignition-sensors6-force_torque -- found version 6.8.0
[2.173s] -- Searching for dependencies of ignition-sensors6-force_torque
[2.174s] -- Searching for <ignition-sensors6> component [logical_camera]
[2.175s] -- Looking for ignition-sensors6-logical_camera -- found version 6.8.0
[2.175s] -- Searching for dependencies of ignition-sensors6-logical_camera
[2.176s] -- Searching for <ignition-sensors6> component [magnetometer]
[2.177s] -- Looking for ignition-sensors6-magnetometer -- found version 6.8.0
[2.178s] -- Searching for dependencies of ignition-sensors6-magnetometer
[2.178s] -- Searching for <ignition-sensors6> component [navsat]
[2.179s] -- Looking for ignition-sensors6-navsat -- found version 6.8.0
[2.180s] -- Searching for dependencies of ignition-sensors6-navsat
[2.180s] -- Searching for <ignition-sensors6> component [rendering]
[2.181s] -- Looking for ignition-sensors6-rendering -- found version 6.8.0
[2.182s] -- Searching for dependencies of ignition-sensors6-rendering
[2.182s] -- Searching for <ignition-sensors6> component [lidar]
[2.183s] -- Looking for ignition-sensors6-lidar -- found version 6.8.0
[2.184s] -- Searching for dependencies of ignition-sensors6-lidar
[2.184s] -- Looking for ignition-sensors6 -- found version 6.8.0
[2.184s] -- Searching for <ignition-sensors6> component [gpu_lidar]
[2.186s] -- Looking for ignition-sensors6-gpu_lidar -- found version 6.8.0
[2.186s] -- Searching for dependencies of ignition-sensors6-gpu_lidar
[2.186s] -- Looking for ignition-sensors6 -- found version 6.8.0
[2.187s] -- Searching for <ignition-sensors6> component [camera]
[2.188s] -- Looking for ignition-sensors6-camera -- found version 6.8.0
[2.188s] -- Searching for dependencies of ignition-sensors6-camera
[2.189s] -- Looking for ignition-sensors6 -- found version 6.8.0
[2.189s] -- Searching for <ignition-sensors6> component [boundingbox_camera]
[2.190s] -- Looking for ignition-sensors6-boundingbox_camera -- found version 6.8.0
[2.191s] -- Searching for dependencies of ignition-sensors6-boundingbox_camera
[2.191s] -- Searching for <ignition-sensors6> component [segmentation_camera]
[2.192s] -- Looking for ignition-sensors6-segmentation_camera -- found version 6.8.0
[2.193s] -- Searching for dependencies of ignition-sensors6-segmentation_camera
[2.193s] -- Searching for <ignition-sensors6> component [depth_camera]
[2.194s] -- Looking for ignition-sensors6-depth_camera -- found version 6.8.0
[2.195s] -- Searching for dependencies of ignition-sensors6-depth_camera
[2.195s] -- Looking for ignition-sensors6 -- found version 6.8.0
[2.195s] -- Searching for <ignition-sensors6> component [rgbd_camera]
[2.197s] -- Looking for ignition-sensors6-rgbd_camera -- found version 6.8.0
[2.197s] -- Searching for dependencies of ignition-sensors6-rgbd_camera
[2.197s] -- Looking for ignition-sensors6 -- found version 6.8.0
[2.198s] -- Searching for <ignition-sensors6> component [thermal_camera]
[2.199s] -- Looking for ignition-sensors6-thermal_camera -- found version 6.8.0
[2.199s] -- Searching for dependencies of ignition-sensors6-thermal_camera
[2.200s] -- Looking for ignition-sensors6 -- found version 6.8.0
[2.200s] -- Looking for ignition-rendering6 -- found version 6.6.3
[2.201s] -- Looking for ignition-math6 -- found version 6.15.1
[2.203s] -- Looking for ignition-utils1 -- found version 1.5.1
[2.216s] -- Compiling against Ignition Fortress
[2.216s] -- Looking for ignition-plugin1 -- found version 1.4.0
[2.557s] -- Found ament_lint_auto: 0.12.11 (/opt/ros/humble/share/ament_lint_auto/cmake)
[2.617s] -- Added test 'copyright' to check source files copyright and LICENSE
[2.618s] -- Added test 'cppcheck' to perform static code analysis on C / C++ code
[2.618s] -- Configured cppcheck include dirs: /home/rae/testbot_ws/src/ign_ros2_control/include
[2.618s] -- Configured cppcheck exclude dirs and/or files: 
[2.619s] -- Added test 'cpplint' to check C / C++ code against the Google style
[2.619s] -- Configured cpplint exclude dirs and/or files: 
[2.619s] -- Added test 'lint_cmake' to check CMake code style
[2.620s] -- Added test 'uncrustify' to check C / C++ code style
[2.620s] -- Configured uncrustify additional arguments: 
[2.620s] -- Added test 'xmllint' to check XML markup files
[2.621s] -- Configuring done
[2.653s] -- Generating done
[2.655s] -- Build files have been written to: /home/rae/testbot_ws/build/ign_ros2_control
[2.667s] Invoked command in '/home/rae/testbot_ws/build/ign_ros2_control' returned '0': CMAKE_PREFIX_PATH=${CMAKE_PREFIX_PATH}:/opt/ros/humble /usr/bin/cmake /home/rae/testbot_ws/src/ign_ros2_control -DCMAKE_INSTALL_PREFIX=/home/rae/testbot_ws/install/ign_ros2_control
[2.668s] Invoking command in '/home/rae/testbot_ws/build/ign_ros2_control': CMAKE_PREFIX_PATH=${CMAKE_PREFIX_PATH}:/opt/ros/humble /usr/bin/cmake --build /home/rae/testbot_ws/build/ign_ros2_control -- -j8 -l8
[2.709s] [ 25%] [32mBuilding CXX object CMakeFiles/ign_ros2_control-system.dir/src/ign_ros2_control_plugin.cpp.o[0m
[2.710s] [ 50%] [32mBuilding CXX object CMakeFiles/ign_hardware_plugins.dir/src/ign_system.cpp.o[0m
[11.551s] [ 75%] [32m[1mLinking CXX shared library libign_hardware_plugins.so[0m
[11.887s] [100%] [32m[1mLinking CXX shared library libign_ros2_control-system.so[0m
[12.035s] [100%] Built target ign_hardware_plugins
[12.457s] [100%] Built target ign_ros2_control-system
[12.466s] Invoked command in '/home/rae/testbot_ws/build/ign_ros2_control' returned '0': CMAKE_PREFIX_PATH=${CMAKE_PREFIX_PATH}:/opt/ros/humble /usr/bin/cmake --build /home/rae/testbot_ws/build/ign_ros2_control -- -j8 -l8
[12.494s] Invoking command in '/home/rae/testbot_ws/build/ign_ros2_control': CMAKE_PREFIX_PATH=${CMAKE_PREFIX_PATH}:/opt/ros/humble /usr/bin/cmake --install /home/rae/testbot_ws/build/ign_ros2_control
[12.501s] -- Install configuration: ""
[12.501s] -- Installing: /home/rae/testbot_ws/install/ign_ros2_control/lib/libign_hardware_plugins.so
[12.503s] -- Set runtime path of "/home/rae/testbot_ws/install/ign_ros2_control/lib/libign_hardware_plugins.so" to ""
[12.503s] -- Installing: /home/rae/testbot_ws/install/ign_ros2_control/include
[12.503s] -- Installing: /home/rae/testbot_ws/install/ign_ros2_control/include/ign_ros2_control
[12.503s] -- Installing: /home/rae/testbot_ws/install/ign_ros2_control/include/ign_ros2_control/ign_system.hpp
[12.503s] -- Installing: /home/rae/testbot_ws/install/ign_ros2_control/include/ign_ros2_control/ign_ros2_control_plugin.hpp
[12.503s] -- Installing: /home/rae/testbot_ws/install/ign_ros2_control/include/ign_ros2_control/ign_system_interface.hpp
[12.504s] -- Installing: /home/rae/testbot_ws/install/ign_ros2_control/share/ign_ros2_control/environment/library_path.sh
[12.504s] -- Installing: /home/rae/testbot_ws/install/ign_ros2_control/share/ign_ros2_control/environment/library_path.dsv
[12.504s] -- Installing: /home/rae/testbot_ws/install/ign_ros2_control/lib/libign_ros2_control-system.so
[12.506s] -- Set runtime path of "/home/rae/testbot_ws/install/ign_ros2_control/lib/libign_ros2_control-system.so" to ""
[12.506s] -- Installing: /home/rae/testbot_ws/install/ign_ros2_control/share/ign_ros2_control/ign_hardware_plugins.xml
[12.506s] -- Installing: /home/rae/testbot_ws/install/ign_ros2_control/share/ament_index/resource_index/package_run_dependencies/ign_ros2_control
[12.506s] -- Installing: /home/rae/testbot_ws/install/ign_ros2_control/share/ament_index/resource_index/parent_prefix_path/ign_ros2_control
[12.506s] -- Installing: /home/rae/testbot_ws/install/ign_ros2_control/share/ign_ros2_control/environment/ament_prefix_path.sh
[12.506s] -- Installing: /home/rae/testbot_ws/install/ign_ros2_control/share/ign_ros2_control/environment/ament_prefix_path.dsv
[12.507s] -- Installing: /home/rae/testbot_ws/install/ign_ros2_control/share/ign_ros2_control/environment/path.sh
[12.507s] -- Installing: /home/rae/testbot_ws/install/ign_ros2_control/share/ign_ros2_control/environment/path.dsv
[12.507s] -- Installing: /home/rae/testbot_ws/install/ign_ros2_control/share/ign_ros2_control/local_setup.bash
[12.507s] -- Installing: /home/rae/testbot_ws/install/ign_ros2_control/share/ign_ros2_control/local_setup.sh
[12.507s] -- Installing: /home/rae/testbot_ws/install/ign_ros2_control/share/ign_ros2_control/local_setup.zsh
[12.507s] -- Installing: /home/rae/testbot_ws/install/ign_ros2_control/share/ign_ros2_control/local_setup.dsv
[12.507s] -- Installing: /home/rae/testbot_ws/install/ign_ros2_control/share/ign_ros2_control/package.dsv
[12.507s] -- Installing: /home/rae/testbot_ws/install/ign_ros2_control/share/ament_index/resource_index/packages/ign_ros2_control
[12.507s] -- Installing: /home/rae/testbot_ws/install/ign_ros2_control/share/ament_index/resource_index/ign_ros2_control__pluginlib__plugin/ign_ros2_control
[12.507s] -- Installing: /home/rae/testbot_ws/install/ign_ros2_control/share/ign_ros2_control/cmake/ament_cmake_export_include_directories-extras.cmake
[12.507s] -- Installing: /home/rae/testbot_ws/install/ign_ros2_control/share/ign_ros2_control/cmake/ament_cmake_export_libraries-extras.cmake
[12.507s] -- Installing: /home/rae/testbot_ws/install/ign_ros2_control/share/ign_ros2_control/cmake/ign_ros2_controlConfig.cmake
[12.507s] -- Installing: /home/rae/testbot_ws/install/ign_ros2_control/share/ign_ros2_control/cmake/ign_ros2_controlConfig-version.cmake
[12.507s] -- Installing: /home/rae/testbot_ws/install/ign_ros2_control/share/ign_ros2_control/package.xml
[12.509s] Invoked command in '/home/rae/testbot_ws/build/ign_ros2_control' returned '0': CMAKE_PREFIX_PATH=${CMAKE_PREFIX_PATH}:/opt/ros/humble /usr/bin/cmake --install /home/rae/testbot_ws/build/ign_ros2_control
