[0.007s] Invoking command in '/home/rae/testbot_ws/build/ign_ros2_control': CMAKE_PREFIX_PATH=${CMAKE_PREFIX_PATH}:/opt/ros/humble /usr/bin/cmake /home/rae/testbot_ws/src/gz_ros2_control-humble/ign_ros2_control -DCMAKE_INSTALL_PREFIX=/home/rae/testbot_ws/install/ign_ros2_control
[0.044s] -- The C compiler identification is GNU 11.4.0
[0.086s] -- The CXX compiler identification is GNU 11.4.0
[0.091s] -- Detecting C compiler ABI info
[0.142s] -- Detecting C compiler ABI info - done
[0.147s] -- Check for working C compiler: /usr/bin/cc - skipped
[0.147s] -- Detecting C compile features
[0.148s] -- Detecting C compile features - done
[0.150s] -- Detecting CXX compiler ABI info
[0.211s] -- Detecting CXX compiler ABI info - done
[0.216s] -- Check for working CXX compiler: /usr/bin/c++ - skipped
[0.216s] -- Detecting CXX compile features
[0.216s] -- Detecting CXX compile features - done
[0.218s] -- Found ament_cmake: 1.3.9 (/opt/ros/humble/share/ament_cmake/cmake)
[0.323s] -- Found Python3: /usr/bin/python3 (found version "3.10.12") found components: Interpreter 
[0.384s] -- Found ament_index_cpp: 1.4.0 (/opt/ros/humble/share/ament_index_cpp/cmake)
[0.385s] -- Found controller_manager: 2.41.0 (/opt/ros/humble/share/controller_manager/cmake)
[0.423s] -- Found rosidl_generator_c: 3.1.5 (/opt/ros/humble/share/rosidl_generator_c/cmake)
[0.428s] -- Found rosidl_adapter: 3.1.5 (/opt/ros/humble/share/rosidl_adapter/cmake)
[0.434s] -- Found rosidl_generator_cpp: 3.1.5 (/opt/ros/humble/share/rosidl_generator_cpp/cmake)
[0.443s] -- Using all available rosidl_typesupport_c: rosidl_typesupport_fastrtps_c;rosidl_typesupport_introspection_c
[0.456s] -- Using all available rosidl_typesupport_cpp: rosidl_typesupport_fastrtps_cpp;rosidl_typesupport_introspection_cpp
[0.886s] -- Found rmw_implementation_cmake: 6.1.2 (/opt/ros/humble/share/rmw_implementation_cmake/cmake)
[0.888s] -- Found rmw_cyclonedds_cpp: 1.3.4 (/opt/ros/humble/share/rmw_cyclonedds_cpp/cmake)
[0.910s] -- Using RMW implementation 'rmw_cyclonedds_cpp' as default
[0.916s] -- Looking for pthread.h
[0.973s] -- Looking for pthread.h - found
[0.973s] -- Performing Test CMAKE_HAVE_LIBC_PTHREAD
[1.026s] -- Performing Test CMAKE_HAVE_LIBC_PTHREAD - Success
[1.027s] -- Found Threads: TRUE  
[1.423s] -- Found yaml_cpp_vendor: 8.0.2 (/opt/ros/humble/share/yaml_cpp_vendor/cmake)
[1.426s] -- Looking for ignition-gazebo6 -- found version 6.16.0
[1.430s] -- Searching for dependencies of ignition-gazebo6
[1.431s] -- Looking for sdformat12 -- found version 12.8.0
[1.432s] -- Searching for dependencies of sdformat12
[1.435s] -- Checking for module 'tinyxml2'
[1.445s] --   Found tinyxml2, version 9.0.0
[1.467s] -- Looking for ignition-math6 -- found version 6.15.1
[1.468s] -- Searching for dependencies of ignition-math6
[1.469s] -- Looking for ignition-utils1 -- found version 1.5.1
[1.470s] -- Searching for dependencies of ignition-utils1
[1.472s] -- Looking for ignition-plugin1 -- found version 1.4.0
[1.472s] -- Searching for dependencies of ignition-plugin1
[1.472s] -- Searching for <ignition-plugin1> component [loader]
[1.474s] -- Looking for ignition-plugin1-loader -- found version 1.4.0
[1.474s] -- Searching for dependencies of ignition-plugin1-loader
[1.474s] -- Searching for <ignition-plugin1> component [register]
[1.476s] -- Looking for ignition-plugin1-register -- found version 1.4.0
[1.476s] -- Searching for dependencies of ignition-plugin1-register
[1.478s] -- Looking for ignition-transport11 -- found version 11.4.1
[1.478s] -- Searching for dependencies of ignition-transport11
[1.494s] -- Found Protobuf: /usr/lib/x86_64-linux-gnu/libprotobuf.so (found version "3.12.4") 
[1.502s] -- Config-file not installed for ZeroMQ -- checking for pkg-config
[1.505s] -- Checking for module 'libzmq >= 4'
[1.514s] --   Found libzmq , version 4.3.4
[1.540s] -- Found ZeroMQ: TRUE (Required is at least version "4") 
[1.544s] -- Checking for module 'uuid'
[1.554s] --   Found uuid, version 2.37.2
[1.584s] -- Found UUID: TRUE  
[1.585s] -- Looking for ignition-utils1 -- found version 1.5.1
[1.585s] -- Searching for dependencies of ignition-utils1
[1.585s] -- Searching for <ignition-utils1> component [cli]
[1.588s] -- Looking for ignition-utils1-cli -- found version 1.5.1
[1.588s] -- Searching for dependencies of ignition-utils1-cli
[1.590s] -- Looking for ignition-msgs8 -- found version 8.7.0
[1.590s] -- Searching for dependencies of ignition-msgs8
[1.603s] -- Found Protobuf: /usr/lib/x86_64-linux-gnu/libprotobuf.so (found suitable version "3.12.4", minimum required is "3") 
[1.603s] -- Looking for ignition-math6 -- found version 6.15.1
[1.611s] -- Searching for <ignition-transport11> component [log]
[1.612s] -- Looking for ignition-transport11-log -- found version 11.4.1
[1.613s] -- Searching for dependencies of ignition-transport11-log
[1.613s] -- Searching for <ignition-transport11> component [parameters]
[1.615s] -- Looking for ignition-transport11-parameters -- found version 11.4.1
[1.615s] -- Searching for dependencies of ignition-transport11-parameters
[1.616s] -- Looking for ignition-msgs8 -- found version 8.7.0
[1.617s] -- Looking for ignition-common4 -- found version 4.7.0
[1.618s] -- Searching for dependencies of ignition-common4
[1.618s] -- Looking for dlfcn.h - found
[1.618s] -- Looking for libdl - found
[1.619s] -- Found DL: TRUE  
[1.625s] -- Searching for <ignition-common4> component [profiler]
[1.627s] -- Looking for ignition-common4-profiler -- found version 4.7.0
[1.627s] -- Searching for dependencies of ignition-common4-profiler
[1.627s] -- Searching for <ignition-common4> component [events]
[1.629s] -- Looking for ignition-common4-events -- found version 4.7.0
[1.629s] -- Searching for dependencies of ignition-common4-events
[1.630s] -- Looking for ignition-math6 -- found version 6.15.1
[1.630s] -- Searching for <ignition-common4> component [av]
[1.632s] -- Looking for ignition-common4-av -- found version 4.7.0
[1.632s] -- Searching for dependencies of ignition-common4-av
[1.637s] -- Checking for module 'libswscale'
[1.646s] --   Found libswscale, version 5.9.100
[1.675s] -- Found SWSCALE: TRUE  
[1.682s] -- Checking for module 'libavdevice >= 56.4.100'
[1.694s] --   Found libavdevice , version 58.13.100
[1.733s] -- Found AVDEVICE: TRUE (Required is at least version "56.4.100") 
[1.740s] -- Checking for module 'libavformat'
[1.754s] --   Found libavformat, version 58.76.100
[1.810s] -- Found AVFORMAT: TRUE  
[1.818s] -- Checking for module 'libavcodec'
[1.834s] --   Found libavcodec, version 58.134.100
[1.890s] -- Found AVCODEC: TRUE  
[1.898s] -- Checking for module 'libavutil'
[1.915s] --   Found libavutil, version 56.70.100
[1.974s] -- Found AVUTIL: TRUE  
[1.979s] -- Looking for ignition-fuel_tools7 -- found version 7.3.0
[1.980s] -- Searching for dependencies of ignition-fuel_tools7
[2.043s] -- Found CURL: /usr/lib/x86_64-linux-gnu/libcurl.so (found version "7.81.0")  
[2.049s] -- Checking for module 'jsoncpp'
[2.059s] --   Found jsoncpp, version 1.9.5
[2.087s] -- Found JSONCPP: TRUE  
[2.092s] -- Checking for module 'libzip'
[2.102s] --   Found libzip, version 1.7.3
[2.135s] -- Found ZIP: TRUE  
[2.135s] -- Looking for ignition-common4 -- found version 4.7.0
[2.136s] -- Looking for ignition-math6 -- found version 6.15.1
[2.137s] -- Looking for ignition-msgs8 -- found version 8.7.0
[2.139s] -- Looking for ignition-gui6 -- found version 6.8.0
[2.140s] -- Searching for dependencies of ignition-gui6
[2.159s] -- Looking for ignition-math6 -- found version 6.15.1
[2.159s] -- Looking for ignition-common4 -- found version 4.7.0
[2.159s] -- Looking for ignition-plugin1 -- found version 1.4.0
[2.159s] -- Looking for ignition-transport11 -- found version 11.4.1
[2.161s] -- Looking for ignition-rendering6 -- found version 6.6.3
[2.161s] -- Searching for dependencies of ignition-rendering6
[2.161s] -- Looking for ignition-math6 -- found version 6.15.1
[2.162s] -- Searching for dependencies of ignition-math6
[2.162s] -- Searching for <ignition-math6> component [eigen3]
[2.163s] -- Looking for ignition-math6-eigen3 -- found version 6.15.1
[2.163s] -- Searching for dependencies of ignition-math6-eigen3
[2.168s] -- Looking for ignition-common4 -- found version 4.7.0
[2.169s] -- Searching for dependencies of ignition-common4
[2.169s] -- Looking for dlfcn.h - found
[2.169s] -- Looking for libdl - found
[2.176s] -- Searching for <ignition-common4> component [graphics]
[2.177s] -- Looking for ignition-common4-graphics -- found version 4.7.0
[2.177s] -- Searching for dependencies of ignition-common4-graphics
[2.177s] -- Looking for ignition-math6 -- found version 6.15.1
[2.178s] -- Looking for ignition-utils1 -- found version 1.5.1
[2.178s] -- Searching for <ignition-common4> component [events]
[2.179s] -- Looking for ignition-plugin1 -- found version 1.4.0
[2.179s] -- Searching for dependencies of ignition-plugin1
[2.179s] -- Searching for <ignition-plugin1> component [all]
[2.181s] -- Looking for all libraries of ignition-plugin1 -- found version 1.4.0
[2.181s] -- Looking for ignition-plugin1 -- found version 1.4.0
[2.182s] -- Looking for ignition-msgs8 -- found version 8.7.0
[2.195s] -- Looking for ignition-physics5 -- found version 5.3.2
[2.195s] -- Searching for dependencies of ignition-physics5
[2.196s] -- Looking for ignition-math6 -- found version 6.15.1
[2.196s] -- Looking for ignition-plugin1 -- found version 1.4.0
[2.196s] -- Looking for ignition-utils1 -- found version 1.5.1
[2.197s] -- Searching for <ignition-physics5> component [heightmap]
[2.199s] -- Looking for ignition-physics5-heightmap -- found version 5.3.2
[2.199s] -- Searching for dependencies of ignition-physics5-heightmap
[2.199s] -- Looking for ignition-common4 -- found version 4.7.0
[2.200s] -- Searching for <ignition-physics5> component [mesh]
[2.201s] -- Looking for ignition-physics5-mesh -- found version 5.3.2
[2.202s] -- Searching for dependencies of ignition-physics5-mesh
[2.202s] -- Looking for ignition-common4 -- found version 4.7.0
[2.202s] -- Searching for <ignition-physics5> component [sdf]
[2.204s] -- Looking for ignition-physics5-sdf -- found version 5.3.2
[2.204s] -- Searching for dependencies of ignition-physics5-sdf
[2.204s] -- Looking for sdformat12 -- found version 12.8.0
[2.206s] -- Looking for ignition-sensors6 -- found version 6.8.0
[2.206s] -- Searching for dependencies of ignition-sensors6
[2.219s] -- Found Protobuf: /usr/lib/x86_64-linux-gnu/libprotobuf.so (found version "3.12.4") 
[2.220s] -- Looking for ignition-math6 -- found version 6.15.1
[2.220s] -- Looking for ignition-common4 -- found version 4.7.0
[2.220s] -- Looking for ignition-transport11 -- found version 11.4.1
[2.221s] -- Looking for ignition-rendering6 -- found version 6.6.3
[2.221s] -- Looking for ignition-msgs8 -- found version 8.7.0
[2.221s] -- Looking for sdformat12 -- found version 12.8.0
[2.222s] -- Searching for <ignition-sensors6> component [air_pressure]
[2.223s] -- Looking for ignition-sensors6-air_pressure -- found version 6.8.0
[2.224s] -- Searching for dependencies of ignition-sensors6-air_pressure
[2.224s] -- Searching for <ignition-sensors6> component [altimeter]
[2.226s] -- Looking for ignition-sensors6-altimeter -- found version 6.8.0
[2.226s] -- Searching for dependencies of ignition-sensors6-altimeter
[2.226s] -- Searching for <ignition-sensors6> component [imu]
[2.228s] -- Looking for ignition-sensors6-imu -- found version 6.8.0
[2.228s] -- Searching for dependencies of ignition-sensors6-imu
[2.228s] -- Searching for <ignition-sensors6> component [force_torque]
[2.230s] -- Looking for ignition-sensors6-force_torque -- found version 6.8.0
[2.230s] -- Searching for dependencies of ignition-sensors6-force_torque
[2.230s] -- Searching for <ignition-sensors6> component [logical_camera]
[2.232s] -- Looking for ignition-sensors6-logical_camera -- found version 6.8.0
[2.232s] -- Searching for dependencies of ignition-sensors6-logical_camera
[2.232s] -- Searching for <ignition-sensors6> component [magnetometer]
[2.234s] -- Looking for ignition-sensors6-magnetometer -- found version 6.8.0
[2.234s] -- Searching for dependencies of ignition-sensors6-magnetometer
[2.234s] -- Searching for <ignition-sensors6> component [navsat]
[2.236s] -- Looking for ignition-sensors6-navsat -- found version 6.8.0
[2.236s] -- Searching for dependencies of ignition-sensors6-navsat
[2.236s] -- Searching for <ignition-sensors6> component [rendering]
[2.238s] -- Looking for ignition-sensors6-rendering -- found version 6.8.0
[2.238s] -- Searching for dependencies of ignition-sensors6-rendering
[2.238s] -- Searching for <ignition-sensors6> component [lidar]
[2.240s] -- Looking for ignition-sensors6-lidar -- found version 6.8.0
[2.240s] -- Searching for dependencies of ignition-sensors6-lidar
[2.240s] -- Looking for ignition-sensors6 -- found version 6.8.0
[2.241s] -- Searching for <ignition-sensors6> component [gpu_lidar]
[2.242s] -- Looking for ignition-sensors6-gpu_lidar -- found version 6.8.0
[2.243s] -- Searching for dependencies of ignition-sensors6-gpu_lidar
[2.243s] -- Looking for ignition-sensors6 -- found version 6.8.0
[2.243s] -- Searching for <ignition-sensors6> component [camera]
[2.245s] -- Looking for ignition-sensors6-camera -- found version 6.8.0
[2.245s] -- Searching for dependencies of ignition-sensors6-camera
[2.245s] -- Looking for ignition-sensors6 -- found version 6.8.0
[2.245s] -- Searching for <ignition-sensors6> component [boundingbox_camera]
[2.247s] -- Looking for ignition-sensors6-boundingbox_camera -- found version 6.8.0
[2.247s] -- Searching for dependencies of ignition-sensors6-boundingbox_camera
[2.247s] -- Searching for <ignition-sensors6> component [segmentation_camera]
[2.249s] -- Looking for ignition-sensors6-segmentation_camera -- found version 6.8.0
[2.249s] -- Searching for dependencies of ignition-sensors6-segmentation_camera
[2.249s] -- Searching for <ignition-sensors6> component [depth_camera]
[2.251s] -- Looking for ignition-sensors6-depth_camera -- found version 6.8.0
[2.251s] -- Searching for dependencies of ignition-sensors6-depth_camera
[2.251s] -- Looking for ignition-sensors6 -- found version 6.8.0
[2.252s] -- Searching for <ignition-sensors6> component [rgbd_camera]
[2.253s] -- Looking for ignition-sensors6-rgbd_camera -- found version 6.8.0
[2.253s] -- Searching for dependencies of ignition-sensors6-rgbd_camera
[2.254s] -- Looking for ignition-sensors6 -- found version 6.8.0
[2.254s] -- Searching for <ignition-sensors6> component [thermal_camera]
[2.255s] -- Looking for ignition-sensors6-thermal_camera -- found version 6.8.0
[2.256s] -- Searching for dependencies of ignition-sensors6-thermal_camera
[2.256s] -- Looking for ignition-sensors6 -- found version 6.8.0
[2.257s] -- Looking for ignition-rendering6 -- found version 6.6.3
[2.257s] -- Looking for ignition-math6 -- found version 6.15.1
[2.260s] -- Looking for ignition-utils1 -- found version 1.5.1
[2.274s] -- Compiling against Ignition Fortress
[2.274s] -- Looking for ignition-plugin1 -- found version 1.4.0
[2.625s] -- Found ament_lint_auto: 0.12.11 (/opt/ros/humble/share/ament_lint_auto/cmake)
[2.683s] -- Added test 'copyright' to check source files copyright and LICENSE
[2.683s] -- Added test 'cppcheck' to perform static code analysis on C / C++ code
[2.684s] -- Configured cppcheck include dirs: /home/rae/testbot_ws/src/gz_ros2_control-humble/ign_ros2_control/include
[2.684s] -- Configured cppcheck exclude dirs and/or files: 
[2.684s] -- Added test 'cpplint' to check C / C++ code against the Google style
[2.684s] -- Configured cpplint exclude dirs and/or files: 
[2.685s] -- Added test 'lint_cmake' to check CMake code style
[2.685s] -- Added test 'uncrustify' to check C / C++ code style
[2.686s] -- Configured uncrustify additional arguments: 
[2.686s] -- Added test 'xmllint' to check XML markup files
[2.687s] -- Configuring done
[2.715s] -- Generating done
[2.717s] -- Build files have been written to: /home/rae/testbot_ws/build/ign_ros2_control
[2.729s] Invoked command in '/home/rae/testbot_ws/build/ign_ros2_control' returned '0': CMAKE_PREFIX_PATH=${CMAKE_PREFIX_PATH}:/opt/ros/humble /usr/bin/cmake /home/rae/testbot_ws/src/gz_ros2_control-humble/ign_ros2_control -DCMAKE_INSTALL_PREFIX=/home/rae/testbot_ws/install/ign_ros2_control
[2.730s] Invoking command in '/home/rae/testbot_ws/build/ign_ros2_control': CMAKE_PREFIX_PATH=${CMAKE_PREFIX_PATH}:/opt/ros/humble /usr/bin/cmake --build /home/rae/testbot_ws/build/ign_ros2_control -- -j8 -l8
[2.771s] [ 50%] [32mBuilding CXX object CMakeFiles/ign_hardware_plugins.dir/src/ign_system.cpp.o[0m
[2.771s] [ 50%] [32mBuilding CXX object CMakeFiles/ign_ros2_control-system.dir/src/ign_ros2_control_plugin.cpp.o[0m
[11.781s] [ 75%] [32m[1mLinking CXX shared library libign_hardware_plugins.so[0m
[12.017s] [100%] [32m[1mLinking CXX shared library libign_ros2_control-system.so[0m
[12.274s] [100%] Built target ign_hardware_plugins
[12.613s] [100%] Built target ign_ros2_control-system
[12.621s] Invoked command in '/home/rae/testbot_ws/build/ign_ros2_control' returned '0': CMAKE_PREFIX_PATH=${CMAKE_PREFIX_PATH}:/opt/ros/humble /usr/bin/cmake --build /home/rae/testbot_ws/build/ign_ros2_control -- -j8 -l8
[12.652s] Invoking command in '/home/rae/testbot_ws/build/ign_ros2_control': CMAKE_PREFIX_PATH=${CMAKE_PREFIX_PATH}:/opt/ros/humble /usr/bin/cmake --install /home/rae/testbot_ws/build/ign_ros2_control
[12.657s] -- Install configuration: ""
[12.657s] -- Installing: /home/rae/testbot_ws/install/ign_ros2_control/lib/libign_hardware_plugins.so
[12.660s] -- Set runtime path of "/home/rae/testbot_ws/install/ign_ros2_control/lib/libign_hardware_plugins.so" to ""
[12.660s] -- Installing: /home/rae/testbot_ws/install/ign_ros2_control/include
[12.660s] -- Installing: /home/rae/testbot_ws/install/ign_ros2_control/include/ign_ros2_control
[12.660s] -- Installing: /home/rae/testbot_ws/install/ign_ros2_control/include/ign_ros2_control/ign_system.hpp
[12.660s] -- Installing: /home/rae/testbot_ws/install/ign_ros2_control/include/ign_ros2_control/ign_ros2_control_plugin.hpp
[12.660s] -- Installing: /home/rae/testbot_ws/install/ign_ros2_control/include/ign_ros2_control/ign_system_interface.hpp
[12.660s] -- Installing: /home/rae/testbot_ws/install/ign_ros2_control/share/ign_ros2_control/environment/library_path.sh
[12.660s] -- Installing: /home/rae/testbot_ws/install/ign_ros2_control/share/ign_ros2_control/environment/library_path.dsv
[12.660s] -- Installing: /home/rae/testbot_ws/install/ign_ros2_control/lib/libign_ros2_control-system.so
[12.663s] -- Set runtime path of "/home/rae/testbot_ws/install/ign_ros2_control/lib/libign_ros2_control-system.so" to ""
[12.663s] -- Installing: /home/rae/testbot_ws/install/ign_ros2_control/share/ign_ros2_control/ign_hardware_plugins.xml
[12.664s] -- Installing: /home/rae/testbot_ws/install/ign_ros2_control/share/ament_index/resource_index/package_run_dependencies/ign_ros2_control
[12.664s] -- Installing: /home/rae/testbot_ws/install/ign_ros2_control/share/ament_index/resource_index/parent_prefix_path/ign_ros2_control
[12.664s] -- Installing: /home/rae/testbot_ws/install/ign_ros2_control/share/ign_ros2_control/environment/ament_prefix_path.sh
[12.664s] -- Installing: /home/rae/testbot_ws/install/ign_ros2_control/share/ign_ros2_control/environment/ament_prefix_path.dsv
[12.664s] -- Installing: /home/rae/testbot_ws/install/ign_ros2_control/share/ign_ros2_control/environment/path.sh
[12.664s] -- Installing: /home/rae/testbot_ws/install/ign_ros2_control/share/ign_ros2_control/environment/path.dsv
[12.664s] -- Installing: /home/rae/testbot_ws/install/ign_ros2_control/share/ign_ros2_control/local_setup.bash
[12.664s] -- Installing: /home/rae/testbot_ws/install/ign_ros2_control/share/ign_ros2_control/local_setup.sh
[12.665s] -- Installing: /home/rae/testbot_ws/install/ign_ros2_control/share/ign_ros2_control/local_setup.zsh
[12.665s] -- Installing: /home/rae/testbot_ws/install/ign_ros2_control/share/ign_ros2_control/local_setup.dsv
[12.665s] -- Installing: /home/rae/testbot_ws/install/ign_ros2_control/share/ign_ros2_control/package.dsv
[12.665s] -- Installing: /home/rae/testbot_ws/install/ign_ros2_control/share/ament_index/resource_index/packages/ign_ros2_control
[12.665s] -- Installing: /home/rae/testbot_ws/install/ign_ros2_control/share/ament_index/resource_index/ign_ros2_control__pluginlib__plugin/ign_ros2_control
[12.665s] -- Installing: /home/rae/testbot_ws/install/ign_ros2_control/share/ign_ros2_control/cmake/ament_cmake_export_include_directories-extras.cmake
[12.665s] -- Installing: /home/rae/testbot_ws/install/ign_ros2_control/share/ign_ros2_control/cmake/ament_cmake_export_libraries-extras.cmake
[12.665s] -- Installing: /home/rae/testbot_ws/install/ign_ros2_control/share/ign_ros2_control/cmake/ign_ros2_controlConfig.cmake
[12.665s] -- Installing: /home/rae/testbot_ws/install/ign_ros2_control/share/ign_ros2_control/cmake/ign_ros2_controlConfig-version.cmake
[12.665s] -- Installing: /home/rae/testbot_ws/install/ign_ros2_control/share/ign_ros2_control/package.xml
[12.667s] Invoked command in '/home/rae/testbot_ws/build/ign_ros2_control' returned '0': CMAKE_PREFIX_PATH=${CMAKE_PREFIX_PATH}:/opt/ros/humble /usr/bin/cmake --install /home/rae/testbot_ws/build/ign_ros2_control
